[ 2017-07-15T02:42:27+08:00 ] 101.226.66.187 /Mobile/Index/index.html
INFO: [ app_init ] --START--
INFO: Run Behavior\BuildLiteBehavior [ RunTime:0.000010s ]
INFO: [ app_init ] --END-- [ RunTime:0.000215s ]
INFO: [ app_begin ] --START--
INFO: Run Behavior\ReadHtmlCacheBehavior [ RunTime:0.000284s ]
INFO: [ app_begin ] --END-- [ RunTime:0.000318s ]
SQL: SHOW COLUMNS FROM `tp_article_cat` [ RunTime:0.0005s ]
SQL: SELECT `cat_name`,`cat_id` FROM `tp_article_cat` WHERE `show_in_nav` = 1 AND `parent_id` = 0  [ RunTime:0.0001s ]
SQL: SHOW COLUMNS FROM `tp_ad_position` [ RunTime:0.0003s ]
SQL: SELECT b.* FROM tp_ad_position a INNER JOIN tp_ad b ON a.position_id=b.pid  WHERE ( a.position_name LIKE '%mobile%' ) ORDER BY b.orderby desc LIMIT 3   [ RunTime:0.0001s ]
SQL: SHOW COLUMNS FROM `tp_consult` [ RunTime:0.0003s ]
SQL: SELECT * FROM `tp_consult` WHERE `is_show` = 0 GROUP BY consult_id ORDER BY createtime desc LIMIT 6   [ RunTime:0.0001s ]
INFO: [ view_begin ] --START--
INFO: Run Home\Behaviors\testBehavior [ RunTime:0.000124s ]
INFO: [ view_begin ] --END-- [ RunTime:0.000151s ]
INFO: [ view_parse ] --START--
INFO: [ template_filter ] --START--
INFO: Run Behavior\ContentReplaceBehavior [ RunTime:0.000077s ]
INFO: [ template_filter ] --END-- [ RunTime:0.000111s ]
INFO: Run Behavior\ParseTemplateBehavior [ RunTime:0.008176s ]
INFO: [ view_parse ] --END-- [ RunTime:0.008206s ]
INFO: [ view_filter ] --START--
INFO: Run Behavior\WriteHtmlCacheBehavior [ RunTime:0.000090s ]
INFO: Run Behavior\TokenBuildBehavior [ RunTime:0.000196s ]
INFO: [ view_filter ] --END-- [ RunTime:0.000337s ]
INFO: [ app_end ] --START--
INFO: Run Behavior\ShowPageTraceBehavior [ RunTime:0.000293s ]
INFO: [ app_end ] --END-- [ RunTime:0.000320s ]

[ 2017-07-15T08:08:50+08:00 ] 121.8.190.250 /Mobile/Index/index.html
INFO: [ app_init ] --START--
INFO: Run Behavior\BuildLiteBehavior [ RunTime:0.000009s ]
INFO: [ app_init ] --END-- [ RunTime:0.000226s ]
INFO: [ app_begin ] --START--
INFO: Run Behavior\ReadHtmlCacheBehavior [ RunTime:0.000284s ]
INFO: [ app_begin ] --END-- [ RunTime:0.000318s ]
SQL: SHOW COLUMNS FROM `tp_article_cat` [ RunTime:0.0005s ]
SQL: SELECT `cat_name`,`cat_id` FROM `tp_article_cat` WHERE `show_in_nav` = 1 AND `parent_id` = 0  [ RunTime:0.0001s ]
SQL: SHOW COLUMNS FROM `tp_ad_position` [ RunTime:0.0004s ]
SQL: SELECT b.* FROM tp_ad_position a INNER JOIN tp_ad b ON a.position_id=b.pid  WHERE ( a.position_name LIKE '%mobile%' ) ORDER BY b.orderby desc LIMIT 3   [ RunTime:0.0001s ]
SQL: SHOW COLUMNS FROM `tp_consult` [ RunTime:0.0003s ]
SQL: SELECT * FROM `tp_consult` WHERE `is_show` = 0 GROUP BY consult_id ORDER BY createtime desc LIMIT 6   [ RunTime:0.0001s ]
INFO: [ view_begin ] --START--
INFO: Run Home\Behaviors\testBehavior [ RunTime:0.000128s ]
INFO: [ view_begin ] --END-- [ RunTime:0.000157s ]
INFO: [ view_parse ] --START--
INFO: [ template_filter ] --START--
INFO: Run Behavior\ContentReplaceBehavior [ RunTime:0.000070s ]
INFO: [ template_filter ] --END-- [ RunTime:0.000105s ]
INFO: Run Behavior\ParseTemplateBehavior [ RunTime:0.008214s ]
INFO: [ view_parse ] --END-- [ RunTime:0.008244s ]
INFO: [ view_filter ] --START--
INFO: Run Behavior\WriteHtmlCacheBehavior [ RunTime:0.000095s ]
INFO: Run Behavior\TokenBuildBehavior [ RunTime:0.000203s ]
INFO: [ view_filter ] --END-- [ RunTime:0.000338s ]
INFO: [ app_end ] --START--
INFO: Run Behavior\ShowPageTraceBehavior [ RunTime:0.000298s ]
INFO: [ app_end ] --END-- [ RunTime:0.000336s ]

[ 2017-07-15T09:23:34+08:00 ] 113.91.176.158 /Mobile/Goods/index.html
INFO: [ app_init ] --START--
INFO: Run Behavior\BuildLiteBehavior [ RunTime:0.000017s ]
INFO: [ app_init ] --END-- [ RunTime:0.000341s ]
INFO: [ app_begin ] --START--
INFO: Run Behavior\ReadHtmlCacheBehavior [ RunTime:0.000461s ]
INFO: [ app_begin ] --END-- [ RunTime:0.000514s ]
SQL: SHOW COLUMNS FROM `tp_ad_position` [ RunTime:0.0008s ]
SQL: SELECT b.* FROM tp_ad_position a INNER JOIN tp_ad b ON a.position_id=b.pid  WHERE ( a.position_name LIKE '%mobile%' ) ORDER BY b.orderby desc LIMIT 3   [ RunTime:0.0001s ]
SQL: SHOW COLUMNS FROM `tp_goods` [ RunTime:0.0008s ]
SQL: SELECT `goods_id`,`goods_sn`,`goods_name`,`shop_price`,`original_img` FROM `tp_goods` GROUP BY goods_id ORDER BY sort desc LIMIT 12   [ RunTime:0.0001s ]
INFO: [ view_begin ] --START--
INFO: Run Home\Behaviors\testBehavior [ RunTime:0.000185s ]
INFO: [ view_begin ] --END-- [ RunTime:0.000231s ]
INFO: [ view_parse ] --START--
INFO: [ template_filter ] --START--
INFO: Run Behavior\ContentReplaceBehavior [ RunTime:0.000105s ]
INFO: [ template_filter ] --END-- [ RunTime:0.000159s ]
INFO: Run Behavior\ParseTemplateBehavior [ RunTime:0.011200s ]
INFO: [ view_parse ] --END-- [ RunTime:0.011247s ]
INFO: [ view_filter ] --START--
INFO: Run Behavior\WriteHtmlCacheBehavior [ RunTime:0.000137s ]
INFO: Run Behavior\TokenBuildBehavior [ RunTime:0.000340s ]
INFO: [ view_filter ] --END-- [ RunTime:0.000551s ]
INFO: [ app_end ] --START--
INFO: Run Behavior\ShowPageTraceBehavior [ RunTime:0.000497s ]
INFO: [ app_end ] --END-- [ RunTime:0.000544s ]

[ 2017-07-15T09:23:37+08:00 ] 113.91.176.158 /Mobile/MobileBase/Userinfo?code=041gDtxz0BWEDh1EE8yz0gHFxz0gDtxo&state=
INFO: [ app_init ] --START--
INFO: Run Behavior\BuildLiteBehavior [ RunTime:0.000010s ]
INFO: [ app_init ] --END-- [ RunTime:0.000207s ]
INFO: [ app_begin ] --START--
INFO: Run Behavior\ReadHtmlCacheBehavior [ RunTime:0.000410s ]
INFO: [ app_begin ] --END-- [ RunTime:0.000444s ]
NOTIC: [2] Missing argument 2 for Common\Normal\Httpclient::quickGet(), called in /data/wwwroot/www.fengzakka.cn/Application/Common/Normal/Wechat.class.php on line 815 and defined /data/wwwroot/www.fengzakka.cn/Application/Common/Normal/Httpclient.class.php 第 298 行.
NOTIC: [2] Missing argument 2 for Common\Normal\Httpclient::quickGet(), called in /data/wwwroot/www.fengzakka.cn/Application/Common/Normal/Wechat.class.php on line 842 and defined /data/wwwroot/www.fengzakka.cn/Application/Common/Normal/Httpclient.class.php 第 298 行.
NOTIC: [2] Missing argument 2 for Common\Normal\Httpclient::quickGet(), called in /data/wwwroot/www.fengzakka.cn/Application/Common/Normal/Wechat.class.php on line 863 and defined /data/wwwroot/www.fengzakka.cn/Application/Common/Normal/Httpclient.class.php 第 298 行.
SQL: SHOW COLUMNS FROM `tp_users` [ RunTime:0.0007s ]
SQL: SELECT * FROM `tp_users` WHERE `openid` = 'o6pmpxHBGUQQD0fvjtCt3eKyLe_o' LIMIT 1   [ RunTime:0.0004s ]
SQL: UPDATE `tp_users` SET `last_ip`='113.91.176.158',`last_login`='1500081817' WHERE `openid` = 'o6pmpxHBGUQQD0fvjtCt3eKyLe_o' [ RunTime:0.0005s ]
SQL: SHOW COLUMNS FROM `tp_user_log` [ RunTime:0.0003s ]
SQL: INSERT INTO `tp_user_log` (`web`,`info`,`addtime`,`flag`) VALUES ('wx','{\"user_id\":\"3431\",\"account\":\"\",\"email\":\"\",\"password\":\"\",\"sex\":\"2\",\"birthday\":\"0\",\"user_money\":\"0.00\",\"frozen_money\":\"0.00\",\"distribut_money\":\"0.00\",\"pay_points\":\"0\",\"address_id\":\"0\",\"reg_time\":\"1497785523\",\"last_login\":\"1499824986\",\"last_ip\":\"113.91.176.26\",\"qq\":\"\",\"mobile\":\"\",\"mobile_validated\":\"0\",\"oauth\":\"wx_mobile\",\"unionid\":null,\"openid\":\"o6pmpxHBGUQQD0fvjtCt3eKyLe_o\",\"head_pic\":\"http:\\/\\/wx.qlogo.cn\\/mmopen\\/Q3auHgzwzM6u3eULxMpOQOxLEFtmWtpekyDaptZVcWZlwArNmrIzSkFRovhDIdfnrmptAnibZp01Jzl7SAKic0KrtMzoO6TqSOicTCbKSvrXSQ\\/96\",\"province\":\"\",\"city\":\"\",\"district\":null,\"email_validated\":\"0\",\"nickname\":\"-\",\"level\":\"1\",\"discount\":\"1.00\",\"total_amount\":\"0.00\",\"is_lock\":\"0\",\"is_distribut\":\"0\",\"first_leader\":\"0\",\"second_leader\":\"0\",\"third_leader\":\"0\",\"token\":\"\",\"write_role\":null,\"introduce\":null,\"detail_address\":null}','1500081817','old') [ RunTime:0.0002s ]

[ 2017-07-15T09:23:38+08:00 ] 113.91.176.158 /Mobile/Index/index.html
INFO: [ app_init ] --START--
INFO: Run Behavior\BuildLiteBehavior [ RunTime:0.000010s ]
INFO: [ app_init ] --END-- [ RunTime:0.000221s ]
INFO: [ app_begin ] --START--
INFO: Run Behavior\ReadHtmlCacheBehavior [ RunTime:0.000436s ]
INFO: [ app_begin ] --END-- [ RunTime:0.000470s ]
SQL: SHOW COLUMNS FROM `tp_article_cat` [ RunTime:0.0005s ]
SQL: SELECT `cat_name`,`cat_id` FROM `tp_article_cat` WHERE `show_in_nav` = 1 AND `parent_id` = 0  [ RunTime:0.0001s ]
SQL: SHOW COLUMNS FROM `tp_ad_position` [ RunTime:0.0003s ]
SQL: SELECT b.* FROM tp_ad_position a INNER JOIN tp_ad b ON a.position_id=b.pid  WHERE ( a.position_name LIKE '%mobile%' ) ORDER BY b.orderby desc LIMIT 3   [ RunTime:0.0001s ]
SQL: SHOW COLUMNS FROM `tp_consult` [ RunTime:0.0003s ]
SQL: SELECT * FROM `tp_consult` WHERE `is_show` = 0 GROUP BY consult_id ORDER BY createtime desc LIMIT 6   [ RunTime:0.0001s ]
INFO: [ view_begin ] --START--
INFO: Run Home\Behaviors\testBehavior [ RunTime:0.000120s ]
INFO: [ view_begin ] --END-- [ RunTime:0.000146s ]
INFO: [ view_parse ] --START--
INFO: [ template_filter ] --START--
INFO: Run Behavior\ContentReplaceBehavior [ RunTime:0.000067s ]
INFO: [ template_filter ] --END-- [ RunTime:0.000099s ]
INFO: Run Behavior\ParseTemplateBehavior [ RunTime:0.008175s ]
INFO: [ view_parse ] --END-- [ RunTime:0.008205s ]
INFO: [ view_filter ] --START--
INFO: Run Behavior\WriteHtmlCacheBehavior [ RunTime:0.000098s ]
INFO: Run Behavior\TokenBuildBehavior [ RunTime:0.000209s ]
INFO: [ view_filter ] --END-- [ RunTime:0.000355s ]
INFO: [ app_end ] --START--
INFO: Run Behavior\ShowPageTraceBehavior [ RunTime:0.000267s ]
INFO: [ app_end ] --END-- [ RunTime:0.000294s ]

[ 2017-07-15T09:23:41+08:00 ] 113.91.176.158 /Mobile/Goods/categoryList.html
INFO: [ app_init ] --START--
INFO: Run Behavior\BuildLiteBehavior [ RunTime:0.000010s ]
INFO: [ app_init ] --END-- [ RunTime:0.000211s ]
INFO: [ app_begin ] --START--
INFO: Run Behavior\ReadHtmlCacheBehavior [ RunTime:0.000283s ]
INFO: [ app_begin ] --END-- [ RunTime:0.000317s ]
SQL: SHOW COLUMNS FROM `tp_goods_category` [ RunTime:0.0005s ]
SQL: SELECT * FROM `tp_goods_category` WHERE ( is_show = 1 ) ORDER BY sort_order  [ RunTime:0.0001s ]
INFO: [ view_begin ] --START--
INFO: Run Home\Behaviors\testBehavior [ RunTime:0.000124s ]
INFO: [ view_begin ] --END-- [ RunTime:0.000153s ]
INFO: [ view_parse ] --START--
NOTIC: [8] Undefined index: order /data/wwwroot/www.fengzakka.cn/ThinkPHP/Library/Think/Template/TagLib/Tpshop.class.php 第 35 行.
NOTIC: [8] Undefined index: where /data/wwwroot/www.fengzakka.cn/ThinkPHP/Library/Think/Template/TagLib/Tpshop.class.php 第 37 行.
INFO: [ template_filter ] --START--
INFO: Run Behavior\ContentReplaceBehavior [ RunTime:0.000075s ]
INFO: [ template_filter ] --END-- [ RunTime:0.000116s ]
NOTIC: [8] Undefined variable: tpshop_config /data/wwwroot/www.fengzakka.cn/Application/Runtime/Cache/Mobile/56100e2ee68da1c55bb7048b88cc0a95.php 第 7 行.
NOTIC: [8] Undefined variable: tpshop_config /data/wwwroot/www.fengzakka.cn/Application/Runtime/Cache/Mobile/56100e2ee68da1c55bb7048b88cc0a95.php 第 8 行.
NOTIC: [8] Use of undefined constant level - assumed 'level' /data/wwwroot/www.fengzakka.cn/Application/Runtime/Cache/Mobile/56100e2ee68da1c55bb7048b88cc0a95.php 第 28 行.
NOTIC: [8] Use of undefined constant level - assumed 'level' /data/wwwroot/www.fengzakka.cn/Application/Runtime/Cache/Mobile/56100e2ee68da1c55bb7048b88cc0a95.php 第 28 行.
NOTIC: [8] Use of undefined constant level - assumed 'level' /data/wwwroot/www.fengzakka.cn/Application/Runtime/Cache/Mobile/56100e2ee68da1c55bb7048b88cc0a95.php 第 28 行.
NOTIC: [8] Use of undefined constant level - assumed 'level' /data/wwwroot/www.fengzakka.cn/Application/Runtime/Cache/Mobile/56100e2ee68da1c55bb7048b88cc0a95.php 第 28 行.
NOTIC: [8] Use of undefined constant level - assumed 'level' /data/wwwroot/www.fengzakka.cn/Application/Runtime/Cache/Mobile/56100e2ee68da1c55bb7048b88cc0a95.php 第 28 行.
NOTIC: [8] Use of undefined constant level - assumed 'level' /data/wwwroot/www.fengzakka.cn/Application/Runtime/Cache/Mobile/56100e2ee68da1c55bb7048b88cc0a95.php 第 28 行.
SQL: SHOW COLUMNS FROM `tp_ad_position` [ RunTime:0.0004s ]
SQL: SELECT `position_id`,`position_name`,`ad_width`,`ad_height` FROM `tp_ad_position`  [ RunTime:0.0001s ]
SQL: SHOW COLUMNS FROM `tp_ad` [ RunTime:0.0004s ]
SQL: SELECT * FROM `tp_ad` WHERE ( pid=400  and enabled = 1 and start_time < 1500080400 and end_time > 1500080400  ) ORDER BY orderby desc LIMIT 1   [ RunTime:0.0003s ]
NOTIC: [8] Use of undefined constant edit_ad - assumed 'edit_ad' /data/wwwroot/www.fengzakka.cn/Application/Runtime/Cache/Mobile/56100e2ee68da1c55bb7048b88cc0a95.php 第 35 行.
NOTIC: [8] Undefined index: edit_ad /data/wwwroot/www.fengzakka.cn/Application/Runtime/Cache/Mobile/56100e2ee68da1c55bb7048b88cc0a95.php 第 35 行.
NOTIC: [8] Use of undefined constant id - assumed 'id' /data/wwwroot/www.fengzakka.cn/Application/Runtime/Cache/Mobile/56100e2ee68da1c55bb7048b88cc0a95.php 第 40 行.
NOTIC: [8] Undefined index: sub_tmenu /data/wwwroot/www.fengzakka.cn/Application/Runtime/Cache/Mobile/56100e2ee68da1c55bb7048b88cc0a95.php 第 43 行.
NOTIC: [8] Use of undefined constant id - assumed 'id' /data/wwwroot/www.fengzakka.cn/Application/Runtime/Cache/Mobile/56100e2ee68da1c55bb7048b88cc0a95.php 第 40 行.
NOTIC: [8] Undefined index: sub_tmenu /data/wwwroot/www.fengzakka.cn/Application/Runtime/Cache/Mobile/56100e2ee68da1c55bb7048b88cc0a95.php 第 43 行.
NOTIC: [8] Use of undefined constant id - assumed 'id' /data/wwwroot/www.fengzakka.cn/Application/Runtime/Cache/Mobile/56100e2ee68da1c55bb7048b88cc0a95.php 第 40 行.
NOTIC: [8] Undefined index: sub_tmenu /data/wwwroot/www.fengzakka.cn/Application/Runtime/Cache/Mobile/56100e2ee68da1c55bb7048b88cc0a95.php 第 43 行.
NOTIC: [8] Use of undefined constant edit_ad - assumed 'edit_ad' /data/wwwroot/www.fengzakka.cn/Application/Runtime/Cache/Mobile/56100e2ee68da1c55bb7048b88cc0a95.php 第 35 行.
NOTIC: [8] Undefined index: edit_ad /data/wwwroot/www.fengzakka.cn/Application/Runtime/Cache/Mobile/56100e2ee68da1c55bb7048b88cc0a95.php 第 35 行.
NOTIC: [8] Use of undefined constant id - assumed 'id' /data/wwwroot/www.fengzakka.cn/Application/Runtime/Cache/Mobile/56100e2ee68da1c55bb7048b88cc0a95.php 第 40 行.
NOTIC: [8] Undefined index: sub_tmenu /data/wwwroot/www.fengzakka.cn/Application/Runtime/Cache/Mobile/56100e2ee68da1c55bb7048b88cc0a95.php 第 43 行.
NOTIC: [8] Use of undefined constant id - assumed 'id' /data/wwwroot/www.fengzakka.cn/Application/Runtime/Cache/Mobile/56100e2ee68da1c55bb7048b88cc0a95.php 第 40 行.
NOTIC: [8] Undefined index: sub_tmenu /data/wwwroot/www.fengzakka.cn/Application/Runtime/Cache/Mobile/56100e2ee68da1c55bb7048b88cc0a95.php 第 43 行.
NOTIC: [8] Use of undefined constant id - assumed 'id' /data/wwwroot/www.fengzakka.cn/Application/Runtime/Cache/Mobile/56100e2ee68da1c55bb7048b88cc0a95.php 第 40 行.
NOTIC: [8] Undefined index: sub_tmenu /data/wwwroot/www.fengzakka.cn/Application/Runtime/Cache/Mobile/56100e2ee68da1c55bb7048b88cc0a95.php 第 43 行.
NOTIC: [8] Use of undefined constant edit_ad - assumed 'edit_ad' /data/wwwroot/www.fengzakka.cn/Application/Runtime/Cache/Mobile/56100e2ee68da1c55bb7048b88cc0a95.php 第 35 行.
NOTIC: [8] Undefined index: edit_ad /data/wwwroot/www.fengzakka.cn/Application/Runtime/Cache/Mobile/56100e2ee68da1c55bb7048b88cc0a95.php 第 35 行.
NOTIC: [8] Use of undefined constant id - assumed 'id' /data/wwwroot/www.fengzakka.cn/Application/Runtime/Cache/Mobile/56100e2ee68da1c55bb7048b88cc0a95.php 第 40 行.
NOTIC: [8] Undefined index: sub_tmenu /data/wwwroot/www.fengzakka.cn/Application/Runtime/Cache/Mobile/56100e2ee68da1c55bb7048b88cc0a95.php 第 43 行.
NOTIC: [8] Use of undefined constant id - assumed 'id' /data/wwwroot/www.fengzakka.cn/Application/Runtime/Cache/Mobile/56100e2ee68da1c55bb7048b88cc0a95.php 第 40 行.
NOTIC: [8] Undefined index: sub_tmenu /data/wwwroot/www.fengzakka.cn/Application/Runtime/Cache/Mobile/56100e2ee68da1c55bb7048b88cc0a95.php 第 43 行.
NOTIC: [8] Use of undefined constant id - assumed 'id' /data/wwwroot/www.fengzakka.cn/Application/Runtime/Cache/Mobile/56100e2ee68da1c55bb7048b88cc0a95.php 第 40 行.
NOTIC: [8] Undefined index: sub_tmenu /data/wwwroot/www.fengzakka.cn/Application/Runtime/Cache/Mobile/56100e2ee68da1c55bb7048b88cc0a95.php 第 43 行.
NOTIC: [8] Use of undefined constant id - assumed 'id' /data/wwwroot/www.fengzakka.cn/Application/Runtime/Cache/Mobile/56100e2ee68da1c55bb7048b88cc0a95.php 第 40 行.
NOTIC: [8] Undefined index: sub_tmenu /data/wwwroot/www.fengzakka.cn/Application/Runtime/Cache/Mobile/56100e2ee68da1c55bb7048b88cc0a95.php 第 43 行.
NOTIC: [8] Use of undefined constant edit_ad - assumed 'edit_ad' /data/wwwroot/www.fengzakka.cn/Application/Runtime/Cache/Mobile/56100e2ee68da1c55bb7048b88cc0a95.php 第 35 行.
NOTIC: [8] Undefined index: edit_ad /data/wwwroot/www.fengzakka.cn/Application/Runtime/Cache/Mobile/56100e2ee68da1c55bb7048b88cc0a95.php 第 35 行.
NOTIC: [8] Use of undefined constant id - assumed 'id' /data/wwwroot/www.fengzakka.cn/Application/Runtime/Cache/Mobile/56100e2ee68da1c55bb7048b88cc0a95.php 第 40 行.
NOTIC: [8] Undefined index: sub_tmenu /data/wwwroot/www.fengzakka.cn/Application/Runtime/Cache/Mobile/56100e2ee68da1c55bb7048b88cc0a95.php 第 43 行.
NOTIC: [8] Use of undefined constant id - assumed 'id' /data/wwwroot/www.fengzakka.cn/Application/Runtime/Cache/Mobile/56100e2ee68da1c55bb7048b88cc0a95.php 第 40 行.
NOTIC: [8] Undefined index: sub_tmenu /data/wwwroot/www.fengzakka.cn/Application/Runtime/Cache/Mobile/56100e2ee68da1c55bb7048b88cc0a95.php 第 43 行.
NOTIC: [8] Use of undefined constant id - assumed 'id' /data/wwwroot/www.fengzakka.cn/Application/Runtime/Cache/Mobile/56100e2ee68da1c55bb7048b88cc0a95.php 第 40 行.
NOTIC: [8] Undefined index: sub_tmenu /data/wwwroot/www.fengzakka.cn/Application/Runtime/Cache/Mobile/56100e2ee68da1c55bb7048b88cc0a95.php 第 43 行.
NOTIC: [8] Use of undefined constant edit_ad - assumed 'edit_ad' /data/wwwroot/www.fengzakka.cn/Application/Runtime/Cache/Mobile/56100e2ee68da1c55bb7048b88cc0a95.php 第 35 行.
NOTIC: [8] Undefined index: edit_ad /data/wwwroot/www.fengzakka.cn/Application/Runtime/Cache/Mobile/56100e2ee68da1c55bb7048b88cc0a95.php 第 35 行.
NOTIC: [8] Use of undefined constant id - assumed 'id' /data/wwwroot/www.fengzakka.cn/Application/Runtime/Cache/Mobile/56100e2ee68da1c55bb7048b88cc0a95.php 第 40 行.
NOTIC: [8] Undefined index: sub_tmenu /data/wwwroot/www.fengzakka.cn/Application/Runtime/Cache/Mobile/56100e2ee68da1c55bb7048b88cc0a95.php 第 43 行.
NOTIC: [8] Use of undefined constant id - assumed 'id' /data/wwwroot/www.fengzakka.cn/Application/Runtime/Cache/Mobile/56100e2ee68da1c55bb7048b88cc0a95.php 第 40 行.
NOTIC: [8] Undefined index: sub_tmenu /data/wwwroot/www.fengzakka.cn/Application/Runtime/Cache/Mobile/56100e2ee68da1c55bb7048b88cc0a95.php 第 43 行.
NOTIC: [8] Use of undefined constant id - assumed 'id' /data/wwwroot/www.fengzakka.cn/Application/Runtime/Cache/Mobile/56100e2ee68da1c55bb7048b88cc0a95.php 第 40 行.
NOTIC: [8] Undefined index: sub_tmenu /data/wwwroot/www.fengzakka.cn/Application/Runtime/Cache/Mobile/56100e2ee68da1c55bb7048b88cc0a95.php 第 43 行.
NOTIC: [8] Use of undefined constant id - assumed 'id' /data/wwwroot/www.fengzakka.cn/Application/Runtime/Cache/Mobile/56100e2ee68da1c55bb7048b88cc0a95.php 第 40 行.
NOTIC: [8] Undefined index: sub_tmenu /data/wwwroot/www.fengzakka.cn/Application/Runtime/Cache/Mobile/56100e2ee68da1c55bb7048b88cc0a95.php 第 43 行.
NOTIC: [8] Use of undefined constant edit_ad - assumed 'edit_ad' /data/wwwroot/www.fengzakka.cn/Application/Runtime/Cache/Mobile/56100e2ee68da1c55bb7048b88cc0a95.php 第 35 行.
NOTIC: [8] Undefined index: edit_ad /data/wwwroot/www.fengzakka.cn/Application/Runtime/Cache/Mobile/56100e2ee68da1c55bb7048b88cc0a95.php 第 35 行.
NOTIC: [8] Use of undefined constant id - assumed 'id' /data/wwwroot/www.fengzakka.cn/Application/Runtime/Cache/Mobile/56100e2ee68da1c55bb7048b88cc0a95.php 第 40 行.
NOTIC: [8] Undefined index: sub_tmenu /data/wwwroot/www.fengzakka.cn/Application/Runtime/Cache/Mobile/56100e2ee68da1c55bb7048b88cc0a95.php 第 43 行.
INFO: Run Behavior\ParseTemplateBehavior [ RunTime:0.011733s ]
INFO: [ view_parse ] --END-- [ RunTime:0.011758s ]
INFO: [ view_filter ] --START--
INFO: Run Behavior\WriteHtmlCacheBehavior [ RunTime:0.000095s ]
INFO: Run Behavior\TokenBuildBehavior [ RunTime:0.000218s ]
INFO: [ view_filter ] --END-- [ RunTime:0.000353s ]
INFO: [ app_end ] --START--
INFO: Run Behavior\ShowPageTraceBehavior [ RunTime:0.000287s ]
INFO: [ app_end ] --END-- [ RunTime:0.000315s ]

[ 2017-07-15T09:23:43+08:00 ] 61.151.218.119 /Mobile/Goods/index.html
INFO: [ app_init ] --START--
INFO: Run Behavior\BuildLiteBehavior [ RunTime:0.000010s ]
INFO: [ app_init ] --END-- [ RunTime:0.000215s ]
INFO: [ app_begin ] --START--
INFO: Run Behavior\ReadHtmlCacheBehavior [ RunTime:0.000304s ]
INFO: [ app_begin ] --END-- [ RunTime:0.000339s ]
SQL: SHOW COLUMNS FROM `tp_ad_position` [ RunTime:0.0005s ]
SQL: SELECT b.* FROM tp_ad_position a INNER JOIN tp_ad b ON a.position_id=b.pid  WHERE ( a.position_name LIKE '%mobile%' ) ORDER BY b.orderby desc LIMIT 3   [ RunTime:0.0001s ]
SQL: SHOW COLUMNS FROM `tp_goods` [ RunTime:0.0005s ]
SQL: SELECT `goods_id`,`goods_sn`,`goods_name`,`shop_price`,`original_img` FROM `tp_goods` GROUP BY goods_id ORDER BY sort desc LIMIT 12   [ RunTime:0.0001s ]
INFO: [ view_begin ] --START--
INFO: Run Home\Behaviors\testBehavior [ RunTime:0.000124s ]
INFO: [ view_begin ] --END-- [ RunTime:0.000153s ]
INFO: [ view_parse ] --START--
INFO: [ template_filter ] --START--
INFO: Run Behavior\ContentReplaceBehavior [ RunTime:0.000060s ]
INFO: [ template_filter ] --END-- [ RunTime:0.000094s ]
INFO: Run Behavior\ParseTemplateBehavior [ RunTime:0.005986s ]
INFO: [ view_parse ] --END-- [ RunTime:0.006014s ]
INFO: [ view_filter ] --START--
INFO: Run Behavior\WriteHtmlCacheBehavior [ RunTime:0.000109s ]
INFO: Run Behavior\TokenBuildBehavior [ RunTime:0.000236s ]
INFO: [ view_filter ] --END-- [ RunTime:0.000387s ]
INFO: [ app_end ] --START--
INFO: Run Behavior\ShowPageTraceBehavior [ RunTime:0.000284s ]
INFO: [ app_end ] --END-- [ RunTime:0.000318s ]

[ 2017-07-15T09:23:45+08:00 ] 101.226.33.216 /Mobile/MobileBase/Userinfo
INFO: [ app_init ] --START--
INFO: Run Behavior\BuildLiteBehavior [ RunTime:0.000016s ]
INFO: [ app_init ] --END-- [ RunTime:0.000340s ]
INFO: [ app_begin ] --START--
INFO: Run Behavior\ReadHtmlCacheBehavior [ RunTime:0.000465s ]
INFO: [ app_begin ] --END-- [ RunTime:0.000517s ]
NOTIC: [2] Missing argument 2 for Common\Normal\Httpclient::quickGet(), called in /data/wwwroot/www.fengzakka.cn/Application/Common/Normal/Wechat.class.php on line 842 and defined /data/wwwroot/www.fengzakka.cn/Application/Common/Normal/Httpclient.class.php 第 298 行.
NOTIC: [2] Missing argument 2 for Common\Normal\Httpclient::quickGet(), called in /data/wwwroot/www.fengzakka.cn/Application/Common/Normal/Wechat.class.php on line 863 and defined /data/wwwroot/www.fengzakka.cn/Application/Common/Normal/Httpclient.class.php 第 298 行.
SQL: SHOW COLUMNS FROM `tp_users` [ RunTime:0.0007s ]
SQL: SELECT * FROM `tp_users` WHERE `openid` = null LIMIT 1   [ RunTime:0.0006s ]
SQL: INSERT INTO `tp_users` (`last_ip`,`sex`,`nickname`,`city`,`province`,`head_pic`,`openid`,`unionid`,`reg_time`,`last_login`,`oauth`) VALUES ('101.226.33.216','0',NULL,NULL,NULL,'96',NULL,NULL,'1500081825','1500081825','wx_mobile') [ RunTime:0.0011s ]
SQL: SHOW COLUMNS FROM `tp_user_log` [ RunTime:0.0003s ]
SQL: INSERT INTO `tp_user_log` (`web`,`info`,`addtime`,`flag`) VALUES ('wx','{\"last_ip\":\"101.226.33.216\",\"sex\":\"0\",\"nickname\":null,\"city\":null,\"province\":null,\"head_pic\":\"96\",\"openid\":null,\"unionid\":null,\"reg_time\":1500081825,\"last_login\":1500081825,\"oauth\":\"wx_mobile\"}','1500081825','new') [ RunTime:0.0002s ]
SQL: SELECT * FROM `tp_users` WHERE `user_id` = 3482 LIMIT 1   [ RunTime:0.0002s ]

[ 2017-07-15T09:23:46+08:00 ] 101.226.33.216 /Mobile/Index/index.html
INFO: [ app_init ] --START--
INFO: Run Behavior\BuildLiteBehavior [ RunTime:0.000010s ]
INFO: [ app_init ] --END-- [ RunTime:0.000262s ]
INFO: [ app_begin ] --START--
INFO: Run Behavior\ReadHtmlCacheBehavior [ RunTime:0.000311s ]
INFO: [ app_begin ] --END-- [ RunTime:0.000345s ]
SQL: SHOW COLUMNS FROM `tp_article_cat` [ RunTime:0.0005s ]
SQL: SELECT `cat_name`,`cat_id` FROM `tp_article_cat` WHERE `show_in_nav` = 1 AND `parent_id` = 0  [ RunTime:0.0001s ]
SQL: SHOW COLUMNS FROM `tp_ad_position` [ RunTime:0.0004s ]
SQL: SELECT b.* FROM tp_ad_position a INNER JOIN tp_ad b ON a.position_id=b.pid  WHERE ( a.position_name LIKE '%mobile%' ) ORDER BY b.orderby desc LIMIT 3   [ RunTime:0.0001s ]
SQL: SHOW COLUMNS FROM `tp_consult` [ RunTime:0.0003s ]
SQL: SELECT * FROM `tp_consult` WHERE `is_show` = 0 GROUP BY consult_id ORDER BY createtime desc LIMIT 6   [ RunTime:0.0001s ]
INFO: [ view_begin ] --START--
INFO: Run Home\Behaviors\testBehavior [ RunTime:0.000123s ]
INFO: [ view_begin ] --END-- [ RunTime:0.000150s ]
INFO: [ view_parse ] --START--
INFO: [ template_filter ] --START--
INFO: Run Behavior\ContentReplaceBehavior [ RunTime:0.000070s ]
INFO: [ template_filter ] --END-- [ RunTime:0.000104s ]
INFO: Run Behavior\ParseTemplateBehavior [ RunTime:0.008631s ]
INFO: [ view_parse ] --END-- [ RunTime:0.008660s ]
INFO: [ view_filter ] --START--
INFO: Run Behavior\WriteHtmlCacheBehavior [ RunTime:0.000106s ]
INFO: Run Behavior\TokenBuildBehavior [ RunTime:0.000247s ]
INFO: [ view_filter ] --END-- [ RunTime:0.000399s ]
INFO: [ app_end ] --START--
INFO: Run Behavior\ShowPageTraceBehavior [ RunTime:0.000282s ]
INFO: [ app_end ] --END-- [ RunTime:0.000310s ]

[ 2017-07-15T09:23:47+08:00 ] 101.226.66.180 /Mobile/Index/index.html
INFO: [ app_init ] --START--
INFO: Run Behavior\BuildLiteBehavior [ RunTime:0.000009s ]
INFO: [ app_init ] --END-- [ RunTime:0.000210s ]
INFO: [ app_begin ] --START--
INFO: Run Behavior\ReadHtmlCacheBehavior [ RunTime:0.000282s ]
INFO: [ app_begin ] --END-- [ RunTime:0.000315s ]
SQL: SHOW COLUMNS FROM `tp_article_cat` [ RunTime:0.0005s ]
SQL: SELECT `cat_name`,`cat_id` FROM `tp_article_cat` WHERE `show_in_nav` = 1 AND `parent_id` = 0  [ RunTime:0.0001s ]
SQL: SHOW COLUMNS FROM `tp_ad_position` [ RunTime:0.0003s ]
SQL: SELECT b.* FROM tp_ad_position a INNER JOIN tp_ad b ON a.position_id=b.pid  WHERE ( a.position_name LIKE '%mobile%' ) ORDER BY b.orderby desc LIMIT 3   [ RunTime:0.0001s ]
SQL: SHOW COLUMNS FROM `tp_consult` [ RunTime:0.0003s ]
SQL: SELECT * FROM `tp_consult` WHERE `is_show` = 0 GROUP BY consult_id ORDER BY createtime desc LIMIT 6   [ RunTime:0.0001s ]
INFO: [ view_begin ] --START--
INFO: Run Home\Behaviors\testBehavior [ RunTime:0.000146s ]
INFO: [ view_begin ] --END-- [ RunTime:0.000171s ]
INFO: [ view_parse ] --START--
INFO: [ template_filter ] --START--
INFO: Run Behavior\ContentReplaceBehavior [ RunTime:0.000070s ]
INFO: [ template_filter ] --END-- [ RunTime:0.000105s ]
INFO: Run Behavior\ParseTemplateBehavior [ RunTime:0.008131s ]
INFO: [ view_parse ] --END-- [ RunTime:0.008160s ]
INFO: [ view_filter ] --START--
INFO: Run Behavior\WriteHtmlCacheBehavior [ RunTime:0.000092s ]
INFO: Run Behavior\TokenBuildBehavior [ RunTime:0.000212s ]
INFO: [ view_filter ] --END-- [ RunTime:0.000344s ]
INFO: [ app_end ] --START--
INFO: Run Behavior\ShowPageTraceBehavior [ RunTime:0.000282s ]
INFO: [ app_end ] --END-- [ RunTime:0.000309s ]

[ 2017-07-15T09:23:48+08:00 ] 101.226.33.220 /Mobile/Index/index.html
INFO: [ app_init ] --START--
INFO: Run Behavior\BuildLiteBehavior [ RunTime:0.000010s ]
INFO: [ app_init ] --END-- [ RunTime:0.000205s ]
INFO: [ app_begin ] --START--
INFO: Run Behavior\ReadHtmlCacheBehavior [ RunTime:0.000276s ]
INFO: [ app_begin ] --END-- [ RunTime:0.000309s ]
SQL: SHOW COLUMNS FROM `tp_article_cat` [ RunTime:0.0005s ]
SQL: SELECT `cat_name`,`cat_id` FROM `tp_article_cat` WHERE `show_in_nav` = 1 AND `parent_id` = 0  [ RunTime:0.0001s ]
SQL: SHOW COLUMNS FROM `tp_ad_position` [ RunTime:0.0003s ]
SQL: SELECT b.* FROM tp_ad_position a INNER JOIN tp_ad b ON a.position_id=b.pid  WHERE ( a.position_name LIKE '%mobile%' ) ORDER BY b.orderby desc LIMIT 3   [ RunTime:0.0001s ]
SQL: SHOW COLUMNS FROM `tp_consult` [ RunTime:0.0003s ]
SQL: SELECT * FROM `tp_consult` WHERE `is_show` = 0 GROUP BY consult_id ORDER BY createtime desc LIMIT 6   [ RunTime:0.0001s ]
INFO: [ view_begin ] --START--
INFO: Run Home\Behaviors\testBehavior [ RunTime:0.000137s ]
INFO: [ view_begin ] --END-- [ RunTime:0.000164s ]
INFO: [ view_parse ] --START--
INFO: [ template_filter ] --START--
INFO: Run Behavior\ContentReplaceBehavior [ RunTime:0.000068s ]
INFO: [ template_filter ] --END-- [ RunTime:0.000100s ]
INFO: Run Behavior\ParseTemplateBehavior [ RunTime:0.008036s ]
INFO: [ view_parse ] --END-- [ RunTime:0.008065s ]
INFO: [ view_filter ] --START--
INFO: Run Behavior\WriteHtmlCacheBehavior [ RunTime:0.000091s ]
INFO: Run Behavior\TokenBuildBehavior [ RunTime:0.000204s ]
INFO: [ view_filter ] --END-- [ RunTime:0.000341s ]
INFO: [ app_end ] --START--
INFO: Run Behavior\ShowPageTraceBehavior [ RunTime:0.000267s ]
INFO: [ app_end ] --END-- [ RunTime:0.000294s ]

[ 2017-07-15T09:23:48+08:00 ] 101.226.33.204 /Mobile/Index/index.html
INFO: [ app_init ] --START--
INFO: Run Behavior\BuildLiteBehavior [ RunTime:0.000010s ]
INFO: [ app_init ] --END-- [ RunTime:0.000202s ]
INFO: [ app_begin ] --START--
INFO: Run Behavior\ReadHtmlCacheBehavior [ RunTime:0.000343s ]
INFO: [ app_begin ] --END-- [ RunTime:0.000378s ]
SQL: SHOW COLUMNS FROM `tp_article_cat` [ RunTime:0.0005s ]
SQL: SELECT `cat_name`,`cat_id` FROM `tp_article_cat` WHERE `show_in_nav` = 1 AND `parent_id` = 0  [ RunTime:0.0008s ]
SQL: SHOW COLUMNS FROM `tp_ad_position` [ RunTime:0.0003s ]
SQL: SELECT b.* FROM tp_ad_position a INNER JOIN tp_ad b ON a.position_id=b.pid  WHERE ( a.position_name LIKE '%mobile%' ) ORDER BY b.orderby desc LIMIT 3   [ RunTime:0.0007s ]
SQL: SHOW COLUMNS FROM `tp_consult` [ RunTime:0.0003s ]
SQL: SELECT * FROM `tp_consult` WHERE `is_show` = 0 GROUP BY consult_id ORDER BY createtime desc LIMIT 6   [ RunTime:0.0007s ]
INFO: [ view_begin ] --START--
INFO: Run Home\Behaviors\testBehavior [ RunTime:0.000118s ]
INFO: [ view_begin ] --END-- [ RunTime:0.000144s ]
INFO: [ view_parse ] --START--
INFO: [ template_filter ] --START--
INFO: Run Behavior\ContentReplaceBehavior [ RunTime:0.000069s ]
INFO: [ template_filter ] --END-- [ RunTime:0.000102s ]
INFO: Run Behavior\ParseTemplateBehavior [ RunTime:0.008037s ]
INFO: [ view_parse ] --END-- [ RunTime:0.008066s ]
INFO: [ view_filter ] --START--
INFO: Run Behavior\WriteHtmlCacheBehavior [ RunTime:0.000089s ]
INFO: Run Behavior\TokenBuildBehavior [ RunTime:0.000205s ]
INFO: [ view_filter ] --END-- [ RunTime:0.000333s ]
INFO: [ app_end ] --START--
INFO: Run Behavior\ShowPageTraceBehavior [ RunTime:0.000271s ]
INFO: [ app_end ] --END-- [ RunTime:0.000310s ]

[ 2017-07-15T09:23:48+08:00 ] 101.226.85.67 /Mobile/Index/index.html
INFO: [ app_init ] --START--
INFO: Run Behavior\BuildLiteBehavior [ RunTime:0.000009s ]
INFO: [ app_init ] --END-- [ RunTime:0.000204s ]
INFO: [ app_begin ] --START--
INFO: Run Behavior\ReadHtmlCacheBehavior [ RunTime:0.000277s ]
INFO: [ app_begin ] --END-- [ RunTime:0.000311s ]
SQL: SHOW COLUMNS FROM `tp_article_cat` [ RunTime:0.0004s ]
SQL: SELECT `cat_name`,`cat_id` FROM `tp_article_cat` WHERE `show_in_nav` = 1 AND `parent_id` = 0  [ RunTime:0.0007s ]
SQL: SHOW COLUMNS FROM `tp_ad_position` [ RunTime:0.0003s ]
SQL: SELECT b.* FROM tp_ad_position a INNER JOIN tp_ad b ON a.position_id=b.pid  WHERE ( a.position_name LIKE '%mobile%' ) ORDER BY b.orderby desc LIMIT 3   [ RunTime:0.0007s ]
SQL: SHOW COLUMNS FROM `tp_consult` [ RunTime:0.0003s ]
SQL: SELECT * FROM `tp_consult` WHERE `is_show` = 0 GROUP BY consult_id ORDER BY createtime desc LIMIT 6   [ RunTime:0.0102s ]
INFO: [ view_begin ] --START--
INFO: Run Home\Behaviors\testBehavior [ RunTime:0.000136s ]
INFO: [ view_begin ] --END-- [ RunTime:0.000168s ]
INFO: [ view_parse ] --START--
INFO: [ template_filter ] --START--
INFO: Run Behavior\ContentReplaceBehavior [ RunTime:0.000073s ]
INFO: [ template_filter ] --END-- [ RunTime:0.000106s ]
INFO: Run Behavior\ParseTemplateBehavior [ RunTime:0.008447s ]
INFO: [ view_parse ] --END-- [ RunTime:0.008483s ]
INFO: [ view_filter ] --START--
INFO: Run Behavior\WriteHtmlCacheBehavior [ RunTime:0.000088s ]
INFO: Run Behavior\TokenBuildBehavior [ RunTime:0.000222s ]
INFO: [ view_filter ] --END-- [ RunTime:0.000350s ]
INFO: [ app_end ] --START--
INFO: Run Behavior\ShowPageTraceBehavior [ RunTime:0.000277s ]
INFO: [ app_end ] --END-- [ RunTime:0.000306s ]

[ 2017-07-15T09:23:48+08:00 ] 101.226.125.111 /Mobile/Index/index.html
INFO: [ app_init ] --START--
INFO: Run Behavior\BuildLiteBehavior [ RunTime:0.000010s ]
INFO: [ app_init ] --END-- [ RunTime:0.000228s ]
INFO: [ app_begin ] --START--
INFO: Run Behavior\ReadHtmlCacheBehavior [ RunTime:0.000302s ]
INFO: [ app_begin ] --END-- [ RunTime:0.000337s ]
SQL: SHOW COLUMNS FROM `tp_article_cat` [ RunTime:0.0005s ]
SQL: SELECT `cat_name`,`cat_id` FROM `tp_article_cat` WHERE `show_in_nav` = 1 AND `parent_id` = 0  [ RunTime:0.0001s ]
SQL: SHOW COLUMNS FROM `tp_ad_position` [ RunTime:0.0003s ]
SQL: SELECT b.* FROM tp_ad_position a INNER JOIN tp_ad b ON a.position_id=b.pid  WHERE ( a.position_name LIKE '%mobile%' ) ORDER BY b.orderby desc LIMIT 3   [ RunTime:0.0001s ]
SQL: SHOW COLUMNS FROM `tp_consult` [ RunTime:0.0004s ]
SQL: SELECT * FROM `tp_consult` WHERE `is_show` = 0 GROUP BY consult_id ORDER BY createtime desc LIMIT 6   [ RunTime:0.0001s ]
INFO: [ view_begin ] --START--
INFO: Run Home\Behaviors\testBehavior [ RunTime:0.000131s ]
INFO: [ view_begin ] --END-- [ RunTime:0.000166s ]
INFO: [ view_parse ] --START--
INFO: [ template_filter ] --START--
INFO: Run Behavior\ContentReplaceBehavior [ RunTime:0.000074s ]
INFO: [ template_filter ] --END-- [ RunTime:0.000108s ]
INFO: Run Behavior\ParseTemplateBehavior [ RunTime:0.008636s ]
INFO: [ view_parse ] --END-- [ RunTime:0.008668s ]
INFO: [ view_filter ] --START--
INFO: Run Behavior\WriteHtmlCacheBehavior [ RunTime:0.000092s ]
INFO: Run Behavior\TokenBuildBehavior [ RunTime:0.000205s ]
INFO: [ view_filter ] --END-- [ RunTime:0.000361s ]
INFO: [ app_end ] --START--
INFO: Run Behavior\ShowPageTraceBehavior [ RunTime:0.000291s ]
INFO: [ app_end ] --END-- [ RunTime:0.000321s ]

[ 2017-07-15T09:23:51+08:00 ] 180.163.1.46 /Mobile/Goods/categoryList.html
INFO: [ app_init ] --START--
INFO: Run Behavior\BuildLiteBehavior [ RunTime:0.000010s ]
INFO: [ app_init ] --END-- [ RunTime:0.000211s ]
INFO: [ app_begin ] --START--
INFO: Run Behavior\ReadHtmlCacheBehavior [ RunTime:0.000280s ]
INFO: [ app_begin ] --END-- [ RunTime:0.000314s ]
SQL: SHOW COLUMNS FROM `tp_goods_category` [ RunTime:0.0005s ]
SQL: SELECT * FROM `tp_goods_category` WHERE ( is_show = 1 ) ORDER BY sort_order  [ RunTime:0.0001s ]
INFO: [ view_begin ] --START--
INFO: Run Home\Behaviors\testBehavior [ RunTime:0.000122s ]
INFO: [ view_begin ] --END-- [ RunTime:0.000152s ]
INFO: [ view_parse ] --START--
NOTIC: [8] Undefined index: order /data/wwwroot/www.fengzakka.cn/ThinkPHP/Library/Think/Template/TagLib/Tpshop.class.php 第 35 行.
NOTIC: [8] Undefined index: where /data/wwwroot/www.fengzakka.cn/ThinkPHP/Library/Think/Template/TagLib/Tpshop.class.php 第 37 行.
INFO: [ template_filter ] --START--
INFO: Run Behavior\ContentReplaceBehavior [ RunTime:0.000074s ]
INFO: [ template_filter ] --END-- [ RunTime:0.000107s ]
NOTIC: [8] Undefined variable: tpshop_config /data/wwwroot/www.fengzakka.cn/Application/Runtime/Cache/Mobile/56100e2ee68da1c55bb7048b88cc0a95.php 第 7 行.
NOTIC: [8] Undefined variable: tpshop_config /data/wwwroot/www.fengzakka.cn/Application/Runtime/Cache/Mobile/56100e2ee68da1c55bb7048b88cc0a95.php 第 8 行.
NOTIC: [8] Use of undefined constant level - assumed 'level' /data/wwwroot/www.fengzakka.cn/Application/Runtime/Cache/Mobile/56100e2ee68da1c55bb7048b88cc0a95.php 第 28 行.
NOTIC: [8] Use of undefined constant level - assumed 'level' /data/wwwroot/www.fengzakka.cn/Application/Runtime/Cache/Mobile/56100e2ee68da1c55bb7048b88cc0a95.php 第 28 行.
NOTIC: [8] Use of undefined constant level - assumed 'level' /data/wwwroot/www.fengzakka.cn/Application/Runtime/Cache/Mobile/56100e2ee68da1c55bb7048b88cc0a95.php 第 28 行.
NOTIC: [8] Use of undefined constant level - assumed 'level' /data/wwwroot/www.fengzakka.cn/Application/Runtime/Cache/Mobile/56100e2ee68da1c55bb7048b88cc0a95.php 第 28 行.
NOTIC: [8] Use of undefined constant level - assumed 'level' /data/wwwroot/www.fengzakka.cn/Application/Runtime/Cache/Mobile/56100e2ee68da1c55bb7048b88cc0a95.php 第 28 行.
NOTIC: [8] Use of undefined constant level - assumed 'level' /data/wwwroot/www.fengzakka.cn/Application/Runtime/Cache/Mobile/56100e2ee68da1c55bb7048b88cc0a95.php 第 28 行.
SQL: SHOW COLUMNS FROM `tp_ad_position` [ RunTime:0.0004s ]
SQL: SELECT `position_id`,`position_name`,`ad_width`,`ad_height` FROM `tp_ad_position`  [ RunTime:0.0001s ]
SQL: SHOW COLUMNS FROM `tp_ad` [ RunTime:0.0004s ]
SQL: SELECT * FROM `tp_ad` WHERE ( pid=400  and enabled = 1 and start_time < 1500080400 and end_time > 1500080400  ) ORDER BY orderby desc LIMIT 1   [ RunTime:0.0001s ]
NOTIC: [8] Use of undefined constant edit_ad - assumed 'edit_ad' /data/wwwroot/www.fengzakka.cn/Application/Runtime/Cache/Mobile/56100e2ee68da1c55bb7048b88cc0a95.php 第 35 行.
NOTIC: [8] Undefined index: edit_ad /data/wwwroot/www.fengzakka.cn/Application/Runtime/Cache/Mobile/56100e2ee68da1c55bb7048b88cc0a95.php 第 35 行.
NOTIC: [8] Use of undefined constant id - assumed 'id' /data/wwwroot/www.fengzakka.cn/Application/Runtime/Cache/Mobile/56100e2ee68da1c55bb7048b88cc0a95.php 第 40 行.
NOTIC: [8] Undefined index: sub_tmenu /data/wwwroot/www.fengzakka.cn/Application/Runtime/Cache/Mobile/56100e2ee68da1c55bb7048b88cc0a95.php 第 43 行.
NOTIC: [8] Use of undefined constant id - assumed 'id' /data/wwwroot/www.fengzakka.cn/Application/Runtime/Cache/Mobile/56100e2ee68da1c55bb7048b88cc0a95.php 第 40 行.
NOTIC: [8] Undefined index: sub_tmenu /data/wwwroot/www.fengzakka.cn/Application/Runtime/Cache/Mobile/56100e2ee68da1c55bb7048b88cc0a95.php 第 43 行.
NOTIC: [8] Use of undefined constant id - assumed 'id' /data/wwwroot/www.fengzakka.cn/Application/Runtime/Cache/Mobile/56100e2ee68da1c55bb7048b88cc0a95.php 第 40 行.
NOTIC: [8] Undefined index: sub_tmenu /data/wwwroot/www.fengzakka.cn/Application/Runtime/Cache/Mobile/56100e2ee68da1c55bb7048b88cc0a95.php 第 43 行.
NOTIC: [8] Use of undefined constant edit_ad - assumed 'edit_ad' /data/wwwroot/www.fengzakka.cn/Application/Runtime/Cache/Mobile/56100e2ee68da1c55bb7048b88cc0a95.php 第 35 行.
NOTIC: [8] Undefined index: edit_ad /data/wwwroot/www.fengzakka.cn/Application/Runtime/Cache/Mobile/56100e2ee68da1c55bb7048b88cc0a95.php 第 35 行.
NOTIC: [8] Use of undefined constant id - assumed 'id' /data/wwwroot/www.fengzakka.cn/Application/Runtime/Cache/Mobile/56100e2ee68da1c55bb7048b88cc0a95.php 第 40 行.
NOTIC: [8] Undefined index: sub_tmenu /data/wwwroot/www.fengzakka.cn/Application/Runtime/Cache/Mobile/56100e2ee68da1c55bb7048b88cc0a95.php 第 43 行.
NOTIC: [8] Use of undefined constant id - assumed 'id' /data/wwwroot/www.fengzakka.cn/Application/Runtime/Cache/Mobile/56100e2ee68da1c55bb7048b88cc0a95.php 第 40 行.
NOTIC: [8] Undefined index: sub_tmenu /data/wwwroot/www.fengzakka.cn/Application/Runtime/Cache/Mobile/56100e2ee68da1c55bb7048b88cc0a95.php 第 43 行.
NOTIC: [8] Use of undefined constant id - assumed 'id' /data/wwwroot/www.fengzakka.cn/Application/Runtime/Cache/Mobile/56100e2ee68da1c55bb7048b88cc0a95.php 第 40 行.
NOTIC: [8] Undefined index: sub_tmenu /data/wwwroot/www.fengzakka.cn/Application/Runtime/Cache/Mobile/56100e2ee68da1c55bb7048b88cc0a95.php 第 43 行.
NOTIC: [8] Use of undefined constant edit_ad - assumed 'edit_ad' /data/wwwroot/www.fengzakka.cn/Application/Runtime/Cache/Mobile/56100e2ee68da1c55bb7048b88cc0a95.php 第 35 行.
NOTIC: [8] Undefined index: edit_ad /data/wwwroot/www.fengzakka.cn/Application/Runtime/Cache/Mobile/56100e2ee68da1c55bb7048b88cc0a95.php 第 35 行.
NOTIC: [8] Use of undefined constant id - assumed 'id' /data/wwwroot/www.fengzakka.cn/Application/Runtime/Cache/Mobile/56100e2ee68da1c55bb7048b88cc0a95.php 第 40 行.
NOTIC: [8] Undefined index: sub_tmenu /data/wwwroot/www.fengzakka.cn/Application/Runtime/Cache/Mobile/56100e2ee68da1c55bb7048b88cc0a95.php 第 43 行.
NOTIC: [8] Use of undefined constant id - assumed 'id' /data/wwwroot/www.fengzakka.cn/Application/Runtime/Cache/Mobile/56100e2ee68da1c55bb7048b88cc0a95.php 第 40 行.
NOTIC: [8] Undefined index: sub_tmenu /data/wwwroot/www.fengzakka.cn/Application/Runtime/Cache/Mobile/56100e2ee68da1c55bb7048b88cc0a95.php 第 43 行.
NOTIC: [8] Use of undefined constant id - assumed 'id' /data/wwwroot/www.fengzakka.cn/Application/Runtime/Cache/Mobile/56100e2ee68da1c55bb7048b88cc0a95.php 第 40 行.
NOTIC: [8] Undefined index: sub_tmenu /data/wwwroot/www.fengzakka.cn/Application/Runtime/Cache/Mobile/56100e2ee68da1c55bb7048b88cc0a95.php 第 43 行.
NOTIC: [8] Use of undefined constant id - assumed 'id' /data/wwwroot/www.fengzakka.cn/Application/Runtime/Cache/Mobile/56100e2ee68da1c55bb7048b88cc0a95.php 第 40 行.
NOTIC: [8] Undefined index: sub_tmenu /data/wwwroot/www.fengzakka.cn/Application/Runtime/Cache/Mobile/56100e2ee68da1c55bb7048b88cc0a95.php 第 43 行.
NOTIC: [8] Use of undefined constant edit_ad - assumed 'edit_ad' /data/wwwroot/www.fengzakka.cn/Application/Runtime/Cache/Mobile/56100e2ee68da1c55bb7048b88cc0a95.php 第 35 行.
NOTIC: [8] Undefined index: edit_ad /data/wwwroot/www.fengzakka.cn/Application/Runtime/Cache/Mobile/56100e2ee68da1c55bb7048b88cc0a95.php 第 35 行.
NOTIC: [8] Use of undefined constant id - assumed 'id' /data/wwwroot/www.fengzakka.cn/Application/Runtime/Cache/Mobile/56100e2ee68da1c55bb7048b88cc0a95.php 第 40 行.
NOTIC: [8] Undefined index: sub_tmenu /data/wwwroot/www.fengzakka.cn/Application/Runtime/Cache/Mobile/56100e2ee68da1c55bb7048b88cc0a95.php 第 43 行.
NOTIC: [8] Use of undefined constant id - assumed 'id' /data/wwwroot/www.fengzakka.cn/Application/Runtime/Cache/Mobile/56100e2ee68da1c55bb7048b88cc0a95.php 第 40 行.
NOTIC: [8] Undefined index: sub_tmenu /data/wwwroot/www.fengzakka.cn/Application/Runtime/Cache/Mobile/56100e2ee68da1c55bb7048b88cc0a95.php 第 43 行.
NOTIC: [8] Use of undefined constant id - assumed 'id' /data/wwwroot/www.fengzakka.cn/Application/Runtime/Cache/Mobile/56100e2ee68da1c55bb7048b88cc0a95.php 第 40 行.
NOTIC: [8] Undefined index: sub_tmenu /data/wwwroot/www.fengzakka.cn/Application/Runtime/Cache/Mobile/56100e2ee68da1c55bb7048b88cc0a95.php 第 43 行.
NOTIC: [8] Use of undefined constant edit_ad - assumed 'edit_ad' /data/wwwroot/www.fengzakka.cn/Application/Runtime/Cache/Mobile/56100e2ee68da1c55bb7048b88cc0a95.php 第 35 行.
NOTIC: [8] Undefined index: edit_ad /data/wwwroot/www.fengzakka.cn/Application/Runtime/Cache/Mobile/56100e2ee68da1c55bb7048b88cc0a95.php 第 35 行.
NOTIC: [8] Use of undefined constant id - assumed 'id' /data/wwwroot/www.fengzakka.cn/Application/Runtime/Cache/Mobile/56100e2ee68da1c55bb7048b88cc0a95.php 第 40 行.
NOTIC: [8] Undefined index: sub_tmenu /data/wwwroot/www.fengzakka.cn/Application/Runtime/Cache/Mobile/56100e2ee68da1c55bb7048b88cc0a95.php 第 43 行.
NOTIC: [8] Use of undefined constant id - assumed 'id' /data/wwwroot/www.fengzakka.cn/Application/Runtime/Cache/Mobile/56100e2ee68da1c55bb7048b88cc0a95.php 第 40 行.
NOTIC: [8] Undefined index: sub_tmenu /data/wwwroot/www.fengzakka.cn/Application/Runtime/Cache/Mobile/56100e2ee68da1c55bb7048b88cc0a95.php 第 43 行.
NOTIC: [8] Use of undefined constant id - assumed 'id' /data/wwwroot/www.fengzakka.cn/Application/Runtime/Cache/Mobile/56100e2ee68da1c55bb7048b88cc0a95.php 第 40 行.
NOTIC: [8] Undefined index: sub_tmenu /data/wwwroot/www.fengzakka.cn/Application/Runtime/Cache/Mobile/56100e2ee68da1c55bb7048b88cc0a95.php 第 43 行.
NOTIC: [8] Use of undefined constant id - assumed 'id' /data/wwwroot/www.fengzakka.cn/Application/Runtime/Cache/Mobile/56100e2ee68da1c55bb7048b88cc0a95.php 第 40 行.
NOTIC: [8] Undefined index: sub_tmenu /data/wwwroot/www.fengzakka.cn/Application/Runtime/Cache/Mobile/56100e2ee68da1c55bb7048b88cc0a95.php 第 43 行.
NOTIC: [8] Use of undefined constant edit_ad - assumed 'edit_ad' /data/wwwroot/www.fengzakka.cn/Application/Runtime/Cache/Mobile/56100e2ee68da1c55bb7048b88cc0a95.php 第 35 行.
NOTIC: [8] Undefined index: edit_ad /data/wwwroot/www.fengzakka.cn/Application/Runtime/Cache/Mobile/56100e2ee68da1c55bb7048b88cc0a95.php 第 35 行.
NOTIC: [8] Use of undefined constant id - assumed 'id' /data/wwwroot/www.fengzakka.cn/Application/Runtime/Cache/Mobile/56100e2ee68da1c55bb7048b88cc0a95.php 第 40 行.
NOTIC: [8] Undefined index: sub_tmenu /data/wwwroot/www.fengzakka.cn/Application/Runtime/Cache/Mobile/56100e2ee68da1c55bb7048b88cc0a95.php 第 43 行.
INFO: Run Behavior\ParseTemplateBehavior [ RunTime:0.011619s ]
INFO: [ view_parse ] --END-- [ RunTime:0.011644s ]
INFO: [ view_filter ] --START--
INFO: Run Behavior\WriteHtmlCacheBehavior [ RunTime:0.000095s ]
INFO: Run Behavior\TokenBuildBehavior [ RunTime:0.000200s ]
INFO: [ view_filter ] --END-- [ RunTime:0.000334s ]
INFO: [ app_end ] --START--
INFO: Run Behavior\ShowPageTraceBehavior [ RunTime:0.000306s ]
INFO: [ app_end ] --END-- [ RunTime:0.000334s ]

[ 2017-07-15T11:10:55+08:00 ] 14.20.91.53 /Mobile/Goods/index.html
INFO: [ app_init ] --START--
INFO: Run Behavior\BuildLiteBehavior [ RunTime:0.000010s ]
INFO: [ app_init ] --END-- [ RunTime:0.000233s ]
INFO: [ app_begin ] --START--
INFO: Run Behavior\ReadHtmlCacheBehavior [ RunTime:0.000303s ]
INFO: [ app_begin ] --END-- [ RunTime:0.000337s ]
SQL: SHOW COLUMNS FROM `tp_ad_position` [ RunTime:0.0005s ]
SQL: SELECT b.* FROM tp_ad_position a INNER JOIN tp_ad b ON a.position_id=b.pid  WHERE ( a.position_name LIKE '%mobile%' ) ORDER BY b.orderby desc LIMIT 3   [ RunTime:0.0001s ]
SQL: SHOW COLUMNS FROM `tp_goods` [ RunTime:0.0005s ]
SQL: SELECT `goods_id`,`goods_sn`,`goods_name`,`shop_price`,`original_img` FROM `tp_goods` GROUP BY goods_id ORDER BY sort desc LIMIT 12   [ RunTime:0.0001s ]
INFO: [ view_begin ] --START--
INFO: Run Home\Behaviors\testBehavior [ RunTime:0.000147s ]
INFO: [ view_begin ] --END-- [ RunTime:0.000176s ]
INFO: [ view_parse ] --START--
INFO: [ template_filter ] --START--
INFO: Run Behavior\ContentReplaceBehavior [ RunTime:0.000059s ]
INFO: [ template_filter ] --END-- [ RunTime:0.000092s ]
INFO: Run Behavior\ParseTemplateBehavior [ RunTime:0.005673s ]
INFO: [ view_parse ] --END-- [ RunTime:0.005706s ]
INFO: [ view_filter ] --START--
INFO: Run Behavior\WriteHtmlCacheBehavior [ RunTime:0.000132s ]
INFO: Run Behavior\TokenBuildBehavior [ RunTime:0.000220s ]
INFO: [ view_filter ] --END-- [ RunTime:0.000397s ]
INFO: [ app_end ] --START--
INFO: Run Behavior\ShowPageTraceBehavior [ RunTime:0.000290s ]
INFO: [ app_end ] --END-- [ RunTime:0.000318s ]

[ 2017-07-15T11:10:55+08:00 ] 14.20.91.53 /Mobile/MobileBase/Userinfo?code=051nKqFc06pwov131NFc0n7KFc0nKqFn&state=
INFO: [ app_init ] --START--
INFO: Run Behavior\BuildLiteBehavior [ RunTime:0.000010s ]
INFO: [ app_init ] --END-- [ RunTime:0.000210s ]
INFO: [ app_begin ] --START--
INFO: Run Behavior\ReadHtmlCacheBehavior [ RunTime:0.000336s ]
INFO: [ app_begin ] --END-- [ RunTime:0.000370s ]
NOTIC: [2] Missing argument 2 for Common\Normal\Httpclient::quickGet(), called in /data/wwwroot/www.fengzakka.cn/Application/Common/Normal/Wechat.class.php on line 815 and defined /data/wwwroot/www.fengzakka.cn/Application/Common/Normal/Httpclient.class.php 第 298 行.
NOTIC: [2] Missing argument 2 for Common\Normal\Httpclient::quickGet(), called in /data/wwwroot/www.fengzakka.cn/Application/Common/Normal/Wechat.class.php on line 842 and defined /data/wwwroot/www.fengzakka.cn/Application/Common/Normal/Httpclient.class.php 第 298 行.
NOTIC: [2] Missing argument 2 for Common\Normal\Httpclient::quickGet(), called in /data/wwwroot/www.fengzakka.cn/Application/Common/Normal/Wechat.class.php on line 863 and defined /data/wwwroot/www.fengzakka.cn/Application/Common/Normal/Httpclient.class.php 第 298 行.
SQL: SHOW COLUMNS FROM `tp_users` [ RunTime:0.0007s ]
SQL: SELECT * FROM `tp_users` WHERE `openid` = 'o6pmpxByXk4q925d_hi75-tSj844' LIMIT 1   [ RunTime:0.0004s ]
SQL: UPDATE `tp_users` SET `last_ip`='14.20.91.53',`last_login`='1500088255' WHERE `openid` = 'o6pmpxByXk4q925d_hi75-tSj844' [ RunTime:0.0005s ]
SQL: SHOW COLUMNS FROM `tp_user_log` [ RunTime:0.0003s ]
SQL: INSERT INTO `tp_user_log` (`web`,`info`,`addtime`,`flag`) VALUES ('wx','{\"user_id\":\"3444\",\"account\":\"\",\"email\":\"\",\"password\":\"\",\"sex\":\"2\",\"birthday\":\"0\",\"user_money\":\"0.00\",\"frozen_money\":\"0.00\",\"distribut_money\":\"0.00\",\"pay_points\":\"0\",\"address_id\":\"0\",\"reg_time\":\"1498034906\",\"last_login\":\"1499653240\",\"last_ip\":\"183.11.130.36\",\"qq\":\"\",\"mobile\":\"\",\"mobile_validated\":\"0\",\"oauth\":\"wx_mobile\",\"unionid\":null,\"openid\":\"o6pmpxByXk4q925d_hi75-tSj844\",\"head_pic\":\"http:\\/\\/wx.qlogo.cn\\/mmopen\\/rKoEQoDIT5icke17aiaicUP9gYn3mdyaQqPMMibziaEMYnwKdZ8OWaVkfnNRMqZoWxW6V7MYHbs4TEFLVD5WDSjAZBRpeZQTULric1\\/96\",\"province\":\"\\u5e7f\\u4e1c\",\"city\":\"\\u6df1\\u5733\",\"district\":null,\"email_validated\":\"0\",\"nickname\":\"\\u5c0f\\u5c71\\u4e1cSally\",\"level\":\"1\",\"discount\":\"1.00\",\"total_amount\":\"0.00\",\"is_lock\":\"0\",\"is_distribut\":\"0\",\"first_leader\":\"0\",\"second_leader\":\"0\",\"third_leader\":\"0\",\"token\":\"\",\"write_role\":null,\"introduce\":null,\"detail_address\":null}','1500088255','old') [ RunTime:0.0002s ]

[ 2017-07-15T11:10:56+08:00 ] 14.20.91.53 /Mobile/Index/index.html
INFO: [ app_init ] --START--
INFO: Run Behavior\BuildLiteBehavior [ RunTime:0.000010s ]
INFO: [ app_init ] --END-- [ RunTime:0.000216s ]
INFO: [ app_begin ] --START--
INFO: Run Behavior\ReadHtmlCacheBehavior [ RunTime:0.000282s ]
INFO: [ app_begin ] --END-- [ RunTime:0.000316s ]
SQL: SHOW COLUMNS FROM `tp_article_cat` [ RunTime:0.0004s ]
SQL: SELECT `cat_name`,`cat_id` FROM `tp_article_cat` WHERE `show_in_nav` = 1 AND `parent_id` = 0  [ RunTime:0.0001s ]
SQL: SHOW COLUMNS FROM `tp_ad_position` [ RunTime:0.0003s ]
SQL: SELECT b.* FROM tp_ad_position a INNER JOIN tp_ad b ON a.position_id=b.pid  WHERE ( a.position_name LIKE '%mobile%' ) ORDER BY b.orderby desc LIMIT 3   [ RunTime:0.0001s ]
SQL: SHOW COLUMNS FROM `tp_consult` [ RunTime:0.0003s ]
SQL: SELECT * FROM `tp_consult` WHERE `is_show` = 0 GROUP BY consult_id ORDER BY createtime desc LIMIT 6   [ RunTime:0.0001s ]
INFO: [ view_begin ] --START--
INFO: Run Home\Behaviors\testBehavior [ RunTime:0.000142s ]
INFO: [ view_begin ] --END-- [ RunTime:0.000170s ]
INFO: [ view_parse ] --START--
INFO: [ template_filter ] --START--
INFO: Run Behavior\ContentReplaceBehavior [ RunTime:0.000083s ]
INFO: [ template_filter ] --END-- [ RunTime:0.000118s ]
INFO: Run Behavior\ParseTemplateBehavior [ RunTime:0.010736s ]
INFO: [ view_parse ] --END-- [ RunTime:0.010766s ]
INFO: [ view_filter ] --START--
INFO: Run Behavior\WriteHtmlCacheBehavior [ RunTime:0.000105s ]
INFO: Run Behavior\TokenBuildBehavior [ RunTime:0.000217s ]
INFO: [ view_filter ] --END-- [ RunTime:0.000379s ]
INFO: [ app_end ] --START--
INFO: Run Behavior\ShowPageTraceBehavior [ RunTime:0.000293s ]
INFO: [ app_end ] --END-- [ RunTime:0.000322s ]

[ 2017-07-15T11:10:59+08:00 ] 14.20.91.53 /Mobile/Goods/index.html
INFO: [ app_init ] --START--
INFO: Run Behavior\BuildLiteBehavior [ RunTime:0.000010s ]
INFO: [ app_init ] --END-- [ RunTime:0.000208s ]
INFO: [ app_begin ] --START--
INFO: Run Behavior\ReadHtmlCacheBehavior [ RunTime:0.000280s ]
INFO: [ app_begin ] --END-- [ RunTime:0.000313s ]
SQL: SHOW COLUMNS FROM `tp_ad_position` [ RunTime:0.0005s ]
SQL: SELECT b.* FROM tp_ad_position a INNER JOIN tp_ad b ON a.position_id=b.pid  WHERE ( a.position_name LIKE '%mobile%' ) ORDER BY b.orderby desc LIMIT 3   [ RunTime:0.0001s ]
SQL: SHOW COLUMNS FROM `tp_goods` [ RunTime:0.0005s ]
SQL: SELECT `goods_id`,`goods_sn`,`goods_name`,`shop_price`,`original_img` FROM `tp_goods` GROUP BY goods_id ORDER BY sort desc LIMIT 12   [ RunTime:0.0001s ]
INFO: [ view_begin ] --START--
INFO: Run Home\Behaviors\testBehavior [ RunTime:0.000130s ]
INFO: [ view_begin ] --END-- [ RunTime:0.000158s ]
INFO: [ view_parse ] --START--
INFO: [ template_filter ] --START--
INFO: Run Behavior\ContentReplaceBehavior [ RunTime:0.000053s ]
INFO: [ template_filter ] --END-- [ RunTime:0.000094s ]
INFO: Run Behavior\ParseTemplateBehavior [ RunTime:0.005567s ]
INFO: [ view_parse ] --END-- [ RunTime:0.005595s ]
INFO: [ view_filter ] --START--
INFO: Run Behavior\WriteHtmlCacheBehavior [ RunTime:0.000092s ]
INFO: Run Behavior\TokenBuildBehavior [ RunTime:0.000251s ]
INFO: [ view_filter ] --END-- [ RunTime:0.000383s ]
INFO: [ app_end ] --START--
INFO: Run Behavior\ShowPageTraceBehavior [ RunTime:0.000274s ]
INFO: [ app_end ] --END-- [ RunTime:0.000300s ]

[ 2017-07-15T11:11:06+08:00 ] 101.226.33.203 /Mobile/Index/index.html
INFO: [ app_init ] --START--
INFO: Run Behavior\BuildLiteBehavior [ RunTime:0.000017s ]
INFO: [ app_init ] --END-- [ RunTime:0.000378s ]
INFO: [ app_begin ] --START--
INFO: Run Behavior\ReadHtmlCacheBehavior [ RunTime:0.000494s ]
INFO: [ app_begin ] --END-- [ RunTime:0.000550s ]
SQL: SHOW COLUMNS FROM `tp_article_cat` [ RunTime:0.0006s ]
SQL: SELECT `cat_name`,`cat_id` FROM `tp_article_cat` WHERE `show_in_nav` = 1 AND `parent_id` = 0  [ RunTime:0.0001s ]
SQL: SHOW COLUMNS FROM `tp_ad_position` [ RunTime:0.0003s ]
SQL: SELECT b.* FROM tp_ad_position a INNER JOIN tp_ad b ON a.position_id=b.pid  WHERE ( a.position_name LIKE '%mobile%' ) ORDER BY b.orderby desc LIMIT 3   [ RunTime:0.0001s ]
SQL: SHOW COLUMNS FROM `tp_consult` [ RunTime:0.0003s ]
SQL: SELECT * FROM `tp_consult` WHERE `is_show` = 0 GROUP BY consult_id ORDER BY createtime desc LIMIT 6   [ RunTime:0.0001s ]
INFO: [ view_begin ] --START--
INFO: Run Home\Behaviors\testBehavior [ RunTime:0.000185s ]
INFO: [ view_begin ] --END-- [ RunTime:0.000220s ]
INFO: [ view_parse ] --START--
INFO: [ template_filter ] --START--
INFO: Run Behavior\ContentReplaceBehavior [ RunTime:0.000072s ]
INFO: [ template_filter ] --END-- [ RunTime:0.000111s ]
INFO: Run Behavior\ParseTemplateBehavior [ RunTime:0.008722s ]
INFO: [ view_parse ] --END-- [ RunTime:0.008751s ]
INFO: [ view_filter ] --START--
INFO: Run Behavior\WriteHtmlCacheBehavior [ RunTime:0.000142s ]
INFO: Run Behavior\TokenBuildBehavior [ RunTime:0.000225s ]
INFO: [ view_filter ] --END-- [ RunTime:0.000408s ]
INFO: [ app_end ] --START--
INFO: Run Behavior\ShowPageTraceBehavior [ RunTime:0.000291s ]
INFO: [ app_end ] --END-- [ RunTime:0.000324s ]

[ 2017-07-15T11:12:06+08:00 ] 14.20.91.53 /Mobile/Goods/goodsInfo/id/156.html
INFO: [ app_init ] --START--
INFO: Run Behavior\BuildLiteBehavior [ RunTime:0.000010s ]
INFO: [ app_init ] --END-- [ RunTime:0.000217s ]
INFO: [ app_begin ] --START--
INFO: Run Behavior\ReadHtmlCacheBehavior [ RunTime:0.000287s ]
INFO: [ app_begin ] --END-- [ RunTime:0.000332s ]
SQL: SHOW COLUMNS FROM `tp_goods` [ RunTime:0.0007s ]
SQL: SHOW COLUMNS FROM `tp_goods` [ RunTime:0.0005s ]
SQL: SELECT * FROM `tp_goods` WHERE ( goods_id = 156 ) LIMIT 1   [ RunTime:0.0001s ]
SQL: SHOW COLUMNS FROM `tp_brand` [ RunTime:0.0003s ]
SQL: SELECT * FROM `tp_brand` WHERE ( id =351 ) LIMIT 1   [ RunTime:0.0001s ]
SQL: SHOW COLUMNS FROM `tp_goods_images` [ RunTime:0.0003s ]
SQL: SELECT * FROM `tp_goods_images` WHERE ( goods_id = 156 )  [ RunTime:0.0001s ]
SQL: SHOW COLUMNS FROM `tp_goods_attribute` [ RunTime:0.0003s ]
SQL: SELECT `attr_id`,`attr_name` FROM `tp_goods_attribute`  [ RunTime:0.0001s ]
SQL: SHOW COLUMNS FROM `tp_goods_attr` [ RunTime:0.0003s ]
SQL: SELECT * FROM `tp_goods_attr` WHERE ( goods_id = 156 )  [ RunTime:0.0001s ]
SQL: SHOW COLUMNS FROM `tp_spec_goods_price` [ RunTime:0.0003s ]
SQL: SELECT GROUP_CONCAT(`key` SEPARATOR '_') FROM `tp_spec_goods_price` WHERE ( goods_id = 156 ) LIMIT 1   [ RunTime:0.0001s ]
SQL: SHOW COLUMNS FROM `tp_spec_image` [ RunTime:0.0003s ]
SQL: SELECT `spec_image_id`,`src` FROM `tp_spec_image` WHERE ( goods_id = 156 and src != ''  )  [ RunTime:0.0001s ]
SQL: SELECT a.name,a.order,b.* FROM tp_spec AS a INNER JOIN tp_spec_item AS b ON a.id = b.spec_id WHERE b.id IN(141,142,143,144,145,146,147,148) ORDER BY b.id [ RunTime:0.0001s ]
SQL: SHOW COLUMNS FROM `tp_spec_goods_price` [ RunTime:0.0003s ]
SQL: SELECT `key`,`price`,`store_count` FROM `tp_spec_goods_price` WHERE ( goods_id = 156 )  [ RunTime:0.0001s ]
SQL: SHOW COLUMNS FROM `tp_comment` [ RunTime:0.0004s ]
SQL: SELECT COUNT(*) AS tp_count FROM `tp_comment` WHERE ( is_show = 1 and  goods_id = 156 and parent_id = 0 and  ceil((deliver_rank + goods_rank + service_rank) / 3) in(4,5) ) LIMIT 1   [ RunTime:0.0001s ]
SQL: SELECT COUNT(*) AS tp_count FROM `tp_comment` WHERE ( is_show = 1 and  goods_id = 156 and parent_id = 0 and  ceil((deliver_rank + goods_rank + service_rank) / 3) in(3) ) LIMIT 1   [ RunTime:0.0001s ]
SQL: SELECT COUNT(*) AS tp_count FROM `tp_comment` WHERE ( is_show = 1 and  goods_id = 156 and parent_id = 0 and  ceil((deliver_rank + goods_rank + service_rank) / 3) in(1,2) ) LIMIT 1   [ RunTime:0.0001s ]
NOTIC: [2] Division by zero /data/wwwroot/www.fengzakka.cn/Application/Home/Logic/GoodsLogic.class.php 第 234 行.
NOTIC: [2] Division by zero /data/wwwroot/www.fengzakka.cn/Application/Home/Logic/GoodsLogic.class.php 第 235 行.
NOTIC: [2] Division by zero /data/wwwroot/www.fengzakka.cn/Application/Home/Logic/GoodsLogic.class.php 第 237 行.
SQL: SHOW COLUMNS FROM `tp_order_goods` [ RunTime:0.0004s ]
SQL: SELECT COUNT(*) AS tp_count FROM `tp_order_goods` WHERE ( goods_id=156 and is_send=1 ) LIMIT 1   [ RunTime:0.0001s ]
NOTIC: [2] Division by zero /data/wwwroot/www.fengzakka.cn/Application/Mobile/Controller/GoodsController.class.php 第 212 行.
INFO: [ view_begin ] --START--
INFO: Run Home\Behaviors\testBehavior [ RunTime:0.000137s ]
INFO: [ view_begin ] --END-- [ RunTime:0.000164s ]
INFO: [ view_parse ] --START--
NOTIC: [8] Undefined index: level /data/wwwroot/www.fengzakka.cn/ThinkPHP/Library/Think/Template/TagLib/Tpshop.class.php 第 155 行.
INFO: [ template_filter ] --START--
INFO: Run Behavior\ContentReplaceBehavior [ RunTime:0.000181s ]
INFO: [ template_filter ] --END-- [ RunTime:0.000214s ]
NOTIC: [8] Undefined variable: tpshop_config /data/wwwroot/www.fengzakka.cn/Application/Runtime/Cache/Mobile/2360c3546ee568807e87bc9f49eb91c1.php 第 7 行.
NOTIC: [8] Undefined variable: tpshop_config /data/wwwroot/www.fengzakka.cn/Application/Runtime/Cache/Mobile/2360c3546ee568807e87bc9f49eb91c1.php 第 8 行.
NOTIC: [8] Undefined variable: tpshop_config /data/wwwroot/www.fengzakka.cn/Application/Runtime/Cache/Mobile/2360c3546ee568807e87bc9f49eb91c1.php 第 9 行.
NOTIC: [8] Use of undefined constant HTTP_HOST - assumed 'HTTP_HOST' /data/wwwroot/www.fengzakka.cn/Application/Runtime/Cache/Mobile/2360c3546ee568807e87bc9f49eb91c1.php 第 102 行.
NOTIC: [8] Use of undefined constant id - assumed 'id' /data/wwwroot/www.fengzakka.cn/Application/Runtime/Cache/Mobile/2360c3546ee568807e87bc9f49eb91c1.php 第 102 行.
NOTIC: [8] Use of undefined constant HTTP_HOST - assumed 'HTTP_HOST' /data/wwwroot/www.fengzakka.cn/Application/Runtime/Cache/Mobile/2360c3546ee568807e87bc9f49eb91c1.php 第 103 行.
NOTIC: [8] Use of undefined constant goods_id - assumed 'goods_id' /data/wwwroot/www.fengzakka.cn/Application/Runtime/Cache/Mobile/2360c3546ee568807e87bc9f49eb91c1.php 第 103 行.
NOTIC: [8] Undefined variable: prom_goods /data/wwwroot/www.fengzakka.cn/Application/Runtime/Cache/Mobile/2360c3546ee568807e87bc9f49eb91c1.php 第 129 行.
NOTIC: [8] Undefined variable: prom_order /data/wwwroot/www.fengzakka.cn/Application/Runtime/Cache/Mobile/2360c3546ee568807e87bc9f49eb91c1.php 第 129 行.
NOTIC: [8] Use of undefined constant src - assumed 'src' /data/wwwroot/www.fengzakka.cn/Application/Runtime/Cache/Mobile/2360c3546ee568807e87bc9f49eb91c1.php 第 160 行.
NOTIC: [8] Use of undefined constant src - assumed 'src' /data/wwwroot/www.fengzakka.cn/Application/Runtime/Cache/Mobile/2360c3546ee568807e87bc9f49eb91c1.php 第 160 行.
NOTIC: [8] Use of undefined constant src - assumed 'src' /data/wwwroot/www.fengzakka.cn/Application/Runtime/Cache/Mobile/2360c3546ee568807e87bc9f49eb91c1.php 第 160 行.
NOTIC: [8] Use of undefined constant src - assumed 'src' /data/wwwroot/www.fengzakka.cn/Application/Runtime/Cache/Mobile/2360c3546ee568807e87bc9f49eb91c1.php 第 160 行.
NOTIC: [8] Use of undefined constant src - assumed 'src' /data/wwwroot/www.fengzakka.cn/Application/Runtime/Cache/Mobile/2360c3546ee568807e87bc9f49eb91c1.php 第 160 行.
NOTIC: [8] Use of undefined constant src - assumed 'src' /data/wwwroot/www.fengzakka.cn/Application/Runtime/Cache/Mobile/2360c3546ee568807e87bc9f49eb91c1.php 第 160 行.
NOTIC: [8] Use of undefined constant src - assumed 'src' /data/wwwroot/www.fengzakka.cn/Application/Runtime/Cache/Mobile/2360c3546ee568807e87bc9f49eb91c1.php 第 160 行.
NOTIC: [8] Use of undefined constant src - assumed 'src' /data/wwwroot/www.fengzakka.cn/Application/Runtime/Cache/Mobile/2360c3546ee568807e87bc9f49eb91c1.php 第 160 行.
NOTIC: [8] Use of undefined constant item - assumed 'item' /data/wwwroot/www.fengzakka.cn/Application/Runtime/Cache/Mobile/2360c3546ee568807e87bc9f49eb91c1.php 第 162 行.
NOTIC: [8] Use of undefined constant item_id - assumed 'item_id' /data/wwwroot/www.fengzakka.cn/Application/Runtime/Cache/Mobile/2360c3546ee568807e87bc9f49eb91c1.php 第 163 行.
NOTIC: [8] Use of undefined constant item - assumed 'item' /data/wwwroot/www.fengzakka.cn/Application/Runtime/Cache/Mobile/2360c3546ee568807e87bc9f49eb91c1.php 第 164 行.
NOTIC: [8] Use of undefined constant item - assumed 'item' /data/wwwroot/www.fengzakka.cn/Application/Runtime/Cache/Mobile/2360c3546ee568807e87bc9f49eb91c1.php 第 162 行.
NOTIC: [8] Use of undefined constant item_id - assumed 'item_id' /data/wwwroot/www.fengzakka.cn/Application/Runtime/Cache/Mobile/2360c3546ee568807e87bc9f49eb91c1.php 第 163 行.
NOTIC: [8] Use of undefined constant item - assumed 'item' /data/wwwroot/www.fengzakka.cn/Application/Runtime/Cache/Mobile/2360c3546ee568807e87bc9f49eb91c1.php 第 164 行.
NOTIC: [8] Use of undefined constant item - assumed 'item' /data/wwwroot/www.fengzakka.cn/Application/Runtime/Cache/Mobile/2360c3546ee568807e87bc9f49eb91c1.php 第 162 行.
NOTIC: [8] Use of undefined constant item_id - assumed 'item_id' /data/wwwroot/www.fengzakka.cn/Application/Runtime/Cache/Mobile/2360c3546ee568807e87bc9f49eb91c1.php 第 163 行.
NOTIC: [8] Use of undefined constant item - assumed 'item' /data/wwwroot/www.fengzakka.cn/Application/Runtime/Cache/Mobile/2360c3546ee568807e87bc9f49eb91c1.php 第 164 行.
NOTIC: [8] Use of undefined constant item - assumed 'item' /data/wwwroot/www.fengzakka.cn/Application/Runtime/Cache/Mobile/2360c3546ee568807e87bc9f49eb91c1.php 第 162 行.
NOTIC: [8] Use of undefined constant item_id - assumed 'item_id' /data/wwwroot/www.fengzakka.cn/Application/Runtime/Cache/Mobile/2360c3546ee568807e87bc9f49eb91c1.php 第 163 行.
NOTIC: [8] Use of undefined constant item - assumed 'item' /data/wwwroot/www.fengzakka.cn/Application/Runtime/Cache/Mobile/2360c3546ee568807e87bc9f49eb91c1.php 第 164 行.
NOTIC: [8] Use of undefined constant item - assumed 'item' /data/wwwroot/www.fengzakka.cn/Application/Runtime/Cache/Mobile/2360c3546ee568807e87bc9f49eb91c1.php 第 162 行.
NOTIC: [8] Use of undefined constant item_id - assumed 'item_id' /data/wwwroot/www.fengzakka.cn/Application/Runtime/Cache/Mobile/2360c3546ee568807e87bc9f49eb91c1.php 第 163 行.
NOTIC: [8] Use of undefined constant item - assumed 'item' /data/wwwroot/www.fengzakka.cn/Application/Runtime/Cache/Mobile/2360c3546ee568807e87bc9f49eb91c1.php 第 164 行.
NOTIC: [8] Use of undefined constant item - assumed 'item' /data/wwwroot/www.fengzakka.cn/Application/Runtime/Cache/Mobile/2360c3546ee568807e87bc9f49eb91c1.php 第 162 行.
NOTIC: [8] Use of undefined constant item_id - assumed 'item_id' /data/wwwroot/www.fengzakka.cn/Application/Runtime/Cache/Mobile/2360c3546ee568807e87bc9f49eb91c1.php 第 163 行.
NOTIC: [8] Use of undefined constant item - assumed 'item' /data/wwwroot/www.fengzakka.cn/Application/Runtime/Cache/Mobile/2360c3546ee568807e87bc9f49eb91c1.php 第 164 行.
NOTIC: [8] Use of undefined constant item - assumed 'item' /data/wwwroot/www.fengzakka.cn/Application/Runtime/Cache/Mobile/2360c3546ee568807e87bc9f49eb91c1.php 第 162 行.
NOTIC: [8] Use of undefined constant item_id - assumed 'item_id' /data/wwwroot/www.fengzakka.cn/Application/Runtime/Cache/Mobile/2360c3546ee568807e87bc9f49eb91c1.php 第 163 行.
NOTIC: [8] Use of undefined constant item - assumed 'item' /data/wwwroot/www.fengzakka.cn/Application/Runtime/Cache/Mobile/2360c3546ee568807e87bc9f49eb91c1.php 第 164 行.
NOTIC: [8] Use of undefined constant item - assumed 'item' /data/wwwroot/www.fengzakka.cn/Application/Runtime/Cache/Mobile/2360c3546ee568807e87bc9f49eb91c1.php 第 162 行.
NOTIC: [8] Use of undefined constant item_id - assumed 'item_id' /data/wwwroot/www.fengzakka.cn/Application/Runtime/Cache/Mobile/2360c3546ee568807e87bc9f49eb91c1.php 第 163 行.
NOTIC: [8] Use of undefined constant item - assumed 'item' /data/wwwroot/www.fengzakka.cn/Application/Runtime/Cache/Mobile/2360c3546ee568807e87bc9f49eb91c1.php 第 164 行.
NOTIC: [8] Undefined variable: tpshop_config /data/wwwroot/www.fengzakka.cn/Application/Runtime/Cache/Mobile/2360c3546ee568807e87bc9f49eb91c1.php 第 339 行.
NOTIC: [8] Undefined index: flash_sale /data/wwwroot/www.fengzakka.cn/Application/Runtime/Cache/Mobile/2360c3546ee568807e87bc9f49eb91c1.php 第 393 行.
NOTIC: [8] Undefined variable: signPackage /data/wwwroot/www.fengzakka.cn/Application/Runtime/Cache/Mobile/2360c3546ee568807e87bc9f49eb91c1.php 第 431 行.
INFO: Run Behavior\ParseTemplateBehavior [ RunTime:0.013167s ]
INFO: [ view_parse ] --END-- [ RunTime:0.013191s ]
INFO: [ view_filter ] --START--
INFO: Run Behavior\WriteHtmlCacheBehavior [ RunTime:0.000104s ]
INFO: Run Behavior\TokenBuildBehavior [ RunTime:0.000286s ]
INFO: [ view_filter ] --END-- [ RunTime:0.000431s ]
INFO: [ app_end ] --START--
INFO: Run Behavior\ShowPageTraceBehavior [ RunTime:0.000300s ]
INFO: [ app_end ] --END-- [ RunTime:0.000331s ]

[ 2017-07-15T11:12:16+08:00 ] 101.226.66.178 /Mobile/Goods/goodsInfo/id/156.html
INFO: [ app_init ] --START--
INFO: Run Behavior\BuildLiteBehavior [ RunTime:0.000010s ]
INFO: [ app_init ] --END-- [ RunTime:0.000213s ]
INFO: [ app_begin ] --START--
INFO: Run Behavior\ReadHtmlCacheBehavior [ RunTime:0.000305s ]
INFO: [ app_begin ] --END-- [ RunTime:0.000338s ]
SQL: SHOW COLUMNS FROM `tp_goods` [ RunTime:0.0007s ]
SQL: SHOW COLUMNS FROM `tp_goods` [ RunTime:0.0005s ]
SQL: SELECT * FROM `tp_goods` WHERE ( goods_id = 156 ) LIMIT 1   [ RunTime:0.0001s ]
SQL: SHOW COLUMNS FROM `tp_brand` [ RunTime:0.0004s ]
SQL: SELECT * FROM `tp_brand` WHERE ( id =351 ) LIMIT 1   [ RunTime:0.0001s ]
SQL: SHOW COLUMNS FROM `tp_goods_images` [ RunTime:0.0003s ]
SQL: SELECT * FROM `tp_goods_images` WHERE ( goods_id = 156 )  [ RunTime:0.0001s ]
SQL: SHOW COLUMNS FROM `tp_goods_attribute` [ RunTime:0.0003s ]
SQL: SELECT `attr_id`,`attr_name` FROM `tp_goods_attribute`  [ RunTime:0.0001s ]
SQL: SHOW COLUMNS FROM `tp_goods_attr` [ RunTime:0.0003s ]
SQL: SELECT * FROM `tp_goods_attr` WHERE ( goods_id = 156 )  [ RunTime:0.0001s ]
SQL: SHOW COLUMNS FROM `tp_spec_goods_price` [ RunTime:0.0003s ]
SQL: SELECT GROUP_CONCAT(`key` SEPARATOR '_') FROM `tp_spec_goods_price` WHERE ( goods_id = 156 ) LIMIT 1   [ RunTime:0.0001s ]
SQL: SHOW COLUMNS FROM `tp_spec_image` [ RunTime:0.0003s ]
SQL: SELECT `spec_image_id`,`src` FROM `tp_spec_image` WHERE ( goods_id = 156 and src != ''  )  [ RunTime:0.0001s ]
SQL: SELECT a.name,a.order,b.* FROM tp_spec AS a INNER JOIN tp_spec_item AS b ON a.id = b.spec_id WHERE b.id IN(141,142,143,144,145,146,147,148) ORDER BY b.id [ RunTime:0.0001s ]
SQL: SHOW COLUMNS FROM `tp_spec_goods_price` [ RunTime:0.0003s ]
SQL: SELECT `key`,`price`,`store_count` FROM `tp_spec_goods_price` WHERE ( goods_id = 156 )  [ RunTime:0.0001s ]
SQL: SHOW COLUMNS FROM `tp_comment` [ RunTime:0.0003s ]
SQL: SELECT COUNT(*) AS tp_count FROM `tp_comment` WHERE ( is_show = 1 and  goods_id = 156 and parent_id = 0 and  ceil((deliver_rank + goods_rank + service_rank) / 3) in(4,5) ) LIMIT 1   [ RunTime:0.0001s ]
SQL: SELECT COUNT(*) AS tp_count FROM `tp_comment` WHERE ( is_show = 1 and  goods_id = 156 and parent_id = 0 and  ceil((deliver_rank + goods_rank + service_rank) / 3) in(3) ) LIMIT 1   [ RunTime:0.0001s ]
SQL: SELECT COUNT(*) AS tp_count FROM `tp_comment` WHERE ( is_show = 1 and  goods_id = 156 and parent_id = 0 and  ceil((deliver_rank + goods_rank + service_rank) / 3) in(1,2) ) LIMIT 1   [ RunTime:0.0001s ]
NOTIC: [2] Division by zero /data/wwwroot/www.fengzakka.cn/Application/Home/Logic/GoodsLogic.class.php 第 234 行.
NOTIC: [2] Division by zero /data/wwwroot/www.fengzakka.cn/Application/Home/Logic/GoodsLogic.class.php 第 235 行.
NOTIC: [2] Division by zero /data/wwwroot/www.fengzakka.cn/Application/Home/Logic/GoodsLogic.class.php 第 237 行.
SQL: SHOW COLUMNS FROM `tp_order_goods` [ RunTime:0.0004s ]
SQL: SELECT COUNT(*) AS tp_count FROM `tp_order_goods` WHERE ( goods_id=156 and is_send=1 ) LIMIT 1   [ RunTime:0.0001s ]
NOTIC: [2] Division by zero /data/wwwroot/www.fengzakka.cn/Application/Mobile/Controller/GoodsController.class.php 第 212 行.
INFO: [ view_begin ] --START--
INFO: Run Home\Behaviors\testBehavior [ RunTime:0.000127s ]
INFO: [ view_begin ] --END-- [ RunTime:0.000154s ]
INFO: [ view_parse ] --START--
NOTIC: [8] Undefined index: level /data/wwwroot/www.fengzakka.cn/ThinkPHP/Library/Think/Template/TagLib/Tpshop.class.php 第 155 行.
INFO: [ template_filter ] --START--
INFO: Run Behavior\ContentReplaceBehavior [ RunTime:0.000181s ]
INFO: [ template_filter ] --END-- [ RunTime:0.000217s ]
NOTIC: [8] Undefined variable: tpshop_config /data/wwwroot/www.fengzakka.cn/Application/Runtime/Cache/Mobile/2360c3546ee568807e87bc9f49eb91c1.php 第 7 行.
NOTIC: [8] Undefined variable: tpshop_config /data/wwwroot/www.fengzakka.cn/Application/Runtime/Cache/Mobile/2360c3546ee568807e87bc9f49eb91c1.php 第 8 行.
NOTIC: [8] Undefined variable: tpshop_config /data/wwwroot/www.fengzakka.cn/Application/Runtime/Cache/Mobile/2360c3546ee568807e87bc9f49eb91c1.php 第 9 行.
NOTIC: [8] Use of undefined constant HTTP_HOST - assumed 'HTTP_HOST' /data/wwwroot/www.fengzakka.cn/Application/Runtime/Cache/Mobile/2360c3546ee568807e87bc9f49eb91c1.php 第 102 行.
NOTIC: [8] Use of undefined constant id - assumed 'id' /data/wwwroot/www.fengzakka.cn/Application/Runtime/Cache/Mobile/2360c3546ee568807e87bc9f49eb91c1.php 第 102 行.
NOTIC: [8] Use of undefined constant HTTP_HOST - assumed 'HTTP_HOST' /data/wwwroot/www.fengzakka.cn/Application/Runtime/Cache/Mobile/2360c3546ee568807e87bc9f49eb91c1.php 第 103 行.
NOTIC: [8] Use of undefined constant goods_id - assumed 'goods_id' /data/wwwroot/www.fengzakka.cn/Application/Runtime/Cache/Mobile/2360c3546ee568807e87bc9f49eb91c1.php 第 103 行.
NOTIC: [8] Undefined variable: prom_goods /data/wwwroot/www.fengzakka.cn/Application/Runtime/Cache/Mobile/2360c3546ee568807e87bc9f49eb91c1.php 第 129 行.
NOTIC: [8] Undefined variable: prom_order /data/wwwroot/www.fengzakka.cn/Application/Runtime/Cache/Mobile/2360c3546ee568807e87bc9f49eb91c1.php 第 129 行.
NOTIC: [8] Use of undefined constant src - assumed 'src' /data/wwwroot/www.fengzakka.cn/Application/Runtime/Cache/Mobile/2360c3546ee568807e87bc9f49eb91c1.php 第 160 行.
NOTIC: [8] Use of undefined constant src - assumed 'src' /data/wwwroot/www.fengzakka.cn/Application/Runtime/Cache/Mobile/2360c3546ee568807e87bc9f49eb91c1.php 第 160 行.
NOTIC: [8] Use of undefined constant src - assumed 'src' /data/wwwroot/www.fengzakka.cn/Application/Runtime/Cache/Mobile/2360c3546ee568807e87bc9f49eb91c1.php 第 160 行.
NOTIC: [8] Use of undefined constant src - assumed 'src' /data/wwwroot/www.fengzakka.cn/Application/Runtime/Cache/Mobile/2360c3546ee568807e87bc9f49eb91c1.php 第 160 行.
NOTIC: [8] Use of undefined constant src - assumed 'src' /data/wwwroot/www.fengzakka.cn/Application/Runtime/Cache/Mobile/2360c3546ee568807e87bc9f49eb91c1.php 第 160 行.
NOTIC: [8] Use of undefined constant src - assumed 'src' /data/wwwroot/www.fengzakka.cn/Application/Runtime/Cache/Mobile/2360c3546ee568807e87bc9f49eb91c1.php 第 160 行.
NOTIC: [8] Use of undefined constant src - assumed 'src' /data/wwwroot/www.fengzakka.cn/Application/Runtime/Cache/Mobile/2360c3546ee568807e87bc9f49eb91c1.php 第 160 行.
NOTIC: [8] Use of undefined constant src - assumed 'src' /data/wwwroot/www.fengzakka.cn/Application/Runtime/Cache/Mobile/2360c3546ee568807e87bc9f49eb91c1.php 第 160 行.
NOTIC: [8] Use of undefined constant item - assumed 'item' /data/wwwroot/www.fengzakka.cn/Application/Runtime/Cache/Mobile/2360c3546ee568807e87bc9f49eb91c1.php 第 162 行.
NOTIC: [8] Use of undefined constant item_id - assumed 'item_id' /data/wwwroot/www.fengzakka.cn/Application/Runtime/Cache/Mobile/2360c3546ee568807e87bc9f49eb91c1.php 第 163 行.
NOTIC: [8] Use of undefined constant item - assumed 'item' /data/wwwroot/www.fengzakka.cn/Application/Runtime/Cache/Mobile/2360c3546ee568807e87bc9f49eb91c1.php 第 164 行.
NOTIC: [8] Use of undefined constant item - assumed 'item' /data/wwwroot/www.fengzakka.cn/Application/Runtime/Cache/Mobile/2360c3546ee568807e87bc9f49eb91c1.php 第 162 行.
NOTIC: [8] Use of undefined constant item_id - assumed 'item_id' /data/wwwroot/www.fengzakka.cn/Application/Runtime/Cache/Mobile/2360c3546ee568807e87bc9f49eb91c1.php 第 163 行.
NOTIC: [8] Use of undefined constant item - assumed 'item' /data/wwwroot/www.fengzakka.cn/Application/Runtime/Cache/Mobile/2360c3546ee568807e87bc9f49eb91c1.php 第 164 行.
NOTIC: [8] Use of undefined constant item - assumed 'item' /data/wwwroot/www.fengzakka.cn/Application/Runtime/Cache/Mobile/2360c3546ee568807e87bc9f49eb91c1.php 第 162 行.
NOTIC: [8] Use of undefined constant item_id - assumed 'item_id' /data/wwwroot/www.fengzakka.cn/Application/Runtime/Cache/Mobile/2360c3546ee568807e87bc9f49eb91c1.php 第 163 行.
NOTIC: [8] Use of undefined constant item - assumed 'item' /data/wwwroot/www.fengzakka.cn/Application/Runtime/Cache/Mobile/2360c3546ee568807e87bc9f49eb91c1.php 第 164 行.
NOTIC: [8] Use of undefined constant item - assumed 'item' /data/wwwroot/www.fengzakka.cn/Application/Runtime/Cache/Mobile/2360c3546ee568807e87bc9f49eb91c1.php 第 162 行.
NOTIC: [8] Use of undefined constant item_id - assumed 'item_id' /data/wwwroot/www.fengzakka.cn/Application/Runtime/Cache/Mobile/2360c3546ee568807e87bc9f49eb91c1.php 第 163 行.
NOTIC: [8] Use of undefined constant item - assumed 'item' /data/wwwroot/www.fengzakka.cn/Application/Runtime/Cache/Mobile/2360c3546ee568807e87bc9f49eb91c1.php 第 164 行.
NOTIC: [8] Use of undefined constant item - assumed 'item' /data/wwwroot/www.fengzakka.cn/Application/Runtime/Cache/Mobile/2360c3546ee568807e87bc9f49eb91c1.php 第 162 行.
NOTIC: [8] Use of undefined constant item_id - assumed 'item_id' /data/wwwroot/www.fengzakka.cn/Application/Runtime/Cache/Mobile/2360c3546ee568807e87bc9f49eb91c1.php 第 163 行.
NOTIC: [8] Use of undefined constant item - assumed 'item' /data/wwwroot/www.fengzakka.cn/Application/Runtime/Cache/Mobile/2360c3546ee568807e87bc9f49eb91c1.php 第 164 行.
NOTIC: [8] Use of undefined constant item - assumed 'item' /data/wwwroot/www.fengzakka.cn/Application/Runtime/Cache/Mobile/2360c3546ee568807e87bc9f49eb91c1.php 第 162 行.
NOTIC: [8] Use of undefined constant item_id - assumed 'item_id' /data/wwwroot/www.fengzakka.cn/Application/Runtime/Cache/Mobile/2360c3546ee568807e87bc9f49eb91c1.php 第 163 行.
NOTIC: [8] Use of undefined constant item - assumed 'item' /data/wwwroot/www.fengzakka.cn/Application/Runtime/Cache/Mobile/2360c3546ee568807e87bc9f49eb91c1.php 第 164 行.
NOTIC: [8] Use of undefined constant item - assumed 'item' /data/wwwroot/www.fengzakka.cn/Application/Runtime/Cache/Mobile/2360c3546ee568807e87bc9f49eb91c1.php 第 162 行.
NOTIC: [8] Use of undefined constant item_id - assumed 'item_id' /data/wwwroot/www.fengzakka.cn/Application/Runtime/Cache/Mobile/2360c3546ee568807e87bc9f49eb91c1.php 第 163 行.
NOTIC: [8] Use of undefined constant item - assumed 'item' /data/wwwroot/www.fengzakka.cn/Application/Runtime/Cache/Mobile/2360c3546ee568807e87bc9f49eb91c1.php 第 164 行.
NOTIC: [8] Use of undefined constant item - assumed 'item' /data/wwwroot/www.fengzakka.cn/Application/Runtime/Cache/Mobile/2360c3546ee568807e87bc9f49eb91c1.php 第 162 行.
NOTIC: [8] Use of undefined constant item_id - assumed 'item_id' /data/wwwroot/www.fengzakka.cn/Application/Runtime/Cache/Mobile/2360c3546ee568807e87bc9f49eb91c1.php 第 163 行.
NOTIC: [8] Use of undefined constant item - assumed 'item' /data/wwwroot/www.fengzakka.cn/Application/Runtime/Cache/Mobile/2360c3546ee568807e87bc9f49eb91c1.php 第 164 行.
NOTIC: [8] Undefined variable: tpshop_config /data/wwwroot/www.fengzakka.cn/Application/Runtime/Cache/Mobile/2360c3546ee568807e87bc9f49eb91c1.php 第 339 行.
NOTIC: [8] Undefined index: flash_sale /data/wwwroot/www.fengzakka.cn/Application/Runtime/Cache/Mobile/2360c3546ee568807e87bc9f49eb91c1.php 第 393 行.
NOTIC: [8] Undefined variable: signPackage /data/wwwroot/www.fengzakka.cn/Application/Runtime/Cache/Mobile/2360c3546ee568807e87bc9f49eb91c1.php 第 431 行.
INFO: Run Behavior\ParseTemplateBehavior [ RunTime:0.013863s ]
INFO: [ view_parse ] --END-- [ RunTime:0.013886s ]
INFO: [ view_filter ] --START--
INFO: Run Behavior\WriteHtmlCacheBehavior [ RunTime:0.000097s ]
INFO: Run Behavior\TokenBuildBehavior [ RunTime:0.000313s ]
INFO: [ view_filter ] --END-- [ RunTime:0.000451s ]
INFO: [ app_end ] --START--
INFO: Run Behavior\ShowPageTraceBehavior [ RunTime:0.000292s ]
INFO: [ app_end ] --END-- [ RunTime:0.000322s ]

[ 2017-07-15T11:12:22+08:00 ] 14.20.91.53 /index.php?m=Mobile&c=goods&a=ajaxComment&goods_id=156&commentType=1&p=1
INFO: [ app_init ] --START--
INFO: Run Behavior\BuildLiteBehavior [ RunTime:0.000011s ]
INFO: [ app_init ] --END-- [ RunTime:0.000226s ]
INFO: [ app_begin ] --START--
INFO: Run Behavior\ReadHtmlCacheBehavior [ RunTime:0.000507s ]
INFO: [ app_begin ] --END-- [ RunTime:0.000541s ]
SQL: SHOW COLUMNS FROM `tp_comment` [ RunTime:0.0006s ]
SQL: SELECT COUNT(*) AS tp_count FROM `tp_comment` WHERE ( goods_id = 156 and parent_id = 0 and ceil((deliver_rank + goods_rank + service_rank) / 3) in(0,1,2,3,4,5) ) LIMIT 1   [ RunTime:0.0001s ]
SQL: SELECT * FROM `tp_comment` WHERE ( goods_id = 156 and parent_id = 0 and ceil((deliver_rank + goods_rank + service_rank) / 3) in(0,1,2,3,4,5) ) ORDER BY add_time desc LIMIT 0,5   [ RunTime:0.0001s ]
SQL: SELECT * FROM `tp_comment` WHERE ( goods_id = 156 and parent_id > 0 ) ORDER BY add_time desc  [ RunTime:0.0001s ]
INFO: [ view_begin ] --START--
INFO: Run Home\Behaviors\testBehavior [ RunTime:0.000138s ]
INFO: [ view_begin ] --END-- [ RunTime:0.000175s ]
INFO: [ view_parse ] --START--
INFO: [ template_filter ] --START--
INFO: Run Behavior\ContentReplaceBehavior [ RunTime:0.000046s ]
INFO: [ template_filter ] --END-- [ RunTime:0.000078s ]
INFO: Run Behavior\ParseTemplateBehavior [ RunTime:0.006483s ]
INFO: [ view_parse ] --END-- [ RunTime:0.006517s ]
INFO: [ view_filter ] --START--
INFO: Run Behavior\WriteHtmlCacheBehavior [ RunTime:0.000175s ]
INFO: Run Behavior\TokenBuildBehavior [ RunTime:0.000200s ]
INFO: [ view_filter ] --END-- [ RunTime:0.000414s ]
INFO: [ app_end ] --START--
INFO: Run Behavior\ShowPageTraceBehavior [ RunTime:0.000355s ]
INFO: [ app_end ] --END-- [ RunTime:0.000383s ]

[ 2017-07-15T21:48:17+08:00 ] 202.108.211.56 /Mobile/Index/index.html
INFO: [ app_init ] --START--
INFO: Run Behavior\BuildLiteBehavior [ RunTime:0.000013s ]
INFO: [ app_init ] --END-- [ RunTime:0.000227s ]
INFO: [ app_begin ] --START--
INFO: Run Behavior\ReadHtmlCacheBehavior [ RunTime:0.000302s ]
INFO: [ app_begin ] --END-- [ RunTime:0.000336s ]
SQL: SHOW COLUMNS FROM `tp_article_cat` [ RunTime:0.0005s ]
SQL: SELECT `cat_name`,`cat_id` FROM `tp_article_cat` WHERE `show_in_nav` = 1 AND `parent_id` = 0  [ RunTime:0.0001s ]
SQL: SHOW COLUMNS FROM `tp_ad_position` [ RunTime:0.0004s ]
SQL: SELECT b.* FROM tp_ad_position a INNER JOIN tp_ad b ON a.position_id=b.pid  WHERE ( a.position_name LIKE '%mobile%' ) ORDER BY b.orderby desc LIMIT 3   [ RunTime:0.0001s ]
SQL: SHOW COLUMNS FROM `tp_consult` [ RunTime:0.0003s ]
SQL: SELECT * FROM `tp_consult` WHERE `is_show` = 0 GROUP BY consult_id ORDER BY createtime desc LIMIT 6   [ RunTime:0.0001s ]
INFO: [ view_begin ] --START--
INFO: Run Home\Behaviors\testBehavior [ RunTime:0.000148s ]
INFO: [ view_begin ] --END-- [ RunTime:0.000177s ]
INFO: [ view_parse ] --START--
INFO: [ template_filter ] --START--
INFO: Run Behavior\ContentReplaceBehavior [ RunTime:0.000069s ]
INFO: [ template_filter ] --END-- [ RunTime:0.000111s ]
INFO: Run Behavior\ParseTemplateBehavior [ RunTime:0.008629s ]
INFO: [ view_parse ] --END-- [ RunTime:0.008658s ]
INFO: [ view_filter ] --START--
INFO: Run Behavior\WriteHtmlCacheBehavior [ RunTime:0.000095s ]
INFO: Run Behavior\TokenBuildBehavior [ RunTime:0.000212s ]
INFO: [ view_filter ] --END-- [ RunTime:0.000346s ]
INFO: [ app_end ] --START--
INFO: Run Behavior\ShowPageTraceBehavior [ RunTime:0.000357s ]
INFO: [ app_end ] --END-- [ RunTime:0.000384s ]

