[ 2017-07-21T14:36:16+08:00 ] 140.205.205.4 /Mobile/Index/index.html
INFO: [ app_init ] --START--
INFO: Run Behavior\BuildLiteBehavior [ RunTime:0.000010s ]
INFO: [ app_init ] --END-- [ RunTime:0.000223s ]
INFO: [ app_begin ] --START--
INFO: Run Behavior\ReadHtmlCacheBehavior [ RunTime:0.000286s ]
INFO: [ app_begin ] --END-- [ RunTime:0.000319s ]
SQL: SHOW COLUMNS FROM `tp_article_cat` [ RunTime:0.0005s ]
SQL: SELECT `cat_name`,`cat_id` FROM `tp_article_cat` WHERE `show_in_nav` = 1 AND `parent_id` = 0  [ RunTime:0.0001s ]
SQL: SHOW COLUMNS FROM `tp_ad_position` [ RunTime:0.0004s ]
SQL: SELECT b.* FROM tp_ad_position a INNER JOIN tp_ad b ON a.position_id=b.pid  WHERE ( a.position_name LIKE '%mobile%' ) ORDER BY b.orderby desc LIMIT 3   [ RunTime:0.0001s ]
SQL: SHOW COLUMNS FROM `tp_consult` [ RunTime:0.0003s ]
SQL: SELECT * FROM `tp_consult` WHERE `is_show` = 0 GROUP BY consult_id ORDER BY createtime desc LIMIT 6   [ RunTime:0.0001s ]
INFO: [ view_begin ] --START--
INFO: Run Home\Behaviors\testBehavior [ RunTime:0.000137s ]
INFO: [ view_begin ] --END-- [ RunTime:0.000165s ]
INFO: [ view_parse ] --START--
INFO: [ template_filter ] --START--
INFO: Run Behavior\ContentReplaceBehavior [ RunTime:0.000089s ]
INFO: [ template_filter ] --END-- [ RunTime:0.000129s ]
INFO: Run Behavior\ParseTemplateBehavior [ RunTime:0.008250s ]
INFO: [ view_parse ] --END-- [ RunTime:0.008279s ]
INFO: [ view_filter ] --START--
INFO: Run Behavior\WriteHtmlCacheBehavior [ RunTime:0.000098s ]
INFO: Run Behavior\TokenBuildBehavior [ RunTime:0.000219s ]
INFO: [ view_filter ] --END-- [ RunTime:0.000357s ]
INFO: [ app_end ] --START--
INFO: Run Behavior\ShowPageTraceBehavior [ RunTime:0.000294s ]
INFO: [ app_end ] --END-- [ RunTime:0.000345s ]

[ 2017-07-21T21:19:04+08:00 ] 14.153.21.59 /Mobile/Goods/index.html
INFO: [ app_init ] --START--
INFO: Run Behavior\BuildLiteBehavior [ RunTime:0.000013s ]
INFO: [ app_init ] --END-- [ RunTime:0.000269s ]
INFO: [ app_begin ] --START--
INFO: Run Behavior\ReadHtmlCacheBehavior [ RunTime:0.000287s ]
INFO: [ app_begin ] --END-- [ RunTime:0.000321s ]
SQL: SHOW COLUMNS FROM `tp_ad_position` [ RunTime:0.0005s ]
SQL: SELECT b.* FROM tp_ad_position a INNER JOIN tp_ad b ON a.position_id=b.pid  WHERE ( a.position_name LIKE '%mobile%' ) ORDER BY b.orderby desc LIMIT 3   [ RunTime:0.0001s ]
SQL: SHOW COLUMNS FROM `tp_goods` [ RunTime:0.0005s ]
SQL: SELECT `goods_id`,`goods_sn`,`goods_name`,`shop_price`,`original_img` FROM `tp_goods` GROUP BY goods_id ORDER BY sort desc LIMIT 12   [ RunTime:0.0001s ]
INFO: [ view_begin ] --START--
INFO: Run Home\Behaviors\testBehavior [ RunTime:0.000124s ]
INFO: [ view_begin ] --END-- [ RunTime:0.000154s ]
INFO: [ view_parse ] --START--
INFO: [ template_filter ] --START--
INFO: Run Behavior\ContentReplaceBehavior [ RunTime:0.000064s ]
INFO: [ template_filter ] --END-- [ RunTime:0.000097s ]
INFO: Run Behavior\ParseTemplateBehavior [ RunTime:0.005803s ]
INFO: [ view_parse ] --END-- [ RunTime:0.005832s ]
INFO: [ view_filter ] --START--
INFO: Run Behavior\WriteHtmlCacheBehavior [ RunTime:0.000093s ]
INFO: Run Behavior\TokenBuildBehavior [ RunTime:0.000241s ]
INFO: [ view_filter ] --END-- [ RunTime:0.000390s ]
INFO: [ app_end ] --START--
INFO: Run Behavior\ShowPageTraceBehavior [ RunTime:0.000286s ]
INFO: [ app_end ] --END-- [ RunTime:0.000321s ]

[ 2017-07-21T21:19:12+08:00 ] 180.163.2.117 /Mobile/Goods/index.html
INFO: [ app_init ] --START--
INFO: Run Behavior\BuildLiteBehavior [ RunTime:0.000009s ]
INFO: [ app_init ] --END-- [ RunTime:0.000209s ]
INFO: [ app_begin ] --START--
INFO: Run Behavior\ReadHtmlCacheBehavior [ RunTime:0.000287s ]
INFO: [ app_begin ] --END-- [ RunTime:0.000332s ]
SQL: SHOW COLUMNS FROM `tp_ad_position` [ RunTime:0.0005s ]
SQL: SELECT b.* FROM tp_ad_position a INNER JOIN tp_ad b ON a.position_id=b.pid  WHERE ( a.position_name LIKE '%mobile%' ) ORDER BY b.orderby desc LIMIT 3   [ RunTime:0.0001s ]
SQL: SHOW COLUMNS FROM `tp_goods` [ RunTime:0.0005s ]
SQL: SELECT `goods_id`,`goods_sn`,`goods_name`,`shop_price`,`original_img` FROM `tp_goods` GROUP BY goods_id ORDER BY sort desc LIMIT 12   [ RunTime:0.0001s ]
INFO: [ view_begin ] --START--
INFO: Run Home\Behaviors\testBehavior [ RunTime:0.000126s ]
INFO: [ view_begin ] --END-- [ RunTime:0.000158s ]
INFO: [ view_parse ] --START--
INFO: [ template_filter ] --START--
INFO: Run Behavior\ContentReplaceBehavior [ RunTime:0.000067s ]
INFO: [ template_filter ] --END-- [ RunTime:0.000110s ]
INFO: Run Behavior\ParseTemplateBehavior [ RunTime:0.005886s ]
INFO: [ view_parse ] --END-- [ RunTime:0.005920s ]
INFO: [ view_filter ] --START--
INFO: Run Behavior\WriteHtmlCacheBehavior [ RunTime:0.000091s ]
INFO: Run Behavior\TokenBuildBehavior [ RunTime:0.000255s ]
INFO: [ view_filter ] --END-- [ RunTime:0.000386s ]
INFO: [ app_end ] --START--
INFO: Run Behavior\ShowPageTraceBehavior [ RunTime:0.000293s ]
INFO: [ app_end ] --END-- [ RunTime:0.000324s ]

[ 2017-07-21T21:19:30+08:00 ] 14.153.21.59 /Mobile/Goods/index.html
INFO: [ app_init ] --START--
INFO: Run Behavior\BuildLiteBehavior [ RunTime:0.000010s ]
INFO: [ app_init ] --END-- [ RunTime:0.000209s ]
INFO: [ app_begin ] --START--
INFO: Run Behavior\ReadHtmlCacheBehavior [ RunTime:0.000277s ]
INFO: [ app_begin ] --END-- [ RunTime:0.000310s ]
SQL: SHOW COLUMNS FROM `tp_ad_position` [ RunTime:0.0005s ]
SQL: SELECT b.* FROM tp_ad_position a INNER JOIN tp_ad b ON a.position_id=b.pid  WHERE ( a.position_name LIKE '%mobile%' ) ORDER BY b.orderby desc LIMIT 3   [ RunTime:0.0001s ]
SQL: SHOW COLUMNS FROM `tp_goods` [ RunTime:0.0005s ]
SQL: SELECT `goods_id`,`goods_sn`,`goods_name`,`shop_price`,`original_img` FROM `tp_goods` GROUP BY goods_id ORDER BY sort desc LIMIT 12   [ RunTime:0.0001s ]
INFO: [ view_begin ] --START--
INFO: Run Home\Behaviors\testBehavior [ RunTime:0.000130s ]
INFO: [ view_begin ] --END-- [ RunTime:0.000158s ]
INFO: [ view_parse ] --START--
INFO: [ template_filter ] --START--
INFO: Run Behavior\ContentReplaceBehavior [ RunTime:0.000059s ]
INFO: [ template_filter ] --END-- [ RunTime:0.000090s ]
INFO: Run Behavior\ParseTemplateBehavior [ RunTime:0.005507s ]
INFO: [ view_parse ] --END-- [ RunTime:0.005534s ]
INFO: [ view_filter ] --START--
INFO: Run Behavior\WriteHtmlCacheBehavior [ RunTime:0.000088s ]
INFO: Run Behavior\TokenBuildBehavior [ RunTime:0.000232s ]
INFO: [ view_filter ] --END-- [ RunTime:0.000361s ]
INFO: [ app_end ] --START--
INFO: Run Behavior\ShowPageTraceBehavior [ RunTime:0.000275s ]
INFO: [ app_end ] --END-- [ RunTime:0.000303s ]

[ 2017-07-21T21:19:31+08:00 ] 14.153.21.59 /Mobile/MobileBase/Userinfo?code=051ZGFBr1NTvNq0GsRAr1VBpBr1ZGFBr&state=
INFO: [ app_init ] --START--
INFO: Run Behavior\BuildLiteBehavior [ RunTime:0.000010s ]
INFO: [ app_init ] --END-- [ RunTime:0.000206s ]
INFO: [ app_begin ] --START--
INFO: Run Behavior\ReadHtmlCacheBehavior [ RunTime:0.000395s ]
INFO: [ app_begin ] --END-- [ RunTime:0.000429s ]
NOTIC: [2] Missing argument 2 for Common\Normal\Httpclient::quickGet(), called in /data/wwwroot/www.fengzakka.cn/Application/Common/Normal/Wechat.class.php on line 815 and defined /data/wwwroot/www.fengzakka.cn/Application/Common/Normal/Httpclient.class.php 第 298 行.
NOTIC: [2] Missing argument 2 for Common\Normal\Httpclient::quickGet(), called in /data/wwwroot/www.fengzakka.cn/Application/Common/Normal/Wechat.class.php on line 842 and defined /data/wwwroot/www.fengzakka.cn/Application/Common/Normal/Httpclient.class.php 第 298 行.
NOTIC: [2] Missing argument 2 for Common\Normal\Httpclient::quickGet(), called in /data/wwwroot/www.fengzakka.cn/Application/Common/Normal/Wechat.class.php on line 863 and defined /data/wwwroot/www.fengzakka.cn/Application/Common/Normal/Httpclient.class.php 第 298 行.
SQL: SHOW COLUMNS FROM `tp_users` [ RunTime:0.0007s ]
SQL: SELECT * FROM `tp_users` WHERE `openid` = 'o6pmpxGsn2RzQaSLvXd2mbZpPT2Q' LIMIT 1   [ RunTime:0.0004s ]
SQL: UPDATE `tp_users` SET `last_ip`='14.153.21.59',`last_login`='1500643171' WHERE `openid` = 'o6pmpxGsn2RzQaSLvXd2mbZpPT2Q' [ RunTime:0.0004s ]
SQL: SHOW COLUMNS FROM `tp_user_log` [ RunTime:0.0003s ]
SQL: INSERT INTO `tp_user_log` (`web`,`info`,`addtime`,`flag`) VALUES ('wx','{\"user_id\":\"3440\",\"account\":\"\",\"email\":\"\",\"password\":\"\",\"sex\":\"2\",\"birthday\":\"0\",\"user_money\":\"0.00\",\"frozen_money\":\"0.00\",\"distribut_money\":\"0.00\",\"pay_points\":\"0\",\"address_id\":\"0\",\"reg_time\":\"1497879276\",\"last_login\":\"1499619283\",\"last_ip\":\"113.87.19.63\",\"qq\":\"\",\"mobile\":\"\",\"mobile_validated\":\"0\",\"oauth\":\"wx_mobile\",\"unionid\":null,\"openid\":\"o6pmpxGsn2RzQaSLvXd2mbZpPT2Q\",\"head_pic\":\"http:\\/\\/wx.qlogo.cn\\/mmopen\\/w08JWicUDKkDtQYjceq3fcUZ9aLEvEEOBBEzeJ2dbA3ZPIuu7vtuq56NqJicnxtsetb4veG2U5UxgkUK0qjPU2ZzokxicuMDtuK\\/96\",\"province\":\"\",\"city\":\"\",\"district\":null,\"email_validated\":\"0\",\"nickname\":\"\\u7a0e\\u7a0e\\u7a0e\\u7a0e\\u5c0f\\u745e\\u6240\\u5411\\u65e0\\u654c\",\"level\":\"1\",\"discount\":\"1.00\",\"total_amount\":\"0.00\",\"is_lock\":\"0\",\"is_distribut\":\"0\",\"first_leader\":\"0\",\"second_leader\":\"0\",\"third_leader\":\"0\",\"token\":\"\",\"write_role\":null,\"introduce\":null,\"detail_address\":null}','1500643171','old') [ RunTime:0.0002s ]

[ 2017-07-21T21:19:31+08:00 ] 14.153.21.59 /Mobile/Index/index.html
INFO: [ app_init ] --START--
INFO: Run Behavior\BuildLiteBehavior [ RunTime:0.000011s ]
INFO: [ app_init ] --END-- [ RunTime:0.000210s ]
INFO: [ app_begin ] --START--
INFO: Run Behavior\ReadHtmlCacheBehavior [ RunTime:0.000322s ]
INFO: [ app_begin ] --END-- [ RunTime:0.000355s ]
SQL: SHOW COLUMNS FROM `tp_article_cat` [ RunTime:0.0005s ]
SQL: SELECT `cat_name`,`cat_id` FROM `tp_article_cat` WHERE `show_in_nav` = 1 AND `parent_id` = 0  [ RunTime:0.0001s ]
SQL: SHOW COLUMNS FROM `tp_ad_position` [ RunTime:0.0003s ]
SQL: SELECT b.* FROM tp_ad_position a INNER JOIN tp_ad b ON a.position_id=b.pid  WHERE ( a.position_name LIKE '%mobile%' ) ORDER BY b.orderby desc LIMIT 3   [ RunTime:0.0001s ]
SQL: SHOW COLUMNS FROM `tp_consult` [ RunTime:0.0003s ]
SQL: SELECT * FROM `tp_consult` WHERE `is_show` = 0 GROUP BY consult_id ORDER BY createtime desc LIMIT 6   [ RunTime:0.0001s ]
INFO: [ view_begin ] --START--
INFO: Run Home\Behaviors\testBehavior [ RunTime:0.000124s ]
INFO: [ view_begin ] --END-- [ RunTime:0.000152s ]
INFO: [ view_parse ] --START--
INFO: [ template_filter ] --START--
INFO: Run Behavior\ContentReplaceBehavior [ RunTime:0.000074s ]
INFO: [ template_filter ] --END-- [ RunTime:0.000112s ]
INFO: Run Behavior\ParseTemplateBehavior [ RunTime:0.008575s ]
INFO: [ view_parse ] --END-- [ RunTime:0.008613s ]
INFO: [ view_filter ] --START--
INFO: Run Behavior\WriteHtmlCacheBehavior [ RunTime:0.000096s ]
INFO: Run Behavior\TokenBuildBehavior [ RunTime:0.000214s ]
INFO: [ view_filter ] --END-- [ RunTime:0.000349s ]
INFO: [ app_end ] --START--
INFO: Run Behavior\ShowPageTraceBehavior [ RunTime:0.000294s ]
INFO: [ app_end ] --END-- [ RunTime:0.000322s ]

[ 2017-07-21T21:19:34+08:00 ] 14.153.21.59 /Mobile/Goods/index.html
INFO: [ app_init ] --START--
INFO: Run Behavior\BuildLiteBehavior [ RunTime:0.000011s ]
INFO: [ app_init ] --END-- [ RunTime:0.000237s ]
INFO: [ app_begin ] --START--
INFO: Run Behavior\ReadHtmlCacheBehavior [ RunTime:0.000282s ]
INFO: [ app_begin ] --END-- [ RunTime:0.000315s ]
SQL: SHOW COLUMNS FROM `tp_ad_position` [ RunTime:0.0005s ]
SQL: SELECT b.* FROM tp_ad_position a INNER JOIN tp_ad b ON a.position_id=b.pid  WHERE ( a.position_name LIKE '%mobile%' ) ORDER BY b.orderby desc LIMIT 3   [ RunTime:0.0001s ]
SQL: SHOW COLUMNS FROM `tp_goods` [ RunTime:0.0005s ]
SQL: SELECT `goods_id`,`goods_sn`,`goods_name`,`shop_price`,`original_img` FROM `tp_goods` GROUP BY goods_id ORDER BY sort desc LIMIT 12   [ RunTime:0.0001s ]
INFO: [ view_begin ] --START--
INFO: Run Home\Behaviors\testBehavior [ RunTime:0.000138s ]
INFO: [ view_begin ] --END-- [ RunTime:0.000165s ]
INFO: [ view_parse ] --START--
INFO: [ template_filter ] --START--
INFO: Run Behavior\ContentReplaceBehavior [ RunTime:0.000057s ]
INFO: [ template_filter ] --END-- [ RunTime:0.000089s ]
INFO: Run Behavior\ParseTemplateBehavior [ RunTime:0.005747s ]
INFO: [ view_parse ] --END-- [ RunTime:0.005779s ]
INFO: [ view_filter ] --START--
INFO: Run Behavior\WriteHtmlCacheBehavior [ RunTime:0.000090s ]
INFO: Run Behavior\TokenBuildBehavior [ RunTime:0.000238s ]
INFO: [ view_filter ] --END-- [ RunTime:0.000380s ]
INFO: [ app_end ] --START--
INFO: Run Behavior\ShowPageTraceBehavior [ RunTime:0.000284s ]
INFO: [ app_end ] --END-- [ RunTime:0.000314s ]

[ 2017-07-21T21:19:35+08:00 ] 14.153.21.59 /Mobile/Goods/index.html
INFO: [ app_init ] --START--
INFO: Run Behavior\BuildLiteBehavior [ RunTime:0.000010s ]
INFO: [ app_init ] --END-- [ RunTime:0.000220s ]
INFO: [ app_begin ] --START--
INFO: Run Behavior\ReadHtmlCacheBehavior [ RunTime:0.000285s ]
INFO: [ app_begin ] --END-- [ RunTime:0.000320s ]
SQL: SHOW COLUMNS FROM `tp_ad_position` [ RunTime:0.0005s ]
SQL: SELECT b.* FROM tp_ad_position a INNER JOIN tp_ad b ON a.position_id=b.pid  WHERE ( a.position_name LIKE '%mobile%' ) ORDER BY b.orderby desc LIMIT 3   [ RunTime:0.0002s ]
SQL: SHOW COLUMNS FROM `tp_goods` [ RunTime:0.0005s ]
SQL: SELECT `goods_id`,`goods_sn`,`goods_name`,`shop_price`,`original_img` FROM `tp_goods` GROUP BY goods_id ORDER BY sort desc LIMIT 12   [ RunTime:0.0001s ]
INFO: [ view_begin ] --START--
INFO: Run Home\Behaviors\testBehavior [ RunTime:0.000132s ]
INFO: [ view_begin ] --END-- [ RunTime:0.000161s ]
INFO: [ view_parse ] --START--
INFO: [ template_filter ] --START--
INFO: Run Behavior\ContentReplaceBehavior [ RunTime:0.000059s ]
INFO: [ template_filter ] --END-- [ RunTime:0.000113s ]
INFO: Run Behavior\ParseTemplateBehavior [ RunTime:0.006211s ]
INFO: [ view_parse ] --END-- [ RunTime:0.006239s ]
INFO: [ view_filter ] --START--
INFO: Run Behavior\WriteHtmlCacheBehavior [ RunTime:0.000094s ]
INFO: Run Behavior\TokenBuildBehavior [ RunTime:0.000217s ]
INFO: [ view_filter ] --END-- [ RunTime:0.000349s ]
INFO: [ app_end ] --START--
INFO: Run Behavior\ShowPageTraceBehavior [ RunTime:0.000350s ]
INFO: [ app_end ] --END-- [ RunTime:0.000382s ]

[ 2017-07-21T21:19:41+08:00 ] 101.226.33.238 /Mobile/Index/index.html
INFO: [ app_init ] --START--
INFO: Run Behavior\BuildLiteBehavior [ RunTime:0.000010s ]
INFO: [ app_init ] --END-- [ RunTime:0.000215s ]
INFO: [ app_begin ] --START--
INFO: Run Behavior\ReadHtmlCacheBehavior [ RunTime:0.000286s ]
INFO: [ app_begin ] --END-- [ RunTime:0.000321s ]
SQL: SHOW COLUMNS FROM `tp_article_cat` [ RunTime:0.0005s ]
SQL: SELECT `cat_name`,`cat_id` FROM `tp_article_cat` WHERE `show_in_nav` = 1 AND `parent_id` = 0  [ RunTime:0.0001s ]
SQL: SHOW COLUMNS FROM `tp_ad_position` [ RunTime:0.0003s ]
SQL: SELECT b.* FROM tp_ad_position a INNER JOIN tp_ad b ON a.position_id=b.pid  WHERE ( a.position_name LIKE '%mobile%' ) ORDER BY b.orderby desc LIMIT 3   [ RunTime:0.0001s ]
SQL: SHOW COLUMNS FROM `tp_consult` [ RunTime:0.0004s ]
SQL: SELECT * FROM `tp_consult` WHERE `is_show` = 0 GROUP BY consult_id ORDER BY createtime desc LIMIT 6   [ RunTime:0.0001s ]
INFO: [ view_begin ] --START--
INFO: Run Home\Behaviors\testBehavior [ RunTime:0.000127s ]
INFO: [ view_begin ] --END-- [ RunTime:0.000155s ]
INFO: [ view_parse ] --START--
INFO: [ template_filter ] --START--
INFO: Run Behavior\ContentReplaceBehavior [ RunTime:0.000082s ]
INFO: [ template_filter ] --END-- [ RunTime:0.000131s ]
INFO: Run Behavior\ParseTemplateBehavior [ RunTime:0.008726s ]
INFO: [ view_parse ] --END-- [ RunTime:0.008776s ]
INFO: [ view_filter ] --START--
INFO: Run Behavior\WriteHtmlCacheBehavior [ RunTime:0.000093s ]
INFO: Run Behavior\TokenBuildBehavior [ RunTime:0.000248s ]
INFO: [ view_filter ] --END-- [ RunTime:0.000390s ]
INFO: [ app_end ] --START--
INFO: Run Behavior\ShowPageTraceBehavior [ RunTime:0.000280s ]
INFO: [ app_end ] --END-- [ RunTime:0.000308s ]

[ 2017-07-21T21:19:42+08:00 ] 101.226.79.182 /Mobile/Index/index.html
INFO: [ app_init ] --START--
INFO: Run Behavior\BuildLiteBehavior [ RunTime:0.000009s ]
INFO: [ app_init ] --END-- [ RunTime:0.000238s ]
INFO: [ app_begin ] --START--
INFO: Run Behavior\ReadHtmlCacheBehavior [ RunTime:0.000280s ]
INFO: [ app_begin ] --END-- [ RunTime:0.000368s ]
SQL: SHOW COLUMNS FROM `tp_article_cat` [ RunTime:0.0005s ]
SQL: SELECT `cat_name`,`cat_id` FROM `tp_article_cat` WHERE `show_in_nav` = 1 AND `parent_id` = 0  [ RunTime:0.0001s ]
SQL: SHOW COLUMNS FROM `tp_ad_position` [ RunTime:0.0003s ]
SQL: SELECT b.* FROM tp_ad_position a INNER JOIN tp_ad b ON a.position_id=b.pid  WHERE ( a.position_name LIKE '%mobile%' ) ORDER BY b.orderby desc LIMIT 3   [ RunTime:0.0001s ]
SQL: SHOW COLUMNS FROM `tp_consult` [ RunTime:0.0003s ]
SQL: SELECT * FROM `tp_consult` WHERE `is_show` = 0 GROUP BY consult_id ORDER BY createtime desc LIMIT 6   [ RunTime:0.0001s ]
INFO: [ view_begin ] --START--
INFO: Run Home\Behaviors\testBehavior [ RunTime:0.000121s ]
INFO: [ view_begin ] --END-- [ RunTime:0.000147s ]
INFO: [ view_parse ] --START--
INFO: [ template_filter ] --START--
INFO: Run Behavior\ContentReplaceBehavior [ RunTime:0.000074s ]
INFO: [ template_filter ] --END-- [ RunTime:0.000127s ]
INFO: Run Behavior\ParseTemplateBehavior [ RunTime:0.008528s ]
INFO: [ view_parse ] --END-- [ RunTime:0.008556s ]
INFO: [ view_filter ] --START--
INFO: Run Behavior\WriteHtmlCacheBehavior [ RunTime:0.000089s ]
INFO: Run Behavior\TokenBuildBehavior [ RunTime:0.000224s ]
INFO: [ view_filter ] --END-- [ RunTime:0.000360s ]
INFO: [ app_end ] --START--
INFO: Run Behavior\ShowPageTraceBehavior [ RunTime:0.000290s ]
INFO: [ app_end ] --END-- [ RunTime:0.000318s ]

[ 2017-07-21T21:19:42+08:00 ] 14.215.176.141 /Mobile/Goods/index.html
INFO: [ app_init ] --START--
INFO: Run Behavior\BuildLiteBehavior [ RunTime:0.000010s ]
INFO: [ app_init ] --END-- [ RunTime:0.000234s ]
INFO: [ app_begin ] --START--
INFO: Run Behavior\ReadHtmlCacheBehavior [ RunTime:0.000307s ]
INFO: [ app_begin ] --END-- [ RunTime:0.000340s ]
SQL: SHOW COLUMNS FROM `tp_ad_position` [ RunTime:0.0004s ]
SQL: SELECT b.* FROM tp_ad_position a INNER JOIN tp_ad b ON a.position_id=b.pid  WHERE ( a.position_name LIKE '%mobile%' ) ORDER BY b.orderby desc LIMIT 3   [ RunTime:0.0001s ]
SQL: SHOW COLUMNS FROM `tp_goods` [ RunTime:0.0005s ]
SQL: SELECT `goods_id`,`goods_sn`,`goods_name`,`shop_price`,`original_img` FROM `tp_goods` GROUP BY goods_id ORDER BY sort desc LIMIT 12   [ RunTime:0.0001s ]
INFO: [ view_begin ] --START--
INFO: Run Home\Behaviors\testBehavior [ RunTime:0.000129s ]
INFO: [ view_begin ] --END-- [ RunTime:0.000161s ]
INFO: [ view_parse ] --START--
INFO: [ template_filter ] --START--
INFO: Run Behavior\ContentReplaceBehavior [ RunTime:0.000058s ]
INFO: [ template_filter ] --END-- [ RunTime:0.000093s ]
INFO: Run Behavior\ParseTemplateBehavior [ RunTime:0.005800s ]
INFO: [ view_parse ] --END-- [ RunTime:0.005834s ]
INFO: [ view_filter ] --START--
INFO: Run Behavior\WriteHtmlCacheBehavior [ RunTime:0.000089s ]
INFO: Run Behavior\TokenBuildBehavior [ RunTime:0.000230s ]
INFO: [ view_filter ] --END-- [ RunTime:0.000358s ]
INFO: [ app_end ] --START--
INFO: Run Behavior\ShowPageTraceBehavior [ RunTime:0.000291s ]
INFO: [ app_end ] --END-- [ RunTime:0.000317s ]

[ 2017-07-21T21:19:52+08:00 ] 14.153.21.59 /Mobile/Goods/goodsInfo/id/203.html
INFO: [ app_init ] --START--
INFO: Run Behavior\BuildLiteBehavior [ RunTime:0.000010s ]
INFO: [ app_init ] --END-- [ RunTime:0.000208s ]
INFO: [ app_begin ] --START--
INFO: Run Behavior\ReadHtmlCacheBehavior [ RunTime:0.000277s ]
INFO: [ app_begin ] --END-- [ RunTime:0.000311s ]
SQL: SHOW COLUMNS FROM `tp_goods` [ RunTime:0.0007s ]
SQL: SHOW COLUMNS FROM `tp_goods` [ RunTime:0.0005s ]
SQL: SELECT * FROM `tp_goods` WHERE ( goods_id = 203 ) LIMIT 1   [ RunTime:0.0003s ]
SQL: SHOW COLUMNS FROM `tp_brand` [ RunTime:0.0003s ]
SQL: SELECT * FROM `tp_brand` WHERE ( id =351 ) LIMIT 1   [ RunTime:0.0001s ]
SQL: SHOW COLUMNS FROM `tp_goods_images` [ RunTime:0.0003s ]
SQL: SELECT * FROM `tp_goods_images` WHERE ( goods_id = 203 )  [ RunTime:0.0002s ]
SQL: SHOW COLUMNS FROM `tp_goods_attribute` [ RunTime:0.0003s ]
SQL: SELECT `attr_id`,`attr_name` FROM `tp_goods_attribute`  [ RunTime:0.0001s ]
SQL: SHOW COLUMNS FROM `tp_goods_attr` [ RunTime:0.0003s ]
SQL: SELECT * FROM `tp_goods_attr` WHERE ( goods_id = 203 )  [ RunTime:0.0002s ]
SQL: SHOW COLUMNS FROM `tp_spec_goods_price` [ RunTime:0.0003s ]
SQL: SELECT GROUP_CONCAT(`key` SEPARATOR '_') FROM `tp_spec_goods_price` WHERE ( goods_id = 203 ) LIMIT 1   [ RunTime:0.0003s ]
SQL: SHOW COLUMNS FROM `tp_spec_goods_price` [ RunTime:0.0003s ]
SQL: SELECT `key`,`price`,`store_count` FROM `tp_spec_goods_price` WHERE ( goods_id = 203 )  [ RunTime:0.0002s ]
SQL: SHOW COLUMNS FROM `tp_comment` [ RunTime:0.0003s ]
SQL: SELECT COUNT(*) AS tp_count FROM `tp_comment` WHERE ( is_show = 1 and  goods_id = 203 and parent_id = 0 and  ceil((deliver_rank + goods_rank + service_rank) / 3) in(4,5) ) LIMIT 1   [ RunTime:0.0003s ]
SQL: SELECT COUNT(*) AS tp_count FROM `tp_comment` WHERE ( is_show = 1 and  goods_id = 203 and parent_id = 0 and  ceil((deliver_rank + goods_rank + service_rank) / 3) in(3) ) LIMIT 1   [ RunTime:0.0002s ]
SQL: SELECT COUNT(*) AS tp_count FROM `tp_comment` WHERE ( is_show = 1 and  goods_id = 203 and parent_id = 0 and  ceil((deliver_rank + goods_rank + service_rank) / 3) in(1,2) ) LIMIT 1   [ RunTime:0.0002s ]
NOTIC: [2] Division by zero /data/wwwroot/www.fengzakka.cn/Application/Home/Logic/GoodsLogic.class.php 第 234 行.
NOTIC: [2] Division by zero /data/wwwroot/www.fengzakka.cn/Application/Home/Logic/GoodsLogic.class.php 第 235 行.
NOTIC: [2] Division by zero /data/wwwroot/www.fengzakka.cn/Application/Home/Logic/GoodsLogic.class.php 第 237 行.
SQL: SHOW COLUMNS FROM `tp_order_goods` [ RunTime:0.0004s ]
SQL: SELECT COUNT(*) AS tp_count FROM `tp_order_goods` WHERE ( goods_id=203 and is_send=1 ) LIMIT 1   [ RunTime:0.0002s ]
NOTIC: [2] Division by zero /data/wwwroot/www.fengzakka.cn/Application/Mobile/Controller/GoodsController.class.php 第 212 行.
INFO: [ view_begin ] --START--
INFO: Run Home\Behaviors\testBehavior [ RunTime:0.000153s ]
INFO: [ view_begin ] --END-- [ RunTime:0.000191s ]
INFO: [ view_parse ] --START--
NOTIC: [8] Undefined index: level /data/wwwroot/www.fengzakka.cn/ThinkPHP/Library/Think/Template/TagLib/Tpshop.class.php 第 155 行.
INFO: [ template_filter ] --START--
INFO: Run Behavior\ContentReplaceBehavior [ RunTime:0.000190s ]
INFO: [ template_filter ] --END-- [ RunTime:0.000224s ]
NOTIC: [8] Undefined variable: tpshop_config /data/wwwroot/www.fengzakka.cn/Application/Runtime/Cache/Mobile/2360c3546ee568807e87bc9f49eb91c1.php 第 7 行.
NOTIC: [8] Undefined variable: tpshop_config /data/wwwroot/www.fengzakka.cn/Application/Runtime/Cache/Mobile/2360c3546ee568807e87bc9f49eb91c1.php 第 8 行.
NOTIC: [8] Undefined variable: tpshop_config /data/wwwroot/www.fengzakka.cn/Application/Runtime/Cache/Mobile/2360c3546ee568807e87bc9f49eb91c1.php 第 9 行.
NOTIC: [8] Use of undefined constant HTTP_HOST - assumed 'HTTP_HOST' /data/wwwroot/www.fengzakka.cn/Application/Runtime/Cache/Mobile/2360c3546ee568807e87bc9f49eb91c1.php 第 102 行.
NOTIC: [8] Use of undefined constant id - assumed 'id' /data/wwwroot/www.fengzakka.cn/Application/Runtime/Cache/Mobile/2360c3546ee568807e87bc9f49eb91c1.php 第 102 行.
NOTIC: [8] Use of undefined constant HTTP_HOST - assumed 'HTTP_HOST' /data/wwwroot/www.fengzakka.cn/Application/Runtime/Cache/Mobile/2360c3546ee568807e87bc9f49eb91c1.php 第 103 行.
NOTIC: [8] Use of undefined constant goods_id - assumed 'goods_id' /data/wwwroot/www.fengzakka.cn/Application/Runtime/Cache/Mobile/2360c3546ee568807e87bc9f49eb91c1.php 第 103 行.
SQL: SELECT `original_img` FROM `tp_goods` WHERE ( goods_id = 203 ) LIMIT 1   [ RunTime:0.0002s ]
NOTIC: [8] Undefined variable: x /data/wwwroot/www.fengzakka.cn/ThinkPHP/Library/Think/Image/Driver/Gd.class.php 第 273 行.
NOTIC: [8] Undefined variable: y /data/wwwroot/www.fengzakka.cn/ThinkPHP/Library/Think/Image/Driver/Gd.class.php 第 273 行.
NOTIC: [8] Undefined variable: prom_goods /data/wwwroot/www.fengzakka.cn/Application/Runtime/Cache/Mobile/2360c3546ee568807e87bc9f49eb91c1.php 第 129 行.
NOTIC: [8] Undefined variable: prom_order /data/wwwroot/www.fengzakka.cn/Application/Runtime/Cache/Mobile/2360c3546ee568807e87bc9f49eb91c1.php 第 129 行.
NOTIC: [8] Undefined variable: tpshop_config /data/wwwroot/www.fengzakka.cn/Application/Runtime/Cache/Mobile/2360c3546ee568807e87bc9f49eb91c1.php 第 339 行.
NOTIC: [8] Undefined index: flash_sale /data/wwwroot/www.fengzakka.cn/Application/Runtime/Cache/Mobile/2360c3546ee568807e87bc9f49eb91c1.php 第 393 行.
NOTIC: [8] Undefined variable: signPackage /data/wwwroot/www.fengzakka.cn/Application/Runtime/Cache/Mobile/2360c3546ee568807e87bc9f49eb91c1.php 第 431 行.
INFO: Run Behavior\ParseTemplateBehavior [ RunTime:0.081592s ]
INFO: [ view_parse ] --END-- [ RunTime:0.081627s ]
INFO: [ view_filter ] --START--
INFO: Run Behavior\WriteHtmlCacheBehavior [ RunTime:0.000146s ]
INFO: Run Behavior\TokenBuildBehavior [ RunTime:0.000312s ]
INFO: [ view_filter ] --END-- [ RunTime:0.000500s ]
INFO: [ app_end ] --START--
INFO: Run Behavior\ShowPageTraceBehavior [ RunTime:0.000318s ]
INFO: [ app_end ] --END-- [ RunTime:0.000348s ]

[ 2017-07-21T21:20:02+08:00 ] 101.226.33.216 /Mobile/Goods/goodsInfo/id/203.html
INFO: [ app_init ] --START--
INFO: Run Behavior\BuildLiteBehavior [ RunTime:0.000010s ]
INFO: [ app_init ] --END-- [ RunTime:0.000211s ]
INFO: [ app_begin ] --START--
INFO: Run Behavior\ReadHtmlCacheBehavior [ RunTime:0.000366s ]
INFO: [ app_begin ] --END-- [ RunTime:0.000421s ]
SQL: SHOW COLUMNS FROM `tp_goods` [ RunTime:0.0007s ]
SQL: SHOW COLUMNS FROM `tp_goods` [ RunTime:0.0005s ]
SQL: SELECT * FROM `tp_goods` WHERE ( goods_id = 203 ) LIMIT 1   [ RunTime:0.0001s ]
SQL: SHOW COLUMNS FROM `tp_brand` [ RunTime:0.0003s ]
SQL: SELECT * FROM `tp_brand` WHERE ( id =351 ) LIMIT 1   [ RunTime:0.0001s ]
SQL: SHOW COLUMNS FROM `tp_goods_images` [ RunTime:0.0003s ]
SQL: SELECT * FROM `tp_goods_images` WHERE ( goods_id = 203 )  [ RunTime:0.0001s ]
SQL: SHOW COLUMNS FROM `tp_goods_attribute` [ RunTime:0.0004s ]
SQL: SELECT `attr_id`,`attr_name` FROM `tp_goods_attribute`  [ RunTime:0.0001s ]
SQL: SHOW COLUMNS FROM `tp_goods_attr` [ RunTime:0.0003s ]
SQL: SELECT * FROM `tp_goods_attr` WHERE ( goods_id = 203 )  [ RunTime:0.0001s ]
SQL: SHOW COLUMNS FROM `tp_spec_goods_price` [ RunTime:0.0003s ]
SQL: SELECT GROUP_CONCAT(`key` SEPARATOR '_') FROM `tp_spec_goods_price` WHERE ( goods_id = 203 ) LIMIT 1   [ RunTime:0.0001s ]
SQL: SHOW COLUMNS FROM `tp_spec_goods_price` [ RunTime:0.0004s ]
SQL: SELECT `key`,`price`,`store_count` FROM `tp_spec_goods_price` WHERE ( goods_id = 203 )  [ RunTime:0.0001s ]
SQL: SHOW COLUMNS FROM `tp_comment` [ RunTime:0.0003s ]
SQL: SELECT COUNT(*) AS tp_count FROM `tp_comment` WHERE ( is_show = 1 and  goods_id = 203 and parent_id = 0 and  ceil((deliver_rank + goods_rank + service_rank) / 3) in(4,5) ) LIMIT 1   [ RunTime:0.0001s ]
SQL: SELECT COUNT(*) AS tp_count FROM `tp_comment` WHERE ( is_show = 1 and  goods_id = 203 and parent_id = 0 and  ceil((deliver_rank + goods_rank + service_rank) / 3) in(3) ) LIMIT 1   [ RunTime:0.0001s ]
SQL: SELECT COUNT(*) AS tp_count FROM `tp_comment` WHERE ( is_show = 1 and  goods_id = 203 and parent_id = 0 and  ceil((deliver_rank + goods_rank + service_rank) / 3) in(1,2) ) LIMIT 1   [ RunTime:0.0001s ]
NOTIC: [2] Division by zero /data/wwwroot/www.fengzakka.cn/Application/Home/Logic/GoodsLogic.class.php 第 234 行.
NOTIC: [2] Division by zero /data/wwwroot/www.fengzakka.cn/Application/Home/Logic/GoodsLogic.class.php 第 235 行.
NOTIC: [2] Division by zero /data/wwwroot/www.fengzakka.cn/Application/Home/Logic/GoodsLogic.class.php 第 237 行.
SQL: SHOW COLUMNS FROM `tp_order_goods` [ RunTime:0.0004s ]
SQL: SELECT COUNT(*) AS tp_count FROM `tp_order_goods` WHERE ( goods_id=203 and is_send=1 ) LIMIT 1   [ RunTime:0.0001s ]
NOTIC: [2] Division by zero /data/wwwroot/www.fengzakka.cn/Application/Mobile/Controller/GoodsController.class.php 第 212 行.
INFO: [ view_begin ] --START--
INFO: Run Home\Behaviors\testBehavior [ RunTime:0.000145s ]
INFO: [ view_begin ] --END-- [ RunTime:0.000177s ]
INFO: [ view_parse ] --START--
NOTIC: [8] Undefined index: level /data/wwwroot/www.fengzakka.cn/ThinkPHP/Library/Think/Template/TagLib/Tpshop.class.php 第 155 行.
INFO: [ template_filter ] --START--
INFO: Run Behavior\ContentReplaceBehavior [ RunTime:0.000176s ]
INFO: [ template_filter ] --END-- [ RunTime:0.000211s ]
NOTIC: [8] Undefined variable: tpshop_config /data/wwwroot/www.fengzakka.cn/Application/Runtime/Cache/Mobile/2360c3546ee568807e87bc9f49eb91c1.php 第 7 行.
NOTIC: [8] Undefined variable: tpshop_config /data/wwwroot/www.fengzakka.cn/Application/Runtime/Cache/Mobile/2360c3546ee568807e87bc9f49eb91c1.php 第 8 行.
NOTIC: [8] Undefined variable: tpshop_config /data/wwwroot/www.fengzakka.cn/Application/Runtime/Cache/Mobile/2360c3546ee568807e87bc9f49eb91c1.php 第 9 行.
NOTIC: [8] Use of undefined constant HTTP_HOST - assumed 'HTTP_HOST' /data/wwwroot/www.fengzakka.cn/Application/Runtime/Cache/Mobile/2360c3546ee568807e87bc9f49eb91c1.php 第 102 行.
NOTIC: [8] Use of undefined constant id - assumed 'id' /data/wwwroot/www.fengzakka.cn/Application/Runtime/Cache/Mobile/2360c3546ee568807e87bc9f49eb91c1.php 第 102 行.
NOTIC: [8] Use of undefined constant HTTP_HOST - assumed 'HTTP_HOST' /data/wwwroot/www.fengzakka.cn/Application/Runtime/Cache/Mobile/2360c3546ee568807e87bc9f49eb91c1.php 第 103 行.
NOTIC: [8] Use of undefined constant goods_id - assumed 'goods_id' /data/wwwroot/www.fengzakka.cn/Application/Runtime/Cache/Mobile/2360c3546ee568807e87bc9f49eb91c1.php 第 103 行.
NOTIC: [8] Undefined variable: prom_goods /data/wwwroot/www.fengzakka.cn/Application/Runtime/Cache/Mobile/2360c3546ee568807e87bc9f49eb91c1.php 第 129 行.
NOTIC: [8] Undefined variable: prom_order /data/wwwroot/www.fengzakka.cn/Application/Runtime/Cache/Mobile/2360c3546ee568807e87bc9f49eb91c1.php 第 129 行.
NOTIC: [8] Undefined variable: tpshop_config /data/wwwroot/www.fengzakka.cn/Application/Runtime/Cache/Mobile/2360c3546ee568807e87bc9f49eb91c1.php 第 339 行.
NOTIC: [8] Undefined index: flash_sale /data/wwwroot/www.fengzakka.cn/Application/Runtime/Cache/Mobile/2360c3546ee568807e87bc9f49eb91c1.php 第 393 行.
NOTIC: [8] Undefined variable: signPackage /data/wwwroot/www.fengzakka.cn/Application/Runtime/Cache/Mobile/2360c3546ee568807e87bc9f49eb91c1.php 第 431 行.
INFO: Run Behavior\ParseTemplateBehavior [ RunTime:0.014167s ]
INFO: [ view_parse ] --END-- [ RunTime:0.014194s ]
INFO: [ view_filter ] --START--
INFO: Run Behavior\WriteHtmlCacheBehavior [ RunTime:0.000114s ]
INFO: Run Behavior\TokenBuildBehavior [ RunTime:0.000270s ]
INFO: [ view_filter ] --END-- [ RunTime:0.000426s ]
INFO: [ app_end ] --START--
INFO: Run Behavior\ShowPageTraceBehavior [ RunTime:0.000326s ]
INFO: [ app_end ] --END-- [ RunTime:0.000367s ]

[ 2017-07-21T21:20:02+08:00 ] 101.226.33.237 /Mobile/Goods/goodsInfo/id/203.html
INFO: [ app_init ] --START--
INFO: Run Behavior\BuildLiteBehavior [ RunTime:0.000010s ]
INFO: [ app_init ] --END-- [ RunTime:0.000208s ]
INFO: [ app_begin ] --START--
INFO: Run Behavior\ReadHtmlCacheBehavior [ RunTime:0.000284s ]
INFO: [ app_begin ] --END-- [ RunTime:0.000317s ]
SQL: SHOW COLUMNS FROM `tp_goods` [ RunTime:0.0007s ]
SQL: SHOW COLUMNS FROM `tp_goods` [ RunTime:0.0005s ]
SQL: SELECT * FROM `tp_goods` WHERE ( goods_id = 203 ) LIMIT 1   [ RunTime:0.0001s ]
SQL: SHOW COLUMNS FROM `tp_brand` [ RunTime:0.0003s ]
SQL: SELECT * FROM `tp_brand` WHERE ( id =351 ) LIMIT 1   [ RunTime:0.0001s ]
SQL: SHOW COLUMNS FROM `tp_goods_images` [ RunTime:0.0003s ]
SQL: SELECT * FROM `tp_goods_images` WHERE ( goods_id = 203 )  [ RunTime:0.0001s ]
SQL: SHOW COLUMNS FROM `tp_goods_attribute` [ RunTime:0.0003s ]
SQL: SELECT `attr_id`,`attr_name` FROM `tp_goods_attribute`  [ RunTime:0.0001s ]
SQL: SHOW COLUMNS FROM `tp_goods_attr` [ RunTime:0.0003s ]
SQL: SELECT * FROM `tp_goods_attr` WHERE ( goods_id = 203 )  [ RunTime:0.0001s ]
SQL: SHOW COLUMNS FROM `tp_spec_goods_price` [ RunTime:0.0003s ]
SQL: SELECT GROUP_CONCAT(`key` SEPARATOR '_') FROM `tp_spec_goods_price` WHERE ( goods_id = 203 ) LIMIT 1   [ RunTime:0.0001s ]
SQL: SHOW COLUMNS FROM `tp_spec_goods_price` [ RunTime:0.0003s ]
SQL: SELECT `key`,`price`,`store_count` FROM `tp_spec_goods_price` WHERE ( goods_id = 203 )  [ RunTime:0.0001s ]
SQL: SHOW COLUMNS FROM `tp_comment` [ RunTime:0.0003s ]
SQL: SELECT COUNT(*) AS tp_count FROM `tp_comment` WHERE ( is_show = 1 and  goods_id = 203 and parent_id = 0 and  ceil((deliver_rank + goods_rank + service_rank) / 3) in(4,5) ) LIMIT 1   [ RunTime:0.0001s ]
SQL: SELECT COUNT(*) AS tp_count FROM `tp_comment` WHERE ( is_show = 1 and  goods_id = 203 and parent_id = 0 and  ceil((deliver_rank + goods_rank + service_rank) / 3) in(3) ) LIMIT 1   [ RunTime:0.0001s ]
SQL: SELECT COUNT(*) AS tp_count FROM `tp_comment` WHERE ( is_show = 1 and  goods_id = 203 and parent_id = 0 and  ceil((deliver_rank + goods_rank + service_rank) / 3) in(1,2) ) LIMIT 1   [ RunTime:0.0000s ]
NOTIC: [2] Division by zero /data/wwwroot/www.fengzakka.cn/Application/Home/Logic/GoodsLogic.class.php 第 234 行.
NOTIC: [2] Division by zero /data/wwwroot/www.fengzakka.cn/Application/Home/Logic/GoodsLogic.class.php 第 235 行.
NOTIC: [2] Division by zero /data/wwwroot/www.fengzakka.cn/Application/Home/Logic/GoodsLogic.class.php 第 237 行.
SQL: SHOW COLUMNS FROM `tp_order_goods` [ RunTime:0.0004s ]
SQL: SELECT COUNT(*) AS tp_count FROM `tp_order_goods` WHERE ( goods_id=203 and is_send=1 ) LIMIT 1   [ RunTime:0.0001s ]
NOTIC: [2] Division by zero /data/wwwroot/www.fengzakka.cn/Application/Mobile/Controller/GoodsController.class.php 第 212 行.
INFO: [ view_begin ] --START--
INFO: Run Home\Behaviors\testBehavior [ RunTime:0.000138s ]
INFO: [ view_begin ] --END-- [ RunTime:0.000164s ]
INFO: [ view_parse ] --START--
NOTIC: [8] Undefined index: level /data/wwwroot/www.fengzakka.cn/ThinkPHP/Library/Think/Template/TagLib/Tpshop.class.php 第 155 行.
INFO: [ template_filter ] --START--
INFO: Run Behavior\ContentReplaceBehavior [ RunTime:0.000194s ]
INFO: [ template_filter ] --END-- [ RunTime:0.000228s ]
NOTIC: [8] Undefined variable: tpshop_config /data/wwwroot/www.fengzakka.cn/Application/Runtime/Cache/Mobile/2360c3546ee568807e87bc9f49eb91c1.php 第 7 行.
NOTIC: [8] Undefined variable: tpshop_config /data/wwwroot/www.fengzakka.cn/Application/Runtime/Cache/Mobile/2360c3546ee568807e87bc9f49eb91c1.php 第 8 行.
NOTIC: [8] Undefined variable: tpshop_config /data/wwwroot/www.fengzakka.cn/Application/Runtime/Cache/Mobile/2360c3546ee568807e87bc9f49eb91c1.php 第 9 行.
NOTIC: [8] Use of undefined constant HTTP_HOST - assumed 'HTTP_HOST' /data/wwwroot/www.fengzakka.cn/Application/Runtime/Cache/Mobile/2360c3546ee568807e87bc9f49eb91c1.php 第 102 行.
NOTIC: [8] Use of undefined constant id - assumed 'id' /data/wwwroot/www.fengzakka.cn/Application/Runtime/Cache/Mobile/2360c3546ee568807e87bc9f49eb91c1.php 第 102 行.
NOTIC: [8] Use of undefined constant HTTP_HOST - assumed 'HTTP_HOST' /data/wwwroot/www.fengzakka.cn/Application/Runtime/Cache/Mobile/2360c3546ee568807e87bc9f49eb91c1.php 第 103 行.
NOTIC: [8] Use of undefined constant goods_id - assumed 'goods_id' /data/wwwroot/www.fengzakka.cn/Application/Runtime/Cache/Mobile/2360c3546ee568807e87bc9f49eb91c1.php 第 103 行.
NOTIC: [8] Undefined variable: prom_goods /data/wwwroot/www.fengzakka.cn/Application/Runtime/Cache/Mobile/2360c3546ee568807e87bc9f49eb91c1.php 第 129 行.
NOTIC: [8] Undefined variable: prom_order /data/wwwroot/www.fengzakka.cn/Application/Runtime/Cache/Mobile/2360c3546ee568807e87bc9f49eb91c1.php 第 129 行.
NOTIC: [8] Undefined variable: tpshop_config /data/wwwroot/www.fengzakka.cn/Application/Runtime/Cache/Mobile/2360c3546ee568807e87bc9f49eb91c1.php 第 339 行.
NOTIC: [8] Undefined index: flash_sale /data/wwwroot/www.fengzakka.cn/Application/Runtime/Cache/Mobile/2360c3546ee568807e87bc9f49eb91c1.php 第 393 行.
NOTIC: [8] Undefined variable: signPackage /data/wwwroot/www.fengzakka.cn/Application/Runtime/Cache/Mobile/2360c3546ee568807e87bc9f49eb91c1.php 第 431 行.
INFO: Run Behavior\ParseTemplateBehavior [ RunTime:0.012878s ]
INFO: [ view_parse ] --END-- [ RunTime:0.012901s ]
INFO: [ view_filter ] --START--
INFO: Run Behavior\WriteHtmlCacheBehavior [ RunTime:0.000097s ]
INFO: Run Behavior\TokenBuildBehavior [ RunTime:0.000266s ]
INFO: [ view_filter ] --END-- [ RunTime:0.000402s ]
INFO: [ app_end ] --START--
INFO: Run Behavior\ShowPageTraceBehavior [ RunTime:0.000281s ]
INFO: [ app_end ] --END-- [ RunTime:0.000309s ]

[ 2017-07-21T21:20:06+08:00 ] 101.226.33.228 /Mobile/Goods/goodsInfo/id/203.html
INFO: [ app_init ] --START--
INFO: Run Behavior\BuildLiteBehavior [ RunTime:0.000010s ]
INFO: [ app_init ] --END-- [ RunTime:0.000236s ]
INFO: [ app_begin ] --START--
INFO: Run Behavior\ReadHtmlCacheBehavior [ RunTime:0.000284s ]
INFO: [ app_begin ] --END-- [ RunTime:0.000317s ]
SQL: SHOW COLUMNS FROM `tp_goods` [ RunTime:0.0007s ]
SQL: SHOW COLUMNS FROM `tp_goods` [ RunTime:0.0005s ]
SQL: SELECT * FROM `tp_goods` WHERE ( goods_id = 203 ) LIMIT 1   [ RunTime:0.0001s ]
SQL: SHOW COLUMNS FROM `tp_brand` [ RunTime:0.0003s ]
SQL: SELECT * FROM `tp_brand` WHERE ( id =351 ) LIMIT 1   [ RunTime:0.0001s ]
SQL: SHOW COLUMNS FROM `tp_goods_images` [ RunTime:0.0003s ]
SQL: SELECT * FROM `tp_goods_images` WHERE ( goods_id = 203 )  [ RunTime:0.0001s ]
SQL: SHOW COLUMNS FROM `tp_goods_attribute` [ RunTime:0.0003s ]
SQL: SELECT `attr_id`,`attr_name` FROM `tp_goods_attribute`  [ RunTime:0.0001s ]
SQL: SHOW COLUMNS FROM `tp_goods_attr` [ RunTime:0.0003s ]
SQL: SELECT * FROM `tp_goods_attr` WHERE ( goods_id = 203 )  [ RunTime:0.0001s ]
SQL: SHOW COLUMNS FROM `tp_spec_goods_price` [ RunTime:0.0003s ]
SQL: SELECT GROUP_CONCAT(`key` SEPARATOR '_') FROM `tp_spec_goods_price` WHERE ( goods_id = 203 ) LIMIT 1   [ RunTime:0.0001s ]
SQL: SHOW COLUMNS FROM `tp_spec_goods_price` [ RunTime:0.0003s ]
SQL: SELECT `key`,`price`,`store_count` FROM `tp_spec_goods_price` WHERE ( goods_id = 203 )  [ RunTime:0.0001s ]
SQL: SHOW COLUMNS FROM `tp_comment` [ RunTime:0.0004s ]
SQL: SELECT COUNT(*) AS tp_count FROM `tp_comment` WHERE ( is_show = 1 and  goods_id = 203 and parent_id = 0 and  ceil((deliver_rank + goods_rank + service_rank) / 3) in(4,5) ) LIMIT 1   [ RunTime:0.0001s ]
SQL: SELECT COUNT(*) AS tp_count FROM `tp_comment` WHERE ( is_show = 1 and  goods_id = 203 and parent_id = 0 and  ceil((deliver_rank + goods_rank + service_rank) / 3) in(3) ) LIMIT 1   [ RunTime:0.0000s ]
SQL: SELECT COUNT(*) AS tp_count FROM `tp_comment` WHERE ( is_show = 1 and  goods_id = 203 and parent_id = 0 and  ceil((deliver_rank + goods_rank + service_rank) / 3) in(1,2) ) LIMIT 1   [ RunTime:0.0000s ]
NOTIC: [2] Division by zero /data/wwwroot/www.fengzakka.cn/Application/Home/Logic/GoodsLogic.class.php 第 234 行.
NOTIC: [2] Division by zero /data/wwwroot/www.fengzakka.cn/Application/Home/Logic/GoodsLogic.class.php 第 235 行.
NOTIC: [2] Division by zero /data/wwwroot/www.fengzakka.cn/Application/Home/Logic/GoodsLogic.class.php 第 237 行.
SQL: SHOW COLUMNS FROM `tp_order_goods` [ RunTime:0.0004s ]
SQL: SELECT COUNT(*) AS tp_count FROM `tp_order_goods` WHERE ( goods_id=203 and is_send=1 ) LIMIT 1   [ RunTime:0.0001s ]
NOTIC: [2] Division by zero /data/wwwroot/www.fengzakka.cn/Application/Mobile/Controller/GoodsController.class.php 第 212 行.
INFO: [ view_begin ] --START--
INFO: Run Home\Behaviors\testBehavior [ RunTime:0.000121s ]
INFO: [ view_begin ] --END-- [ RunTime:0.000146s ]
INFO: [ view_parse ] --START--
NOTIC: [8] Undefined index: level /data/wwwroot/www.fengzakka.cn/ThinkPHP/Library/Think/Template/TagLib/Tpshop.class.php 第 155 行.
INFO: [ template_filter ] --START--
INFO: Run Behavior\ContentReplaceBehavior [ RunTime:0.000183s ]
INFO: [ template_filter ] --END-- [ RunTime:0.000218s ]
NOTIC: [8] Undefined variable: tpshop_config /data/wwwroot/www.fengzakka.cn/Application/Runtime/Cache/Mobile/2360c3546ee568807e87bc9f49eb91c1.php 第 7 行.
NOTIC: [8] Undefined variable: tpshop_config /data/wwwroot/www.fengzakka.cn/Application/Runtime/Cache/Mobile/2360c3546ee568807e87bc9f49eb91c1.php 第 8 行.
NOTIC: [8] Undefined variable: tpshop_config /data/wwwroot/www.fengzakka.cn/Application/Runtime/Cache/Mobile/2360c3546ee568807e87bc9f49eb91c1.php 第 9 行.
NOTIC: [8] Use of undefined constant HTTP_HOST - assumed 'HTTP_HOST' /data/wwwroot/www.fengzakka.cn/Application/Runtime/Cache/Mobile/2360c3546ee568807e87bc9f49eb91c1.php 第 102 行.
NOTIC: [8] Use of undefined constant id - assumed 'id' /data/wwwroot/www.fengzakka.cn/Application/Runtime/Cache/Mobile/2360c3546ee568807e87bc9f49eb91c1.php 第 102 行.
NOTIC: [8] Use of undefined constant HTTP_HOST - assumed 'HTTP_HOST' /data/wwwroot/www.fengzakka.cn/Application/Runtime/Cache/Mobile/2360c3546ee568807e87bc9f49eb91c1.php 第 103 行.
NOTIC: [8] Use of undefined constant goods_id - assumed 'goods_id' /data/wwwroot/www.fengzakka.cn/Application/Runtime/Cache/Mobile/2360c3546ee568807e87bc9f49eb91c1.php 第 103 行.
NOTIC: [8] Undefined variable: prom_goods /data/wwwroot/www.fengzakka.cn/Application/Runtime/Cache/Mobile/2360c3546ee568807e87bc9f49eb91c1.php 第 129 行.
NOTIC: [8] Undefined variable: prom_order /data/wwwroot/www.fengzakka.cn/Application/Runtime/Cache/Mobile/2360c3546ee568807e87bc9f49eb91c1.php 第 129 行.
NOTIC: [8] Undefined variable: tpshop_config /data/wwwroot/www.fengzakka.cn/Application/Runtime/Cache/Mobile/2360c3546ee568807e87bc9f49eb91c1.php 第 339 行.
NOTIC: [8] Undefined index: flash_sale /data/wwwroot/www.fengzakka.cn/Application/Runtime/Cache/Mobile/2360c3546ee568807e87bc9f49eb91c1.php 第 393 行.
NOTIC: [8] Undefined variable: signPackage /data/wwwroot/www.fengzakka.cn/Application/Runtime/Cache/Mobile/2360c3546ee568807e87bc9f49eb91c1.php 第 431 行.
INFO: Run Behavior\ParseTemplateBehavior [ RunTime:0.012763s ]
INFO: [ view_parse ] --END-- [ RunTime:0.012786s ]
INFO: [ view_filter ] --START--
INFO: Run Behavior\WriteHtmlCacheBehavior [ RunTime:0.000092s ]
INFO: Run Behavior\TokenBuildBehavior [ RunTime:0.000256s ]
INFO: [ view_filter ] --END-- [ RunTime:0.000386s ]
INFO: [ app_end ] --START--
INFO: Run Behavior\ShowPageTraceBehavior [ RunTime:0.000293s ]
INFO: [ app_end ] --END-- [ RunTime:0.000329s ]

[ 2017-07-21T22:47:06+08:00 ] 171.216.178.5 /Mobile/Goods/index.html
INFO: [ app_init ] --START--
INFO: Run Behavior\BuildLiteBehavior [ RunTime:0.000011s ]
INFO: [ app_init ] --END-- [ RunTime:0.000243s ]
INFO: [ app_begin ] --START--
INFO: Run Behavior\ReadHtmlCacheBehavior [ RunTime:0.000290s ]
INFO: [ app_begin ] --END-- [ RunTime:0.000323s ]
SQL: SHOW COLUMNS FROM `tp_ad_position` [ RunTime:0.0005s ]
SQL: SELECT b.* FROM tp_ad_position a INNER JOIN tp_ad b ON a.position_id=b.pid  WHERE ( a.position_name LIKE '%mobile%' ) ORDER BY b.orderby desc LIMIT 3   [ RunTime:0.0001s ]
SQL: SHOW COLUMNS FROM `tp_goods` [ RunTime:0.0005s ]
SQL: SELECT `goods_id`,`goods_sn`,`goods_name`,`shop_price`,`original_img` FROM `tp_goods` GROUP BY goods_id ORDER BY sort desc LIMIT 12   [ RunTime:0.0001s ]
INFO: [ view_begin ] --START--
INFO: Run Home\Behaviors\testBehavior [ RunTime:0.000121s ]
INFO: [ view_begin ] --END-- [ RunTime:0.000149s ]
INFO: [ view_parse ] --START--
INFO: [ template_filter ] --START--
INFO: Run Behavior\ContentReplaceBehavior [ RunTime:0.000062s ]
INFO: [ template_filter ] --END-- [ RunTime:0.000095s ]
INFO: Run Behavior\ParseTemplateBehavior [ RunTime:0.005656s ]
INFO: [ view_parse ] --END-- [ RunTime:0.005683s ]
INFO: [ view_filter ] --START--
INFO: Run Behavior\WriteHtmlCacheBehavior [ RunTime:0.000093s ]
INFO: Run Behavior\TokenBuildBehavior [ RunTime:0.000222s ]
INFO: [ view_filter ] --END-- [ RunTime:0.000368s ]
INFO: [ app_end ] --START--
INFO: Run Behavior\ShowPageTraceBehavior [ RunTime:0.000293s ]
INFO: [ app_end ] --END-- [ RunTime:0.000321s ]

[ 2017-07-21T22:47:31+08:00 ] 171.216.178.5 /Mobile/Goods/ajaxGoods.html?start=12&num=6&keyword=
INFO: [ app_init ] --START--
INFO: Run Behavior\BuildLiteBehavior [ RunTime:0.000011s ]
INFO: [ app_init ] --END-- [ RunTime:0.000250s ]
INFO: [ app_begin ] --START--
INFO: Run Behavior\ReadHtmlCacheBehavior [ RunTime:0.000285s ]
INFO: [ app_begin ] --END-- [ RunTime:0.000317s ]
SQL: SHOW COLUMNS FROM `tp_goods` [ RunTime:0.0007s ]
SQL: SELECT `goods_id`,`goods_sn`,`goods_name`,`shop_price`,`original_img` FROM `tp_goods` GROUP BY goods_id ORDER BY sort desc LIMIT 12,6   [ RunTime:0.0003s ]

[ 2017-07-21T22:48:25+08:00 ] 171.216.178.5 /Mobile/Goods/ajaxGoods.html?start=18&num=6&keyword=
INFO: [ app_init ] --START--
INFO: Run Behavior\BuildLiteBehavior [ RunTime:0.000010s ]
INFO: [ app_init ] --END-- [ RunTime:0.000227s ]
INFO: [ app_begin ] --START--
INFO: Run Behavior\ReadHtmlCacheBehavior [ RunTime:0.000287s ]
INFO: [ app_begin ] --END-- [ RunTime:0.000320s ]
SQL: SHOW COLUMNS FROM `tp_goods` [ RunTime:0.0007s ]
SQL: SELECT `goods_id`,`goods_sn`,`goods_name`,`shop_price`,`original_img` FROM `tp_goods` GROUP BY goods_id ORDER BY sort desc LIMIT 18,6   [ RunTime:0.0004s ]

[ 2017-07-21T22:48:32+08:00 ] 171.216.178.5 /Mobile/Goods/ajaxGoods.html?start=24&num=6&keyword=
INFO: [ app_init ] --START--
INFO: Run Behavior\BuildLiteBehavior [ RunTime:0.000010s ]
INFO: [ app_init ] --END-- [ RunTime:0.000210s ]
INFO: [ app_begin ] --START--
INFO: Run Behavior\ReadHtmlCacheBehavior [ RunTime:0.000291s ]
INFO: [ app_begin ] --END-- [ RunTime:0.000323s ]
SQL: SHOW COLUMNS FROM `tp_goods` [ RunTime:0.0007s ]
SQL: SELECT `goods_id`,`goods_sn`,`goods_name`,`shop_price`,`original_img` FROM `tp_goods` GROUP BY goods_id ORDER BY sort desc LIMIT 24,6   [ RunTime:0.0003s ]

[ 2017-07-21T22:48:47+08:00 ] 171.216.178.5 /Mobile/Goods/ajaxGoods.html?start=30&num=6&keyword=
INFO: [ app_init ] --START--
INFO: Run Behavior\BuildLiteBehavior [ RunTime:0.000009s ]
INFO: [ app_init ] --END-- [ RunTime:0.000238s ]
INFO: [ app_begin ] --START--
INFO: Run Behavior\ReadHtmlCacheBehavior [ RunTime:0.000285s ]
INFO: [ app_begin ] --END-- [ RunTime:0.000316s ]
SQL: SHOW COLUMNS FROM `tp_goods` [ RunTime:0.0007s ]
SQL: SELECT `goods_id`,`goods_sn`,`goods_name`,`shop_price`,`original_img` FROM `tp_goods` GROUP BY goods_id ORDER BY sort desc LIMIT 30,6   [ RunTime:0.0003s ]

[ 2017-07-21T22:48:59+08:00 ] 171.216.178.5 /Mobile/Goods/goodsInfo.html?id=175
INFO: [ app_init ] --START--
INFO: Run Behavior\BuildLiteBehavior [ RunTime:0.000010s ]
INFO: [ app_init ] --END-- [ RunTime:0.000207s ]
INFO: [ app_begin ] --START--
INFO: Run Behavior\ReadHtmlCacheBehavior [ RunTime:0.000342s ]
INFO: [ app_begin ] --END-- [ RunTime:0.000376s ]
SQL: SHOW COLUMNS FROM `tp_goods` [ RunTime:0.0007s ]
SQL: SHOW COLUMNS FROM `tp_goods` [ RunTime:0.0005s ]
SQL: SELECT * FROM `tp_goods` WHERE ( goods_id = 175 ) LIMIT 1   [ RunTime:0.0008s ]
SQL: SHOW COLUMNS FROM `tp_brand` [ RunTime:0.0003s ]
SQL: SELECT * FROM `tp_brand` WHERE ( id =351 ) LIMIT 1   [ RunTime:0.0001s ]
SQL: SHOW COLUMNS FROM `tp_goods_images` [ RunTime:0.0004s ]
SQL: SELECT * FROM `tp_goods_images` WHERE ( goods_id = 175 )  [ RunTime:0.0002s ]
SQL: SHOW COLUMNS FROM `tp_goods_attribute` [ RunTime:0.0003s ]
SQL: SELECT `attr_id`,`attr_name` FROM `tp_goods_attribute`  [ RunTime:0.0001s ]
SQL: SHOW COLUMNS FROM `tp_goods_attr` [ RunTime:0.0003s ]
SQL: SELECT * FROM `tp_goods_attr` WHERE ( goods_id = 175 )  [ RunTime:0.0001s ]
SQL: SHOW COLUMNS FROM `tp_spec_goods_price` [ RunTime:0.0003s ]
SQL: SELECT GROUP_CONCAT(`key` SEPARATOR '_') FROM `tp_spec_goods_price` WHERE ( goods_id = 175 ) LIMIT 1   [ RunTime:0.0003s ]
SQL: SHOW COLUMNS FROM `tp_spec_goods_price` [ RunTime:0.0003s ]
SQL: SELECT `key`,`price`,`store_count` FROM `tp_spec_goods_price` WHERE ( goods_id = 175 )  [ RunTime:0.0003s ]
SQL: SHOW COLUMNS FROM `tp_comment` [ RunTime:0.0003s ]
SQL: SELECT COUNT(*) AS tp_count FROM `tp_comment` WHERE ( is_show = 1 and  goods_id = 175 and parent_id = 0 and  ceil((deliver_rank + goods_rank + service_rank) / 3) in(4,5) ) LIMIT 1   [ RunTime:0.0001s ]
SQL: SELECT COUNT(*) AS tp_count FROM `tp_comment` WHERE ( is_show = 1 and  goods_id = 175 and parent_id = 0 and  ceil((deliver_rank + goods_rank + service_rank) / 3) in(3) ) LIMIT 1   [ RunTime:0.0001s ]
SQL: SELECT COUNT(*) AS tp_count FROM `tp_comment` WHERE ( is_show = 1 and  goods_id = 175 and parent_id = 0 and  ceil((deliver_rank + goods_rank + service_rank) / 3) in(1,2) ) LIMIT 1   [ RunTime:0.0001s ]
NOTIC: [2] Division by zero /data/wwwroot/www.fengzakka.cn/Application/Home/Logic/GoodsLogic.class.php 第 234 行.
NOTIC: [2] Division by zero /data/wwwroot/www.fengzakka.cn/Application/Home/Logic/GoodsLogic.class.php 第 235 行.
NOTIC: [2] Division by zero /data/wwwroot/www.fengzakka.cn/Application/Home/Logic/GoodsLogic.class.php 第 237 行.
SQL: SHOW COLUMNS FROM `tp_order_goods` [ RunTime:0.0004s ]
SQL: SELECT COUNT(*) AS tp_count FROM `tp_order_goods` WHERE ( goods_id=175 and is_send=1 ) LIMIT 1   [ RunTime:0.0002s ]
NOTIC: [2] Division by zero /data/wwwroot/www.fengzakka.cn/Application/Mobile/Controller/GoodsController.class.php 第 212 行.
INFO: [ view_begin ] --START--
INFO: Run Home\Behaviors\testBehavior [ RunTime:0.000189s ]
INFO: [ view_begin ] --END-- [ RunTime:0.000217s ]
INFO: [ view_parse ] --START--
NOTIC: [8] Undefined index: level /data/wwwroot/www.fengzakka.cn/ThinkPHP/Library/Think/Template/TagLib/Tpshop.class.php 第 155 行.
INFO: [ template_filter ] --START--
INFO: Run Behavior\ContentReplaceBehavior [ RunTime:0.000194s ]
INFO: [ template_filter ] --END-- [ RunTime:0.000228s ]
NOTIC: [8] Undefined variable: tpshop_config /data/wwwroot/www.fengzakka.cn/Application/Runtime/Cache/Mobile/2360c3546ee568807e87bc9f49eb91c1.php 第 7 行.
NOTIC: [8] Undefined variable: tpshop_config /data/wwwroot/www.fengzakka.cn/Application/Runtime/Cache/Mobile/2360c3546ee568807e87bc9f49eb91c1.php 第 8 行.
NOTIC: [8] Undefined variable: tpshop_config /data/wwwroot/www.fengzakka.cn/Application/Runtime/Cache/Mobile/2360c3546ee568807e87bc9f49eb91c1.php 第 9 行.
NOTIC: [8] Use of undefined constant HTTP_HOST - assumed 'HTTP_HOST' /data/wwwroot/www.fengzakka.cn/Application/Runtime/Cache/Mobile/2360c3546ee568807e87bc9f49eb91c1.php 第 102 行.
NOTIC: [8] Use of undefined constant id - assumed 'id' /data/wwwroot/www.fengzakka.cn/Application/Runtime/Cache/Mobile/2360c3546ee568807e87bc9f49eb91c1.php 第 102 行.
NOTIC: [8] Use of undefined constant HTTP_HOST - assumed 'HTTP_HOST' /data/wwwroot/www.fengzakka.cn/Application/Runtime/Cache/Mobile/2360c3546ee568807e87bc9f49eb91c1.php 第 103 行.
NOTIC: [8] Use of undefined constant goods_id - assumed 'goods_id' /data/wwwroot/www.fengzakka.cn/Application/Runtime/Cache/Mobile/2360c3546ee568807e87bc9f49eb91c1.php 第 103 行.
NOTIC: [8] Undefined variable: prom_goods /data/wwwroot/www.fengzakka.cn/Application/Runtime/Cache/Mobile/2360c3546ee568807e87bc9f49eb91c1.php 第 129 行.
NOTIC: [8] Undefined variable: prom_order /data/wwwroot/www.fengzakka.cn/Application/Runtime/Cache/Mobile/2360c3546ee568807e87bc9f49eb91c1.php 第 129 行.
NOTIC: [8] Undefined variable: tpshop_config /data/wwwroot/www.fengzakka.cn/Application/Runtime/Cache/Mobile/2360c3546ee568807e87bc9f49eb91c1.php 第 339 行.
NOTIC: [8] Undefined index: flash_sale /data/wwwroot/www.fengzakka.cn/Application/Runtime/Cache/Mobile/2360c3546ee568807e87bc9f49eb91c1.php 第 393 行.
NOTIC: [8] Undefined variable: signPackage /data/wwwroot/www.fengzakka.cn/Application/Runtime/Cache/Mobile/2360c3546ee568807e87bc9f49eb91c1.php 第 431 行.
INFO: Run Behavior\ParseTemplateBehavior [ RunTime:0.013559s ]
INFO: [ view_parse ] --END-- [ RunTime:0.013582s ]
INFO: [ view_filter ] --START--
INFO: Run Behavior\WriteHtmlCacheBehavior [ RunTime:0.000095s ]
INFO: Run Behavior\TokenBuildBehavior [ RunTime:0.000290s ]
INFO: [ view_filter ] --END-- [ RunTime:0.000425s ]
INFO: [ app_end ] --START--
INFO: Run Behavior\ShowPageTraceBehavior [ RunTime:0.000333s ]
INFO: [ app_end ] --END-- [ RunTime:0.000363s ]

[ 2017-07-21T22:49:00+08:00 ] 171.216.178.5 /index.php?m=Mobile&c=goods&a=ajaxComment&goods_id=175&commentType=1&p=1
INFO: [ app_init ] --START--
INFO: Run Behavior\BuildLiteBehavior [ RunTime:0.000010s ]
INFO: [ app_init ] --END-- [ RunTime:0.000211s ]
INFO: [ app_begin ] --START--
INFO: Run Behavior\ReadHtmlCacheBehavior [ RunTime:0.000472s ]
INFO: [ app_begin ] --END-- [ RunTime:0.000504s ]
SQL: SHOW COLUMNS FROM `tp_comment` [ RunTime:0.0005s ]
SQL: SELECT COUNT(*) AS tp_count FROM `tp_comment` WHERE ( goods_id = 175 and parent_id = 0 and ceil((deliver_rank + goods_rank + service_rank) / 3) in(0,1,2,3,4,5) ) LIMIT 1   [ RunTime:0.0001s ]
SQL: SELECT * FROM `tp_comment` WHERE ( goods_id = 175 and parent_id = 0 and ceil((deliver_rank + goods_rank + service_rank) / 3) in(0,1,2,3,4,5) ) ORDER BY add_time desc LIMIT 0,5   [ RunTime:0.0001s ]
SQL: SELECT * FROM `tp_comment` WHERE ( goods_id = 175 and parent_id > 0 ) ORDER BY add_time desc  [ RunTime:0.0001s ]
INFO: [ view_begin ] --START--
INFO: Run Home\Behaviors\testBehavior [ RunTime:0.000120s ]
INFO: [ view_begin ] --END-- [ RunTime:0.000145s ]
INFO: [ view_parse ] --START--
INFO: [ template_filter ] --START--
INFO: Run Behavior\ContentReplaceBehavior [ RunTime:0.000036s ]
INFO: [ template_filter ] --END-- [ RunTime:0.000068s ]
INFO: Run Behavior\ParseTemplateBehavior [ RunTime:0.006316s ]
INFO: [ view_parse ] --END-- [ RunTime:0.006345s ]
INFO: [ view_filter ] --START--
INFO: Run Behavior\WriteHtmlCacheBehavior [ RunTime:0.000193s ]
INFO: Run Behavior\TokenBuildBehavior [ RunTime:0.000191s ]
INFO: [ view_filter ] --END-- [ RunTime:0.000426s ]
INFO: [ app_end ] --START--
INFO: Run Behavior\ShowPageTraceBehavior [ RunTime:0.000333s ]
INFO: [ app_end ] --END-- [ RunTime:0.000362s ]

[ 2017-07-21T22:49:13+08:00 ] 171.216.178.5 /Mobile/Goods/ajaxGoods.html?start=36&num=6&keyword=
INFO: [ app_init ] --START--
INFO: Run Behavior\BuildLiteBehavior [ RunTime:0.000011s ]
INFO: [ app_init ] --END-- [ RunTime:0.000220s ]
INFO: [ app_begin ] --START--
INFO: Run Behavior\ReadHtmlCacheBehavior [ RunTime:0.000292s ]
INFO: [ app_begin ] --END-- [ RunTime:0.000324s ]
SQL: SHOW COLUMNS FROM `tp_goods` [ RunTime:0.0007s ]
SQL: SELECT `goods_id`,`goods_sn`,`goods_name`,`shop_price`,`original_img` FROM `tp_goods` GROUP BY goods_id ORDER BY sort desc LIMIT 36,6   [ RunTime:0.0004s ]

[ 2017-07-21T22:49:26+08:00 ] 171.216.178.5 /Mobile/Goods/ajaxGoods.html?start=42&num=6&keyword=
INFO: [ app_init ] --START--
INFO: Run Behavior\BuildLiteBehavior [ RunTime:0.000010s ]
INFO: [ app_init ] --END-- [ RunTime:0.000233s ]
INFO: [ app_begin ] --START--
INFO: Run Behavior\ReadHtmlCacheBehavior [ RunTime:0.000340s ]
INFO: [ app_begin ] --END-- [ RunTime:0.000381s ]
SQL: SHOW COLUMNS FROM `tp_goods` [ RunTime:0.0007s ]
SQL: SELECT `goods_id`,`goods_sn`,`goods_name`,`shop_price`,`original_img` FROM `tp_goods` GROUP BY goods_id ORDER BY sort desc LIMIT 42,6   [ RunTime:0.0004s ]

[ 2017-07-21T22:51:16+08:00 ] 111.206.36.137 /Mobile/Goods/index.html
INFO: [ app_init ] --START--
INFO: Run Behavior\BuildLiteBehavior [ RunTime:0.000010s ]
INFO: [ app_init ] --END-- [ RunTime:0.000213s ]
INFO: [ app_begin ] --START--
INFO: Run Behavior\ReadHtmlCacheBehavior [ RunTime:0.000282s ]
INFO: [ app_begin ] --END-- [ RunTime:0.000316s ]
SQL: SHOW COLUMNS FROM `tp_ad_position` [ RunTime:0.0005s ]
SQL: SELECT b.* FROM tp_ad_position a INNER JOIN tp_ad b ON a.position_id=b.pid  WHERE ( a.position_name LIKE '%mobile%' ) ORDER BY b.orderby desc LIMIT 3   [ RunTime:0.0001s ]
SQL: SHOW COLUMNS FROM `tp_goods` [ RunTime:0.0005s ]
SQL: SELECT `goods_id`,`goods_sn`,`goods_name`,`shop_price`,`original_img` FROM `tp_goods` GROUP BY goods_id ORDER BY sort desc LIMIT 12   [ RunTime:0.0001s ]
INFO: [ view_begin ] --START--
INFO: Run Home\Behaviors\testBehavior [ RunTime:0.000126s ]
INFO: [ view_begin ] --END-- [ RunTime:0.000153s ]
INFO: [ view_parse ] --START--
INFO: [ template_filter ] --START--
INFO: Run Behavior\ContentReplaceBehavior [ RunTime:0.000062s ]
INFO: [ template_filter ] --END-- [ RunTime:0.000096s ]
INFO: Run Behavior\ParseTemplateBehavior [ RunTime:0.005679s ]
INFO: [ view_parse ] --END-- [ RunTime:0.005707s ]
INFO: [ view_filter ] --START--
INFO: Run Behavior\WriteHtmlCacheBehavior [ RunTime:0.000094s ]
INFO: Run Behavior\TokenBuildBehavior [ RunTime:0.000235s ]
INFO: [ view_filter ] --END-- [ RunTime:0.000369s ]
INFO: [ app_end ] --START--
INFO: Run Behavior\ShowPageTraceBehavior [ RunTime:0.000306s ]
INFO: [ app_end ] --END-- [ RunTime:0.000343s ]

