[ 2017-07-25T00:42:46+08:00 ] 14.17.37.69 /Mobile/Goods/index.html
INFO: [ app_init ] --START--
INFO: Run Behavior\BuildLiteBehavior [ RunTime:0.000010s ]
INFO: [ app_init ] --END-- [ RunTime:0.000210s ]
INFO: [ app_begin ] --START--
INFO: Run Behavior\ReadHtmlCacheBehavior [ RunTime:0.000301s ]
INFO: [ app_begin ] --END-- [ RunTime:0.000335s ]
SQL: SHOW COLUMNS FROM `tp_ad_position` [ RunTime:0.0005s ]
SQL: SELECT b.* FROM tp_ad_position a INNER JOIN tp_ad b ON a.position_id=b.pid  WHERE ( a.position_name LIKE '%mobile%' ) ORDER BY b.orderby desc LIMIT 3   [ RunTime:0.0001s ]
SQL: SHOW COLUMNS FROM `tp_goods` [ RunTime:0.0005s ]
SQL: SELECT `goods_id`,`goods_sn`,`goods_name`,`shop_price`,`original_img` FROM `tp_goods` GROUP BY goods_id ORDER BY sort desc LIMIT 12   [ RunTime:0.0001s ]
INFO: [ view_begin ] --START--
INFO: Run Home\Behaviors\testBehavior [ RunTime:0.000120s ]
INFO: [ view_begin ] --END-- [ RunTime:0.000163s ]
INFO: [ view_parse ] --START--
INFO: [ template_filter ] --START--
INFO: Run Behavior\ContentReplaceBehavior [ RunTime:0.000074s ]
INFO: [ template_filter ] --END-- [ RunTime:0.000107s ]
INFO: Run Behavior\ParseTemplateBehavior [ RunTime:0.005666s ]
INFO: [ view_parse ] --END-- [ RunTime:0.005697s ]
INFO: [ view_filter ] --START--
INFO: Run Behavior\WriteHtmlCacheBehavior [ RunTime:0.000102s ]
INFO: Run Behavior\TokenBuildBehavior [ RunTime:0.000244s ]
INFO: [ view_filter ] --END-- [ RunTime:0.000385s ]
INFO: [ app_end ] --START--
INFO: Run Behavior\ShowPageTraceBehavior [ RunTime:0.000294s ]
INFO: [ app_end ] --END-- [ RunTime:0.000325s ]

[ 2017-07-25T00:42:47+08:00 ] 113.108.11.52 /Mobile/MobileBase/Userinfo?code=0116h29T0SecfW1oxdaT074O8T06h29w&state=
INFO: [ app_init ] --START--
INFO: Run Behavior\BuildLiteBehavior [ RunTime:0.000010s ]
INFO: [ app_init ] --END-- [ RunTime:0.000210s ]
INFO: [ app_begin ] --START--
INFO: Run Behavior\ReadHtmlCacheBehavior [ RunTime:0.000293s ]
INFO: [ app_begin ] --END-- [ RunTime:0.000327s ]
NOTIC: [2] Missing argument 2 for Common\Normal\Httpclient::quickGet(), called in /data/wwwroot/www.fengzakka.cn/Application/Common/Normal/Wechat.class.php on line 815 and defined /data/wwwroot/www.fengzakka.cn/Application/Common/Normal/Httpclient.class.php 第 298 行.
NOTIC: [2] Missing argument 2 for Common\Normal\Httpclient::quickGet(), called in /data/wwwroot/www.fengzakka.cn/Application/Common/Normal/Wechat.class.php on line 842 and defined /data/wwwroot/www.fengzakka.cn/Application/Common/Normal/Httpclient.class.php 第 298 行.
NOTIC: [2] Missing argument 2 for Common\Normal\Httpclient::quickGet(), called in /data/wwwroot/www.fengzakka.cn/Application/Common/Normal/Wechat.class.php on line 863 and defined /data/wwwroot/www.fengzakka.cn/Application/Common/Normal/Httpclient.class.php 第 298 行.
SQL: SHOW COLUMNS FROM `tp_users` [ RunTime:0.0007s ]
SQL: SELECT * FROM `tp_users` WHERE `openid` = 'o6pmpxPieWAnuuo8kuvCY9N1n5k0' LIMIT 1   [ RunTime:0.0005s ]
SQL: UPDATE `tp_users` SET `last_ip`='113.108.11.52',`last_login`='1500914567' WHERE `openid` = 'o6pmpxPieWAnuuo8kuvCY9N1n5k0' [ RunTime:0.0013s ]
SQL: SHOW COLUMNS FROM `tp_user_log` [ RunTime:0.0004s ]
SQL: INSERT INTO `tp_user_log` (`web`,`info`,`addtime`,`flag`) VALUES ('wx','{\"user_id\":\"3454\",\"account\":\"\",\"email\":\"\",\"password\":\"\",\"sex\":\"1\",\"birthday\":\"0\",\"user_money\":\"0.00\",\"frozen_money\":\"0.00\",\"distribut_money\":\"0.00\",\"pay_points\":\"0\",\"address_id\":\"0\",\"reg_time\":\"1498406146\",\"last_login\":\"1499602183\",\"last_ip\":\"113.108.11.52\",\"qq\":\"\",\"mobile\":\"\",\"mobile_validated\":\"0\",\"oauth\":\"wx_mobile\",\"unionid\":null,\"openid\":\"o6pmpxPieWAnuuo8kuvCY9N1n5k0\",\"head_pic\":\"http:\\/\\/wx.qlogo.cn\\/mmopen\\/y5pseCic17MkQfHyyianialPFfbicmUIRIGlI6wTwNnZ9icuATlQmlJPUszPic6SY7reH5ibuO9UodZfXX9phm97Z3LSoLe8q5MXXkX\\/96\",\"province\":\"\",\"city\":\"\",\"district\":null,\"email_validated\":\"0\",\"nickname\":\"\\u519c\\u6751\\u6237\\u53e3\",\"level\":\"1\",\"discount\":\"1.00\",\"total_amount\":\"0.00\",\"is_lock\":\"0\",\"is_distribut\":\"0\",\"first_leader\":\"0\",\"second_leader\":\"0\",\"third_leader\":\"0\",\"token\":\"\",\"write_role\":null,\"introduce\":null,\"detail_address\":null}','1500914567','old') [ RunTime:0.0004s ]

[ 2017-07-25T00:42:47+08:00 ] 14.17.37.69 /Mobile/Index/index.html
INFO: [ app_init ] --START--
INFO: Run Behavior\BuildLiteBehavior [ RunTime:0.000011s ]
INFO: [ app_init ] --END-- [ RunTime:0.000239s ]
INFO: [ app_begin ] --START--
INFO: Run Behavior\ReadHtmlCacheBehavior [ RunTime:0.000313s ]
INFO: [ app_begin ] --END-- [ RunTime:0.000348s ]
SQL: SHOW COLUMNS FROM `tp_article_cat` [ RunTime:0.0006s ]
SQL: SELECT `cat_name`,`cat_id` FROM `tp_article_cat` WHERE `show_in_nav` = 1 AND `parent_id` = 0  [ RunTime:0.0001s ]
SQL: SHOW COLUMNS FROM `tp_ad_position` [ RunTime:0.0004s ]
SQL: SELECT b.* FROM tp_ad_position a INNER JOIN tp_ad b ON a.position_id=b.pid  WHERE ( a.position_name LIKE '%mobile%' ) ORDER BY b.orderby desc LIMIT 3   [ RunTime:0.0001s ]
SQL: SHOW COLUMNS FROM `tp_consult` [ RunTime:0.0004s ]
SQL: SELECT * FROM `tp_consult` WHERE `is_show` = 0 GROUP BY consult_id ORDER BY createtime desc LIMIT 6   [ RunTime:0.0001s ]
INFO: [ view_begin ] --START--
INFO: Run Home\Behaviors\testBehavior [ RunTime:0.000154s ]
INFO: [ view_begin ] --END-- [ RunTime:0.000190s ]
INFO: [ view_parse ] --START--
INFO: [ template_filter ] --START--
INFO: Run Behavior\ContentReplaceBehavior [ RunTime:0.000093s ]
INFO: [ template_filter ] --END-- [ RunTime:0.000141s ]
INFO: Run Behavior\ParseTemplateBehavior [ RunTime:0.011777s ]
INFO: [ view_parse ] --END-- [ RunTime:0.011813s ]
INFO: [ view_filter ] --START--
INFO: Run Behavior\WriteHtmlCacheBehavior [ RunTime:0.000135s ]
INFO: Run Behavior\TokenBuildBehavior [ RunTime:0.000274s ]
INFO: [ view_filter ] --END-- [ RunTime:0.000460s ]
INFO: [ app_end ] --START--
INFO: Run Behavior\ShowPageTraceBehavior [ RunTime:0.000377s ]
INFO: [ app_end ] --END-- [ RunTime:0.000418s ]

[ 2017-07-25T00:42:50+08:00 ] 14.17.37.69 /Mobile/Index/ajaxConsult.html?start=1&num=6
INFO: [ app_init ] --START--
INFO: Run Behavior\BuildLiteBehavior [ RunTime:0.000014s ]
INFO: [ app_init ] --END-- [ RunTime:0.000286s ]
INFO: [ app_begin ] --START--
INFO: Run Behavior\ReadHtmlCacheBehavior [ RunTime:0.000316s ]
INFO: [ app_begin ] --END-- [ RunTime:0.000348s ]
SQL: SHOW COLUMNS FROM `tp_consult` [ RunTime:0.0005s ]
SQL: SELECT * FROM `tp_consult` WHERE `is_show` = 0 GROUP BY consult_id ORDER BY createtime desc LIMIT 1,6   [ RunTime:0.0001s ]

[ 2017-07-25T00:42:52+08:00 ] 113.108.11.52 /Mobile/Goods/categoryList.html
INFO: [ app_init ] --START--
INFO: Run Behavior\BuildLiteBehavior [ RunTime:0.000010s ]
INFO: [ app_init ] --END-- [ RunTime:0.000213s ]
INFO: [ app_begin ] --START--
INFO: Run Behavior\ReadHtmlCacheBehavior [ RunTime:0.000299s ]
INFO: [ app_begin ] --END-- [ RunTime:0.000333s ]
SQL: SHOW COLUMNS FROM `tp_goods_category` [ RunTime:0.0005s ]
SQL: SELECT * FROM `tp_goods_category` WHERE ( is_show = 1 ) ORDER BY sort_order  [ RunTime:0.0002s ]
INFO: [ view_begin ] --START--
INFO: Run Home\Behaviors\testBehavior [ RunTime:0.000125s ]
INFO: [ view_begin ] --END-- [ RunTime:0.000156s ]
INFO: [ view_parse ] --START--
NOTIC: [8] Undefined index: order /data/wwwroot/www.fengzakka.cn/ThinkPHP/Library/Think/Template/TagLib/Tpshop.class.php 第 35 行.
NOTIC: [8] Undefined index: where /data/wwwroot/www.fengzakka.cn/ThinkPHP/Library/Think/Template/TagLib/Tpshop.class.php 第 37 行.
INFO: [ template_filter ] --START--
INFO: Run Behavior\ContentReplaceBehavior [ RunTime:0.000072s ]
INFO: [ template_filter ] --END-- [ RunTime:0.000103s ]
NOTIC: [8] Undefined variable: tpshop_config /data/wwwroot/www.fengzakka.cn/Application/Runtime/Cache/Mobile/56100e2ee68da1c55bb7048b88cc0a95.php 第 7 行.
NOTIC: [8] Undefined variable: tpshop_config /data/wwwroot/www.fengzakka.cn/Application/Runtime/Cache/Mobile/56100e2ee68da1c55bb7048b88cc0a95.php 第 8 行.
NOTIC: [8] Use of undefined constant level - assumed 'level' /data/wwwroot/www.fengzakka.cn/Application/Runtime/Cache/Mobile/56100e2ee68da1c55bb7048b88cc0a95.php 第 28 行.
NOTIC: [8] Use of undefined constant level - assumed 'level' /data/wwwroot/www.fengzakka.cn/Application/Runtime/Cache/Mobile/56100e2ee68da1c55bb7048b88cc0a95.php 第 28 行.
NOTIC: [8] Use of undefined constant level - assumed 'level' /data/wwwroot/www.fengzakka.cn/Application/Runtime/Cache/Mobile/56100e2ee68da1c55bb7048b88cc0a95.php 第 28 行.
NOTIC: [8] Use of undefined constant level - assumed 'level' /data/wwwroot/www.fengzakka.cn/Application/Runtime/Cache/Mobile/56100e2ee68da1c55bb7048b88cc0a95.php 第 28 行.
NOTIC: [8] Use of undefined constant level - assumed 'level' /data/wwwroot/www.fengzakka.cn/Application/Runtime/Cache/Mobile/56100e2ee68da1c55bb7048b88cc0a95.php 第 28 行.
NOTIC: [8] Use of undefined constant level - assumed 'level' /data/wwwroot/www.fengzakka.cn/Application/Runtime/Cache/Mobile/56100e2ee68da1c55bb7048b88cc0a95.php 第 28 行.
NOTIC: [8] Use of undefined constant level - assumed 'level' /data/wwwroot/www.fengzakka.cn/Application/Runtime/Cache/Mobile/56100e2ee68da1c55bb7048b88cc0a95.php 第 28 行.
NOTIC: [8] Use of undefined constant level - assumed 'level' /data/wwwroot/www.fengzakka.cn/Application/Runtime/Cache/Mobile/56100e2ee68da1c55bb7048b88cc0a95.php 第 28 行.
NOTIC: [8] Use of undefined constant level - assumed 'level' /data/wwwroot/www.fengzakka.cn/Application/Runtime/Cache/Mobile/56100e2ee68da1c55bb7048b88cc0a95.php 第 28 行.
NOTIC: [8] Use of undefined constant level - assumed 'level' /data/wwwroot/www.fengzakka.cn/Application/Runtime/Cache/Mobile/56100e2ee68da1c55bb7048b88cc0a95.php 第 28 行.
SQL: SHOW COLUMNS FROM `tp_ad_position` [ RunTime:0.0004s ]
SQL: SELECT `position_id`,`position_name`,`ad_width`,`ad_height` FROM `tp_ad_position`  [ RunTime:0.0001s ]
SQL: SHOW COLUMNS FROM `tp_ad` [ RunTime:0.0004s ]
SQL: SELECT * FROM `tp_ad` WHERE ( pid=400  and enabled = 1 and start_time < 1500912000 and end_time > 1500912000  ) ORDER BY orderby desc LIMIT 1   [ RunTime:0.0003s ]
NOTIC: [8] Use of undefined constant edit_ad - assumed 'edit_ad' /data/wwwroot/www.fengzakka.cn/Application/Runtime/Cache/Mobile/56100e2ee68da1c55bb7048b88cc0a95.php 第 35 行.
NOTIC: [8] Undefined index: edit_ad /data/wwwroot/www.fengzakka.cn/Application/Runtime/Cache/Mobile/56100e2ee68da1c55bb7048b88cc0a95.php 第 35 行.
NOTIC: [8] Use of undefined constant id - assumed 'id' /data/wwwroot/www.fengzakka.cn/Application/Runtime/Cache/Mobile/56100e2ee68da1c55bb7048b88cc0a95.php 第 40 行.
NOTIC: [8] Undefined index: sub_tmenu /data/wwwroot/www.fengzakka.cn/Application/Runtime/Cache/Mobile/56100e2ee68da1c55bb7048b88cc0a95.php 第 43 行.
NOTIC: [8] Use of undefined constant id - assumed 'id' /data/wwwroot/www.fengzakka.cn/Application/Runtime/Cache/Mobile/56100e2ee68da1c55bb7048b88cc0a95.php 第 40 行.
NOTIC: [8] Undefined index: sub_tmenu /data/wwwroot/www.fengzakka.cn/Application/Runtime/Cache/Mobile/56100e2ee68da1c55bb7048b88cc0a95.php 第 43 行.
NOTIC: [8] Use of undefined constant id - assumed 'id' /data/wwwroot/www.fengzakka.cn/Application/Runtime/Cache/Mobile/56100e2ee68da1c55bb7048b88cc0a95.php 第 40 行.
NOTIC: [8] Undefined index: sub_tmenu /data/wwwroot/www.fengzakka.cn/Application/Runtime/Cache/Mobile/56100e2ee68da1c55bb7048b88cc0a95.php 第 43 行.
NOTIC: [8] Use of undefined constant edit_ad - assumed 'edit_ad' /data/wwwroot/www.fengzakka.cn/Application/Runtime/Cache/Mobile/56100e2ee68da1c55bb7048b88cc0a95.php 第 35 行.
NOTIC: [8] Undefined index: edit_ad /data/wwwroot/www.fengzakka.cn/Application/Runtime/Cache/Mobile/56100e2ee68da1c55bb7048b88cc0a95.php 第 35 行.
NOTIC: [8] Use of undefined constant id - assumed 'id' /data/wwwroot/www.fengzakka.cn/Application/Runtime/Cache/Mobile/56100e2ee68da1c55bb7048b88cc0a95.php 第 40 行.
NOTIC: [8] Undefined index: sub_tmenu /data/wwwroot/www.fengzakka.cn/Application/Runtime/Cache/Mobile/56100e2ee68da1c55bb7048b88cc0a95.php 第 43 行.
NOTIC: [8] Use of undefined constant id - assumed 'id' /data/wwwroot/www.fengzakka.cn/Application/Runtime/Cache/Mobile/56100e2ee68da1c55bb7048b88cc0a95.php 第 40 行.
NOTIC: [8] Undefined index: sub_tmenu /data/wwwroot/www.fengzakka.cn/Application/Runtime/Cache/Mobile/56100e2ee68da1c55bb7048b88cc0a95.php 第 43 行.
NOTIC: [8] Use of undefined constant id - assumed 'id' /data/wwwroot/www.fengzakka.cn/Application/Runtime/Cache/Mobile/56100e2ee68da1c55bb7048b88cc0a95.php 第 40 行.
NOTIC: [8] Undefined index: sub_tmenu /data/wwwroot/www.fengzakka.cn/Application/Runtime/Cache/Mobile/56100e2ee68da1c55bb7048b88cc0a95.php 第 43 行.
NOTIC: [8] Use of undefined constant id - assumed 'id' /data/wwwroot/www.fengzakka.cn/Application/Runtime/Cache/Mobile/56100e2ee68da1c55bb7048b88cc0a95.php 第 40 行.
NOTIC: [8] Undefined index: sub_tmenu /data/wwwroot/www.fengzakka.cn/Application/Runtime/Cache/Mobile/56100e2ee68da1c55bb7048b88cc0a95.php 第 43 行.
NOTIC: [8] Use of undefined constant id - assumed 'id' /data/wwwroot/www.fengzakka.cn/Application/Runtime/Cache/Mobile/56100e2ee68da1c55bb7048b88cc0a95.php 第 40 行.
NOTIC: [8] Undefined index: sub_tmenu /data/wwwroot/www.fengzakka.cn/Application/Runtime/Cache/Mobile/56100e2ee68da1c55bb7048b88cc0a95.php 第 43 行.
NOTIC: [8] Use of undefined constant id - assumed 'id' /data/wwwroot/www.fengzakka.cn/Application/Runtime/Cache/Mobile/56100e2ee68da1c55bb7048b88cc0a95.php 第 40 行.
NOTIC: [8] Undefined index: sub_tmenu /data/wwwroot/www.fengzakka.cn/Application/Runtime/Cache/Mobile/56100e2ee68da1c55bb7048b88cc0a95.php 第 43 行.
NOTIC: [8] Use of undefined constant id - assumed 'id' /data/wwwroot/www.fengzakka.cn/Application/Runtime/Cache/Mobile/56100e2ee68da1c55bb7048b88cc0a95.php 第 40 行.
NOTIC: [8] Undefined index: sub_tmenu /data/wwwroot/www.fengzakka.cn/Application/Runtime/Cache/Mobile/56100e2ee68da1c55bb7048b88cc0a95.php 第 43 行.
NOTIC: [8] Use of undefined constant id - assumed 'id' /data/wwwroot/www.fengzakka.cn/Application/Runtime/Cache/Mobile/56100e2ee68da1c55bb7048b88cc0a95.php 第 40 行.
NOTIC: [8] Undefined index: sub_tmenu /data/wwwroot/www.fengzakka.cn/Application/Runtime/Cache/Mobile/56100e2ee68da1c55bb7048b88cc0a95.php 第 43 行.
NOTIC: [8] Use of undefined constant id - assumed 'id' /data/wwwroot/www.fengzakka.cn/Application/Runtime/Cache/Mobile/56100e2ee68da1c55bb7048b88cc0a95.php 第 40 行.
NOTIC: [8] Undefined index: sub_tmenu /data/wwwroot/www.fengzakka.cn/Application/Runtime/Cache/Mobile/56100e2ee68da1c55bb7048b88cc0a95.php 第 43 行.
NOTIC: [8] Use of undefined constant id - assumed 'id' /data/wwwroot/www.fengzakka.cn/Application/Runtime/Cache/Mobile/56100e2ee68da1c55bb7048b88cc0a95.php 第 40 行.
NOTIC: [8] Undefined index: sub_tmenu /data/wwwroot/www.fengzakka.cn/Application/Runtime/Cache/Mobile/56100e2ee68da1c55bb7048b88cc0a95.php 第 43 行.
NOTIC: [8] Use of undefined constant edit_ad - assumed 'edit_ad' /data/wwwroot/www.fengzakka.cn/Application/Runtime/Cache/Mobile/56100e2ee68da1c55bb7048b88cc0a95.php 第 35 行.
NOTIC: [8] Undefined index: edit_ad /data/wwwroot/www.fengzakka.cn/Application/Runtime/Cache/Mobile/56100e2ee68da1c55bb7048b88cc0a95.php 第 35 行.
NOTIC: [8] Use of undefined constant id - assumed 'id' /data/wwwroot/www.fengzakka.cn/Application/Runtime/Cache/Mobile/56100e2ee68da1c55bb7048b88cc0a95.php 第 40 行.
NOTIC: [8] Undefined index: sub_tmenu /data/wwwroot/www.fengzakka.cn/Application/Runtime/Cache/Mobile/56100e2ee68da1c55bb7048b88cc0a95.php 第 43 行.
NOTIC: [8] Use of undefined constant id - assumed 'id' /data/wwwroot/www.fengzakka.cn/Application/Runtime/Cache/Mobile/56100e2ee68da1c55bb7048b88cc0a95.php 第 40 行.
NOTIC: [8] Undefined index: sub_tmenu /data/wwwroot/www.fengzakka.cn/Application/Runtime/Cache/Mobile/56100e2ee68da1c55bb7048b88cc0a95.php 第 43 行.
NOTIC: [8] Use of undefined constant id - assumed 'id' /data/wwwroot/www.fengzakka.cn/Application/Runtime/Cache/Mobile/56100e2ee68da1c55bb7048b88cc0a95.php 第 40 行.
NOTIC: [8] Undefined index: sub_tmenu /data/wwwroot/www.fengzakka.cn/Application/Runtime/Cache/Mobile/56100e2ee68da1c55bb7048b88cc0a95.php 第 43 行.
NOTIC: [8] Use of undefined constant id - assumed 'id' /data/wwwroot/www.fengzakka.cn/Application/Runtime/Cache/Mobile/56100e2ee68da1c55bb7048b88cc0a95.php 第 40 行.
NOTIC: [8] Undefined index: sub_tmenu /data/wwwroot/www.fengzakka.cn/Application/Runtime/Cache/Mobile/56100e2ee68da1c55bb7048b88cc0a95.php 第 43 行.
NOTIC: [8] Use of undefined constant id - assumed 'id' /data/wwwroot/www.fengzakka.cn/Application/Runtime/Cache/Mobile/56100e2ee68da1c55bb7048b88cc0a95.php 第 40 行.
NOTIC: [8] Undefined index: sub_tmenu /data/wwwroot/www.fengzakka.cn/Application/Runtime/Cache/Mobile/56100e2ee68da1c55bb7048b88cc0a95.php 第 43 行.
NOTIC: [8] Use of undefined constant id - assumed 'id' /data/wwwroot/www.fengzakka.cn/Application/Runtime/Cache/Mobile/56100e2ee68da1c55bb7048b88cc0a95.php 第 40 行.
NOTIC: [8] Undefined index: sub_tmenu /data/wwwroot/www.fengzakka.cn/Application/Runtime/Cache/Mobile/56100e2ee68da1c55bb7048b88cc0a95.php 第 43 行.
NOTIC: [8] Use of undefined constant id - assumed 'id' /data/wwwroot/www.fengzakka.cn/Application/Runtime/Cache/Mobile/56100e2ee68da1c55bb7048b88cc0a95.php 第 40 行.
NOTIC: [8] Undefined index: sub_tmenu /data/wwwroot/www.fengzakka.cn/Application/Runtime/Cache/Mobile/56100e2ee68da1c55bb7048b88cc0a95.php 第 43 行.
NOTIC: [8] Use of undefined constant edit_ad - assumed 'edit_ad' /data/wwwroot/www.fengzakka.cn/Application/Runtime/Cache/Mobile/56100e2ee68da1c55bb7048b88cc0a95.php 第 35 行.
NOTIC: [8] Undefined index: edit_ad /data/wwwroot/www.fengzakka.cn/Application/Runtime/Cache/Mobile/56100e2ee68da1c55bb7048b88cc0a95.php 第 35 行.
NOTIC: [8] Use of undefined constant id - assumed 'id' /data/wwwroot/www.fengzakka.cn/Application/Runtime/Cache/Mobile/56100e2ee68da1c55bb7048b88cc0a95.php 第 40 行.
NOTIC: [8] Undefined index: sub_tmenu /data/wwwroot/www.fengzakka.cn/Application/Runtime/Cache/Mobile/56100e2ee68da1c55bb7048b88cc0a95.php 第 43 行.
NOTIC: [8] Use of undefined constant id - assumed 'id' /data/wwwroot/www.fengzakka.cn/Application/Runtime/Cache/Mobile/56100e2ee68da1c55bb7048b88cc0a95.php 第 40 行.
NOTIC: [8] Undefined index: sub_tmenu /data/wwwroot/www.fengzakka.cn/Application/Runtime/Cache/Mobile/56100e2ee68da1c55bb7048b88cc0a95.php 第 43 行.
NOTIC: [8] Use of undefined constant id - assumed 'id' /data/wwwroot/www.fengzakka.cn/Application/Runtime/Cache/Mobile/56100e2ee68da1c55bb7048b88cc0a95.php 第 40 行.
NOTIC: [8] Undefined index: sub_tmenu /data/wwwroot/www.fengzakka.cn/Application/Runtime/Cache/Mobile/56100e2ee68da1c55bb7048b88cc0a95.php 第 43 行.
NOTIC: [8] Use of undefined constant id - assumed 'id' /data/wwwroot/www.fengzakka.cn/Application/Runtime/Cache/Mobile/56100e2ee68da1c55bb7048b88cc0a95.php 第 40 行.
NOTIC: [8] Undefined index: sub_tmenu /data/wwwroot/www.fengzakka.cn/Application/Runtime/Cache/Mobile/56100e2ee68da1c55bb7048b88cc0a95.php 第 43 行.
NOTIC: [8] Use of undefined constant id - assumed 'id' /data/wwwroot/www.fengzakka.cn/Application/Runtime/Cache/Mobile/56100e2ee68da1c55bb7048b88cc0a95.php 第 40 行.
NOTIC: [8] Undefined index: sub_tmenu /data/wwwroot/www.fengzakka.cn/Application/Runtime/Cache/Mobile/56100e2ee68da1c55bb7048b88cc0a95.php 第 43 行.
NOTIC: [8] Use of undefined constant edit_ad - assumed 'edit_ad' /data/wwwroot/www.fengzakka.cn/Application/Runtime/Cache/Mobile/56100e2ee68da1c55bb7048b88cc0a95.php 第 35 行.
NOTIC: [8] Undefined index: edit_ad /data/wwwroot/www.fengzakka.cn/Application/Runtime/Cache/Mobile/56100e2ee68da1c55bb7048b88cc0a95.php 第 35 行.
NOTIC: [8] Use of undefined constant id - assumed 'id' /data/wwwroot/www.fengzakka.cn/Application/Runtime/Cache/Mobile/56100e2ee68da1c55bb7048b88cc0a95.php 第 40 行.
NOTIC: [8] Undefined index: sub_tmenu /data/wwwroot/www.fengzakka.cn/Application/Runtime/Cache/Mobile/56100e2ee68da1c55bb7048b88cc0a95.php 第 43 行.
NOTIC: [8] Use of undefined constant id - assumed 'id' /data/wwwroot/www.fengzakka.cn/Application/Runtime/Cache/Mobile/56100e2ee68da1c55bb7048b88cc0a95.php 第 40 行.
NOTIC: [8] Undefined index: sub_tmenu /data/wwwroot/www.fengzakka.cn/Application/Runtime/Cache/Mobile/56100e2ee68da1c55bb7048b88cc0a95.php 第 43 行.
NOTIC: [8] Use of undefined constant id - assumed 'id' /data/wwwroot/www.fengzakka.cn/Application/Runtime/Cache/Mobile/56100e2ee68da1c55bb7048b88cc0a95.php 第 40 行.
NOTIC: [8] Undefined index: sub_tmenu /data/wwwroot/www.fengzakka.cn/Application/Runtime/Cache/Mobile/56100e2ee68da1c55bb7048b88cc0a95.php 第 43 行.
NOTIC: [8] Use of undefined constant id - assumed 'id' /data/wwwroot/www.fengzakka.cn/Application/Runtime/Cache/Mobile/56100e2ee68da1c55bb7048b88cc0a95.php 第 40 行.
NOTIC: [8] Undefined index: sub_tmenu /data/wwwroot/www.fengzakka.cn/Application/Runtime/Cache/Mobile/56100e2ee68da1c55bb7048b88cc0a95.php 第 43 行.
NOTIC: [8] Use of undefined constant id - assumed 'id' /data/wwwroot/www.fengzakka.cn/Application/Runtime/Cache/Mobile/56100e2ee68da1c55bb7048b88cc0a95.php 第 40 行.
NOTIC: [8] Undefined index: sub_tmenu /data/wwwroot/www.fengzakka.cn/Application/Runtime/Cache/Mobile/56100e2ee68da1c55bb7048b88cc0a95.php 第 43 行.
NOTIC: [8] Use of undefined constant id - assumed 'id' /data/wwwroot/www.fengzakka.cn/Application/Runtime/Cache/Mobile/56100e2ee68da1c55bb7048b88cc0a95.php 第 40 行.
NOTIC: [8] Undefined index: sub_tmenu /data/wwwroot/www.fengzakka.cn/Application/Runtime/Cache/Mobile/56100e2ee68da1c55bb7048b88cc0a95.php 第 43 行.
NOTIC: [8] Use of undefined constant id - assumed 'id' /data/wwwroot/www.fengzakka.cn/Application/Runtime/Cache/Mobile/56100e2ee68da1c55bb7048b88cc0a95.php 第 40 行.
NOTIC: [8] Undefined index: sub_tmenu /data/wwwroot/www.fengzakka.cn/Application/Runtime/Cache/Mobile/56100e2ee68da1c55bb7048b88cc0a95.php 第 43 行.
NOTIC: [8] Use of undefined constant id - assumed 'id' /data/wwwroot/www.fengzakka.cn/Application/Runtime/Cache/Mobile/56100e2ee68da1c55bb7048b88cc0a95.php 第 40 行.
NOTIC: [8] Undefined index: sub_tmenu /data/wwwroot/www.fengzakka.cn/Application/Runtime/Cache/Mobile/56100e2ee68da1c55bb7048b88cc0a95.php 第 43 行.
NOTIC: [8] Use of undefined constant id - assumed 'id' /data/wwwroot/www.fengzakka.cn/Application/Runtime/Cache/Mobile/56100e2ee68da1c55bb7048b88cc0a95.php 第 40 行.
NOTIC: [8] Undefined index: sub_tmenu /data/wwwroot/www.fengzakka.cn/Application/Runtime/Cache/Mobile/56100e2ee68da1c55bb7048b88cc0a95.php 第 43 行.
NOTIC: [8] Use of undefined constant id - assumed 'id' /data/wwwroot/www.fengzakka.cn/Application/Runtime/Cache/Mobile/56100e2ee68da1c55bb7048b88cc0a95.php 第 40 行.
NOTIC: [8] Undefined index: sub_tmenu /data/wwwroot/www.fengzakka.cn/Application/Runtime/Cache/Mobile/56100e2ee68da1c55bb7048b88cc0a95.php 第 43 行.
NOTIC: [8] Use of undefined constant id - assumed 'id' /data/wwwroot/www.fengzakka.cn/Application/Runtime/Cache/Mobile/56100e2ee68da1c55bb7048b88cc0a95.php 第 40 行.
NOTIC: [8] Undefined index: sub_tmenu /data/wwwroot/www.fengzakka.cn/Application/Runtime/Cache/Mobile/56100e2ee68da1c55bb7048b88cc0a95.php 第 43 行.
NOTIC: [8] Use of undefined constant edit_ad - assumed 'edit_ad' /data/wwwroot/www.fengzakka.cn/Application/Runtime/Cache/Mobile/56100e2ee68da1c55bb7048b88cc0a95.php 第 35 行.
NOTIC: [8] Undefined index: edit_ad /data/wwwroot/www.fengzakka.cn/Application/Runtime/Cache/Mobile/56100e2ee68da1c55bb7048b88cc0a95.php 第 35 行.
NOTIC: [8] Use of undefined constant id - assumed 'id' /data/wwwroot/www.fengzakka.cn/Application/Runtime/Cache/Mobile/56100e2ee68da1c55bb7048b88cc0a95.php 第 40 行.
NOTIC: [8] Undefined index: sub_tmenu /data/wwwroot/www.fengzakka.cn/Application/Runtime/Cache/Mobile/56100e2ee68da1c55bb7048b88cc0a95.php 第 43 行.
NOTIC: [8] Use of undefined constant id - assumed 'id' /data/wwwroot/www.fengzakka.cn/Application/Runtime/Cache/Mobile/56100e2ee68da1c55bb7048b88cc0a95.php 第 40 行.
NOTIC: [8] Undefined index: sub_tmenu /data/wwwroot/www.fengzakka.cn/Application/Runtime/Cache/Mobile/56100e2ee68da1c55bb7048b88cc0a95.php 第 43 行.
NOTIC: [8] Use of undefined constant id - assumed 'id' /data/wwwroot/www.fengzakka.cn/Application/Runtime/Cache/Mobile/56100e2ee68da1c55bb7048b88cc0a95.php 第 40 行.
NOTIC: [8] Undefined index: sub_tmenu /data/wwwroot/www.fengzakka.cn/Application/Runtime/Cache/Mobile/56100e2ee68da1c55bb7048b88cc0a95.php 第 43 行.
NOTIC: [8] Use of undefined constant id - assumed 'id' /data/wwwroot/www.fengzakka.cn/Application/Runtime/Cache/Mobile/56100e2ee68da1c55bb7048b88cc0a95.php 第 40 行.
NOTIC: [8] Undefined index: sub_tmenu /data/wwwroot/www.fengzakka.cn/Application/Runtime/Cache/Mobile/56100e2ee68da1c55bb7048b88cc0a95.php 第 43 行.
NOTIC: [8] Use of undefined constant edit_ad - assumed 'edit_ad' /data/wwwroot/www.fengzakka.cn/Application/Runtime/Cache/Mobile/56100e2ee68da1c55bb7048b88cc0a95.php 第 35 行.
NOTIC: [8] Undefined index: edit_ad /data/wwwroot/www.fengzakka.cn/Application/Runtime/Cache/Mobile/56100e2ee68da1c55bb7048b88cc0a95.php 第 35 行.
NOTIC: [8] Use of undefined constant id - assumed 'id' /data/wwwroot/www.fengzakka.cn/Application/Runtime/Cache/Mobile/56100e2ee68da1c55bb7048b88cc0a95.php 第 40 行.
NOTIC: [8] Undefined index: sub_tmenu /data/wwwroot/www.fengzakka.cn/Application/Runtime/Cache/Mobile/56100e2ee68da1c55bb7048b88cc0a95.php 第 43 行.
NOTIC: [8] Use of undefined constant id - assumed 'id' /data/wwwroot/www.fengzakka.cn/Application/Runtime/Cache/Mobile/56100e2ee68da1c55bb7048b88cc0a95.php 第 40 行.
NOTIC: [8] Undefined index: sub_tmenu /data/wwwroot/www.fengzakka.cn/Application/Runtime/Cache/Mobile/56100e2ee68da1c55bb7048b88cc0a95.php 第 43 行.
NOTIC: [8] Use of undefined constant edit_ad - assumed 'edit_ad' /data/wwwroot/www.fengzakka.cn/Application/Runtime/Cache/Mobile/56100e2ee68da1c55bb7048b88cc0a95.php 第 35 行.
NOTIC: [8] Undefined index: edit_ad /data/wwwroot/www.fengzakka.cn/Application/Runtime/Cache/Mobile/56100e2ee68da1c55bb7048b88cc0a95.php 第 35 行.
NOTIC: [8] Use of undefined constant id - assumed 'id' /data/wwwroot/www.fengzakka.cn/Application/Runtime/Cache/Mobile/56100e2ee68da1c55bb7048b88cc0a95.php 第 40 行.
NOTIC: [8] Undefined index: sub_tmenu /data/wwwroot/www.fengzakka.cn/Application/Runtime/Cache/Mobile/56100e2ee68da1c55bb7048b88cc0a95.php 第 43 行.
NOTIC: [8] Use of undefined constant id - assumed 'id' /data/wwwroot/www.fengzakka.cn/Application/Runtime/Cache/Mobile/56100e2ee68da1c55bb7048b88cc0a95.php 第 40 行.
NOTIC: [8] Undefined index: sub_tmenu /data/wwwroot/www.fengzakka.cn/Application/Runtime/Cache/Mobile/56100e2ee68da1c55bb7048b88cc0a95.php 第 43 行.
NOTIC: [8] Use of undefined constant id - assumed 'id' /data/wwwroot/www.fengzakka.cn/Application/Runtime/Cache/Mobile/56100e2ee68da1c55bb7048b88cc0a95.php 第 40 行.
NOTIC: [8] Undefined index: sub_tmenu /data/wwwroot/www.fengzakka.cn/Application/Runtime/Cache/Mobile/56100e2ee68da1c55bb7048b88cc0a95.php 第 43 行.
NOTIC: [8] Use of undefined constant id - assumed 'id' /data/wwwroot/www.fengzakka.cn/Application/Runtime/Cache/Mobile/56100e2ee68da1c55bb7048b88cc0a95.php 第 40 行.
NOTIC: [8] Undefined index: sub_tmenu /data/wwwroot/www.fengzakka.cn/Application/Runtime/Cache/Mobile/56100e2ee68da1c55bb7048b88cc0a95.php 第 43 行.
NOTIC: [8] Use of undefined constant id - assumed 'id' /data/wwwroot/www.fengzakka.cn/Application/Runtime/Cache/Mobile/56100e2ee68da1c55bb7048b88cc0a95.php 第 40 行.
NOTIC: [8] Undefined index: sub_tmenu /data/wwwroot/www.fengzakka.cn/Application/Runtime/Cache/Mobile/56100e2ee68da1c55bb7048b88cc0a95.php 第 43 行.
NOTIC: [8] Use of undefined constant edit_ad - assumed 'edit_ad' /data/wwwroot/www.fengzakka.cn/Application/Runtime/Cache/Mobile/56100e2ee68da1c55bb7048b88cc0a95.php 第 35 行.
NOTIC: [8] Undefined index: edit_ad /data/wwwroot/www.fengzakka.cn/Application/Runtime/Cache/Mobile/56100e2ee68da1c55bb7048b88cc0a95.php 第 35 行.
NOTIC: [8] Use of undefined constant id - assumed 'id' /data/wwwroot/www.fengzakka.cn/Application/Runtime/Cache/Mobile/56100e2ee68da1c55bb7048b88cc0a95.php 第 40 行.
NOTIC: [8] Undefined index: sub_tmenu /data/wwwroot/www.fengzakka.cn/Application/Runtime/Cache/Mobile/56100e2ee68da1c55bb7048b88cc0a95.php 第 43 行.
NOTIC: [8] Use of undefined constant id - assumed 'id' /data/wwwroot/www.fengzakka.cn/Application/Runtime/Cache/Mobile/56100e2ee68da1c55bb7048b88cc0a95.php 第 40 行.
NOTIC: [8] Undefined index: sub_tmenu /data/wwwroot/www.fengzakka.cn/Application/Runtime/Cache/Mobile/56100e2ee68da1c55bb7048b88cc0a95.php 第 43 行.
NOTIC: [8] Use of undefined constant edit_ad - assumed 'edit_ad' /data/wwwroot/www.fengzakka.cn/Application/Runtime/Cache/Mobile/56100e2ee68da1c55bb7048b88cc0a95.php 第 35 行.
NOTIC: [8] Undefined index: edit_ad /data/wwwroot/www.fengzakka.cn/Application/Runtime/Cache/Mobile/56100e2ee68da1c55bb7048b88cc0a95.php 第 35 行.
NOTIC: [8] Use of undefined constant id - assumed 'id' /data/wwwroot/www.fengzakka.cn/Application/Runtime/Cache/Mobile/56100e2ee68da1c55bb7048b88cc0a95.php 第 40 行.
NOTIC: [8] Undefined index: sub_tmenu /data/wwwroot/www.fengzakka.cn/Application/Runtime/Cache/Mobile/56100e2ee68da1c55bb7048b88cc0a95.php 第 43 行.
NOTIC: [8] Use of undefined constant id - assumed 'id' /data/wwwroot/www.fengzakka.cn/Application/Runtime/Cache/Mobile/56100e2ee68da1c55bb7048b88cc0a95.php 第 40 行.
NOTIC: [8] Undefined index: sub_tmenu /data/wwwroot/www.fengzakka.cn/Application/Runtime/Cache/Mobile/56100e2ee68da1c55bb7048b88cc0a95.php 第 43 行.
NOTIC: [8] Use of undefined constant id - assumed 'id' /data/wwwroot/www.fengzakka.cn/Application/Runtime/Cache/Mobile/56100e2ee68da1c55bb7048b88cc0a95.php 第 40 行.
NOTIC: [8] Undefined index: sub_tmenu /data/wwwroot/www.fengzakka.cn/Application/Runtime/Cache/Mobile/56100e2ee68da1c55bb7048b88cc0a95.php 第 43 行.
NOTIC: [8] Use of undefined constant id - assumed 'id' /data/wwwroot/www.fengzakka.cn/Application/Runtime/Cache/Mobile/56100e2ee68da1c55bb7048b88cc0a95.php 第 40 行.
NOTIC: [8] Undefined index: sub_tmenu /data/wwwroot/www.fengzakka.cn/Application/Runtime/Cache/Mobile/56100e2ee68da1c55bb7048b88cc0a95.php 第 43 行.
INFO: Run Behavior\ParseTemplateBehavior [ RunTime:0.013614s ]
INFO: [ view_parse ] --END-- [ RunTime:0.013640s ]
INFO: [ view_filter ] --START--
INFO: Run Behavior\WriteHtmlCacheBehavior [ RunTime:0.000100s ]
INFO: Run Behavior\TokenBuildBehavior [ RunTime:0.000236s ]
INFO: [ view_filter ] --END-- [ RunTime:0.000376s ]
INFO: [ app_end ] --START--
INFO: Run Behavior\ShowPageTraceBehavior [ RunTime:0.000297s ]
INFO: [ app_end ] --END-- [ RunTime:0.000326s ]

[ 2017-07-25T00:42:55+08:00 ] 101.226.65.102 /Mobile/Goods/index.html
INFO: [ app_init ] --START--
INFO: Run Behavior\BuildLiteBehavior [ RunTime:0.000009s ]
INFO: [ app_init ] --END-- [ RunTime:0.000220s ]
INFO: [ app_begin ] --START--
INFO: Run Behavior\ReadHtmlCacheBehavior [ RunTime:0.000280s ]
INFO: [ app_begin ] --END-- [ RunTime:0.000313s ]
SQL: SHOW COLUMNS FROM `tp_ad_position` [ RunTime:0.0005s ]
SQL: SELECT b.* FROM tp_ad_position a INNER JOIN tp_ad b ON a.position_id=b.pid  WHERE ( a.position_name LIKE '%mobile%' ) ORDER BY b.orderby desc LIMIT 3   [ RunTime:0.0001s ]
SQL: SHOW COLUMNS FROM `tp_goods` [ RunTime:0.0005s ]
SQL: SELECT `goods_id`,`goods_sn`,`goods_name`,`shop_price`,`original_img` FROM `tp_goods` GROUP BY goods_id ORDER BY sort desc LIMIT 12   [ RunTime:0.0001s ]
INFO: [ view_begin ] --START--
INFO: Run Home\Behaviors\testBehavior [ RunTime:0.000122s ]
INFO: [ view_begin ] --END-- [ RunTime:0.000149s ]
INFO: [ view_parse ] --START--
INFO: [ template_filter ] --START--
INFO: Run Behavior\ContentReplaceBehavior [ RunTime:0.000069s ]
INFO: [ template_filter ] --END-- [ RunTime:0.000103s ]
INFO: Run Behavior\ParseTemplateBehavior [ RunTime:0.005888s ]
INFO: [ view_parse ] --END-- [ RunTime:0.005920s ]
INFO: [ view_filter ] --START--
INFO: Run Behavior\WriteHtmlCacheBehavior [ RunTime:0.000100s ]
INFO: Run Behavior\TokenBuildBehavior [ RunTime:0.000230s ]
INFO: [ view_filter ] --END-- [ RunTime:0.000380s ]
INFO: [ app_end ] --START--
INFO: Run Behavior\ShowPageTraceBehavior [ RunTime:0.000299s ]
INFO: [ app_end ] --END-- [ RunTime:0.000329s ]

[ 2017-07-25T00:42:56+08:00 ] 14.17.37.69 /Mobile/Goods/goodsList/id/862.html
INFO: [ app_init ] --START--
INFO: Run Behavior\BuildLiteBehavior [ RunTime:0.000010s ]
INFO: [ app_init ] --END-- [ RunTime:0.000219s ]
INFO: [ app_begin ] --START--
INFO: Run Behavior\ReadHtmlCacheBehavior [ RunTime:0.000285s ]
INFO: [ app_begin ] --END-- [ RunTime:0.000318s ]
SQL: SHOW COLUMNS FROM `tp_goods` [ RunTime:0.0007s ]
SQL: SHOW COLUMNS FROM `tp_goods_category` [ RunTime:0.0004s ]
SQL: SELECT * FROM `tp_goods_category` WHERE ( id = 862 ) LIMIT 1   [ RunTime:0.0001s ]
SQL: SHOW COLUMNS FROM `tp_goods_category` [ RunTime:0.0004s ]
SQL: SELECT * FROM `tp_goods_category` WHERE ( is_show = 1 ) ORDER BY sort_order  [ RunTime:0.0001s ]
SQL: SELECT `id`,`parent_id` FROM `tp_goods_category`  [ RunTime:0.0001s ]
SQL: SELECT `id` FROM `tp_goods_category` WHERE ( parent_id = 862 )  [ RunTime:0.0001s ]
NOTIC: [2] Invalid argument supplied for foreach() /data/wwwroot/www.fengzakka.cn/Application/Common/Common/common.php 第 401 行.
SQL: SHOW COLUMNS FROM `tp_goods` [ RunTime:0.0005s ]
SQL: SELECT `goods_id` FROM `tp_goods` WHERE ( is_on_sale=1 and cat_id in(862)  )  [ RunTime:0.0001s ]
SQL: SELECT `shop_price` FROM `tp_goods` WHERE ( goods_id in (157) )  [ RunTime:0.0001s ]
SQL: SHOW COLUMNS FROM `tp_brand` [ RunTime:0.0003s ]
SQL: SELECT * FROM `tp_brand` WHERE ( id in(select brand_id from tp_goods where brand_id > 0 and goods_id in(157)) ) LIMIT 30   [ RunTime:0.0001s ]
SQL: SHOW COLUMNS FROM `tp_spec_goods_price` [ RunTime:0.0003s ]
SQL: select group_concat(`key` separator  '_') as `key` from tp_spec_goods_price where goods_id in(157) [ RunTime:0.0001s ]
SQL: SHOW COLUMNS FROM `tp_spec` [ RunTime:0.0003s ]
SQL: SELECT `id`,`name` FROM `tp_spec` WHERE `search_index` = 1  [ RunTime:0.0001s ]
SQL: SHOW COLUMNS FROM `tp_spec_item` [ RunTime:0.0003s ]
SQL: SELECT `id`,`spec_id`,`item` FROM `tp_spec_item` WHERE `spec_id` IN (28,29,30,31,32,33,34,35,36,37,38,39,40,41,42,43,44,45)  [ RunTime:0.0001s ]
NOTIC: [8] Undefined index: spec /data/wwwroot/www.fengzakka.cn/Application/Home/Logic/GoodsLogic.class.php 第 79 行.
SQL: SHOW COLUMNS FROM `tp_goods_attr` [ RunTime:0.0003s ]
SQL: SELECT * FROM `tp_goods_attr` WHERE ( goods_id in(157) and attr_value != '' )  [ RunTime:0.0001s ]
SQL: SHOW COLUMNS FROM `tp_goods_attribute` [ RunTime:0.0003s ]
SQL: SELECT `attr_id`,`attr_name`,`attr_index` FROM `tp_goods_attribute`  [ RunTime:0.0001s ]
SQL: SELECT * FROM `tp_goods` WHERE ( goods_id in (157) ) ORDER BY goods_id asc LIMIT 0,4   [ RunTime:0.0001s ]
SQL: SHOW COLUMNS FROM `tp_goods_images` [ RunTime:0.0003s ]
SQL: SELECT * FROM `tp_goods_images` WHERE ( goods_id in (157) )  [ RunTime:0.0001s ]
SQL: SELECT `id`,`name`,`parent_id`,`level` FROM `tp_goods_category` WHERE ( is_show=1 )  [ RunTime:0.0001s ]
NOTIC: [8] Undefined index: is_ajax /data/wwwroot/www.fengzakka.cn/Application/Mobile/Controller/GoodsController.class.php 第 139 行.
INFO: [ view_begin ] --START--
INFO: Run Home\Behaviors\testBehavior [ RunTime:0.000121s ]
INFO: [ view_begin ] --END-- [ RunTime:0.000157s ]
INFO: [ view_parse ] --START--
INFO: [ template_filter ] --START--
INFO: Run Behavior\ContentReplaceBehavior [ RunTime:0.000152s ]
INFO: [ template_filter ] --END-- [ RunTime:0.000186s ]
NOTIC: [8] Undefined variable: tpshop_config /data/wwwroot/www.fengzakka.cn/Application/Runtime/Cache/Mobile/2b8c6080e455e089a54776d19e1bfb4b.php 第 8 行.
NOTIC: [8] Undefined variable: tpshop_config /data/wwwroot/www.fengzakka.cn/Application/Runtime/Cache/Mobile/2b8c6080e455e089a54776d19e1bfb4b.php 第 9 行.
NOTIC: [8] Use of undefined constant sort - assumed 'sort' /data/wwwroot/www.fengzakka.cn/Application/Runtime/Cache/Mobile/2b8c6080e455e089a54776d19e1bfb4b.php 第 37 行.
NOTIC: [8] Undefined index: sort /data/wwwroot/www.fengzakka.cn/Application/Runtime/Cache/Mobile/2b8c6080e455e089a54776d19e1bfb4b.php 第 37 行.
NOTIC: [8] Use of undefined constant sort - assumed 'sort' /data/wwwroot/www.fengzakka.cn/Application/Runtime/Cache/Mobile/2b8c6080e455e089a54776d19e1bfb4b.php 第 38 行.
NOTIC: [8] Undefined index: sort /data/wwwroot/www.fengzakka.cn/Application/Runtime/Cache/Mobile/2b8c6080e455e089a54776d19e1bfb4b.php 第 38 行.
NOTIC: [8] Use of undefined constant sort - assumed 'sort' /data/wwwroot/www.fengzakka.cn/Application/Runtime/Cache/Mobile/2b8c6080e455e089a54776d19e1bfb4b.php 第 39 行.
NOTIC: [8] Undefined index: sort /data/wwwroot/www.fengzakka.cn/Application/Runtime/Cache/Mobile/2b8c6080e455e089a54776d19e1bfb4b.php 第 39 行.
NOTIC: [8] Use of undefined constant sort - assumed 'sort' /data/wwwroot/www.fengzakka.cn/Application/Runtime/Cache/Mobile/2b8c6080e455e089a54776d19e1bfb4b.php 第 40 行.
NOTIC: [8] Undefined index: sort /data/wwwroot/www.fengzakka.cn/Application/Runtime/Cache/Mobile/2b8c6080e455e089a54776d19e1bfb4b.php 第 40 行.
NOTIC: [8] Use of undefined constant goods_id - assumed 'goods_id' /data/wwwroot/www.fengzakka.cn/Application/Runtime/Cache/Mobile/2b8c6080e455e089a54776d19e1bfb4b.php 第 49 行.
NOTIC: [8] Use of undefined constant goods_id - assumed 'goods_id' /data/wwwroot/www.fengzakka.cn/Application/Runtime/Cache/Mobile/2b8c6080e455e089a54776d19e1bfb4b.php 第 67 行.
NOTIC: [8] Use of undefined constant sort - assumed 'sort' /data/wwwroot/www.fengzakka.cn/Application/Runtime/Cache/Mobile/2b8c6080e455e089a54776d19e1bfb4b.php 第 85 行.
NOTIC: [8] Undefined index: sort /data/wwwroot/www.fengzakka.cn/Application/Runtime/Cache/Mobile/2b8c6080e455e089a54776d19e1bfb4b.php 第 85 行.
NOTIC: [8] Use of undefined constant sort_asc - assumed 'sort_asc' /data/wwwroot/www.fengzakka.cn/Application/Runtime/Cache/Mobile/2b8c6080e455e089a54776d19e1bfb4b.php 第 85 行.
NOTIC: [8] Undefined index: sort_asc /data/wwwroot/www.fengzakka.cn/Application/Runtime/Cache/Mobile/2b8c6080e455e089a54776d19e1bfb4b.php 第 85 行.
NOTIC: [8] Use of undefined constant href - assumed 'href' /data/wwwroot/www.fengzakka.cn/Application/Runtime/Cache/Mobile/2b8c6080e455e089a54776d19e1bfb4b.php 第 128 行.
NOTIC: [8] Use of undefined constant id - assumed 'id' /data/wwwroot/www.fengzakka.cn/Application/Runtime/Cache/Mobile/2b8c6080e455e089a54776d19e1bfb4b.php 第 128 行.
NOTIC: [8] Use of undefined constant name - assumed 'name' /data/wwwroot/www.fengzakka.cn/Application/Runtime/Cache/Mobile/2b8c6080e455e089a54776d19e1bfb4b.php 第 128 行.
NOTIC: [8] Use of undefined constant item - assumed 'item' /data/wwwroot/www.fengzakka.cn/Application/Runtime/Cache/Mobile/2b8c6080e455e089a54776d19e1bfb4b.php 第 134 行.
NOTIC: [8] Use of undefined constant item - assumed 'item' /data/wwwroot/www.fengzakka.cn/Application/Runtime/Cache/Mobile/2b8c6080e455e089a54776d19e1bfb4b.php 第 134 行.
NOTIC: [8] Use of undefined constant href - assumed 'href' /data/wwwroot/www.fengzakka.cn/Application/Runtime/Cache/Mobile/2b8c6080e455e089a54776d19e1bfb4b.php 第 135 行.
NOTIC: [8] Use of undefined constant key - assumed 'key' /data/wwwroot/www.fengzakka.cn/Application/Runtime/Cache/Mobile/2b8c6080e455e089a54776d19e1bfb4b.php 第 135 行.
NOTIC: [8] Use of undefined constant val - assumed 'val' /data/wwwroot/www.fengzakka.cn/Application/Runtime/Cache/Mobile/2b8c6080e455e089a54776d19e1bfb4b.php 第 135 行.
NOTIC: [8] Use of undefined constant item - assumed 'item' /data/wwwroot/www.fengzakka.cn/Application/Runtime/Cache/Mobile/2b8c6080e455e089a54776d19e1bfb4b.php 第 135 行.
NOTIC: [8] Use of undefined constant href - assumed 'href' /data/wwwroot/www.fengzakka.cn/Application/Runtime/Cache/Mobile/2b8c6080e455e089a54776d19e1bfb4b.php 第 135 行.
NOTIC: [8] Use of undefined constant key - assumed 'key' /data/wwwroot/www.fengzakka.cn/Application/Runtime/Cache/Mobile/2b8c6080e455e089a54776d19e1bfb4b.php 第 135 行.
NOTIC: [8] Use of undefined constant val - assumed 'val' /data/wwwroot/www.fengzakka.cn/Application/Runtime/Cache/Mobile/2b8c6080e455e089a54776d19e1bfb4b.php 第 135 行.
NOTIC: [8] Use of undefined constant item - assumed 'item' /data/wwwroot/www.fengzakka.cn/Application/Runtime/Cache/Mobile/2b8c6080e455e089a54776d19e1bfb4b.php 第 135 行.
NOTIC: [8] Use of undefined constant href - assumed 'href' /data/wwwroot/www.fengzakka.cn/Application/Runtime/Cache/Mobile/2b8c6080e455e089a54776d19e1bfb4b.php 第 154 行.
NOTIC: [8] Use of undefined constant value - assumed 'value' /data/wwwroot/www.fengzakka.cn/Application/Runtime/Cache/Mobile/2b8c6080e455e089a54776d19e1bfb4b.php 第 154 行.
NOTIC: [8] Undefined variable: tpshop_config /data/wwwroot/www.fengzakka.cn/Application/Runtime/Cache/Mobile/2b8c6080e455e089a54776d19e1bfb4b.php 第 229 行.
INFO: Run Behavior\ParseTemplateBehavior [ RunTime:0.013456s ]
INFO: [ view_parse ] --END-- [ RunTime:0.013481s ]
INFO: [ view_filter ] --START--
INFO: Run Behavior\WriteHtmlCacheBehavior [ RunTime:0.000095s ]
INFO: Run Behavior\TokenBuildBehavior [ RunTime:0.000155s ]
INFO: [ view_filter ] --END-- [ RunTime:0.000289s ]
INFO: [ app_end ] --START--
INFO: Run Behavior\ShowPageTraceBehavior [ RunTime:0.000279s ]
INFO: [ app_end ] --END-- [ RunTime:0.000309s ]

[ 2017-07-25T00:42:57+08:00 ] 101.226.125.111 /Mobile/Index/index.html
INFO: [ app_init ] --START--
INFO: Run Behavior\BuildLiteBehavior [ RunTime:0.000011s ]
INFO: [ app_init ] --END-- [ RunTime:0.000219s ]
INFO: [ app_begin ] --START--
INFO: Run Behavior\ReadHtmlCacheBehavior [ RunTime:0.000332s ]
INFO: [ app_begin ] --END-- [ RunTime:0.000368s ]
SQL: SHOW COLUMNS FROM `tp_article_cat` [ RunTime:0.0005s ]
SQL: SELECT `cat_name`,`cat_id` FROM `tp_article_cat` WHERE `show_in_nav` = 1 AND `parent_id` = 0  [ RunTime:0.0001s ]
SQL: SHOW COLUMNS FROM `tp_ad_position` [ RunTime:0.0004s ]
SQL: SELECT b.* FROM tp_ad_position a INNER JOIN tp_ad b ON a.position_id=b.pid  WHERE ( a.position_name LIKE '%mobile%' ) ORDER BY b.orderby desc LIMIT 3   [ RunTime:0.0001s ]
SQL: SHOW COLUMNS FROM `tp_consult` [ RunTime:0.0003s ]
SQL: SELECT * FROM `tp_consult` WHERE `is_show` = 0 GROUP BY consult_id ORDER BY createtime desc LIMIT 6   [ RunTime:0.0001s ]
INFO: [ view_begin ] --START--
INFO: Run Home\Behaviors\testBehavior [ RunTime:0.000157s ]
INFO: [ view_begin ] --END-- [ RunTime:0.000186s ]
INFO: [ view_parse ] --START--
INFO: [ template_filter ] --START--
INFO: Run Behavior\ContentReplaceBehavior [ RunTime:0.000072s ]
INFO: [ template_filter ] --END-- [ RunTime:0.000111s ]
INFO: Run Behavior\ParseTemplateBehavior [ RunTime:0.008572s ]
INFO: [ view_parse ] --END-- [ RunTime:0.008604s ]
INFO: [ view_filter ] --START--
INFO: Run Behavior\WriteHtmlCacheBehavior [ RunTime:0.000097s ]
INFO: Run Behavior\TokenBuildBehavior [ RunTime:0.000235s ]
INFO: [ view_filter ] --END-- [ RunTime:0.000374s ]
INFO: [ app_end ] --START--
INFO: Run Behavior\ShowPageTraceBehavior [ RunTime:0.000298s ]
INFO: [ app_end ] --END-- [ RunTime:0.000328s ]

[ 2017-07-25T00:50:43+08:00 ] 112.65.193.15 /Mobile/Goods/index.html
INFO: [ app_init ] --START--
INFO: Run Behavior\BuildLiteBehavior [ RunTime:0.000015s ]
INFO: [ app_init ] --END-- [ RunTime:0.000286s ]
INFO: [ app_begin ] --START--
INFO: Run Behavior\ReadHtmlCacheBehavior [ RunTime:0.000378s ]
INFO: [ app_begin ] --END-- [ RunTime:0.000422s ]
SQL: SHOW COLUMNS FROM `tp_ad_position` [ RunTime:0.0006s ]
SQL: SELECT b.* FROM tp_ad_position a INNER JOIN tp_ad b ON a.position_id=b.pid  WHERE ( a.position_name LIKE '%mobile%' ) ORDER BY b.orderby desc LIMIT 3   [ RunTime:0.0001s ]
SQL: SHOW COLUMNS FROM `tp_goods` [ RunTime:0.0008s ]
SQL: SELECT `goods_id`,`goods_sn`,`goods_name`,`shop_price`,`original_img` FROM `tp_goods` GROUP BY goods_id ORDER BY sort desc LIMIT 12   [ RunTime:0.0001s ]
INFO: [ view_begin ] --START--
INFO: Run Home\Behaviors\testBehavior [ RunTime:0.000152s ]
INFO: [ view_begin ] --END-- [ RunTime:0.000190s ]
INFO: [ view_parse ] --START--
INFO: [ template_filter ] --START--
INFO: Run Behavior\ContentReplaceBehavior [ RunTime:0.000073s ]
INFO: [ template_filter ] --END-- [ RunTime:0.000117s ]
INFO: Run Behavior\ParseTemplateBehavior [ RunTime:0.008151s ]
INFO: [ view_parse ] --END-- [ RunTime:0.008194s ]
INFO: [ view_filter ] --START--
INFO: Run Behavior\WriteHtmlCacheBehavior [ RunTime:0.000115s ]
INFO: Run Behavior\TokenBuildBehavior [ RunTime:0.000272s ]
INFO: [ view_filter ] --END-- [ RunTime:0.000442s ]
INFO: [ app_end ] --START--
INFO: Run Behavior\ShowPageTraceBehavior [ RunTime:0.000384s ]
INFO: [ app_end ] --END-- [ RunTime:0.000440s ]

[ 2017-07-25T00:50:48+08:00 ] 101.226.66.180 /Mobile/Index/index.html
INFO: [ app_init ] --START--
INFO: Run Behavior\BuildLiteBehavior [ RunTime:0.000011s ]
INFO: [ app_init ] --END-- [ RunTime:0.000233s ]
INFO: [ app_begin ] --START--
INFO: Run Behavior\ReadHtmlCacheBehavior [ RunTime:0.000297s ]
INFO: [ app_begin ] --END-- [ RunTime:0.000333s ]
SQL: SHOW COLUMNS FROM `tp_article_cat` [ RunTime:0.0006s ]
SQL: SELECT `cat_name`,`cat_id` FROM `tp_article_cat` WHERE `show_in_nav` = 1 AND `parent_id` = 0  [ RunTime:0.0001s ]
SQL: SHOW COLUMNS FROM `tp_ad_position` [ RunTime:0.0003s ]
SQL: SELECT b.* FROM tp_ad_position a INNER JOIN tp_ad b ON a.position_id=b.pid  WHERE ( a.position_name LIKE '%mobile%' ) ORDER BY b.orderby desc LIMIT 3   [ RunTime:0.0001s ]
SQL: SHOW COLUMNS FROM `tp_consult` [ RunTime:0.0003s ]
SQL: SELECT * FROM `tp_consult` WHERE `is_show` = 0 GROUP BY consult_id ORDER BY createtime desc LIMIT 6   [ RunTime:0.0001s ]
INFO: [ view_begin ] --START--
INFO: Run Home\Behaviors\testBehavior [ RunTime:0.000147s ]
INFO: [ view_begin ] --END-- [ RunTime:0.000176s ]
INFO: [ view_parse ] --START--
INFO: [ template_filter ] --START--
INFO: Run Behavior\ContentReplaceBehavior [ RunTime:0.000071s ]
INFO: [ template_filter ] --END-- [ RunTime:0.000108s ]
INFO: Run Behavior\ParseTemplateBehavior [ RunTime:0.008233s ]
INFO: [ view_parse ] --END-- [ RunTime:0.008262s ]
INFO: [ view_filter ] --START--
INFO: Run Behavior\WriteHtmlCacheBehavior [ RunTime:0.000096s ]
INFO: Run Behavior\TokenBuildBehavior [ RunTime:0.000215s ]
INFO: [ view_filter ] --END-- [ RunTime:0.000352s ]
INFO: [ app_end ] --START--
INFO: Run Behavior\ShowPageTraceBehavior [ RunTime:0.000310s ]
INFO: [ app_end ] --END-- [ RunTime:0.000339s ]

[ 2017-07-25T12:26:59+08:00 ] 140.205.204.75 /Mobile/Index/index.html
INFO: [ app_init ] --START--
INFO: Run Behavior\BuildLiteBehavior [ RunTime:0.000011s ]
INFO: [ app_init ] --END-- [ RunTime:0.000214s ]
INFO: [ app_begin ] --START--
INFO: Run Behavior\ReadHtmlCacheBehavior [ RunTime:0.000335s ]
INFO: [ app_begin ] --END-- [ RunTime:0.000370s ]
SQL: SHOW COLUMNS FROM `tp_article_cat` [ RunTime:0.0006s ]
SQL: SELECT `cat_name`,`cat_id` FROM `tp_article_cat` WHERE `show_in_nav` = 1 AND `parent_id` = 0  [ RunTime:0.0001s ]
SQL: SHOW COLUMNS FROM `tp_ad_position` [ RunTime:0.0003s ]
SQL: SELECT b.* FROM tp_ad_position a INNER JOIN tp_ad b ON a.position_id=b.pid  WHERE ( a.position_name LIKE '%mobile%' ) ORDER BY b.orderby desc LIMIT 3   [ RunTime:0.0001s ]
SQL: SHOW COLUMNS FROM `tp_consult` [ RunTime:0.0003s ]
SQL: SELECT * FROM `tp_consult` WHERE `is_show` = 0 GROUP BY consult_id ORDER BY createtime desc LIMIT 6   [ RunTime:0.0001s ]
INFO: [ view_begin ] --START--
INFO: Run Home\Behaviors\testBehavior [ RunTime:0.000150s ]
INFO: [ view_begin ] --END-- [ RunTime:0.000179s ]
INFO: [ view_parse ] --START--
INFO: [ template_filter ] --START--
INFO: Run Behavior\ContentReplaceBehavior [ RunTime:0.000079s ]
INFO: [ template_filter ] --END-- [ RunTime:0.000125s ]
INFO: Run Behavior\ParseTemplateBehavior [ RunTime:0.008674s ]
INFO: [ view_parse ] --END-- [ RunTime:0.008704s ]
INFO: [ view_filter ] --START--
INFO: Run Behavior\WriteHtmlCacheBehavior [ RunTime:0.000099s ]
INFO: Run Behavior\TokenBuildBehavior [ RunTime:0.000232s ]
INFO: [ view_filter ] --END-- [ RunTime:0.000370s ]
INFO: [ app_end ] --START--
INFO: Run Behavior\ShowPageTraceBehavior [ RunTime:0.000326s ]
INFO: [ app_end ] --END-- [ RunTime:0.000355s ]

[ 2017-07-25T12:51:45+08:00 ] 119.137.85.135 /Mobile/Index/index.html
INFO: [ app_init ] --START--
INFO: Run Behavior\BuildLiteBehavior [ RunTime:0.000009s ]
INFO: [ app_init ] --END-- [ RunTime:0.000239s ]
INFO: [ app_begin ] --START--
INFO: Run Behavior\ReadHtmlCacheBehavior [ RunTime:0.000292s ]
INFO: [ app_begin ] --END-- [ RunTime:0.000333s ]
SQL: SHOW COLUMNS FROM `tp_article_cat` [ RunTime:0.0004s ]
SQL: SELECT `cat_name`,`cat_id` FROM `tp_article_cat` WHERE `show_in_nav` = 1 AND `parent_id` = 0  [ RunTime:0.0001s ]
SQL: SHOW COLUMNS FROM `tp_ad_position` [ RunTime:0.0004s ]
SQL: SELECT b.* FROM tp_ad_position a INNER JOIN tp_ad b ON a.position_id=b.pid  WHERE ( a.position_name LIKE '%mobile%' ) ORDER BY b.orderby desc LIMIT 3   [ RunTime:0.0001s ]
SQL: SHOW COLUMNS FROM `tp_consult` [ RunTime:0.0003s ]
SQL: SELECT * FROM `tp_consult` WHERE `is_show` = 0 GROUP BY consult_id ORDER BY createtime desc LIMIT 6   [ RunTime:0.0001s ]
INFO: [ view_begin ] --START--
INFO: Run Home\Behaviors\testBehavior [ RunTime:0.000119s ]
INFO: [ view_begin ] --END-- [ RunTime:0.000146s ]
INFO: [ view_parse ] --START--
INFO: [ template_filter ] --START--
INFO: Run Behavior\ContentReplaceBehavior [ RunTime:0.000085s ]
INFO: [ template_filter ] --END-- [ RunTime:0.000123s ]
INFO: Run Behavior\ParseTemplateBehavior [ RunTime:0.008502s ]
INFO: [ view_parse ] --END-- [ RunTime:0.008534s ]
INFO: [ view_filter ] --START--
INFO: Run Behavior\WriteHtmlCacheBehavior [ RunTime:0.000088s ]
INFO: Run Behavior\TokenBuildBehavior [ RunTime:0.000240s ]
INFO: [ view_filter ] --END-- [ RunTime:0.000376s ]
INFO: [ app_end ] --START--
INFO: Run Behavior\ShowPageTraceBehavior [ RunTime:0.000272s ]
INFO: [ app_end ] --END-- [ RunTime:0.000307s ]

[ 2017-07-25T12:51:59+08:00 ] 42.156.251.194 /Mobile/Index/index.html
INFO: [ app_init ] --START--
INFO: Run Behavior\BuildLiteBehavior [ RunTime:0.000010s ]
INFO: [ app_init ] --END-- [ RunTime:0.000222s ]
INFO: [ app_begin ] --START--
INFO: Run Behavior\ReadHtmlCacheBehavior [ RunTime:0.000277s ]
INFO: [ app_begin ] --END-- [ RunTime:0.000309s ]
SQL: SHOW COLUMNS FROM `tp_article_cat` [ RunTime:0.0005s ]
SQL: SELECT `cat_name`,`cat_id` FROM `tp_article_cat` WHERE `show_in_nav` = 1 AND `parent_id` = 0  [ RunTime:0.0001s ]
SQL: SHOW COLUMNS FROM `tp_ad_position` [ RunTime:0.0003s ]
SQL: SELECT b.* FROM tp_ad_position a INNER JOIN tp_ad b ON a.position_id=b.pid  WHERE ( a.position_name LIKE '%mobile%' ) ORDER BY b.orderby desc LIMIT 3   [ RunTime:0.0001s ]
SQL: SHOW COLUMNS FROM `tp_consult` [ RunTime:0.0003s ]
SQL: SELECT * FROM `tp_consult` WHERE `is_show` = 0 GROUP BY consult_id ORDER BY createtime desc LIMIT 6   [ RunTime:0.0001s ]
INFO: [ view_begin ] --START--
INFO: Run Home\Behaviors\testBehavior [ RunTime:0.000120s ]
INFO: [ view_begin ] --END-- [ RunTime:0.000146s ]
INFO: [ view_parse ] --START--
INFO: [ template_filter ] --START--
INFO: Run Behavior\ContentReplaceBehavior [ RunTime:0.000069s ]
INFO: [ template_filter ] --END-- [ RunTime:0.000101s ]
INFO: Run Behavior\ParseTemplateBehavior [ RunTime:0.008127s ]
INFO: [ view_parse ] --END-- [ RunTime:0.008156s ]
INFO: [ view_filter ] --START--
INFO: Run Behavior\WriteHtmlCacheBehavior [ RunTime:0.000092s ]
INFO: Run Behavior\TokenBuildBehavior [ RunTime:0.000194s ]
INFO: [ view_filter ] --END-- [ RunTime:0.000323s ]
INFO: [ app_end ] --START--
INFO: Run Behavior\ShowPageTraceBehavior [ RunTime:0.000269s ]
INFO: [ app_end ] --END-- [ RunTime:0.000297s ]

[ 2017-07-25T13:08:55+08:00 ] 121.34.154.124 /Mobile/Index/index.html
INFO: [ app_init ] --START--
INFO: Run Behavior\BuildLiteBehavior [ RunTime:0.000010s ]
INFO: [ app_init ] --END-- [ RunTime:0.000224s ]
INFO: [ app_begin ] --START--
INFO: Run Behavior\ReadHtmlCacheBehavior [ RunTime:0.000284s ]
INFO: [ app_begin ] --END-- [ RunTime:0.000317s ]
SQL: SHOW COLUMNS FROM `tp_article_cat` [ RunTime:0.0005s ]
SQL: SELECT `cat_name`,`cat_id` FROM `tp_article_cat` WHERE `show_in_nav` = 1 AND `parent_id` = 0  [ RunTime:0.0001s ]
SQL: SHOW COLUMNS FROM `tp_ad_position` [ RunTime:0.0004s ]
SQL: SELECT b.* FROM tp_ad_position a INNER JOIN tp_ad b ON a.position_id=b.pid  WHERE ( a.position_name LIKE '%mobile%' ) ORDER BY b.orderby desc LIMIT 3   [ RunTime:0.0001s ]
SQL: SHOW COLUMNS FROM `tp_consult` [ RunTime:0.0003s ]
SQL: SELECT * FROM `tp_consult` WHERE `is_show` = 0 GROUP BY consult_id ORDER BY createtime desc LIMIT 6   [ RunTime:0.0001s ]
INFO: [ view_begin ] --START--
INFO: Run Home\Behaviors\testBehavior [ RunTime:0.000132s ]
INFO: [ view_begin ] --END-- [ RunTime:0.000159s ]
INFO: [ view_parse ] --START--
INFO: [ template_filter ] --START--
INFO: Run Behavior\ContentReplaceBehavior [ RunTime:0.000067s ]
INFO: [ template_filter ] --END-- [ RunTime:0.000102s ]
INFO: Run Behavior\ParseTemplateBehavior [ RunTime:0.008507s ]
INFO: [ view_parse ] --END-- [ RunTime:0.008537s ]
INFO: [ view_filter ] --START--
INFO: Run Behavior\WriteHtmlCacheBehavior [ RunTime:0.000107s ]
INFO: Run Behavior\TokenBuildBehavior [ RunTime:0.000224s ]
INFO: [ view_filter ] --END-- [ RunTime:0.000371s ]
INFO: [ app_end ] --START--
INFO: Run Behavior\ShowPageTraceBehavior [ RunTime:0.000274s ]
INFO: [ app_end ] --END-- [ RunTime:0.000301s ]

[ 2017-07-25T22:09:36+08:00 ] 115.45.202.57 /Mobile/Goods/index.html
INFO: [ app_init ] --START--
INFO: Run Behavior\BuildLiteBehavior [ RunTime:0.000009s ]
INFO: [ app_init ] --END-- [ RunTime:0.000228s ]
INFO: [ app_begin ] --START--
INFO: Run Behavior\ReadHtmlCacheBehavior [ RunTime:0.000297s ]
INFO: [ app_begin ] --END-- [ RunTime:0.000330s ]
SQL: SHOW COLUMNS FROM `tp_ad_position` [ RunTime:0.0005s ]
SQL: SELECT b.* FROM tp_ad_position a INNER JOIN tp_ad b ON a.position_id=b.pid  WHERE ( a.position_name LIKE '%mobile%' ) ORDER BY b.orderby desc LIMIT 3   [ RunTime:0.0001s ]
SQL: SHOW COLUMNS FROM `tp_goods` [ RunTime:0.0005s ]
SQL: SELECT `goods_id`,`goods_sn`,`goods_name`,`shop_price`,`original_img` FROM `tp_goods` GROUP BY goods_id ORDER BY sort desc LIMIT 12   [ RunTime:0.0001s ]
INFO: [ view_begin ] --START--
INFO: Run Home\Behaviors\testBehavior [ RunTime:0.000117s ]
INFO: [ view_begin ] --END-- [ RunTime:0.000145s ]
INFO: [ view_parse ] --START--
INFO: [ template_filter ] --START--
INFO: Run Behavior\ContentReplaceBehavior [ RunTime:0.000059s ]
INFO: [ template_filter ] --END-- [ RunTime:0.000091s ]
INFO: Run Behavior\ParseTemplateBehavior [ RunTime:0.005549s ]
INFO: [ view_parse ] --END-- [ RunTime:0.005578s ]
INFO: [ view_filter ] --START--
INFO: Run Behavior\WriteHtmlCacheBehavior [ RunTime:0.000107s ]
INFO: Run Behavior\TokenBuildBehavior [ RunTime:0.000266s ]
INFO: [ view_filter ] --END-- [ RunTime:0.000422s ]
INFO: [ app_end ] --START--
INFO: Run Behavior\ShowPageTraceBehavior [ RunTime:0.000287s ]
INFO: [ app_end ] --END-- [ RunTime:0.000313s ]

[ 2017-07-25T22:09:37+08:00 ] 115.45.202.57 /Mobile/MobileBase/Userinfo?code=031eGP8j1ENW3y0Vo28j1daP8j1eGP8f&state=
INFO: [ app_init ] --START--
INFO: Run Behavior\BuildLiteBehavior [ RunTime:0.000010s ]
INFO: [ app_init ] --END-- [ RunTime:0.000223s ]
INFO: [ app_begin ] --START--
INFO: Run Behavior\ReadHtmlCacheBehavior [ RunTime:0.000317s ]
INFO: [ app_begin ] --END-- [ RunTime:0.000352s ]
NOTIC: [2] Missing argument 2 for Common\Normal\Httpclient::quickGet(), called in /data/wwwroot/www.fengzakka.cn/Application/Common/Normal/Wechat.class.php on line 815 and defined /data/wwwroot/www.fengzakka.cn/Application/Common/Normal/Httpclient.class.php 第 298 行.
NOTIC: [2] Missing argument 2 for Common\Normal\Httpclient::quickGet(), called in /data/wwwroot/www.fengzakka.cn/Application/Common/Normal/Wechat.class.php on line 842 and defined /data/wwwroot/www.fengzakka.cn/Application/Common/Normal/Httpclient.class.php 第 298 行.
NOTIC: [2] Missing argument 2 for Common\Normal\Httpclient::quickGet(), called in /data/wwwroot/www.fengzakka.cn/Application/Common/Normal/Wechat.class.php on line 863 and defined /data/wwwroot/www.fengzakka.cn/Application/Common/Normal/Httpclient.class.php 第 298 行.
SQL: SHOW COLUMNS FROM `tp_users` [ RunTime:0.0007s ]
SQL: SELECT * FROM `tp_users` WHERE `openid` = 'o6pmpxIyJYV6rdlhrxevZ88B9-S4' LIMIT 1   [ RunTime:0.0005s ]
SQL: UPDATE `tp_users` SET `last_ip`='115.45.202.57',`last_login`='1500991777' WHERE `openid` = 'o6pmpxIyJYV6rdlhrxevZ88B9-S4' [ RunTime:0.0005s ]
SQL: SHOW COLUMNS FROM `tp_user_log` [ RunTime:0.0003s ]
SQL: INSERT INTO `tp_user_log` (`web`,`info`,`addtime`,`flag`) VALUES ('wx','{\"user_id\":\"3442\",\"account\":\"\",\"email\":\"\",\"password\":\"\",\"sex\":\"2\",\"birthday\":\"0\",\"user_money\":\"0.00\",\"frozen_money\":\"0.00\",\"distribut_money\":\"0.00\",\"pay_points\":\"0\",\"address_id\":\"0\",\"reg_time\":\"1497978856\",\"last_login\":\"1498902676\",\"last_ip\":\"117.136.31.243\",\"qq\":\"\",\"mobile\":\"\",\"mobile_validated\":\"0\",\"oauth\":\"wx_mobile\",\"unionid\":null,\"openid\":\"o6pmpxIyJYV6rdlhrxevZ88B9-S4\",\"head_pic\":\"http:\\/\\/wx.qlogo.cn\\/mmopen\\/9YSUfwbGibia7dBjjLuKXVBeK1EL9ia7OQXXLBn7hdIobA6rxaeqFNVYiahnsic6Gy6LXGRIsv5mI2wmBopdOIOBo5OdqzHY7Rg4H\\/96\",\"province\":\"\\u5e7f\\u4e1c\",\"city\":\"\\u6df1\\u5733\",\"district\":null,\"email_validated\":\"0\",\"nickname\":\"\\u5ae3\\u5ae3\",\"level\":\"1\",\"discount\":\"1.00\",\"total_amount\":\"0.00\",\"is_lock\":\"0\",\"is_distribut\":\"0\",\"first_leader\":\"0\",\"second_leader\":\"0\",\"third_leader\":\"0\",\"token\":\"\",\"write_role\":null,\"introduce\":null,\"detail_address\":null}','1500991777','old') [ RunTime:0.0002s ]

[ 2017-07-25T22:09:37+08:00 ] 115.45.202.57 /Mobile/Index/index.html
INFO: [ app_init ] --START--
INFO: Run Behavior\BuildLiteBehavior [ RunTime:0.000010s ]
INFO: [ app_init ] --END-- [ RunTime:0.000209s ]
INFO: [ app_begin ] --START--
INFO: Run Behavior\ReadHtmlCacheBehavior [ RunTime:0.000348s ]
INFO: [ app_begin ] --END-- [ RunTime:0.000389s ]
SQL: SHOW COLUMNS FROM `tp_article_cat` [ RunTime:0.0006s ]
SQL: SELECT `cat_name`,`cat_id` FROM `tp_article_cat` WHERE `show_in_nav` = 1 AND `parent_id` = 0  [ RunTime:0.0001s ]
SQL: SHOW COLUMNS FROM `tp_ad_position` [ RunTime:0.0004s ]
SQL: SELECT b.* FROM tp_ad_position a INNER JOIN tp_ad b ON a.position_id=b.pid  WHERE ( a.position_name LIKE '%mobile%' ) ORDER BY b.orderby desc LIMIT 3   [ RunTime:0.0001s ]
SQL: SHOW COLUMNS FROM `tp_consult` [ RunTime:0.0003s ]
SQL: SELECT * FROM `tp_consult` WHERE `is_show` = 0 GROUP BY consult_id ORDER BY createtime desc LIMIT 6   [ RunTime:0.0001s ]
INFO: [ view_begin ] --START--
INFO: Run Home\Behaviors\testBehavior [ RunTime:0.000122s ]
INFO: [ view_begin ] --END-- [ RunTime:0.000150s ]
INFO: [ view_parse ] --START--
INFO: [ template_filter ] --START--
INFO: Run Behavior\ContentReplaceBehavior [ RunTime:0.000069s ]
INFO: [ template_filter ] --END-- [ RunTime:0.000103s ]
INFO: Run Behavior\ParseTemplateBehavior [ RunTime:0.008562s ]
INFO: [ view_parse ] --END-- [ RunTime:0.008591s ]
INFO: [ view_filter ] --START--
INFO: Run Behavior\WriteHtmlCacheBehavior [ RunTime:0.000092s ]
INFO: Run Behavior\TokenBuildBehavior [ RunTime:0.000214s ]
INFO: [ view_filter ] --END-- [ RunTime:0.000357s ]
INFO: [ app_end ] --START--
INFO: Run Behavior\ShowPageTraceBehavior [ RunTime:0.000301s ]
INFO: [ app_end ] --END-- [ RunTime:0.000337s ]

[ 2017-07-25T22:09:45+08:00 ] 101.226.66.193 /Mobile/Goods/index.html
INFO: [ app_init ] --START--
INFO: Run Behavior\BuildLiteBehavior [ RunTime:0.000010s ]
INFO: [ app_init ] --END-- [ RunTime:0.000208s ]
INFO: [ app_begin ] --START--
INFO: Run Behavior\ReadHtmlCacheBehavior [ RunTime:0.000374s ]
INFO: [ app_begin ] --END-- [ RunTime:0.000409s ]
SQL: SHOW COLUMNS FROM `tp_ad_position` [ RunTime:0.0005s ]
SQL: SELECT b.* FROM tp_ad_position a INNER JOIN tp_ad b ON a.position_id=b.pid  WHERE ( a.position_name LIKE '%mobile%' ) ORDER BY b.orderby desc LIMIT 3   [ RunTime:0.0001s ]
SQL: SHOW COLUMNS FROM `tp_goods` [ RunTime:0.0005s ]
SQL: SELECT `goods_id`,`goods_sn`,`goods_name`,`shop_price`,`original_img` FROM `tp_goods` GROUP BY goods_id ORDER BY sort desc LIMIT 12   [ RunTime:0.0001s ]
INFO: [ view_begin ] --START--
INFO: Run Home\Behaviors\testBehavior [ RunTime:0.000140s ]
INFO: [ view_begin ] --END-- [ RunTime:0.000168s ]
INFO: [ view_parse ] --START--
INFO: [ template_filter ] --START--
INFO: Run Behavior\ContentReplaceBehavior [ RunTime:0.000081s ]
INFO: [ template_filter ] --END-- [ RunTime:0.000115s ]
INFO: Run Behavior\ParseTemplateBehavior [ RunTime:0.005972s ]
INFO: [ view_parse ] --END-- [ RunTime:0.006004s ]
INFO: [ view_filter ] --START--
INFO: Run Behavior\WriteHtmlCacheBehavior [ RunTime:0.000091s ]
INFO: Run Behavior\TokenBuildBehavior [ RunTime:0.000256s ]
INFO: [ view_filter ] --END-- [ RunTime:0.000393s ]
INFO: [ app_end ] --START--
INFO: Run Behavior\ShowPageTraceBehavior [ RunTime:0.000285s ]
INFO: [ app_end ] --END-- [ RunTime:0.000315s ]

[ 2017-07-25T22:09:46+08:00 ] 101.226.33.225 /Mobile/MobileBase/Userinfo
INFO: [ app_init ] --START--
INFO: Run Behavior\BuildLiteBehavior [ RunTime:0.000010s ]
INFO: [ app_init ] --END-- [ RunTime:0.000222s ]
INFO: [ app_begin ] --START--
INFO: Run Behavior\ReadHtmlCacheBehavior [ RunTime:0.000281s ]
INFO: [ app_begin ] --END-- [ RunTime:0.000315s ]
NOTIC: [2] Missing argument 2 for Common\Normal\Httpclient::quickGet(), called in /data/wwwroot/www.fengzakka.cn/Application/Common/Normal/Wechat.class.php on line 842 and defined /data/wwwroot/www.fengzakka.cn/Application/Common/Normal/Httpclient.class.php 第 298 行.
NOTIC: [2] Missing argument 2 for Common\Normal\Httpclient::quickGet(), called in /data/wwwroot/www.fengzakka.cn/Application/Common/Normal/Wechat.class.php on line 863 and defined /data/wwwroot/www.fengzakka.cn/Application/Common/Normal/Httpclient.class.php 第 298 行.
SQL: SHOW COLUMNS FROM `tp_users` [ RunTime:0.0007s ]
SQL: SELECT * FROM `tp_users` WHERE `openid` = null LIMIT 1   [ RunTime:0.0005s ]
SQL: INSERT INTO `tp_users` (`last_ip`,`sex`,`nickname`,`city`,`province`,`head_pic`,`openid`,`unionid`,`reg_time`,`last_login`,`oauth`) VALUES ('101.226.33.225','0',NULL,NULL,NULL,'96',NULL,NULL,'1500991786','1500991786','wx_mobile') [ RunTime:0.0003s ]
SQL: SHOW COLUMNS FROM `tp_user_log` [ RunTime:0.0003s ]
SQL: INSERT INTO `tp_user_log` (`web`,`info`,`addtime`,`flag`) VALUES ('wx','{\"last_ip\":\"101.226.33.225\",\"sex\":\"0\",\"nickname\":null,\"city\":null,\"province\":null,\"head_pic\":\"96\",\"openid\":null,\"unionid\":null,\"reg_time\":1500991786,\"last_login\":1500991786,\"oauth\":\"wx_mobile\"}','1500991786','new') [ RunTime:0.0002s ]
SQL: SELECT * FROM `tp_users` WHERE `user_id` = 3488 LIMIT 1   [ RunTime:0.0002s ]

[ 2017-07-25T22:09:47+08:00 ] 101.226.33.225 /Mobile/Index/index.html
INFO: [ app_init ] --START--
INFO: Run Behavior\BuildLiteBehavior [ RunTime:0.000010s ]
INFO: [ app_init ] --END-- [ RunTime:0.000209s ]
INFO: [ app_begin ] --START--
INFO: Run Behavior\ReadHtmlCacheBehavior [ RunTime:0.000397s ]
INFO: [ app_begin ] --END-- [ RunTime:0.000430s ]
SQL: SHOW COLUMNS FROM `tp_article_cat` [ RunTime:0.0005s ]
SQL: SELECT `cat_name`,`cat_id` FROM `tp_article_cat` WHERE `show_in_nav` = 1 AND `parent_id` = 0  [ RunTime:0.0001s ]
SQL: SHOW COLUMNS FROM `tp_ad_position` [ RunTime:0.0003s ]
SQL: SELECT b.* FROM tp_ad_position a INNER JOIN tp_ad b ON a.position_id=b.pid  WHERE ( a.position_name LIKE '%mobile%' ) ORDER BY b.orderby desc LIMIT 3   [ RunTime:0.0001s ]
SQL: SHOW COLUMNS FROM `tp_consult` [ RunTime:0.0003s ]
SQL: SELECT * FROM `tp_consult` WHERE `is_show` = 0 GROUP BY consult_id ORDER BY createtime desc LIMIT 6   [ RunTime:0.0001s ]
INFO: [ view_begin ] --START--
INFO: Run Home\Behaviors\testBehavior [ RunTime:0.000119s ]
INFO: [ view_begin ] --END-- [ RunTime:0.000145s ]
INFO: [ view_parse ] --START--
INFO: [ template_filter ] --START--
INFO: Run Behavior\ContentReplaceBehavior [ RunTime:0.000067s ]
INFO: [ template_filter ] --END-- [ RunTime:0.000100s ]
INFO: Run Behavior\ParseTemplateBehavior [ RunTime:0.008298s ]
INFO: [ view_parse ] --END-- [ RunTime:0.008333s ]
INFO: [ view_filter ] --START--
INFO: Run Behavior\WriteHtmlCacheBehavior [ RunTime:0.000089s ]
INFO: Run Behavior\TokenBuildBehavior [ RunTime:0.000205s ]
INFO: [ view_filter ] --END-- [ RunTime:0.000333s ]
INFO: [ app_end ] --START--
INFO: Run Behavior\ShowPageTraceBehavior [ RunTime:0.000304s ]
INFO: [ app_end ] --END-- [ RunTime:0.000332s ]

[ 2017-07-25T22:09:47+08:00 ] 101.226.65.105 /Mobile/Index/index.html
INFO: [ app_init ] --START--
INFO: Run Behavior\BuildLiteBehavior [ RunTime:0.000010s ]
INFO: [ app_init ] --END-- [ RunTime:0.000243s ]
INFO: [ app_begin ] --START--
INFO: Run Behavior\ReadHtmlCacheBehavior [ RunTime:0.000294s ]
INFO: [ app_begin ] --END-- [ RunTime:0.000327s ]
SQL: SHOW COLUMNS FROM `tp_article_cat` [ RunTime:0.0005s ]
SQL: SELECT `cat_name`,`cat_id` FROM `tp_article_cat` WHERE `show_in_nav` = 1 AND `parent_id` = 0  [ RunTime:0.0001s ]
SQL: SHOW COLUMNS FROM `tp_ad_position` [ RunTime:0.0003s ]
SQL: SELECT b.* FROM tp_ad_position a INNER JOIN tp_ad b ON a.position_id=b.pid  WHERE ( a.position_name LIKE '%mobile%' ) ORDER BY b.orderby desc LIMIT 3   [ RunTime:0.0001s ]
SQL: SHOW COLUMNS FROM `tp_consult` [ RunTime:0.0003s ]
SQL: SELECT * FROM `tp_consult` WHERE `is_show` = 0 GROUP BY consult_id ORDER BY createtime desc LIMIT 6   [ RunTime:0.0001s ]
INFO: [ view_begin ] --START--
INFO: Run Home\Behaviors\testBehavior [ RunTime:0.000141s ]
INFO: [ view_begin ] --END-- [ RunTime:0.000167s ]
INFO: [ view_parse ] --START--
INFO: [ template_filter ] --START--
INFO: Run Behavior\ContentReplaceBehavior [ RunTime:0.000076s ]
INFO: [ template_filter ] --END-- [ RunTime:0.000110s ]
INFO: Run Behavior\ParseTemplateBehavior [ RunTime:0.008750s ]
INFO: [ view_parse ] --END-- [ RunTime:0.008779s ]
INFO: [ view_filter ] --START--
INFO: Run Behavior\WriteHtmlCacheBehavior [ RunTime:0.000104s ]
INFO: Run Behavior\TokenBuildBehavior [ RunTime:0.000194s ]
INFO: [ view_filter ] --END-- [ RunTime:0.000338s ]
INFO: [ app_end ] --START--
INFO: Run Behavior\ShowPageTraceBehavior [ RunTime:0.000324s ]
INFO: [ app_end ] --END-- [ RunTime:0.000352s ]

[ 2017-07-25T22:09:47+08:00 ] 115.45.202.57 /Mobile/Consult/detail/id/1499328710.html
INFO: [ app_init ] --START--
INFO: Run Behavior\BuildLiteBehavior [ RunTime:0.000010s ]
INFO: [ app_init ] --END-- [ RunTime:0.000207s ]
INFO: [ app_begin ] --START--
INFO: Run Behavior\ReadHtmlCacheBehavior [ RunTime:0.000343s ]
INFO: [ app_begin ] --END-- [ RunTime:0.000376s ]
SQL: SHOW COLUMNS FROM `tp_consult` [ RunTime:0.0005s ]
SQL: SELECT a.*,b.nickname,b.head_pic,count(c.consult_id) as collect FROM tp_consult as a INNER JOIN tp_users as b ON a.user_id=b.user_id LEFT JOIN tp_consult_collect as c ON c.consult_id=a.consult_id  WHERE a.consult_id = '1499328710' GROUP BY a.consult_id LIMIT 1   [ RunTime:0.0004s ]
SQL: SHOW COLUMNS FROM `tp_consult_like` [ RunTime:0.0003s ]
SQL: SELECT * FROM `tp_consult_like` WHERE `consult_id` = 1499328710 AND `user_id` = 3442 LIMIT 1   [ RunTime:0.0002s ]
SQL: SHOW COLUMNS FROM `tp_consult_collect` [ RunTime:0.0003s ]
SQL: SELECT * FROM `tp_consult_collect` WHERE `consult_id` = 1499328710 AND `user_id` = 3442 LIMIT 1   [ RunTime:0.0002s ]
SQL: SHOW COLUMNS FROM `tp_consult_comment` [ RunTime:0.0003s ]
SQL: SELECT COUNT(*) AS tp_count FROM `tp_consult_comment` WHERE `consult_id` = 1499328710 AND `type` = 0 LIMIT 1   [ RunTime:0.0001s ]
INFO: [ view_begin ] --START--
INFO: Run Home\Behaviors\testBehavior [ RunTime:0.000121s ]
INFO: [ view_begin ] --END-- [ RunTime:0.000148s ]
INFO: [ view_parse ] --START--
INFO: [ template_filter ] --START--
INFO: Run Behavior\ContentReplaceBehavior [ RunTime:0.000055s ]
INFO: [ template_filter ] --END-- [ RunTime:0.000087s ]
INFO: Run Behavior\ParseTemplateBehavior [ RunTime:0.006017s ]
INFO: [ view_parse ] --END-- [ RunTime:0.006045s ]
INFO: [ view_filter ] --START--
INFO: Run Behavior\WriteHtmlCacheBehavior [ RunTime:0.000089s ]
INFO: Run Behavior\TokenBuildBehavior [ RunTime:0.000201s ]
INFO: [ view_filter ] --END-- [ RunTime:0.000327s ]
INFO: [ app_end ] --START--
INFO: Run Behavior\ShowPageTraceBehavior [ RunTime:0.000298s ]
INFO: [ app_end ] --END-- [ RunTime:0.000325s ]

[ 2017-07-25T22:09:47+08:00 ] 115.45.202.57 /Mobile/Comment/Comment4Admin.html
INFO: [ app_init ] --START--
INFO: Run Behavior\BuildLiteBehavior [ RunTime:0.000015s ]
INFO: [ app_init ] --END-- [ RunTime:0.000330s ]
INFO: [ app_begin ] --START--
INFO: Run Behavior\ReadHtmlCacheBehavior [ RunTime:0.000444s ]
INFO: [ app_begin ] --END-- [ RunTime:0.000503s ]
SQL: SHOW COLUMNS FROM `tp_consult_comment` [ RunTime:0.0007s ]
SQL: SELECT * FROM `tp_consult_comment` WHERE `consult_id` = 1499328710 AND `type` = 1 ORDER BY comment_id DESC  [ RunTime:0.0001s ]

[ 2017-07-25T22:09:55+08:00 ] 115.45.202.57 /Mobile/Comment/Comment4User.html
INFO: [ app_init ] --START--
INFO: Run Behavior\BuildLiteBehavior [ RunTime:0.000010s ]
INFO: [ app_init ] --END-- [ RunTime:0.000210s ]
INFO: [ app_begin ] --START--
INFO: Run Behavior\ReadHtmlCacheBehavior [ RunTime:0.000293s ]
INFO: [ app_begin ] --END-- [ RunTime:0.000327s ]
SQL: SHOW COLUMNS FROM `tp_consult_comment` [ RunTime:0.0005s ]
SQL: SELECT a.*,b.head_pic FROM tp_consult_comment as a INNER JOIN tp_users as b on a.user_id=b.user_id  WHERE `consult_id` = '1499328710' AND `type` = 0 ORDER BY comment_id DESC  [ RunTime:0.0003s ]

[ 2017-07-25T22:09:57+08:00 ] 101.226.125.105 /Mobile/Consult/detail/id/1499328710.html
INFO: [ app_init ] --START--
INFO: Run Behavior\BuildLiteBehavior [ RunTime:0.000012s ]
INFO: [ app_init ] --END-- [ RunTime:0.000230s ]
INFO: [ app_begin ] --START--
INFO: Run Behavior\ReadHtmlCacheBehavior [ RunTime:0.000319s ]
INFO: [ app_begin ] --END-- [ RunTime:0.000354s ]
SQL: SHOW COLUMNS FROM `tp_consult` [ RunTime:0.0005s ]
SQL: SELECT a.*,b.nickname,b.head_pic,count(c.consult_id) as collect FROM tp_consult as a INNER JOIN tp_users as b ON a.user_id=b.user_id LEFT JOIN tp_consult_collect as c ON c.consult_id=a.consult_id  WHERE a.consult_id = '1499328710' GROUP BY a.consult_id LIMIT 1   [ RunTime:0.0001s ]
SQL: SHOW COLUMNS FROM `tp_consult_like` [ RunTime:0.0003s ]
SQL: SELECT * FROM `tp_consult_like` WHERE `consult_id` = 1499328710 AND `user_id` = null LIMIT 1   [ RunTime:0.0001s ]
SQL: SHOW COLUMNS FROM `tp_consult_collect` [ RunTime:0.0003s ]
SQL: SELECT * FROM `tp_consult_collect` WHERE `consult_id` = 1499328710 AND `user_id` = null LIMIT 1   [ RunTime:0.0001s ]
SQL: SHOW COLUMNS FROM `tp_consult_comment` [ RunTime:0.0003s ]
SQL: SELECT COUNT(*) AS tp_count FROM `tp_consult_comment` WHERE `consult_id` = 1499328710 AND `type` = 0 LIMIT 1   [ RunTime:0.0001s ]
INFO: [ view_begin ] --START--
INFO: Run Home\Behaviors\testBehavior [ RunTime:0.000123s ]
INFO: [ view_begin ] --END-- [ RunTime:0.000151s ]
INFO: [ view_parse ] --START--
INFO: [ template_filter ] --START--
INFO: Run Behavior\ContentReplaceBehavior [ RunTime:0.000056s ]
INFO: [ template_filter ] --END-- [ RunTime:0.000089s ]
NOTIC: [8] Undefined index: user /data/wwwroot/www.fengzakka.cn/Application/Runtime/Cache/Mobile/dfd6d9df5df21293af7321667bed8563.php 第 79 行.
INFO: Run Behavior\ParseTemplateBehavior [ RunTime:0.006412s ]
INFO: [ view_parse ] --END-- [ RunTime:0.006439s ]
INFO: [ view_filter ] --START--
INFO: Run Behavior\WriteHtmlCacheBehavior [ RunTime:0.000094s ]
INFO: Run Behavior\TokenBuildBehavior [ RunTime:0.000207s ]
INFO: [ view_filter ] --END-- [ RunTime:0.000338s ]
INFO: [ app_end ] --START--
INFO: Run Behavior\ShowPageTraceBehavior [ RunTime:0.000341s ]
INFO: [ app_end ] --END-- [ RunTime:0.000368s ]

[ 2017-07-25T22:10:59+08:00 ] 115.45.202.57 /Mobile/Goods/index.html
INFO: [ app_init ] --START--
INFO: Run Behavior\BuildLiteBehavior [ RunTime:0.000009s ]
INFO: [ app_init ] --END-- [ RunTime:0.000209s ]
INFO: [ app_begin ] --START--
INFO: Run Behavior\ReadHtmlCacheBehavior [ RunTime:0.000291s ]
INFO: [ app_begin ] --END-- [ RunTime:0.000323s ]
SQL: SHOW COLUMNS FROM `tp_ad_position` [ RunTime:0.0005s ]
SQL: SELECT b.* FROM tp_ad_position a INNER JOIN tp_ad b ON a.position_id=b.pid  WHERE ( a.position_name LIKE '%mobile%' ) ORDER BY b.orderby desc LIMIT 3   [ RunTime:0.0001s ]
SQL: SHOW COLUMNS FROM `tp_goods` [ RunTime:0.0005s ]
SQL: SELECT `goods_id`,`goods_sn`,`goods_name`,`shop_price`,`original_img` FROM `tp_goods` GROUP BY goods_id ORDER BY sort desc LIMIT 12   [ RunTime:0.0001s ]
INFO: [ view_begin ] --START--
INFO: Run Home\Behaviors\testBehavior [ RunTime:0.000131s ]
INFO: [ view_begin ] --END-- [ RunTime:0.000159s ]
INFO: [ view_parse ] --START--
INFO: [ template_filter ] --START--
INFO: Run Behavior\ContentReplaceBehavior [ RunTime:0.000067s ]
INFO: [ template_filter ] --END-- [ RunTime:0.000105s ]
INFO: Run Behavior\ParseTemplateBehavior [ RunTime:0.005906s ]
INFO: [ view_parse ] --END-- [ RunTime:0.005941s ]
INFO: [ view_filter ] --START--
INFO: Run Behavior\WriteHtmlCacheBehavior [ RunTime:0.000091s ]
INFO: Run Behavior\TokenBuildBehavior [ RunTime:0.000210s ]
INFO: [ view_filter ] --END-- [ RunTime:0.000340s ]
INFO: [ app_end ] --START--
INFO: Run Behavior\ShowPageTraceBehavior [ RunTime:0.000285s ]
INFO: [ app_end ] --END-- [ RunTime:0.000313s ]

[ 2017-07-25T22:11:40+08:00 ] 115.45.202.57 /Mobile/Goods/ajaxGoods.html?start=12&num=6&keyword=
INFO: [ app_init ] --START--
INFO: Run Behavior\BuildLiteBehavior [ RunTime:0.000011s ]
INFO: [ app_init ] --END-- [ RunTime:0.000206s ]
INFO: [ app_begin ] --START--
INFO: Run Behavior\ReadHtmlCacheBehavior [ RunTime:0.000294s ]
INFO: [ app_begin ] --END-- [ RunTime:0.000345s ]
SQL: SHOW COLUMNS FROM `tp_goods` [ RunTime:0.0007s ]
SQL: SELECT `goods_id`,`goods_sn`,`goods_name`,`shop_price`,`original_img` FROM `tp_goods` GROUP BY goods_id ORDER BY sort desc LIMIT 12,6   [ RunTime:0.0001s ]

[ 2017-07-25T22:11:53+08:00 ] 115.45.202.57 /Mobile/Goods/ajaxGoods.html?start=18&num=6&keyword=
INFO: [ app_init ] --START--
INFO: Run Behavior\BuildLiteBehavior [ RunTime:0.000009s ]
INFO: [ app_init ] --END-- [ RunTime:0.000224s ]
INFO: [ app_begin ] --START--
INFO: Run Behavior\ReadHtmlCacheBehavior [ RunTime:0.000305s ]
INFO: [ app_begin ] --END-- [ RunTime:0.000337s ]
SQL: SHOW COLUMNS FROM `tp_goods` [ RunTime:0.0007s ]
SQL: SELECT `goods_id`,`goods_sn`,`goods_name`,`shop_price`,`original_img` FROM `tp_goods` GROUP BY goods_id ORDER BY sort desc LIMIT 18,6   [ RunTime:0.0001s ]

[ 2017-07-25T22:12:03+08:00 ] 115.45.202.57 /Mobile/Goods/goodsInfo.html?id=163
INFO: [ app_init ] --START--
INFO: Run Behavior\BuildLiteBehavior [ RunTime:0.000009s ]
INFO: [ app_init ] --END-- [ RunTime:0.000209s ]
INFO: [ app_begin ] --START--
INFO: Run Behavior\ReadHtmlCacheBehavior [ RunTime:0.000285s ]
INFO: [ app_begin ] --END-- [ RunTime:0.000318s ]
SQL: SHOW COLUMNS FROM `tp_goods` [ RunTime:0.0007s ]
SQL: SHOW COLUMNS FROM `tp_goods` [ RunTime:0.0005s ]
SQL: SELECT * FROM `tp_goods` WHERE ( goods_id = 163 ) LIMIT 1   [ RunTime:0.0003s ]
SQL: SHOW COLUMNS FROM `tp_brand` [ RunTime:0.0003s ]
SQL: SELECT * FROM `tp_brand` WHERE ( id =351 ) LIMIT 1   [ RunTime:0.0001s ]
SQL: SHOW COLUMNS FROM `tp_goods_images` [ RunTime:0.0003s ]
SQL: SELECT * FROM `tp_goods_images` WHERE ( goods_id = 163 )  [ RunTime:0.0002s ]
SQL: SHOW COLUMNS FROM `tp_goods_attribute` [ RunTime:0.0003s ]
SQL: SELECT `attr_id`,`attr_name` FROM `tp_goods_attribute`  [ RunTime:0.0001s ]
SQL: SHOW COLUMNS FROM `tp_goods_attr` [ RunTime:0.0003s ]
SQL: SELECT * FROM `tp_goods_attr` WHERE ( goods_id = 163 )  [ RunTime:0.0001s ]
SQL: SHOW COLUMNS FROM `tp_spec_goods_price` [ RunTime:0.0003s ]
SQL: SELECT GROUP_CONCAT(`key` SEPARATOR '_') FROM `tp_spec_goods_price` WHERE ( goods_id = 163 ) LIMIT 1   [ RunTime:0.0003s ]
SQL: SHOW COLUMNS FROM `tp_spec_image` [ RunTime:0.0003s ]
SQL: SELECT `spec_image_id`,`src` FROM `tp_spec_image` WHERE ( goods_id = 163 and src != ''  )  [ RunTime:0.0009s ]
SQL: SELECT a.name,a.order,b.* FROM tp_spec AS a INNER JOIN tp_spec_item AS b ON a.id = b.spec_id WHERE b.id IN(169,170) ORDER BY b.id [ RunTime:0.0002s ]
SQL: SHOW COLUMNS FROM `tp_spec_goods_price` [ RunTime:0.0003s ]
SQL: SELECT `key`,`price`,`store_count` FROM `tp_spec_goods_price` WHERE ( goods_id = 163 )  [ RunTime:0.0003s ]
SQL: SHOW COLUMNS FROM `tp_comment` [ RunTime:0.0004s ]
SQL: SELECT COUNT(*) AS tp_count FROM `tp_comment` WHERE ( is_show = 1 and  goods_id = 163 and parent_id = 0 and  ceil((deliver_rank + goods_rank + service_rank) / 3) in(4,5) ) LIMIT 1   [ RunTime:0.0001s ]
SQL: SELECT COUNT(*) AS tp_count FROM `tp_comment` WHERE ( is_show = 1 and  goods_id = 163 and parent_id = 0 and  ceil((deliver_rank + goods_rank + service_rank) / 3) in(3) ) LIMIT 1   [ RunTime:0.0001s ]
SQL: SELECT COUNT(*) AS tp_count FROM `tp_comment` WHERE ( is_show = 1 and  goods_id = 163 and parent_id = 0 and  ceil((deliver_rank + goods_rank + service_rank) / 3) in(1,2) ) LIMIT 1   [ RunTime:0.0001s ]
NOTIC: [2] Division by zero /data/wwwroot/www.fengzakka.cn/Application/Home/Logic/GoodsLogic.class.php 第 234 行.
NOTIC: [2] Division by zero /data/wwwroot/www.fengzakka.cn/Application/Home/Logic/GoodsLogic.class.php 第 235 行.
NOTIC: [2] Division by zero /data/wwwroot/www.fengzakka.cn/Application/Home/Logic/GoodsLogic.class.php 第 237 行.
SQL: SHOW COLUMNS FROM `tp_order_goods` [ RunTime:0.0004s ]
SQL: SELECT COUNT(*) AS tp_count FROM `tp_order_goods` WHERE ( goods_id=163 and is_send=1 ) LIMIT 1   [ RunTime:0.0002s ]
NOTIC: [2] Division by zero /data/wwwroot/www.fengzakka.cn/Application/Mobile/Controller/GoodsController.class.php 第 212 行.
INFO: [ view_begin ] --START--
INFO: Run Home\Behaviors\testBehavior [ RunTime:0.000117s ]
INFO: [ view_begin ] --END-- [ RunTime:0.000141s ]
INFO: [ view_parse ] --START--
NOTIC: [8] Undefined index: level /data/wwwroot/www.fengzakka.cn/ThinkPHP/Library/Think/Template/TagLib/Tpshop.class.php 第 155 行.
INFO: [ template_filter ] --START--
INFO: Run Behavior\ContentReplaceBehavior [ RunTime:0.000164s ]
INFO: [ template_filter ] --END-- [ RunTime:0.000195s ]
NOTIC: [8] Undefined variable: tpshop_config /data/wwwroot/www.fengzakka.cn/Application/Runtime/Cache/Mobile/2360c3546ee568807e87bc9f49eb91c1.php 第 7 行.
NOTIC: [8] Undefined variable: tpshop_config /data/wwwroot/www.fengzakka.cn/Application/Runtime/Cache/Mobile/2360c3546ee568807e87bc9f49eb91c1.php 第 8 行.
NOTIC: [8] Undefined variable: tpshop_config /data/wwwroot/www.fengzakka.cn/Application/Runtime/Cache/Mobile/2360c3546ee568807e87bc9f49eb91c1.php 第 9 行.
NOTIC: [8] Use of undefined constant HTTP_HOST - assumed 'HTTP_HOST' /data/wwwroot/www.fengzakka.cn/Application/Runtime/Cache/Mobile/2360c3546ee568807e87bc9f49eb91c1.php 第 102 行.
NOTIC: [8] Use of undefined constant id - assumed 'id' /data/wwwroot/www.fengzakka.cn/Application/Runtime/Cache/Mobile/2360c3546ee568807e87bc9f49eb91c1.php 第 102 行.
NOTIC: [8] Use of undefined constant HTTP_HOST - assumed 'HTTP_HOST' /data/wwwroot/www.fengzakka.cn/Application/Runtime/Cache/Mobile/2360c3546ee568807e87bc9f49eb91c1.php 第 103 行.
NOTIC: [8] Use of undefined constant goods_id - assumed 'goods_id' /data/wwwroot/www.fengzakka.cn/Application/Runtime/Cache/Mobile/2360c3546ee568807e87bc9f49eb91c1.php 第 103 行.
NOTIC: [8] Undefined variable: prom_goods /data/wwwroot/www.fengzakka.cn/Application/Runtime/Cache/Mobile/2360c3546ee568807e87bc9f49eb91c1.php 第 129 行.
NOTIC: [8] Undefined variable: prom_order /data/wwwroot/www.fengzakka.cn/Application/Runtime/Cache/Mobile/2360c3546ee568807e87bc9f49eb91c1.php 第 129 行.
NOTIC: [8] Use of undefined constant src - assumed 'src' /data/wwwroot/www.fengzakka.cn/Application/Runtime/Cache/Mobile/2360c3546ee568807e87bc9f49eb91c1.php 第 160 行.
NOTIC: [8] Use of undefined constant src - assumed 'src' /data/wwwroot/www.fengzakka.cn/Application/Runtime/Cache/Mobile/2360c3546ee568807e87bc9f49eb91c1.php 第 160 行.
NOTIC: [8] Use of undefined constant item - assumed 'item' /data/wwwroot/www.fengzakka.cn/Application/Runtime/Cache/Mobile/2360c3546ee568807e87bc9f49eb91c1.php 第 162 行.
NOTIC: [8] Use of undefined constant item_id - assumed 'item_id' /data/wwwroot/www.fengzakka.cn/Application/Runtime/Cache/Mobile/2360c3546ee568807e87bc9f49eb91c1.php 第 163 行.
NOTIC: [8] Use of undefined constant item - assumed 'item' /data/wwwroot/www.fengzakka.cn/Application/Runtime/Cache/Mobile/2360c3546ee568807e87bc9f49eb91c1.php 第 164 行.
NOTIC: [8] Use of undefined constant item - assumed 'item' /data/wwwroot/www.fengzakka.cn/Application/Runtime/Cache/Mobile/2360c3546ee568807e87bc9f49eb91c1.php 第 162 行.
NOTIC: [8] Use of undefined constant item_id - assumed 'item_id' /data/wwwroot/www.fengzakka.cn/Application/Runtime/Cache/Mobile/2360c3546ee568807e87bc9f49eb91c1.php 第 163 行.
NOTIC: [8] Use of undefined constant item - assumed 'item' /data/wwwroot/www.fengzakka.cn/Application/Runtime/Cache/Mobile/2360c3546ee568807e87bc9f49eb91c1.php 第 164 行.
NOTIC: [8] Undefined variable: tpshop_config /data/wwwroot/www.fengzakka.cn/Application/Runtime/Cache/Mobile/2360c3546ee568807e87bc9f49eb91c1.php 第 339 行.
NOTIC: [8] Undefined index: flash_sale /data/wwwroot/www.fengzakka.cn/Application/Runtime/Cache/Mobile/2360c3546ee568807e87bc9f49eb91c1.php 第 393 行.
NOTIC: [8] Undefined variable: signPackage /data/wwwroot/www.fengzakka.cn/Application/Runtime/Cache/Mobile/2360c3546ee568807e87bc9f49eb91c1.php 第 431 行.
INFO: Run Behavior\ParseTemplateBehavior [ RunTime:0.013419s ]
INFO: [ view_parse ] --END-- [ RunTime:0.013442s ]
INFO: [ view_filter ] --START--
INFO: Run Behavior\WriteHtmlCacheBehavior [ RunTime:0.000091s ]
INFO: Run Behavior\TokenBuildBehavior [ RunTime:0.000259s ]
INFO: [ view_filter ] --END-- [ RunTime:0.000392s ]
INFO: [ app_end ] --START--
INFO: Run Behavior\ShowPageTraceBehavior [ RunTime:0.000288s ]
INFO: [ app_end ] --END-- [ RunTime:0.000316s ]

[ 2017-07-25T22:12:05+08:00 ] 115.45.202.57 /index.php?m=Mobile&c=goods&a=ajaxComment&goods_id=163&commentType=1&p=1
INFO: [ app_init ] --START--
INFO: Run Behavior\BuildLiteBehavior [ RunTime:0.000010s ]
INFO: [ app_init ] --END-- [ RunTime:0.000209s ]
INFO: [ app_begin ] --START--
INFO: Run Behavior\ReadHtmlCacheBehavior [ RunTime:0.000436s ]
INFO: [ app_begin ] --END-- [ RunTime:0.000467s ]
SQL: SHOW COLUMNS FROM `tp_comment` [ RunTime:0.0006s ]
SQL: SELECT COUNT(*) AS tp_count FROM `tp_comment` WHERE ( goods_id = 163 and parent_id = 0 and ceil((deliver_rank + goods_rank + service_rank) / 3) in(0,1,2,3,4,5) ) LIMIT 1   [ RunTime:0.0001s ]
SQL: SELECT * FROM `tp_comment` WHERE ( goods_id = 163 and parent_id = 0 and ceil((deliver_rank + goods_rank + service_rank) / 3) in(0,1,2,3,4,5) ) ORDER BY add_time desc LIMIT 0,5   [ RunTime:0.0001s ]
SQL: SELECT * FROM `tp_comment` WHERE ( goods_id = 163 and parent_id > 0 ) ORDER BY add_time desc  [ RunTime:0.0001s ]
INFO: [ view_begin ] --START--
INFO: Run Home\Behaviors\testBehavior [ RunTime:0.000118s ]
INFO: [ view_begin ] --END-- [ RunTime:0.000153s ]
INFO: [ view_parse ] --START--
INFO: [ template_filter ] --START--
INFO: Run Behavior\ContentReplaceBehavior [ RunTime:0.000031s ]
INFO: [ template_filter ] --END-- [ RunTime:0.000059s ]
INFO: Run Behavior\ParseTemplateBehavior [ RunTime:0.006029s ]
INFO: [ view_parse ] --END-- [ RunTime:0.006056s ]
INFO: [ view_filter ] --START--
INFO: Run Behavior\WriteHtmlCacheBehavior [ RunTime:0.000163s ]
INFO: Run Behavior\TokenBuildBehavior [ RunTime:0.000178s ]
INFO: [ view_filter ] --END-- [ RunTime:0.000381s ]
INFO: [ app_end ] --START--
INFO: Run Behavior\ShowPageTraceBehavior [ RunTime:0.000287s ]
INFO: [ app_end ] --END-- [ RunTime:0.000313s ]

[ 2017-07-25T22:12:13+08:00 ] 101.226.64.177 /Mobile/Goods/goodsInfo.html?id=163
INFO: [ app_init ] --START--
INFO: Run Behavior\BuildLiteBehavior [ RunTime:0.000010s ]
INFO: [ app_init ] --END-- [ RunTime:0.000232s ]
INFO: [ app_begin ] --START--
INFO: Run Behavior\ReadHtmlCacheBehavior [ RunTime:0.000319s ]
INFO: [ app_begin ] --END-- [ RunTime:0.000352s ]
SQL: SHOW COLUMNS FROM `tp_goods` [ RunTime:0.0009s ]
SQL: SHOW COLUMNS FROM `tp_goods` [ RunTime:0.0005s ]
SQL: SELECT * FROM `tp_goods` WHERE ( goods_id = 163 ) LIMIT 1   [ RunTime:0.0001s ]
SQL: SHOW COLUMNS FROM `tp_brand` [ RunTime:0.0003s ]
SQL: SELECT * FROM `tp_brand` WHERE ( id =351 ) LIMIT 1   [ RunTime:0.0001s ]
SQL: SHOW COLUMNS FROM `tp_goods_images` [ RunTime:0.0003s ]
SQL: SELECT * FROM `tp_goods_images` WHERE ( goods_id = 163 )  [ RunTime:0.0001s ]
SQL: SHOW COLUMNS FROM `tp_goods_attribute` [ RunTime:0.0003s ]
SQL: SELECT `attr_id`,`attr_name` FROM `tp_goods_attribute`  [ RunTime:0.0001s ]
SQL: SHOW COLUMNS FROM `tp_goods_attr` [ RunTime:0.0003s ]
SQL: SELECT * FROM `tp_goods_attr` WHERE ( goods_id = 163 )  [ RunTime:0.0001s ]
SQL: SHOW COLUMNS FROM `tp_spec_goods_price` [ RunTime:0.0003s ]
SQL: SELECT GROUP_CONCAT(`key` SEPARATOR '_') FROM `tp_spec_goods_price` WHERE ( goods_id = 163 ) LIMIT 1   [ RunTime:0.0001s ]
SQL: SHOW COLUMNS FROM `tp_spec_image` [ RunTime:0.0003s ]
SQL: SELECT `spec_image_id`,`src` FROM `tp_spec_image` WHERE ( goods_id = 163 and src != ''  )  [ RunTime:0.0001s ]
SQL: SELECT a.name,a.order,b.* FROM tp_spec AS a INNER JOIN tp_spec_item AS b ON a.id = b.spec_id WHERE b.id IN(169,170) ORDER BY b.id [ RunTime:0.0001s ]
SQL: SHOW COLUMNS FROM `tp_spec_goods_price` [ RunTime:0.0003s ]
SQL: SELECT `key`,`price`,`store_count` FROM `tp_spec_goods_price` WHERE ( goods_id = 163 )  [ RunTime:0.0001s ]
SQL: SHOW COLUMNS FROM `tp_comment` [ RunTime:0.0004s ]
SQL: SELECT COUNT(*) AS tp_count FROM `tp_comment` WHERE ( is_show = 1 and  goods_id = 163 and parent_id = 0 and  ceil((deliver_rank + goods_rank + service_rank) / 3) in(4,5) ) LIMIT 1   [ RunTime:0.0001s ]
SQL: SELECT COUNT(*) AS tp_count FROM `tp_comment` WHERE ( is_show = 1 and  goods_id = 163 and parent_id = 0 and  ceil((deliver_rank + goods_rank + service_rank) / 3) in(3) ) LIMIT 1   [ RunTime:0.0001s ]
SQL: SELECT COUNT(*) AS tp_count FROM `tp_comment` WHERE ( is_show = 1 and  goods_id = 163 and parent_id = 0 and  ceil((deliver_rank + goods_rank + service_rank) / 3) in(1,2) ) LIMIT 1   [ RunTime:0.0001s ]
NOTIC: [2] Division by zero /data/wwwroot/www.fengzakka.cn/Application/Home/Logic/GoodsLogic.class.php 第 234 行.
NOTIC: [2] Division by zero /data/wwwroot/www.fengzakka.cn/Application/Home/Logic/GoodsLogic.class.php 第 235 行.
NOTIC: [2] Division by zero /data/wwwroot/www.fengzakka.cn/Application/Home/Logic/GoodsLogic.class.php 第 237 行.
SQL: SHOW COLUMNS FROM `tp_order_goods` [ RunTime:0.0004s ]
SQL: SELECT COUNT(*) AS tp_count FROM `tp_order_goods` WHERE ( goods_id=163 and is_send=1 ) LIMIT 1   [ RunTime:0.0001s ]
NOTIC: [2] Division by zero /data/wwwroot/www.fengzakka.cn/Application/Mobile/Controller/GoodsController.class.php 第 212 行.
INFO: [ view_begin ] --START--
INFO: Run Home\Behaviors\testBehavior [ RunTime:0.000129s ]
INFO: [ view_begin ] --END-- [ RunTime:0.000154s ]
INFO: [ view_parse ] --START--
NOTIC: [8] Undefined index: level /data/wwwroot/www.fengzakka.cn/ThinkPHP/Library/Think/Template/TagLib/Tpshop.class.php 第 155 行.
INFO: [ template_filter ] --START--
INFO: Run Behavior\ContentReplaceBehavior [ RunTime:0.000199s ]
INFO: [ template_filter ] --END-- [ RunTime:0.000242s ]
NOTIC: [8] Undefined variable: tpshop_config /data/wwwroot/www.fengzakka.cn/Application/Runtime/Cache/Mobile/2360c3546ee568807e87bc9f49eb91c1.php 第 7 行.
NOTIC: [8] Undefined variable: tpshop_config /data/wwwroot/www.fengzakka.cn/Application/Runtime/Cache/Mobile/2360c3546ee568807e87bc9f49eb91c1.php 第 8 行.
NOTIC: [8] Undefined variable: tpshop_config /data/wwwroot/www.fengzakka.cn/Application/Runtime/Cache/Mobile/2360c3546ee568807e87bc9f49eb91c1.php 第 9 行.
NOTIC: [8] Use of undefined constant HTTP_HOST - assumed 'HTTP_HOST' /data/wwwroot/www.fengzakka.cn/Application/Runtime/Cache/Mobile/2360c3546ee568807e87bc9f49eb91c1.php 第 102 行.
NOTIC: [8] Use of undefined constant id - assumed 'id' /data/wwwroot/www.fengzakka.cn/Application/Runtime/Cache/Mobile/2360c3546ee568807e87bc9f49eb91c1.php 第 102 行.
NOTIC: [8] Use of undefined constant HTTP_HOST - assumed 'HTTP_HOST' /data/wwwroot/www.fengzakka.cn/Application/Runtime/Cache/Mobile/2360c3546ee568807e87bc9f49eb91c1.php 第 103 行.
NOTIC: [8] Use of undefined constant goods_id - assumed 'goods_id' /data/wwwroot/www.fengzakka.cn/Application/Runtime/Cache/Mobile/2360c3546ee568807e87bc9f49eb91c1.php 第 103 行.
NOTIC: [8] Undefined variable: prom_goods /data/wwwroot/www.fengzakka.cn/Application/Runtime/Cache/Mobile/2360c3546ee568807e87bc9f49eb91c1.php 第 129 行.
NOTIC: [8] Undefined variable: prom_order /data/wwwroot/www.fengzakka.cn/Application/Runtime/Cache/Mobile/2360c3546ee568807e87bc9f49eb91c1.php 第 129 行.
NOTIC: [8] Use of undefined constant src - assumed 'src' /data/wwwroot/www.fengzakka.cn/Application/Runtime/Cache/Mobile/2360c3546ee568807e87bc9f49eb91c1.php 第 160 行.
NOTIC: [8] Use of undefined constant src - assumed 'src' /data/wwwroot/www.fengzakka.cn/Application/Runtime/Cache/Mobile/2360c3546ee568807e87bc9f49eb91c1.php 第 160 行.
NOTIC: [8] Use of undefined constant item - assumed 'item' /data/wwwroot/www.fengzakka.cn/Application/Runtime/Cache/Mobile/2360c3546ee568807e87bc9f49eb91c1.php 第 162 行.
NOTIC: [8] Use of undefined constant item_id - assumed 'item_id' /data/wwwroot/www.fengzakka.cn/Application/Runtime/Cache/Mobile/2360c3546ee568807e87bc9f49eb91c1.php 第 163 行.
NOTIC: [8] Use of undefined constant item - assumed 'item' /data/wwwroot/www.fengzakka.cn/Application/Runtime/Cache/Mobile/2360c3546ee568807e87bc9f49eb91c1.php 第 164 行.
NOTIC: [8] Use of undefined constant item - assumed 'item' /data/wwwroot/www.fengzakka.cn/Application/Runtime/Cache/Mobile/2360c3546ee568807e87bc9f49eb91c1.php 第 162 行.
NOTIC: [8] Use of undefined constant item_id - assumed 'item_id' /data/wwwroot/www.fengzakka.cn/Application/Runtime/Cache/Mobile/2360c3546ee568807e87bc9f49eb91c1.php 第 163 行.
NOTIC: [8] Use of undefined constant item - assumed 'item' /data/wwwroot/www.fengzakka.cn/Application/Runtime/Cache/Mobile/2360c3546ee568807e87bc9f49eb91c1.php 第 164 行.
NOTIC: [8] Undefined variable: tpshop_config /data/wwwroot/www.fengzakka.cn/Application/Runtime/Cache/Mobile/2360c3546ee568807e87bc9f49eb91c1.php 第 339 行.
NOTIC: [8] Undefined index: flash_sale /data/wwwroot/www.fengzakka.cn/Application/Runtime/Cache/Mobile/2360c3546ee568807e87bc9f49eb91c1.php 第 393 行.
NOTIC: [8] Undefined variable: signPackage /data/wwwroot/www.fengzakka.cn/Application/Runtime/Cache/Mobile/2360c3546ee568807e87bc9f49eb91c1.php 第 431 行.
INFO: Run Behavior\ParseTemplateBehavior [ RunTime:0.013025s ]
INFO: [ view_parse ] --END-- [ RunTime:0.013048s ]
INFO: [ view_filter ] --START--
INFO: Run Behavior\WriteHtmlCacheBehavior [ RunTime:0.000091s ]
INFO: Run Behavior\TokenBuildBehavior [ RunTime:0.000264s ]
INFO: [ view_filter ] --END-- [ RunTime:0.000395s ]
INFO: [ app_end ] --START--
INFO: Run Behavior\ShowPageTraceBehavior [ RunTime:0.000288s ]
INFO: [ app_end ] --END-- [ RunTime:0.000317s ]

[ 2017-07-25T22:19:00+08:00 ] 180.163.2.116 /Mobile/Index/index.html
INFO: [ app_init ] --START--
INFO: Run Behavior\BuildLiteBehavior [ RunTime:0.000010s ]
INFO: [ app_init ] --END-- [ RunTime:0.000251s ]
INFO: [ app_begin ] --START--
INFO: Run Behavior\ReadHtmlCacheBehavior [ RunTime:0.000289s ]
INFO: [ app_begin ] --END-- [ RunTime:0.000322s ]
SQL: SHOW COLUMNS FROM `tp_article_cat` [ RunTime:0.0005s ]
SQL: SELECT `cat_name`,`cat_id` FROM `tp_article_cat` WHERE `show_in_nav` = 1 AND `parent_id` = 0  [ RunTime:0.0001s ]
SQL: SHOW COLUMNS FROM `tp_ad_position` [ RunTime:0.0004s ]
SQL: SELECT b.* FROM tp_ad_position a INNER JOIN tp_ad b ON a.position_id=b.pid  WHERE ( a.position_name LIKE '%mobile%' ) ORDER BY b.orderby desc LIMIT 3   [ RunTime:0.0001s ]
SQL: SHOW COLUMNS FROM `tp_consult` [ RunTime:0.0004s ]
SQL: SELECT * FROM `tp_consult` WHERE `is_show` = 0 GROUP BY consult_id ORDER BY createtime desc LIMIT 6   [ RunTime:0.0001s ]
INFO: [ view_begin ] --START--
INFO: Run Home\Behaviors\testBehavior [ RunTime:0.000125s ]
INFO: [ view_begin ] --END-- [ RunTime:0.000152s ]
INFO: [ view_parse ] --START--
INFO: [ template_filter ] --START--
INFO: Run Behavior\ContentReplaceBehavior [ RunTime:0.000073s ]
INFO: [ template_filter ] --END-- [ RunTime:0.000106s ]
INFO: Run Behavior\ParseTemplateBehavior [ RunTime:0.008657s ]
INFO: [ view_parse ] --END-- [ RunTime:0.008686s ]
INFO: [ view_filter ] --START--
INFO: Run Behavior\WriteHtmlCacheBehavior [ RunTime:0.000109s ]
INFO: Run Behavior\TokenBuildBehavior [ RunTime:0.000232s ]
INFO: [ view_filter ] --END-- [ RunTime:0.000388s ]
INFO: [ app_end ] --START--
INFO: Run Behavior\ShowPageTraceBehavior [ RunTime:0.000293s ]
INFO: [ app_end ] --END-- [ RunTime:0.000321s ]

