[ 2017-07-11T09:16:13+08:00 ] 117.78.232.193 /Mobile/Goods/index.html
INFO: [ app_init ] --START--
INFO: Run Behavior\BuildLiteBehavior [ RunTime:0.000010s ]
INFO: [ app_init ] --END-- [ RunTime:0.000222s ]
INFO: [ app_begin ] --START--
INFO: Run Behavior\ReadHtmlCacheBehavior [ RunTime:0.000311s ]
INFO: [ app_begin ] --END-- [ RunTime:0.000346s ]
SQL: SHOW COLUMNS FROM `tp_ad_position` [ RunTime:0.0005s ]
SQL: SELECT b.* FROM tp_ad_position a INNER JOIN tp_ad b ON a.position_id=b.pid  WHERE ( a.position_name LIKE '%mobile%' ) ORDER BY b.orderby desc LIMIT 3   [ RunTime:0.0001s ]
SQL: SHOW COLUMNS FROM `tp_goods` [ RunTime:0.0005s ]
SQL: SELECT `goods_id`,`goods_sn`,`goods_name`,`shop_price`,`original_img` FROM `tp_goods` GROUP BY goods_id ORDER BY sort desc LIMIT 12   [ RunTime:0.0001s ]
INFO: [ view_begin ] --START--
INFO: Run Home\Behaviors\testBehavior [ RunTime:0.000135s ]
INFO: [ view_begin ] --END-- [ RunTime:0.000184s ]
INFO: [ view_parse ] --START--
INFO: [ template_filter ] --START--
INFO: Run Behavior\ContentReplaceBehavior [ RunTime:0.000081s ]
INFO: [ template_filter ] --END-- [ RunTime:0.000116s ]
INFO: Run Behavior\ParseTemplateBehavior [ RunTime:0.005930s ]
INFO: [ view_parse ] --END-- [ RunTime:0.005964s ]
INFO: [ view_filter ] --START--
INFO: Run Behavior\WriteHtmlCacheBehavior [ RunTime:0.000094s ]
INFO: Run Behavior\TokenBuildBehavior [ RunTime:0.000249s ]
INFO: [ view_filter ] --END-- [ RunTime:0.000383s ]
INFO: [ app_end ] --START--
INFO: Run Behavior\ShowPageTraceBehavior [ RunTime:0.000305s ]
INFO: [ app_end ] --END-- [ RunTime:0.000344s ]

[ 2017-07-11T09:16:14+08:00 ] 117.78.232.193 /Mobile/MobileBase/Userinfo?code=041tzd1h005ysB17ep1h0Ixk1h0tzd1b&state=
INFO: [ app_init ] --START--
INFO: Run Behavior\BuildLiteBehavior [ RunTime:0.000010s ]
INFO: [ app_init ] --END-- [ RunTime:0.000207s ]
INFO: [ app_begin ] --START--
INFO: Run Behavior\ReadHtmlCacheBehavior [ RunTime:0.000296s ]
INFO: [ app_begin ] --END-- [ RunTime:0.000330s ]
NOTIC: [2] Missing argument 2 for Common\Normal\Httpclient::quickGet(), called in /data/wwwroot/www.fengzakka.cn/Application/Common/Normal/Wechat.class.php on line 815 and defined /data/wwwroot/www.fengzakka.cn/Application/Common/Normal/Httpclient.class.php 第 298 行.
NOTIC: [2] Missing argument 2 for Common\Normal\Httpclient::quickGet(), called in /data/wwwroot/www.fengzakka.cn/Application/Common/Normal/Wechat.class.php on line 842 and defined /data/wwwroot/www.fengzakka.cn/Application/Common/Normal/Httpclient.class.php 第 298 行.
NOTIC: [2] Missing argument 2 for Common\Normal\Httpclient::quickGet(), called in /data/wwwroot/www.fengzakka.cn/Application/Common/Normal/Wechat.class.php on line 863 and defined /data/wwwroot/www.fengzakka.cn/Application/Common/Normal/Httpclient.class.php 第 298 行.
SQL: SHOW COLUMNS FROM `tp_users` [ RunTime:0.0008s ]
SQL: SELECT * FROM `tp_users` WHERE `openid` = 'o6pmpxCm_6F2J4MnGzEkqBHWAQOw' LIMIT 1   [ RunTime:0.0005s ]
SQL: UPDATE `tp_users` SET `last_ip`='117.78.232.193',`last_login`='1499735774' WHERE `openid` = 'o6pmpxCm_6F2J4MnGzEkqBHWAQOw' [ RunTime:0.0005s ]
SQL: SHOW COLUMNS FROM `tp_user_log` [ RunTime:0.0004s ]
SQL: INSERT INTO `tp_user_log` (`web`,`info`,`addtime`,`flag`) VALUES ('wx','{\"user_id\":\"3438\",\"account\":\"\",\"email\":\"\",\"password\":\"\",\"sex\":\"1\",\"birthday\":\"0\",\"user_money\":\"0.00\",\"frozen_money\":\"0.00\",\"distribut_money\":\"0.00\",\"pay_points\":\"0\",\"address_id\":\"0\",\"reg_time\":\"1497846566\",\"last_login\":\"1499674417\",\"last_ip\":\"123.88.201.46\",\"qq\":\"\",\"mobile\":\"\",\"mobile_validated\":\"0\",\"oauth\":\"wx_mobile\",\"unionid\":null,\"openid\":\"o6pmpxCm_6F2J4MnGzEkqBHWAQOw\",\"head_pic\":\"http:\\/\\/wx.qlogo.cn\\/mmopen\\/YiaUNza31ptxG11qC9r438lw8ZAbpe667fwVIv0gfqIopfspvGzfPDHzQgaLQsWvVYhUznI4W5cbia0b69jI2dwCOQaiaufyPJe\\/96\",\"province\":\"\\u5e7f\\u4e1c\",\"city\":\"\\u5e7f\\u5dde\",\"district\":null,\"email_validated\":\"0\",\"nickname\":\"\\u661f\\u7237\",\"level\":\"1\",\"discount\":\"1.00\",\"total_amount\":\"0.00\",\"is_lock\":\"0\",\"is_distribut\":\"0\",\"first_leader\":\"0\",\"second_leader\":\"0\",\"third_leader\":\"0\",\"token\":\"\",\"write_role\":null,\"introduce\":null,\"detail_address\":null}','1499735774','old') [ RunTime:0.0002s ]

[ 2017-07-11T09:16:14+08:00 ] 117.78.232.193 /Mobile/Index/index.html
INFO: [ app_init ] --START--
INFO: Run Behavior\BuildLiteBehavior [ RunTime:0.000010s ]
INFO: [ app_init ] --END-- [ RunTime:0.000253s ]
INFO: [ app_begin ] --START--
INFO: Run Behavior\ReadHtmlCacheBehavior [ RunTime:0.000295s ]
INFO: [ app_begin ] --END-- [ RunTime:0.000329s ]
SQL: SHOW COLUMNS FROM `tp_article_cat` [ RunTime:0.0006s ]
SQL: SELECT `cat_name`,`cat_id` FROM `tp_article_cat` WHERE `show_in_nav` = 1 AND `parent_id` = 0  [ RunTime:0.0001s ]
SQL: SHOW COLUMNS FROM `tp_ad_position` [ RunTime:0.0003s ]
SQL: SELECT b.* FROM tp_ad_position a INNER JOIN tp_ad b ON a.position_id=b.pid  WHERE ( a.position_name LIKE '%mobile%' ) ORDER BY b.orderby desc LIMIT 3   [ RunTime:0.0001s ]
SQL: SHOW COLUMNS FROM `tp_consult` [ RunTime:0.0003s ]
SQL: SELECT * FROM `tp_consult` WHERE `is_show` = 0 GROUP BY consult_id ORDER BY createtime desc LIMIT 6   [ RunTime:0.0001s ]
INFO: [ view_begin ] --START--
INFO: Run Home\Behaviors\testBehavior [ RunTime:0.000161s ]
INFO: [ view_begin ] --END-- [ RunTime:0.000190s ]
INFO: [ view_parse ] --START--
INFO: [ template_filter ] --START--
INFO: Run Behavior\ContentReplaceBehavior [ RunTime:0.000072s ]
INFO: [ template_filter ] --END-- [ RunTime:0.000110s ]
INFO: Run Behavior\ParseTemplateBehavior [ RunTime:0.009564s ]
INFO: [ view_parse ] --END-- [ RunTime:0.009597s ]
INFO: [ view_filter ] --START--
INFO: Run Behavior\WriteHtmlCacheBehavior [ RunTime:0.000097s ]
INFO: Run Behavior\TokenBuildBehavior [ RunTime:0.000213s ]
INFO: [ view_filter ] --END-- [ RunTime:0.000347s ]
INFO: [ app_end ] --START--
INFO: Run Behavior\ShowPageTraceBehavior [ RunTime:0.000377s ]
INFO: [ app_end ] --END-- [ RunTime:0.000414s ]

[ 2017-07-11T09:16:19+08:00 ] 117.78.232.193 /Mobile/Consult/detail/id/1499328710.html
INFO: [ app_init ] --START--
INFO: Run Behavior\BuildLiteBehavior [ RunTime:0.000014s ]
INFO: [ app_init ] --END-- [ RunTime:0.000327s ]
INFO: [ app_begin ] --START--
INFO: Run Behavior\ReadHtmlCacheBehavior [ RunTime:0.000312s ]
INFO: [ app_begin ] --END-- [ RunTime:0.000348s ]
SQL: SHOW COLUMNS FROM `tp_consult` [ RunTime:0.0005s ]
SQL: SELECT a.*,b.nickname,b.head_pic,count(c.consult_id) as collect FROM tp_consult as a INNER JOIN tp_users as b ON a.user_id=b.user_id LEFT JOIN tp_consult_collect as c ON c.consult_id=a.consult_id  WHERE a.consult_id = '1499328710' GROUP BY a.consult_id LIMIT 1   [ RunTime:0.0004s ]
SQL: SHOW COLUMNS FROM `tp_consult_like` [ RunTime:0.0003s ]
SQL: SELECT * FROM `tp_consult_like` WHERE `consult_id` = 1499328710 AND `user_id` = 3438 LIMIT 1   [ RunTime:0.0001s ]
SQL: SHOW COLUMNS FROM `tp_consult_collect` [ RunTime:0.0003s ]
SQL: SELECT * FROM `tp_consult_collect` WHERE `consult_id` = 1499328710 AND `user_id` = 3438 LIMIT 1   [ RunTime:0.0001s ]
SQL: SHOW COLUMNS FROM `tp_consult_comment` [ RunTime:0.0003s ]
SQL: SELECT COUNT(*) AS tp_count FROM `tp_consult_comment` WHERE `consult_id` = 1499328710 AND `type` = 0 LIMIT 1   [ RunTime:0.0001s ]
INFO: [ view_begin ] --START--
INFO: Run Home\Behaviors\testBehavior [ RunTime:0.000154s ]
INFO: [ view_begin ] --END-- [ RunTime:0.000194s ]
INFO: [ view_parse ] --START--
INFO: [ template_filter ] --START--
INFO: Run Behavior\ContentReplaceBehavior [ RunTime:0.000062s ]
INFO: [ template_filter ] --END-- [ RunTime:0.000095s ]
INFO: Run Behavior\ParseTemplateBehavior [ RunTime:0.006307s ]
INFO: [ view_parse ] --END-- [ RunTime:0.006338s ]
INFO: [ view_filter ] --START--
INFO: Run Behavior\WriteHtmlCacheBehavior [ RunTime:0.000107s ]
INFO: Run Behavior\TokenBuildBehavior [ RunTime:0.000225s ]
INFO: [ view_filter ] --END-- [ RunTime:0.000371s ]
INFO: [ app_end ] --START--
INFO: Run Behavior\ShowPageTraceBehavior [ RunTime:0.000297s ]
INFO: [ app_end ] --END-- [ RunTime:0.000326s ]

[ 2017-07-11T09:16:19+08:00 ] 117.78.232.193 /Mobile/Comment/Comment4Admin.html
INFO: [ app_init ] --START--
INFO: Run Behavior\BuildLiteBehavior [ RunTime:0.000011s ]
INFO: [ app_init ] --END-- [ RunTime:0.000230s ]
INFO: [ app_begin ] --START--
INFO: Run Behavior\ReadHtmlCacheBehavior [ RunTime:0.000366s ]
INFO: [ app_begin ] --END-- [ RunTime:0.000400s ]
SQL: SHOW COLUMNS FROM `tp_consult_comment` [ RunTime:0.0005s ]
SQL: SELECT * FROM `tp_consult_comment` WHERE `consult_id` = 1499328710 AND `type` = 1 ORDER BY comment_id DESC  [ RunTime:0.0001s ]

[ 2017-07-11T09:16:24+08:00 ] 101.226.33.205 /Mobile/Index/index.html
INFO: [ app_init ] --START--
INFO: Run Behavior\BuildLiteBehavior [ RunTime:0.000010s ]
INFO: [ app_init ] --END-- [ RunTime:0.000218s ]
INFO: [ app_begin ] --START--
INFO: Run Behavior\ReadHtmlCacheBehavior [ RunTime:0.000303s ]
INFO: [ app_begin ] --END-- [ RunTime:0.000338s ]
SQL: SHOW COLUMNS FROM `tp_article_cat` [ RunTime:0.0005s ]
SQL: SELECT `cat_name`,`cat_id` FROM `tp_article_cat` WHERE `show_in_nav` = 1 AND `parent_id` = 0  [ RunTime:0.0001s ]
SQL: SHOW COLUMNS FROM `tp_ad_position` [ RunTime:0.0003s ]
SQL: SELECT b.* FROM tp_ad_position a INNER JOIN tp_ad b ON a.position_id=b.pid  WHERE ( a.position_name LIKE '%mobile%' ) ORDER BY b.orderby desc LIMIT 3   [ RunTime:0.0001s ]
SQL: SHOW COLUMNS FROM `tp_consult` [ RunTime:0.0004s ]
SQL: SELECT * FROM `tp_consult` WHERE `is_show` = 0 GROUP BY consult_id ORDER BY createtime desc LIMIT 6   [ RunTime:0.0001s ]
INFO: [ view_begin ] --START--
INFO: Run Home\Behaviors\testBehavior [ RunTime:0.000126s ]
INFO: [ view_begin ] --END-- [ RunTime:0.000154s ]
INFO: [ view_parse ] --START--
INFO: [ template_filter ] --START--
INFO: Run Behavior\ContentReplaceBehavior [ RunTime:0.000072s ]
INFO: [ template_filter ] --END-- [ RunTime:0.000111s ]
INFO: Run Behavior\ParseTemplateBehavior [ RunTime:0.008822s ]
INFO: [ view_parse ] --END-- [ RunTime:0.008850s ]
INFO: [ view_filter ] --START--
INFO: Run Behavior\WriteHtmlCacheBehavior [ RunTime:0.000099s ]
INFO: Run Behavior\TokenBuildBehavior [ RunTime:0.000208s ]
INFO: [ view_filter ] --END-- [ RunTime:0.000358s ]
INFO: [ app_end ] --START--
INFO: Run Behavior\ShowPageTraceBehavior [ RunTime:0.000307s ]
INFO: [ app_end ] --END-- [ RunTime:0.000337s ]

[ 2017-07-11T09:17:13+08:00 ] 140.207.128.193 /Mobile/Index/index.html
INFO: [ app_init ] --START--
INFO: Run Behavior\BuildLiteBehavior [ RunTime:0.000010s ]
INFO: [ app_init ] --END-- [ RunTime:0.000212s ]
INFO: [ app_begin ] --START--
INFO: Run Behavior\ReadHtmlCacheBehavior [ RunTime:0.000284s ]
INFO: [ app_begin ] --END-- [ RunTime:0.000318s ]
SQL: SHOW COLUMNS FROM `tp_article_cat` [ RunTime:0.0005s ]
SQL: SELECT `cat_name`,`cat_id` FROM `tp_article_cat` WHERE `show_in_nav` = 1 AND `parent_id` = 0  [ RunTime:0.0001s ]
SQL: SHOW COLUMNS FROM `tp_ad_position` [ RunTime:0.0003s ]
SQL: SELECT b.* FROM tp_ad_position a INNER JOIN tp_ad b ON a.position_id=b.pid  WHERE ( a.position_name LIKE '%mobile%' ) ORDER BY b.orderby desc LIMIT 3   [ RunTime:0.0001s ]
SQL: SHOW COLUMNS FROM `tp_consult` [ RunTime:0.0003s ]
SQL: SELECT * FROM `tp_consult` WHERE `is_show` = 0 GROUP BY consult_id ORDER BY createtime desc LIMIT 6   [ RunTime:0.0001s ]
INFO: [ view_begin ] --START--
INFO: Run Home\Behaviors\testBehavior [ RunTime:0.000124s ]
INFO: [ view_begin ] --END-- [ RunTime:0.000153s ]
INFO: [ view_parse ] --START--
INFO: [ template_filter ] --START--
INFO: Run Behavior\ContentReplaceBehavior [ RunTime:0.000076s ]
INFO: [ template_filter ] --END-- [ RunTime:0.000113s ]
INFO: Run Behavior\ParseTemplateBehavior [ RunTime:0.008241s ]
INFO: [ view_parse ] --END-- [ RunTime:0.008271s ]
INFO: [ view_filter ] --START--
INFO: Run Behavior\WriteHtmlCacheBehavior [ RunTime:0.000092s ]
INFO: Run Behavior\TokenBuildBehavior [ RunTime:0.000217s ]
INFO: [ view_filter ] --END-- [ RunTime:0.000347s ]
INFO: [ app_end ] --START--
INFO: Run Behavior\ShowPageTraceBehavior [ RunTime:0.000290s ]
INFO: [ app_end ] --END-- [ RunTime:0.000319s ]

[ 2017-07-11T09:22:48+08:00 ] 101.226.125.103 /Mobile/Index/index.html
INFO: [ app_init ] --START--
INFO: Run Behavior\BuildLiteBehavior [ RunTime:0.000010s ]
INFO: [ app_init ] --END-- [ RunTime:0.000228s ]
INFO: [ app_begin ] --START--
INFO: Run Behavior\ReadHtmlCacheBehavior [ RunTime:0.000360s ]
INFO: [ app_begin ] --END-- [ RunTime:0.000395s ]
SQL: SHOW COLUMNS FROM `tp_article_cat` [ RunTime:0.0005s ]
SQL: SELECT `cat_name`,`cat_id` FROM `tp_article_cat` WHERE `show_in_nav` = 1 AND `parent_id` = 0  [ RunTime:0.0001s ]
SQL: SHOW COLUMNS FROM `tp_ad_position` [ RunTime:0.0003s ]
SQL: SELECT b.* FROM tp_ad_position a INNER JOIN tp_ad b ON a.position_id=b.pid  WHERE ( a.position_name LIKE '%mobile%' ) ORDER BY b.orderby desc LIMIT 3   [ RunTime:0.0001s ]
SQL: SHOW COLUMNS FROM `tp_consult` [ RunTime:0.0003s ]
SQL: SELECT * FROM `tp_consult` WHERE `is_show` = 0 GROUP BY consult_id ORDER BY createtime desc LIMIT 6   [ RunTime:0.0001s ]
INFO: [ view_begin ] --START--
INFO: Run Home\Behaviors\testBehavior [ RunTime:0.000153s ]
INFO: [ view_begin ] --END-- [ RunTime:0.000181s ]
INFO: [ view_parse ] --START--
INFO: [ template_filter ] --START--
INFO: Run Behavior\ContentReplaceBehavior [ RunTime:0.000071s ]
INFO: [ template_filter ] --END-- [ RunTime:0.000108s ]
INFO: Run Behavior\ParseTemplateBehavior [ RunTime:0.008692s ]
INFO: [ view_parse ] --END-- [ RunTime:0.008728s ]
INFO: [ view_filter ] --START--
INFO: Run Behavior\WriteHtmlCacheBehavior [ RunTime:0.000097s ]
INFO: Run Behavior\TokenBuildBehavior [ RunTime:0.000239s ]
INFO: [ view_filter ] --END-- [ RunTime:0.000376s ]
INFO: [ app_end ] --START--
INFO: Run Behavior\ShowPageTraceBehavior [ RunTime:0.000322s ]
INFO: [ app_end ] --END-- [ RunTime:0.000352s ]

[ 2017-07-11T09:22:50+08:00 ] 101.226.125.104 /Mobile/Consult/detail/id/1499328710.html
INFO: [ app_init ] --START--
INFO: Run Behavior\BuildLiteBehavior [ RunTime:0.000010s ]
INFO: [ app_init ] --END-- [ RunTime:0.000267s ]
INFO: [ app_begin ] --START--
INFO: Run Behavior\ReadHtmlCacheBehavior [ RunTime:0.000290s ]
INFO: [ app_begin ] --END-- [ RunTime:0.000324s ]
SQL: SHOW COLUMNS FROM `tp_consult` [ RunTime:0.0005s ]
SQL: SELECT a.*,b.nickname,b.head_pic,count(c.consult_id) as collect FROM tp_consult as a INNER JOIN tp_users as b ON a.user_id=b.user_id LEFT JOIN tp_consult_collect as c ON c.consult_id=a.consult_id  WHERE a.consult_id = '1499328710' GROUP BY a.consult_id LIMIT 1   [ RunTime:0.0001s ]
SQL: SHOW COLUMNS FROM `tp_consult_like` [ RunTime:0.0003s ]
SQL: SELECT * FROM `tp_consult_like` WHERE `consult_id` = 1499328710 AND `user_id` = null LIMIT 1   [ RunTime:0.0001s ]
SQL: SHOW COLUMNS FROM `tp_consult_collect` [ RunTime:0.0003s ]
SQL: SELECT * FROM `tp_consult_collect` WHERE `consult_id` = 1499328710 AND `user_id` = null LIMIT 1   [ RunTime:0.0001s ]
SQL: SHOW COLUMNS FROM `tp_consult_comment` [ RunTime:0.0003s ]
SQL: SELECT COUNT(*) AS tp_count FROM `tp_consult_comment` WHERE `consult_id` = 1499328710 AND `type` = 0 LIMIT 1   [ RunTime:0.0001s ]
INFO: [ view_begin ] --START--
INFO: Run Home\Behaviors\testBehavior [ RunTime:0.000138s ]
INFO: [ view_begin ] --END-- [ RunTime:0.000174s ]
INFO: [ view_parse ] --START--
INFO: [ template_filter ] --START--
INFO: Run Behavior\ContentReplaceBehavior [ RunTime:0.000058s ]
INFO: [ template_filter ] --END-- [ RunTime:0.000093s ]
NOTIC: [8] Undefined index: user /data/wwwroot/www.fengzakka.cn/Application/Runtime/Cache/Mobile/dfd6d9df5df21293af7321667bed8563.php 第 79 行.
INFO: Run Behavior\ParseTemplateBehavior [ RunTime:0.006399s ]
INFO: [ view_parse ] --END-- [ RunTime:0.006425s ]
INFO: [ view_filter ] --START--
INFO: Run Behavior\WriteHtmlCacheBehavior [ RunTime:0.000108s ]
INFO: Run Behavior\TokenBuildBehavior [ RunTime:0.000216s ]
INFO: [ view_filter ] --END-- [ RunTime:0.000364s ]
INFO: [ app_end ] --START--
INFO: Run Behavior\ShowPageTraceBehavior [ RunTime:0.000317s ]
INFO: [ app_end ] --END-- [ RunTime:0.000352s ]

[ 2017-07-11T09:24:21+08:00 ] 101.226.66.187 /Mobile/Goods/index.html
INFO: [ app_init ] --START--
INFO: Run Behavior\BuildLiteBehavior [ RunTime:0.000011s ]
INFO: [ app_init ] --END-- [ RunTime:0.000228s ]
INFO: [ app_begin ] --START--
INFO: Run Behavior\ReadHtmlCacheBehavior [ RunTime:0.000301s ]
INFO: [ app_begin ] --END-- [ RunTime:0.000335s ]
SQL: SHOW COLUMNS FROM `tp_ad_position` [ RunTime:0.0005s ]
SQL: SELECT b.* FROM tp_ad_position a INNER JOIN tp_ad b ON a.position_id=b.pid  WHERE ( a.position_name LIKE '%mobile%' ) ORDER BY b.orderby desc LIMIT 3   [ RunTime:0.0001s ]
SQL: SHOW COLUMNS FROM `tp_goods` [ RunTime:0.0005s ]
SQL: SELECT `goods_id`,`goods_sn`,`goods_name`,`shop_price`,`original_img` FROM `tp_goods` GROUP BY goods_id ORDER BY sort desc LIMIT 12   [ RunTime:0.0001s ]
INFO: [ view_begin ] --START--
INFO: Run Home\Behaviors\testBehavior [ RunTime:0.000122s ]
INFO: [ view_begin ] --END-- [ RunTime:0.000151s ]
INFO: [ view_parse ] --START--
INFO: [ template_filter ] --START--
INFO: Run Behavior\ContentReplaceBehavior [ RunTime:0.000062s ]
INFO: [ template_filter ] --END-- [ RunTime:0.000094s ]
INFO: Run Behavior\ParseTemplateBehavior [ RunTime:0.005589s ]
INFO: [ view_parse ] --END-- [ RunTime:0.005617s ]
INFO: [ view_filter ] --START--
INFO: Run Behavior\WriteHtmlCacheBehavior [ RunTime:0.000092s ]
INFO: Run Behavior\TokenBuildBehavior [ RunTime:0.000225s ]
INFO: [ view_filter ] --END-- [ RunTime:0.000354s ]
INFO: [ app_end ] --START--
INFO: Run Behavior\ShowPageTraceBehavior [ RunTime:0.000292s ]
INFO: [ app_end ] --END-- [ RunTime:0.000319s ]

[ 2017-07-11T16:15:22+08:00 ] 183.61.38.55 /Mobile/Goods/index.html
INFO: [ app_init ] --START--
INFO: Run Behavior\BuildLiteBehavior [ RunTime:0.000009s ]
INFO: [ app_init ] --END-- [ RunTime:0.000211s ]
INFO: [ app_begin ] --START--
INFO: Run Behavior\ReadHtmlCacheBehavior [ RunTime:0.000281s ]
INFO: [ app_begin ] --END-- [ RunTime:0.000314s ]
SQL: SHOW COLUMNS FROM `tp_ad_position` [ RunTime:0.0005s ]
SQL: SELECT b.* FROM tp_ad_position a INNER JOIN tp_ad b ON a.position_id=b.pid  WHERE ( a.position_name LIKE '%mobile%' ) ORDER BY b.orderby desc LIMIT 3   [ RunTime:0.0001s ]
SQL: SHOW COLUMNS FROM `tp_goods` [ RunTime:0.0005s ]
SQL: SELECT `goods_id`,`goods_sn`,`goods_name`,`shop_price`,`original_img` FROM `tp_goods` GROUP BY goods_id ORDER BY sort desc LIMIT 12   [ RunTime:0.0001s ]
INFO: [ view_begin ] --START--
INFO: Run Home\Behaviors\testBehavior [ RunTime:0.000119s ]
INFO: [ view_begin ] --END-- [ RunTime:0.000146s ]
INFO: [ view_parse ] --START--
INFO: [ template_filter ] --START--
INFO: Run Behavior\ContentReplaceBehavior [ RunTime:0.000060s ]
INFO: [ template_filter ] --END-- [ RunTime:0.000100s ]
INFO: Run Behavior\ParseTemplateBehavior [ RunTime:0.005576s ]
INFO: [ view_parse ] --END-- [ RunTime:0.005604s ]
INFO: [ view_filter ] --START--
INFO: Run Behavior\WriteHtmlCacheBehavior [ RunTime:0.000104s ]
INFO: Run Behavior\TokenBuildBehavior [ RunTime:0.000220s ]
INFO: [ view_filter ] --END-- [ RunTime:0.000363s ]
INFO: [ app_end ] --START--
INFO: Run Behavior\ShowPageTraceBehavior [ RunTime:0.000271s ]
INFO: [ app_end ] --END-- [ RunTime:0.000297s ]

[ 2017-07-11T16:15:23+08:00 ] 183.61.38.55 /Mobile/MobileBase/Userinfo?code=021HbGdf1QNBnx0QtGdf1iyEdf1HbGd1&state=
INFO: [ app_init ] --START--
INFO: Run Behavior\BuildLiteBehavior [ RunTime:0.000009s ]
INFO: [ app_init ] --END-- [ RunTime:0.000212s ]
INFO: [ app_begin ] --START--
INFO: Run Behavior\ReadHtmlCacheBehavior [ RunTime:0.000313s ]
INFO: [ app_begin ] --END-- [ RunTime:0.000346s ]
NOTIC: [2] Missing argument 2 for Common\Normal\Httpclient::quickGet(), called in /data/wwwroot/www.fengzakka.cn/Application/Common/Normal/Wechat.class.php on line 815 and defined /data/wwwroot/www.fengzakka.cn/Application/Common/Normal/Httpclient.class.php 第 298 行.
NOTIC: [2] Missing argument 2 for Common\Normal\Httpclient::quickGet(), called in /data/wwwroot/www.fengzakka.cn/Application/Common/Normal/Wechat.class.php on line 842 and defined /data/wwwroot/www.fengzakka.cn/Application/Common/Normal/Httpclient.class.php 第 298 行.
NOTIC: [2] Missing argument 2 for Common\Normal\Httpclient::quickGet(), called in /data/wwwroot/www.fengzakka.cn/Application/Common/Normal/Wechat.class.php on line 863 and defined /data/wwwroot/www.fengzakka.cn/Application/Common/Normal/Httpclient.class.php 第 298 行.
SQL: SHOW COLUMNS FROM `tp_users` [ RunTime:0.0008s ]
SQL: SELECT * FROM `tp_users` WHERE `openid` = 'o6pmpxHbmuEATWFETii9hRLAU9gc' LIMIT 1   [ RunTime:0.0005s ]
SQL: UPDATE `tp_users` SET `last_ip`='183.61.38.55',`last_login`='1499760923' WHERE `openid` = 'o6pmpxHbmuEATWFETii9hRLAU9gc' [ RunTime:0.0019s ]
SQL: SHOW COLUMNS FROM `tp_user_log` [ RunTime:0.0003s ]
SQL: INSERT INTO `tp_user_log` (`web`,`info`,`addtime`,`flag`) VALUES ('wx','{\"user_id\":\"3465\",\"account\":\"\",\"email\":\"\",\"password\":\"\",\"sex\":\"1\",\"birthday\":\"0\",\"user_money\":\"0.00\",\"frozen_money\":\"0.00\",\"distribut_money\":\"0.00\",\"pay_points\":\"0\",\"address_id\":\"0\",\"reg_time\":\"1498734016\",\"last_login\":\"1499652001\",\"last_ip\":\"183.61.38.55\",\"qq\":\"\",\"mobile\":\"\",\"mobile_validated\":\"0\",\"oauth\":\"wx_mobile\",\"unionid\":null,\"openid\":\"o6pmpxHbmuEATWFETii9hRLAU9gc\",\"head_pic\":\"http:\\/\\/wx.qlogo.cn\\/mmopen\\/9UjCmequjUicqhGMEhuvVXwkfgyIOAkCibRdjl2GibCNHG0JibkSF3bTlgTxy6CfOVqKKyELjXib229mf4B4Su5A5SdljicViaTxZoU\\/96\",\"province\":\"\\u5e7f\\u4e1c\",\"city\":\"\\u6c55\\u5c3e\",\"district\":null,\"email_validated\":\"0\",\"nickname\":\"\\u7396\\u634c.\",\"level\":\"1\",\"discount\":\"1.00\",\"total_amount\":\"0.00\",\"is_lock\":\"0\",\"is_distribut\":\"0\",\"first_leader\":\"0\",\"second_leader\":\"0\",\"third_leader\":\"0\",\"token\":\"\",\"write_role\":null,\"introduce\":null,\"detail_address\":null}','1499760923','old') [ RunTime:0.0003s ]

[ 2017-07-11T16:15:24+08:00 ] 183.61.38.55 /Mobile/Index/index.html
INFO: [ app_init ] --START--
INFO: Run Behavior\BuildLiteBehavior [ RunTime:0.000011s ]
INFO: [ app_init ] --END-- [ RunTime:0.000279s ]
INFO: [ app_begin ] --START--
INFO: Run Behavior\ReadHtmlCacheBehavior [ RunTime:0.000280s ]
INFO: [ app_begin ] --END-- [ RunTime:0.000313s ]
SQL: SHOW COLUMNS FROM `tp_article_cat` [ RunTime:0.0005s ]
SQL: SELECT `cat_name`,`cat_id` FROM `tp_article_cat` WHERE `show_in_nav` = 1 AND `parent_id` = 0  [ RunTime:0.0001s ]
SQL: SHOW COLUMNS FROM `tp_ad_position` [ RunTime:0.0003s ]
SQL: SELECT b.* FROM tp_ad_position a INNER JOIN tp_ad b ON a.position_id=b.pid  WHERE ( a.position_name LIKE '%mobile%' ) ORDER BY b.orderby desc LIMIT 3   [ RunTime:0.0001s ]
SQL: SHOW COLUMNS FROM `tp_consult` [ RunTime:0.0004s ]
SQL: SELECT * FROM `tp_consult` WHERE `is_show` = 0 GROUP BY consult_id ORDER BY createtime desc LIMIT 6   [ RunTime:0.0001s ]
INFO: [ view_begin ] --START--
INFO: Run Home\Behaviors\testBehavior [ RunTime:0.000127s ]
INFO: [ view_begin ] --END-- [ RunTime:0.000154s ]
INFO: [ view_parse ] --START--
INFO: [ template_filter ] --START--
INFO: Run Behavior\ContentReplaceBehavior [ RunTime:0.000071s ]
INFO: [ template_filter ] --END-- [ RunTime:0.000108s ]
INFO: Run Behavior\ParseTemplateBehavior [ RunTime:0.009327s ]
INFO: [ view_parse ] --END-- [ RunTime:0.009366s ]
INFO: [ view_filter ] --START--
INFO: Run Behavior\WriteHtmlCacheBehavior [ RunTime:0.000112s ]
INFO: Run Behavior\TokenBuildBehavior [ RunTime:0.000215s ]
INFO: [ view_filter ] --END-- [ RunTime:0.000365s ]
INFO: [ app_end ] --START--
INFO: Run Behavior\ShowPageTraceBehavior [ RunTime:0.000321s ]
INFO: [ app_end ] --END-- [ RunTime:0.000362s ]

[ 2017-07-11T16:15:27+08:00 ] 183.61.38.55 /Mobile/Goods/categoryList.html
INFO: [ app_init ] --START--
INFO: Run Behavior\BuildLiteBehavior [ RunTime:0.000010s ]
INFO: [ app_init ] --END-- [ RunTime:0.000213s ]
INFO: [ app_begin ] --START--
INFO: Run Behavior\ReadHtmlCacheBehavior [ RunTime:0.000289s ]
INFO: [ app_begin ] --END-- [ RunTime:0.000324s ]
SQL: SHOW COLUMNS FROM `tp_goods_category` [ RunTime:0.0006s ]
SQL: SELECT * FROM `tp_goods_category` WHERE ( is_show = 1 ) ORDER BY sort_order  [ RunTime:0.0001s ]
INFO: [ view_begin ] --START--
INFO: Run Home\Behaviors\testBehavior [ RunTime:0.000140s ]
INFO: [ view_begin ] --END-- [ RunTime:0.000171s ]
INFO: [ view_parse ] --START--
NOTIC: [8] Undefined index: order /data/wwwroot/www.fengzakka.cn/ThinkPHP/Library/Think/Template/TagLib/Tpshop.class.php 第 35 行.
NOTIC: [8] Undefined index: where /data/wwwroot/www.fengzakka.cn/ThinkPHP/Library/Think/Template/TagLib/Tpshop.class.php 第 37 行.
INFO: [ template_filter ] --START--
INFO: Run Behavior\ContentReplaceBehavior [ RunTime:0.000074s ]
INFO: [ template_filter ] --END-- [ RunTime:0.000109s ]
NOTIC: [8] Undefined variable: tpshop_config /data/wwwroot/www.fengzakka.cn/Application/Runtime/Cache/Mobile/56100e2ee68da1c55bb7048b88cc0a95.php 第 7 行.
NOTIC: [8] Undefined variable: tpshop_config /data/wwwroot/www.fengzakka.cn/Application/Runtime/Cache/Mobile/56100e2ee68da1c55bb7048b88cc0a95.php 第 8 行.
NOTIC: [8] Use of undefined constant level - assumed 'level' /data/wwwroot/www.fengzakka.cn/Application/Runtime/Cache/Mobile/56100e2ee68da1c55bb7048b88cc0a95.php 第 28 行.
NOTIC: [8] Use of undefined constant level - assumed 'level' /data/wwwroot/www.fengzakka.cn/Application/Runtime/Cache/Mobile/56100e2ee68da1c55bb7048b88cc0a95.php 第 28 行.
NOTIC: [8] Use of undefined constant level - assumed 'level' /data/wwwroot/www.fengzakka.cn/Application/Runtime/Cache/Mobile/56100e2ee68da1c55bb7048b88cc0a95.php 第 28 行.
NOTIC: [8] Use of undefined constant level - assumed 'level' /data/wwwroot/www.fengzakka.cn/Application/Runtime/Cache/Mobile/56100e2ee68da1c55bb7048b88cc0a95.php 第 28 行.
NOTIC: [8] Use of undefined constant level - assumed 'level' /data/wwwroot/www.fengzakka.cn/Application/Runtime/Cache/Mobile/56100e2ee68da1c55bb7048b88cc0a95.php 第 28 行.
NOTIC: [8] Use of undefined constant level - assumed 'level' /data/wwwroot/www.fengzakka.cn/Application/Runtime/Cache/Mobile/56100e2ee68da1c55bb7048b88cc0a95.php 第 28 行.
SQL: SHOW COLUMNS FROM `tp_ad_position` [ RunTime:0.0004s ]
SQL: SELECT `position_id`,`position_name`,`ad_width`,`ad_height` FROM `tp_ad_position`  [ RunTime:0.0001s ]
SQL: SHOW COLUMNS FROM `tp_ad` [ RunTime:0.0005s ]
SQL: SELECT * FROM `tp_ad` WHERE ( pid=400  and enabled = 1 and start_time < 1499760000 and end_time > 1499760000  ) ORDER BY orderby desc LIMIT 1   [ RunTime:0.0003s ]
NOTIC: [8] Use of undefined constant edit_ad - assumed 'edit_ad' /data/wwwroot/www.fengzakka.cn/Application/Runtime/Cache/Mobile/56100e2ee68da1c55bb7048b88cc0a95.php 第 35 行.
NOTIC: [8] Undefined index: edit_ad /data/wwwroot/www.fengzakka.cn/Application/Runtime/Cache/Mobile/56100e2ee68da1c55bb7048b88cc0a95.php 第 35 行.
NOTIC: [8] Use of undefined constant id - assumed 'id' /data/wwwroot/www.fengzakka.cn/Application/Runtime/Cache/Mobile/56100e2ee68da1c55bb7048b88cc0a95.php 第 40 行.
NOTIC: [8] Undefined index: sub_tmenu /data/wwwroot/www.fengzakka.cn/Application/Runtime/Cache/Mobile/56100e2ee68da1c55bb7048b88cc0a95.php 第 43 行.
NOTIC: [8] Use of undefined constant id - assumed 'id' /data/wwwroot/www.fengzakka.cn/Application/Runtime/Cache/Mobile/56100e2ee68da1c55bb7048b88cc0a95.php 第 40 行.
NOTIC: [8] Undefined index: sub_tmenu /data/wwwroot/www.fengzakka.cn/Application/Runtime/Cache/Mobile/56100e2ee68da1c55bb7048b88cc0a95.php 第 43 行.
NOTIC: [8] Use of undefined constant id - assumed 'id' /data/wwwroot/www.fengzakka.cn/Application/Runtime/Cache/Mobile/56100e2ee68da1c55bb7048b88cc0a95.php 第 40 行.
NOTIC: [8] Undefined index: sub_tmenu /data/wwwroot/www.fengzakka.cn/Application/Runtime/Cache/Mobile/56100e2ee68da1c55bb7048b88cc0a95.php 第 43 行.
NOTIC: [8] Use of undefined constant edit_ad - assumed 'edit_ad' /data/wwwroot/www.fengzakka.cn/Application/Runtime/Cache/Mobile/56100e2ee68da1c55bb7048b88cc0a95.php 第 35 行.
NOTIC: [8] Undefined index: edit_ad /data/wwwroot/www.fengzakka.cn/Application/Runtime/Cache/Mobile/56100e2ee68da1c55bb7048b88cc0a95.php 第 35 行.
NOTIC: [8] Use of undefined constant id - assumed 'id' /data/wwwroot/www.fengzakka.cn/Application/Runtime/Cache/Mobile/56100e2ee68da1c55bb7048b88cc0a95.php 第 40 行.
NOTIC: [8] Undefined index: sub_tmenu /data/wwwroot/www.fengzakka.cn/Application/Runtime/Cache/Mobile/56100e2ee68da1c55bb7048b88cc0a95.php 第 43 行.
NOTIC: [8] Use of undefined constant id - assumed 'id' /data/wwwroot/www.fengzakka.cn/Application/Runtime/Cache/Mobile/56100e2ee68da1c55bb7048b88cc0a95.php 第 40 行.
NOTIC: [8] Undefined index: sub_tmenu /data/wwwroot/www.fengzakka.cn/Application/Runtime/Cache/Mobile/56100e2ee68da1c55bb7048b88cc0a95.php 第 43 行.
NOTIC: [8] Use of undefined constant id - assumed 'id' /data/wwwroot/www.fengzakka.cn/Application/Runtime/Cache/Mobile/56100e2ee68da1c55bb7048b88cc0a95.php 第 40 行.
NOTIC: [8] Undefined index: sub_tmenu /data/wwwroot/www.fengzakka.cn/Application/Runtime/Cache/Mobile/56100e2ee68da1c55bb7048b88cc0a95.php 第 43 行.
NOTIC: [8] Use of undefined constant edit_ad - assumed 'edit_ad' /data/wwwroot/www.fengzakka.cn/Application/Runtime/Cache/Mobile/56100e2ee68da1c55bb7048b88cc0a95.php 第 35 行.
NOTIC: [8] Undefined index: edit_ad /data/wwwroot/www.fengzakka.cn/Application/Runtime/Cache/Mobile/56100e2ee68da1c55bb7048b88cc0a95.php 第 35 行.
NOTIC: [8] Use of undefined constant id - assumed 'id' /data/wwwroot/www.fengzakka.cn/Application/Runtime/Cache/Mobile/56100e2ee68da1c55bb7048b88cc0a95.php 第 40 行.
NOTIC: [8] Undefined index: sub_tmenu /data/wwwroot/www.fengzakka.cn/Application/Runtime/Cache/Mobile/56100e2ee68da1c55bb7048b88cc0a95.php 第 43 行.
NOTIC: [8] Use of undefined constant id - assumed 'id' /data/wwwroot/www.fengzakka.cn/Application/Runtime/Cache/Mobile/56100e2ee68da1c55bb7048b88cc0a95.php 第 40 行.
NOTIC: [8] Undefined index: sub_tmenu /data/wwwroot/www.fengzakka.cn/Application/Runtime/Cache/Mobile/56100e2ee68da1c55bb7048b88cc0a95.php 第 43 行.
NOTIC: [8] Use of undefined constant id - assumed 'id' /data/wwwroot/www.fengzakka.cn/Application/Runtime/Cache/Mobile/56100e2ee68da1c55bb7048b88cc0a95.php 第 40 行.
NOTIC: [8] Undefined index: sub_tmenu /data/wwwroot/www.fengzakka.cn/Application/Runtime/Cache/Mobile/56100e2ee68da1c55bb7048b88cc0a95.php 第 43 行.
NOTIC: [8] Use of undefined constant id - assumed 'id' /data/wwwroot/www.fengzakka.cn/Application/Runtime/Cache/Mobile/56100e2ee68da1c55bb7048b88cc0a95.php 第 40 行.
NOTIC: [8] Undefined index: sub_tmenu /data/wwwroot/www.fengzakka.cn/Application/Runtime/Cache/Mobile/56100e2ee68da1c55bb7048b88cc0a95.php 第 43 行.
NOTIC: [8] Use of undefined constant edit_ad - assumed 'edit_ad' /data/wwwroot/www.fengzakka.cn/Application/Runtime/Cache/Mobile/56100e2ee68da1c55bb7048b88cc0a95.php 第 35 行.
NOTIC: [8] Undefined index: edit_ad /data/wwwroot/www.fengzakka.cn/Application/Runtime/Cache/Mobile/56100e2ee68da1c55bb7048b88cc0a95.php 第 35 行.
NOTIC: [8] Use of undefined constant id - assumed 'id' /data/wwwroot/www.fengzakka.cn/Application/Runtime/Cache/Mobile/56100e2ee68da1c55bb7048b88cc0a95.php 第 40 行.
NOTIC: [8] Undefined index: sub_tmenu /data/wwwroot/www.fengzakka.cn/Application/Runtime/Cache/Mobile/56100e2ee68da1c55bb7048b88cc0a95.php 第 43 行.
NOTIC: [8] Use of undefined constant id - assumed 'id' /data/wwwroot/www.fengzakka.cn/Application/Runtime/Cache/Mobile/56100e2ee68da1c55bb7048b88cc0a95.php 第 40 行.
NOTIC: [8] Undefined index: sub_tmenu /data/wwwroot/www.fengzakka.cn/Application/Runtime/Cache/Mobile/56100e2ee68da1c55bb7048b88cc0a95.php 第 43 行.
NOTIC: [8] Use of undefined constant id - assumed 'id' /data/wwwroot/www.fengzakka.cn/Application/Runtime/Cache/Mobile/56100e2ee68da1c55bb7048b88cc0a95.php 第 40 行.
NOTIC: [8] Undefined index: sub_tmenu /data/wwwroot/www.fengzakka.cn/Application/Runtime/Cache/Mobile/56100e2ee68da1c55bb7048b88cc0a95.php 第 43 行.
NOTIC: [8] Use of undefined constant edit_ad - assumed 'edit_ad' /data/wwwroot/www.fengzakka.cn/Application/Runtime/Cache/Mobile/56100e2ee68da1c55bb7048b88cc0a95.php 第 35 行.
NOTIC: [8] Undefined index: edit_ad /data/wwwroot/www.fengzakka.cn/Application/Runtime/Cache/Mobile/56100e2ee68da1c55bb7048b88cc0a95.php 第 35 行.
NOTIC: [8] Use of undefined constant id - assumed 'id' /data/wwwroot/www.fengzakka.cn/Application/Runtime/Cache/Mobile/56100e2ee68da1c55bb7048b88cc0a95.php 第 40 行.
NOTIC: [8] Undefined index: sub_tmenu /data/wwwroot/www.fengzakka.cn/Application/Runtime/Cache/Mobile/56100e2ee68da1c55bb7048b88cc0a95.php 第 43 行.
NOTIC: [8] Use of undefined constant id - assumed 'id' /data/wwwroot/www.fengzakka.cn/Application/Runtime/Cache/Mobile/56100e2ee68da1c55bb7048b88cc0a95.php 第 40 行.
NOTIC: [8] Undefined index: sub_tmenu /data/wwwroot/www.fengzakka.cn/Application/Runtime/Cache/Mobile/56100e2ee68da1c55bb7048b88cc0a95.php 第 43 行.
NOTIC: [8] Use of undefined constant id - assumed 'id' /data/wwwroot/www.fengzakka.cn/Application/Runtime/Cache/Mobile/56100e2ee68da1c55bb7048b88cc0a95.php 第 40 行.
NOTIC: [8] Undefined index: sub_tmenu /data/wwwroot/www.fengzakka.cn/Application/Runtime/Cache/Mobile/56100e2ee68da1c55bb7048b88cc0a95.php 第 43 行.
NOTIC: [8] Use of undefined constant id - assumed 'id' /data/wwwroot/www.fengzakka.cn/Application/Runtime/Cache/Mobile/56100e2ee68da1c55bb7048b88cc0a95.php 第 40 行.
NOTIC: [8] Undefined index: sub_tmenu /data/wwwroot/www.fengzakka.cn/Application/Runtime/Cache/Mobile/56100e2ee68da1c55bb7048b88cc0a95.php 第 43 行.
NOTIC: [8] Use of undefined constant edit_ad - assumed 'edit_ad' /data/wwwroot/www.fengzakka.cn/Application/Runtime/Cache/Mobile/56100e2ee68da1c55bb7048b88cc0a95.php 第 35 行.
NOTIC: [8] Undefined index: edit_ad /data/wwwroot/www.fengzakka.cn/Application/Runtime/Cache/Mobile/56100e2ee68da1c55bb7048b88cc0a95.php 第 35 行.
NOTIC: [8] Use of undefined constant id - assumed 'id' /data/wwwroot/www.fengzakka.cn/Application/Runtime/Cache/Mobile/56100e2ee68da1c55bb7048b88cc0a95.php 第 40 行.
NOTIC: [8] Undefined index: sub_tmenu /data/wwwroot/www.fengzakka.cn/Application/Runtime/Cache/Mobile/56100e2ee68da1c55bb7048b88cc0a95.php 第 43 行.
INFO: Run Behavior\ParseTemplateBehavior [ RunTime:0.012520s ]
INFO: [ view_parse ] --END-- [ RunTime:0.012546s ]
INFO: [ view_filter ] --START--
INFO: Run Behavior\WriteHtmlCacheBehavior [ RunTime:0.000101s ]
INFO: Run Behavior\TokenBuildBehavior [ RunTime:0.000218s ]
INFO: [ view_filter ] --END-- [ RunTime:0.000358s ]
INFO: [ app_end ] --START--
INFO: Run Behavior\ShowPageTraceBehavior [ RunTime:0.000311s ]
INFO: [ app_end ] --END-- [ RunTime:0.000341s ]

[ 2017-07-11T16:15:32+08:00 ] 183.61.51.208 /Mobile/Goods/goodsList/id/873.html
INFO: [ app_init ] --START--
INFO: Run Behavior\BuildLiteBehavior [ RunTime:0.000010s ]
INFO: [ app_init ] --END-- [ RunTime:0.000212s ]
INFO: [ app_begin ] --START--
INFO: Run Behavior\ReadHtmlCacheBehavior [ RunTime:0.000317s ]
INFO: [ app_begin ] --END-- [ RunTime:0.000380s ]
SQL: SHOW COLUMNS FROM `tp_goods` [ RunTime:0.0007s ]
SQL: SHOW COLUMNS FROM `tp_goods_category` [ RunTime:0.0004s ]
SQL: SELECT * FROM `tp_goods_category` WHERE ( id = 873 ) LIMIT 1   [ RunTime:0.0001s ]
SQL: SHOW COLUMNS FROM `tp_goods_category` [ RunTime:0.0004s ]
SQL: SELECT * FROM `tp_goods_category` WHERE ( is_show = 1 ) ORDER BY sort_order  [ RunTime:0.0001s ]
SQL: SELECT `id`,`parent_id` FROM `tp_goods_category`  [ RunTime:0.0001s ]
SQL: SELECT `id` FROM `tp_goods_category` WHERE ( parent_id = 873 )  [ RunTime:0.0001s ]
NOTIC: [2] Invalid argument supplied for foreach() /data/wwwroot/www.fengzakka.cn/Application/Common/Common/common.php 第 401 行.
SQL: SHOW COLUMNS FROM `tp_goods` [ RunTime:0.0005s ]
SQL: SELECT `goods_id` FROM `tp_goods` WHERE ( is_on_sale=1 and cat_id in(873)  )  [ RunTime:0.0001s ]
SQL: SELECT `shop_price` FROM `tp_goods` WHERE ( goods_id in (172) )  [ RunTime:0.0001s ]
SQL: SHOW COLUMNS FROM `tp_brand` [ RunTime:0.0004s ]
SQL: SELECT * FROM `tp_brand` WHERE ( id in(select brand_id from tp_goods where brand_id > 0 and goods_id in(172)) ) LIMIT 30   [ RunTime:0.0001s ]
SQL: SHOW COLUMNS FROM `tp_spec_goods_price` [ RunTime:0.0004s ]
SQL: select group_concat(`key` separator  '_') as `key` from tp_spec_goods_price where goods_id in(172) [ RunTime:0.0001s ]
SQL: SHOW COLUMNS FROM `tp_spec` [ RunTime:0.0003s ]
SQL: SELECT `id`,`name` FROM `tp_spec` WHERE `search_index` = 1  [ RunTime:0.0001s ]
SQL: SHOW COLUMNS FROM `tp_spec_item` [ RunTime:0.0003s ]
SQL: SELECT `id`,`spec_id`,`item` FROM `tp_spec_item` WHERE `spec_id` IN (28,29,30,31,32,33,34,35)  [ RunTime:0.0001s ]
NOTIC: [8] Undefined index: spec /data/wwwroot/www.fengzakka.cn/Application/Home/Logic/GoodsLogic.class.php 第 79 行.
SQL: SHOW COLUMNS FROM `tp_goods_attr` [ RunTime:0.0003s ]
SQL: SELECT * FROM `tp_goods_attr` WHERE ( goods_id in(172) and attr_value != '' )  [ RunTime:0.0001s ]
SQL: SHOW COLUMNS FROM `tp_goods_attribute` [ RunTime:0.0004s ]
SQL: SELECT `attr_id`,`attr_name`,`attr_index` FROM `tp_goods_attribute`  [ RunTime:0.0001s ]
SQL: SELECT * FROM `tp_goods` WHERE ( goods_id in (172) ) ORDER BY goods_id asc LIMIT 0,4   [ RunTime:0.0001s ]
SQL: SHOW COLUMNS FROM `tp_goods_images` [ RunTime:0.0003s ]
SQL: SELECT * FROM `tp_goods_images` WHERE ( goods_id in (172) )  [ RunTime:0.0001s ]
SQL: SELECT `id`,`name`,`parent_id`,`level` FROM `tp_goods_category` WHERE ( is_show=1 )  [ RunTime:0.0001s ]
NOTIC: [8] Undefined index: is_ajax /data/wwwroot/www.fengzakka.cn/Application/Mobile/Controller/GoodsController.class.php 第 139 行.
INFO: [ view_begin ] --START--
INFO: Run Home\Behaviors\testBehavior [ RunTime:0.000136s ]
INFO: [ view_begin ] --END-- [ RunTime:0.000170s ]
INFO: [ view_parse ] --START--
INFO: [ template_filter ] --START--
INFO: Run Behavior\ContentReplaceBehavior [ RunTime:0.000187s ]
INFO: [ template_filter ] --END-- [ RunTime:0.000235s ]
NOTIC: [8] Undefined variable: tpshop_config /data/wwwroot/www.fengzakka.cn/Application/Runtime/Cache/Mobile/2b8c6080e455e089a54776d19e1bfb4b.php 第 8 行.
NOTIC: [8] Undefined variable: tpshop_config /data/wwwroot/www.fengzakka.cn/Application/Runtime/Cache/Mobile/2b8c6080e455e089a54776d19e1bfb4b.php 第 9 行.
NOTIC: [8] Use of undefined constant sort - assumed 'sort' /data/wwwroot/www.fengzakka.cn/Application/Runtime/Cache/Mobile/2b8c6080e455e089a54776d19e1bfb4b.php 第 37 行.
NOTIC: [8] Undefined index: sort /data/wwwroot/www.fengzakka.cn/Application/Runtime/Cache/Mobile/2b8c6080e455e089a54776d19e1bfb4b.php 第 37 行.
NOTIC: [8] Use of undefined constant sort - assumed 'sort' /data/wwwroot/www.fengzakka.cn/Application/Runtime/Cache/Mobile/2b8c6080e455e089a54776d19e1bfb4b.php 第 38 行.
NOTIC: [8] Undefined index: sort /data/wwwroot/www.fengzakka.cn/Application/Runtime/Cache/Mobile/2b8c6080e455e089a54776d19e1bfb4b.php 第 38 行.
NOTIC: [8] Use of undefined constant sort - assumed 'sort' /data/wwwroot/www.fengzakka.cn/Application/Runtime/Cache/Mobile/2b8c6080e455e089a54776d19e1bfb4b.php 第 39 行.
NOTIC: [8] Undefined index: sort /data/wwwroot/www.fengzakka.cn/Application/Runtime/Cache/Mobile/2b8c6080e455e089a54776d19e1bfb4b.php 第 39 行.
NOTIC: [8] Use of undefined constant sort - assumed 'sort' /data/wwwroot/www.fengzakka.cn/Application/Runtime/Cache/Mobile/2b8c6080e455e089a54776d19e1bfb4b.php 第 40 行.
NOTIC: [8] Undefined index: sort /data/wwwroot/www.fengzakka.cn/Application/Runtime/Cache/Mobile/2b8c6080e455e089a54776d19e1bfb4b.php 第 40 行.
NOTIC: [8] Use of undefined constant goods_id - assumed 'goods_id' /data/wwwroot/www.fengzakka.cn/Application/Runtime/Cache/Mobile/2b8c6080e455e089a54776d19e1bfb4b.php 第 49 行.
NOTIC: [8] Use of undefined constant goods_id - assumed 'goods_id' /data/wwwroot/www.fengzakka.cn/Application/Runtime/Cache/Mobile/2b8c6080e455e089a54776d19e1bfb4b.php 第 67 行.
NOTIC: [8] Use of undefined constant sort - assumed 'sort' /data/wwwroot/www.fengzakka.cn/Application/Runtime/Cache/Mobile/2b8c6080e455e089a54776d19e1bfb4b.php 第 85 行.
NOTIC: [8] Undefined index: sort /data/wwwroot/www.fengzakka.cn/Application/Runtime/Cache/Mobile/2b8c6080e455e089a54776d19e1bfb4b.php 第 85 行.
NOTIC: [8] Use of undefined constant sort_asc - assumed 'sort_asc' /data/wwwroot/www.fengzakka.cn/Application/Runtime/Cache/Mobile/2b8c6080e455e089a54776d19e1bfb4b.php 第 85 行.
NOTIC: [8] Undefined index: sort_asc /data/wwwroot/www.fengzakka.cn/Application/Runtime/Cache/Mobile/2b8c6080e455e089a54776d19e1bfb4b.php 第 85 行.
NOTIC: [8] Use of undefined constant href - assumed 'href' /data/wwwroot/www.fengzakka.cn/Application/Runtime/Cache/Mobile/2b8c6080e455e089a54776d19e1bfb4b.php 第 128 行.
NOTIC: [8] Use of undefined constant id - assumed 'id' /data/wwwroot/www.fengzakka.cn/Application/Runtime/Cache/Mobile/2b8c6080e455e089a54776d19e1bfb4b.php 第 128 行.
NOTIC: [8] Use of undefined constant name - assumed 'name' /data/wwwroot/www.fengzakka.cn/Application/Runtime/Cache/Mobile/2b8c6080e455e089a54776d19e1bfb4b.php 第 128 行.
NOTIC: [8] Use of undefined constant item - assumed 'item' /data/wwwroot/www.fengzakka.cn/Application/Runtime/Cache/Mobile/2b8c6080e455e089a54776d19e1bfb4b.php 第 134 行.
NOTIC: [8] Use of undefined constant item - assumed 'item' /data/wwwroot/www.fengzakka.cn/Application/Runtime/Cache/Mobile/2b8c6080e455e089a54776d19e1bfb4b.php 第 134 行.
NOTIC: [8] Use of undefined constant href - assumed 'href' /data/wwwroot/www.fengzakka.cn/Application/Runtime/Cache/Mobile/2b8c6080e455e089a54776d19e1bfb4b.php 第 135 行.
NOTIC: [8] Use of undefined constant key - assumed 'key' /data/wwwroot/www.fengzakka.cn/Application/Runtime/Cache/Mobile/2b8c6080e455e089a54776d19e1bfb4b.php 第 135 行.
NOTIC: [8] Use of undefined constant val - assumed 'val' /data/wwwroot/www.fengzakka.cn/Application/Runtime/Cache/Mobile/2b8c6080e455e089a54776d19e1bfb4b.php 第 135 行.
NOTIC: [8] Use of undefined constant item - assumed 'item' /data/wwwroot/www.fengzakka.cn/Application/Runtime/Cache/Mobile/2b8c6080e455e089a54776d19e1bfb4b.php 第 135 行.
NOTIC: [8] Use of undefined constant href - assumed 'href' /data/wwwroot/www.fengzakka.cn/Application/Runtime/Cache/Mobile/2b8c6080e455e089a54776d19e1bfb4b.php 第 135 行.
NOTIC: [8] Use of undefined constant key - assumed 'key' /data/wwwroot/www.fengzakka.cn/Application/Runtime/Cache/Mobile/2b8c6080e455e089a54776d19e1bfb4b.php 第 135 行.
NOTIC: [8] Use of undefined constant val - assumed 'val' /data/wwwroot/www.fengzakka.cn/Application/Runtime/Cache/Mobile/2b8c6080e455e089a54776d19e1bfb4b.php 第 135 行.
NOTIC: [8] Use of undefined constant item - assumed 'item' /data/wwwroot/www.fengzakka.cn/Application/Runtime/Cache/Mobile/2b8c6080e455e089a54776d19e1bfb4b.php 第 135 行.
NOTIC: [8] Use of undefined constant href - assumed 'href' /data/wwwroot/www.fengzakka.cn/Application/Runtime/Cache/Mobile/2b8c6080e455e089a54776d19e1bfb4b.php 第 135 行.
NOTIC: [8] Use of undefined constant key - assumed 'key' /data/wwwroot/www.fengzakka.cn/Application/Runtime/Cache/Mobile/2b8c6080e455e089a54776d19e1bfb4b.php 第 135 行.
NOTIC: [8] Use of undefined constant val - assumed 'val' /data/wwwroot/www.fengzakka.cn/Application/Runtime/Cache/Mobile/2b8c6080e455e089a54776d19e1bfb4b.php 第 135 行.
NOTIC: [8] Use of undefined constant item - assumed 'item' /data/wwwroot/www.fengzakka.cn/Application/Runtime/Cache/Mobile/2b8c6080e455e089a54776d19e1bfb4b.php 第 135 行.
NOTIC: [8] Use of undefined constant href - assumed 'href' /data/wwwroot/www.fengzakka.cn/Application/Runtime/Cache/Mobile/2b8c6080e455e089a54776d19e1bfb4b.php 第 135 行.
NOTIC: [8] Use of undefined constant key - assumed 'key' /data/wwwroot/www.fengzakka.cn/Application/Runtime/Cache/Mobile/2b8c6080e455e089a54776d19e1bfb4b.php 第 135 行.
NOTIC: [8] Use of undefined constant val - assumed 'val' /data/wwwroot/www.fengzakka.cn/Application/Runtime/Cache/Mobile/2b8c6080e455e089a54776d19e1bfb4b.php 第 135 行.
NOTIC: [8] Use of undefined constant item - assumed 'item' /data/wwwroot/www.fengzakka.cn/Application/Runtime/Cache/Mobile/2b8c6080e455e089a54776d19e1bfb4b.php 第 135 行.
NOTIC: [8] Use of undefined constant href - assumed 'href' /data/wwwroot/www.fengzakka.cn/Application/Runtime/Cache/Mobile/2b8c6080e455e089a54776d19e1bfb4b.php 第 135 行.
NOTIC: [8] Use of undefined constant key - assumed 'key' /data/wwwroot/www.fengzakka.cn/Application/Runtime/Cache/Mobile/2b8c6080e455e089a54776d19e1bfb4b.php 第 135 行.
NOTIC: [8] Use of undefined constant val - assumed 'val' /data/wwwroot/www.fengzakka.cn/Application/Runtime/Cache/Mobile/2b8c6080e455e089a54776d19e1bfb4b.php 第 135 行.
NOTIC: [8] Use of undefined constant item - assumed 'item' /data/wwwroot/www.fengzakka.cn/Application/Runtime/Cache/Mobile/2b8c6080e455e089a54776d19e1bfb4b.php 第 135 行.
NOTIC: [8] Use of undefined constant href - assumed 'href' /data/wwwroot/www.fengzakka.cn/Application/Runtime/Cache/Mobile/2b8c6080e455e089a54776d19e1bfb4b.php 第 135 行.
NOTIC: [8] Use of undefined constant key - assumed 'key' /data/wwwroot/www.fengzakka.cn/Application/Runtime/Cache/Mobile/2b8c6080e455e089a54776d19e1bfb4b.php 第 135 行.
NOTIC: [8] Use of undefined constant val - assumed 'val' /data/wwwroot/www.fengzakka.cn/Application/Runtime/Cache/Mobile/2b8c6080e455e089a54776d19e1bfb4b.php 第 135 行.
NOTIC: [8] Use of undefined constant item - assumed 'item' /data/wwwroot/www.fengzakka.cn/Application/Runtime/Cache/Mobile/2b8c6080e455e089a54776d19e1bfb4b.php 第 135 行.
NOTIC: [8] Use of undefined constant href - assumed 'href' /data/wwwroot/www.fengzakka.cn/Application/Runtime/Cache/Mobile/2b8c6080e455e089a54776d19e1bfb4b.php 第 135 行.
NOTIC: [8] Use of undefined constant key - assumed 'key' /data/wwwroot/www.fengzakka.cn/Application/Runtime/Cache/Mobile/2b8c6080e455e089a54776d19e1bfb4b.php 第 135 行.
NOTIC: [8] Use of undefined constant val - assumed 'val' /data/wwwroot/www.fengzakka.cn/Application/Runtime/Cache/Mobile/2b8c6080e455e089a54776d19e1bfb4b.php 第 135 行.
NOTIC: [8] Use of undefined constant item - assumed 'item' /data/wwwroot/www.fengzakka.cn/Application/Runtime/Cache/Mobile/2b8c6080e455e089a54776d19e1bfb4b.php 第 135 行.
NOTIC: [8] Use of undefined constant href - assumed 'href' /data/wwwroot/www.fengzakka.cn/Application/Runtime/Cache/Mobile/2b8c6080e455e089a54776d19e1bfb4b.php 第 135 行.
NOTIC: [8] Use of undefined constant key - assumed 'key' /data/wwwroot/www.fengzakka.cn/Application/Runtime/Cache/Mobile/2b8c6080e455e089a54776d19e1bfb4b.php 第 135 行.
NOTIC: [8] Use of undefined constant val - assumed 'val' /data/wwwroot/www.fengzakka.cn/Application/Runtime/Cache/Mobile/2b8c6080e455e089a54776d19e1bfb4b.php 第 135 行.
NOTIC: [8] Use of undefined constant item - assumed 'item' /data/wwwroot/www.fengzakka.cn/Application/Runtime/Cache/Mobile/2b8c6080e455e089a54776d19e1bfb4b.php 第 135 行.
NOTIC: [8] Use of undefined constant href - assumed 'href' /data/wwwroot/www.fengzakka.cn/Application/Runtime/Cache/Mobile/2b8c6080e455e089a54776d19e1bfb4b.php 第 135 行.
NOTIC: [8] Use of undefined constant key - assumed 'key' /data/wwwroot/www.fengzakka.cn/Application/Runtime/Cache/Mobile/2b8c6080e455e089a54776d19e1bfb4b.php 第 135 行.
NOTIC: [8] Use of undefined constant val - assumed 'val' /data/wwwroot/www.fengzakka.cn/Application/Runtime/Cache/Mobile/2b8c6080e455e089a54776d19e1bfb4b.php 第 135 行.
NOTIC: [8] Use of undefined constant item - assumed 'item' /data/wwwroot/www.fengzakka.cn/Application/Runtime/Cache/Mobile/2b8c6080e455e089a54776d19e1bfb4b.php 第 135 行.
NOTIC: [8] Use of undefined constant href - assumed 'href' /data/wwwroot/www.fengzakka.cn/Application/Runtime/Cache/Mobile/2b8c6080e455e089a54776d19e1bfb4b.php 第 135 行.
NOTIC: [8] Use of undefined constant key - assumed 'key' /data/wwwroot/www.fengzakka.cn/Application/Runtime/Cache/Mobile/2b8c6080e455e089a54776d19e1bfb4b.php 第 135 行.
NOTIC: [8] Use of undefined constant val - assumed 'val' /data/wwwroot/www.fengzakka.cn/Application/Runtime/Cache/Mobile/2b8c6080e455e089a54776d19e1bfb4b.php 第 135 行.
NOTIC: [8] Use of undefined constant item - assumed 'item' /data/wwwroot/www.fengzakka.cn/Application/Runtime/Cache/Mobile/2b8c6080e455e089a54776d19e1bfb4b.php 第 135 行.
NOTIC: [8] Undefined variable: tpshop_config /data/wwwroot/www.fengzakka.cn/Application/Runtime/Cache/Mobile/2b8c6080e455e089a54776d19e1bfb4b.php 第 229 行.
INFO: Run Behavior\ParseTemplateBehavior [ RunTime:0.014433s ]
INFO: [ view_parse ] --END-- [ RunTime:0.014472s ]
INFO: [ view_filter ] --START--
INFO: Run Behavior\WriteHtmlCacheBehavior [ RunTime:0.000156s ]
INFO: Run Behavior\TokenBuildBehavior [ RunTime:0.000235s ]
INFO: [ view_filter ] --END-- [ RunTime:0.000453s ]
INFO: [ app_end ] --START--
INFO: Run Behavior\ShowPageTraceBehavior [ RunTime:0.000300s ]
INFO: [ app_end ] --END-- [ RunTime:0.000329s ]

[ 2017-07-11T16:15:34+08:00 ] 101.226.66.173 /Mobile/Index/index.html
INFO: [ app_init ] --START--
INFO: Run Behavior\BuildLiteBehavior [ RunTime:0.000010s ]
INFO: [ app_init ] --END-- [ RunTime:0.000211s ]
INFO: [ app_begin ] --START--
INFO: Run Behavior\ReadHtmlCacheBehavior [ RunTime:0.000283s ]
INFO: [ app_begin ] --END-- [ RunTime:0.000316s ]
SQL: SHOW COLUMNS FROM `tp_article_cat` [ RunTime:0.0004s ]
SQL: SELECT `cat_name`,`cat_id` FROM `tp_article_cat` WHERE `show_in_nav` = 1 AND `parent_id` = 0  [ RunTime:0.0001s ]
SQL: SHOW COLUMNS FROM `tp_ad_position` [ RunTime:0.0003s ]
SQL: SELECT b.* FROM tp_ad_position a INNER JOIN tp_ad b ON a.position_id=b.pid  WHERE ( a.position_name LIKE '%mobile%' ) ORDER BY b.orderby desc LIMIT 3   [ RunTime:0.0001s ]
SQL: SHOW COLUMNS FROM `tp_consult` [ RunTime:0.0003s ]
SQL: SELECT * FROM `tp_consult` WHERE `is_show` = 0 GROUP BY consult_id ORDER BY createtime desc LIMIT 6   [ RunTime:0.0004s ]
INFO: [ view_begin ] --START--
INFO: Run Home\Behaviors\testBehavior [ RunTime:0.000130s ]
INFO: [ view_begin ] --END-- [ RunTime:0.000161s ]
INFO: [ view_parse ] --START--
INFO: [ template_filter ] --START--
INFO: Run Behavior\ContentReplaceBehavior [ RunTime:0.000076s ]
INFO: [ template_filter ] --END-- [ RunTime:0.000113s ]
INFO: Run Behavior\ParseTemplateBehavior [ RunTime:0.008760s ]
INFO: [ view_parse ] --END-- [ RunTime:0.008798s ]
INFO: [ view_filter ] --START--
INFO: Run Behavior\WriteHtmlCacheBehavior [ RunTime:0.000094s ]
INFO: Run Behavior\TokenBuildBehavior [ RunTime:0.000227s ]
INFO: [ view_filter ] --END-- [ RunTime:0.000389s ]
INFO: [ app_end ] --START--
INFO: Run Behavior\ShowPageTraceBehavior [ RunTime:0.000317s ]
INFO: [ app_end ] --END-- [ RunTime:0.000345s ]

[ 2017-07-11T16:15:34+08:00 ] 180.163.1.46 /Mobile/Index/index.html
INFO: [ app_init ] --START--
INFO: Run Behavior\BuildLiteBehavior [ RunTime:0.000010s ]
INFO: [ app_init ] --END-- [ RunTime:0.000208s ]
INFO: [ app_begin ] --START--
INFO: Run Behavior\ReadHtmlCacheBehavior [ RunTime:0.000282s ]
INFO: [ app_begin ] --END-- [ RunTime:0.000315s ]
SQL: SHOW COLUMNS FROM `tp_article_cat` [ RunTime:0.0005s ]
SQL: SELECT `cat_name`,`cat_id` FROM `tp_article_cat` WHERE `show_in_nav` = 1 AND `parent_id` = 0  [ RunTime:0.0001s ]
SQL: SHOW COLUMNS FROM `tp_ad_position` [ RunTime:0.0003s ]
SQL: SELECT b.* FROM tp_ad_position a INNER JOIN tp_ad b ON a.position_id=b.pid  WHERE ( a.position_name LIKE '%mobile%' ) ORDER BY b.orderby desc LIMIT 3   [ RunTime:0.0001s ]
SQL: SHOW COLUMNS FROM `tp_consult` [ RunTime:0.0003s ]
SQL: SELECT * FROM `tp_consult` WHERE `is_show` = 0 GROUP BY consult_id ORDER BY createtime desc LIMIT 6   [ RunTime:0.0001s ]
INFO: [ view_begin ] --START--
INFO: Run Home\Behaviors\testBehavior [ RunTime:0.000118s ]
INFO: [ view_begin ] --END-- [ RunTime:0.000145s ]
INFO: [ view_parse ] --START--
INFO: [ template_filter ] --START--
INFO: Run Behavior\ContentReplaceBehavior [ RunTime:0.000076s ]
INFO: [ template_filter ] --END-- [ RunTime:0.000108s ]
INFO: Run Behavior\ParseTemplateBehavior [ RunTime:0.008095s ]
INFO: [ view_parse ] --END-- [ RunTime:0.008127s ]
INFO: [ view_filter ] --START--
INFO: Run Behavior\WriteHtmlCacheBehavior [ RunTime:0.000090s ]
INFO: Run Behavior\TokenBuildBehavior [ RunTime:0.000192s ]
INFO: [ view_filter ] --END-- [ RunTime:0.000320s ]
INFO: [ app_end ] --START--
INFO: Run Behavior\ShowPageTraceBehavior [ RunTime:0.000269s ]
INFO: [ app_end ] --END-- [ RunTime:0.000305s ]

[ 2017-07-11T16:15:40+08:00 ] 183.61.38.55 /Mobile/Index/ajaxConsult.html?start=1&num=6
INFO: [ app_init ] --START--
INFO: Run Behavior\BuildLiteBehavior [ RunTime:0.000011s ]
INFO: [ app_init ] --END-- [ RunTime:0.000230s ]
INFO: [ app_begin ] --START--
INFO: Run Behavior\ReadHtmlCacheBehavior [ RunTime:0.000283s ]
INFO: [ app_begin ] --END-- [ RunTime:0.000316s ]
SQL: SHOW COLUMNS FROM `tp_consult` [ RunTime:0.0005s ]
SQL: SELECT * FROM `tp_consult` WHERE `is_show` = 0 GROUP BY consult_id ORDER BY createtime desc LIMIT 1,6   [ RunTime:0.0001s ]

[ 2017-07-11T16:17:30+08:00 ] 101.226.89.119 /Mobile/MobileBase/Userinfo
INFO: [ app_init ] --START--
INFO: Run Behavior\BuildLiteBehavior [ RunTime:0.000010s ]
INFO: [ app_init ] --END-- [ RunTime:0.000210s ]
INFO: [ app_begin ] --START--
INFO: Run Behavior\ReadHtmlCacheBehavior [ RunTime:0.000277s ]
INFO: [ app_begin ] --END-- [ RunTime:0.000310s ]
NOTIC: [2] Missing argument 2 for Common\Normal\Httpclient::quickGet(), called in /data/wwwroot/www.fengzakka.cn/Application/Common/Normal/Wechat.class.php on line 842 and defined /data/wwwroot/www.fengzakka.cn/Application/Common/Normal/Httpclient.class.php 第 298 行.
NOTIC: [2] Missing argument 2 for Common\Normal\Httpclient::quickGet(), called in /data/wwwroot/www.fengzakka.cn/Application/Common/Normal/Wechat.class.php on line 863 and defined /data/wwwroot/www.fengzakka.cn/Application/Common/Normal/Httpclient.class.php 第 298 行.
SQL: SHOW COLUMNS FROM `tp_users` [ RunTime:0.0007s ]
SQL: SELECT * FROM `tp_users` WHERE `openid` = null LIMIT 1   [ RunTime:0.0005s ]
SQL: INSERT INTO `tp_users` (`last_ip`,`sex`,`nickname`,`city`,`province`,`head_pic`,`openid`,`unionid`,`reg_time`,`last_login`,`oauth`) VALUES ('101.226.89.119','0',NULL,NULL,NULL,'96',NULL,NULL,'1499761050','1499761050','wx_mobile') [ RunTime:0.0003s ]
SQL: SHOW COLUMNS FROM `tp_user_log` [ RunTime:0.0003s ]
SQL: INSERT INTO `tp_user_log` (`web`,`info`,`addtime`,`flag`) VALUES ('wx','{\"last_ip\":\"101.226.89.119\",\"sex\":\"0\",\"nickname\":null,\"city\":null,\"province\":null,\"head_pic\":\"96\",\"openid\":null,\"unionid\":null,\"reg_time\":1499761050,\"last_login\":1499761050,\"oauth\":\"wx_mobile\"}','1499761050','new') [ RunTime:0.0002s ]
SQL: SELECT * FROM `tp_users` WHERE `user_id` = 3478 LIMIT 1   [ RunTime:0.0002s ]

[ 2017-07-11T16:17:37+08:00 ] 101.226.89.119 /Mobile/Index/index.html
INFO: [ app_init ] --START--
INFO: Run Behavior\BuildLiteBehavior [ RunTime:0.000010s ]
INFO: [ app_init ] --END-- [ RunTime:0.000219s ]
INFO: [ app_begin ] --START--
INFO: Run Behavior\ReadHtmlCacheBehavior [ RunTime:0.000419s ]
INFO: [ app_begin ] --END-- [ RunTime:0.000453s ]
SQL: SHOW COLUMNS FROM `tp_article_cat` [ RunTime:0.0005s ]
SQL: SELECT `cat_name`,`cat_id` FROM `tp_article_cat` WHERE `show_in_nav` = 1 AND `parent_id` = 0  [ RunTime:0.0001s ]
SQL: SHOW COLUMNS FROM `tp_ad_position` [ RunTime:0.0003s ]
SQL: SELECT b.* FROM tp_ad_position a INNER JOIN tp_ad b ON a.position_id=b.pid  WHERE ( a.position_name LIKE '%mobile%' ) ORDER BY b.orderby desc LIMIT 3   [ RunTime:0.0001s ]
SQL: SHOW COLUMNS FROM `tp_consult` [ RunTime:0.0004s ]
SQL: SELECT * FROM `tp_consult` WHERE `is_show` = 0 GROUP BY consult_id ORDER BY createtime desc LIMIT 6   [ RunTime:0.0001s ]
INFO: [ view_begin ] --START--
INFO: Run Home\Behaviors\testBehavior [ RunTime:0.000124s ]
INFO: [ view_begin ] --END-- [ RunTime:0.000151s ]
INFO: [ view_parse ] --START--
INFO: [ template_filter ] --START--
INFO: Run Behavior\ContentReplaceBehavior [ RunTime:0.000068s ]
INFO: [ template_filter ] --END-- [ RunTime:0.000101s ]
INFO: Run Behavior\ParseTemplateBehavior [ RunTime:0.008132s ]
INFO: [ view_parse ] --END-- [ RunTime:0.008161s ]
INFO: [ view_filter ] --START--
INFO: Run Behavior\WriteHtmlCacheBehavior [ RunTime:0.000105s ]
INFO: Run Behavior\TokenBuildBehavior [ RunTime:0.000211s ]
INFO: [ view_filter ] --END-- [ RunTime:0.000355s ]
INFO: [ app_end ] --START--
INFO: Run Behavior\ShowPageTraceBehavior [ RunTime:0.000276s ]
INFO: [ app_end ] --END-- [ RunTime:0.000302s ]

[ 2017-07-11T16:26:33+08:00 ] 101.226.125.100 /Mobile/Goods/index.html
INFO: [ app_init ] --START--
INFO: Run Behavior\BuildLiteBehavior [ RunTime:0.000010s ]
INFO: [ app_init ] --END-- [ RunTime:0.000209s ]
INFO: [ app_begin ] --START--
INFO: Run Behavior\ReadHtmlCacheBehavior [ RunTime:0.000274s ]
INFO: [ app_begin ] --END-- [ RunTime:0.000307s ]
SQL: SHOW COLUMNS FROM `tp_ad_position` [ RunTime:0.0005s ]
SQL: SELECT b.* FROM tp_ad_position a INNER JOIN tp_ad b ON a.position_id=b.pid  WHERE ( a.position_name LIKE '%mobile%' ) ORDER BY b.orderby desc LIMIT 3   [ RunTime:0.0001s ]
SQL: SHOW COLUMNS FROM `tp_goods` [ RunTime:0.0005s ]
SQL: SELECT `goods_id`,`goods_sn`,`goods_name`,`shop_price`,`original_img` FROM `tp_goods` GROUP BY goods_id ORDER BY sort desc LIMIT 12   [ RunTime:0.0001s ]
INFO: [ view_begin ] --START--
INFO: Run Home\Behaviors\testBehavior [ RunTime:0.000120s ]
INFO: [ view_begin ] --END-- [ RunTime:0.000156s ]
INFO: [ view_parse ] --START--
INFO: [ template_filter ] --START--
INFO: Run Behavior\ContentReplaceBehavior [ RunTime:0.000057s ]
INFO: [ template_filter ] --END-- [ RunTime:0.000088s ]
INFO: Run Behavior\ParseTemplateBehavior [ RunTime:0.005562s ]
INFO: [ view_parse ] --END-- [ RunTime:0.005589s ]
INFO: [ view_filter ] --START--
INFO: Run Behavior\WriteHtmlCacheBehavior [ RunTime:0.000118s ]
INFO: Run Behavior\TokenBuildBehavior [ RunTime:0.000237s ]
INFO: [ view_filter ] --END-- [ RunTime:0.000395s ]
INFO: [ app_end ] --START--
INFO: Run Behavior\ShowPageTraceBehavior [ RunTime:0.000274s ]
INFO: [ app_end ] --END-- [ RunTime:0.000302s ]

[ 2017-07-11T16:26:56+08:00 ] 101.226.33.238 /Mobile/Goods/index.html
INFO: [ app_init ] --START--
INFO: Run Behavior\BuildLiteBehavior [ RunTime:0.000010s ]
INFO: [ app_init ] --END-- [ RunTime:0.000212s ]
INFO: [ app_begin ] --START--
INFO: Run Behavior\ReadHtmlCacheBehavior [ RunTime:0.000304s ]
INFO: [ app_begin ] --END-- [ RunTime:0.000346s ]
SQL: SHOW COLUMNS FROM `tp_ad_position` [ RunTime:0.0005s ]
SQL: SELECT b.* FROM tp_ad_position a INNER JOIN tp_ad b ON a.position_id=b.pid  WHERE ( a.position_name LIKE '%mobile%' ) ORDER BY b.orderby desc LIMIT 3   [ RunTime:0.0001s ]
SQL: SHOW COLUMNS FROM `tp_goods` [ RunTime:0.0006s ]
SQL: SELECT `goods_id`,`goods_sn`,`goods_name`,`shop_price`,`original_img` FROM `tp_goods` GROUP BY goods_id ORDER BY sort desc LIMIT 12   [ RunTime:0.0001s ]
INFO: [ view_begin ] --START--
INFO: Run Home\Behaviors\testBehavior [ RunTime:0.000120s ]
INFO: [ view_begin ] --END-- [ RunTime:0.000147s ]
INFO: [ view_parse ] --START--
INFO: [ template_filter ] --START--
INFO: Run Behavior\ContentReplaceBehavior [ RunTime:0.000070s ]
INFO: [ template_filter ] --END-- [ RunTime:0.000104s ]
INFO: Run Behavior\ParseTemplateBehavior [ RunTime:0.006100s ]
INFO: [ view_parse ] --END-- [ RunTime:0.006145s ]
INFO: [ view_filter ] --START--
INFO: Run Behavior\WriteHtmlCacheBehavior [ RunTime:0.000093s ]
INFO: Run Behavior\TokenBuildBehavior [ RunTime:0.000270s ]
INFO: [ view_filter ] --END-- [ RunTime:0.000404s ]
INFO: [ app_end ] --START--
INFO: Run Behavior\ShowPageTraceBehavior [ RunTime:0.000305s ]
INFO: [ app_end ] --END-- [ RunTime:0.000334s ]

[ 2017-07-11T23:11:52+08:00 ] 202.108.211.56 /Mobile/Index/index.html
INFO: [ app_init ] --START--
INFO: Run Behavior\BuildLiteBehavior [ RunTime:0.000010s ]
INFO: [ app_init ] --END-- [ RunTime:0.000211s ]
INFO: [ app_begin ] --START--
INFO: Run Behavior\ReadHtmlCacheBehavior [ RunTime:0.000289s ]
INFO: [ app_begin ] --END-- [ RunTime:0.000321s ]
SQL: SHOW COLUMNS FROM `tp_article_cat` [ RunTime:0.0005s ]
SQL: SELECT `cat_name`,`cat_id` FROM `tp_article_cat` WHERE `show_in_nav` = 1 AND `parent_id` = 0  [ RunTime:0.0001s ]
SQL: SHOW COLUMNS FROM `tp_ad_position` [ RunTime:0.0003s ]
SQL: SELECT b.* FROM tp_ad_position a INNER JOIN tp_ad b ON a.position_id=b.pid  WHERE ( a.position_name LIKE '%mobile%' ) ORDER BY b.orderby desc LIMIT 3   [ RunTime:0.0001s ]
SQL: SHOW COLUMNS FROM `tp_consult` [ RunTime:0.0003s ]
SQL: SELECT * FROM `tp_consult` WHERE `is_show` = 0 GROUP BY consult_id ORDER BY createtime desc LIMIT 6   [ RunTime:0.0001s ]
INFO: [ view_begin ] --START--
INFO: Run Home\Behaviors\testBehavior [ RunTime:0.000117s ]
INFO: [ view_begin ] --END-- [ RunTime:0.000143s ]
INFO: [ view_parse ] --START--
INFO: [ template_filter ] --START--
INFO: Run Behavior\ContentReplaceBehavior [ RunTime:0.000068s ]
INFO: [ template_filter ] --END-- [ RunTime:0.000106s ]
INFO: Run Behavior\ParseTemplateBehavior [ RunTime:0.008053s ]
INFO: [ view_parse ] --END-- [ RunTime:0.008081s ]
INFO: [ view_filter ] --START--
INFO: Run Behavior\WriteHtmlCacheBehavior [ RunTime:0.000105s ]
INFO: Run Behavior\TokenBuildBehavior [ RunTime:0.000236s ]
INFO: [ view_filter ] --END-- [ RunTime:0.000389s ]
INFO: [ app_end ] --START--
INFO: Run Behavior\ShowPageTraceBehavior [ RunTime:0.000270s ]
INFO: [ app_end ] --END-- [ RunTime:0.000297s ]

