[ 2017-07-07T00:46:10+08:00 ] 202.108.211.56 /Mobile/Index/index.html
INFO: [ app_init ] --START--
INFO: Run Behavior\BuildLiteBehavior [ RunTime:0.000010s ]
INFO: [ app_init ] --END-- [ RunTime:0.000230s ]
INFO: [ app_begin ] --START--
INFO: Run Behavior\ReadHtmlCacheBehavior [ RunTime:0.000297s ]
INFO: [ app_begin ] --END-- [ RunTime:0.000330s ]
SQL: SHOW COLUMNS FROM `tp_article_cat` [ RunTime:0.0005s ]
SQL: SELECT `cat_name`,`cat_id` FROM `tp_article_cat` WHERE `show_in_nav` = 1 AND `parent_id` = 0  [ RunTime:0.0001s ]
SQL: SHOW COLUMNS FROM `tp_ad_position` [ RunTime:0.0003s ]
SQL: SELECT b.* FROM tp_ad_position a INNER JOIN tp_ad b ON a.position_id=b.pid  WHERE ( a.position_name LIKE '%mobile%' ) ORDER BY b.orderby desc LIMIT 3   [ RunTime:0.0001s ]
SQL: SHOW COLUMNS FROM `tp_consult` [ RunTime:0.0004s ]
SQL: SELECT * FROM `tp_consult` WHERE `is_show` = 0 GROUP BY consult_id ORDER BY createtime desc LIMIT 6   [ RunTime:0.0001s ]
INFO: [ view_begin ] --START--
INFO: Run Home\Behaviors\testBehavior [ RunTime:0.000134s ]
INFO: [ view_begin ] --END-- [ RunTime:0.000160s ]
INFO: [ view_parse ] --START--
INFO: [ template_filter ] --START--
INFO: Run Behavior\ContentReplaceBehavior [ RunTime:0.000068s ]
INFO: [ template_filter ] --END-- [ RunTime:0.000101s ]
INFO: Run Behavior\ParseTemplateBehavior [ RunTime:0.008506s ]
INFO: [ view_parse ] --END-- [ RunTime:0.008536s ]
INFO: [ view_filter ] --START--
INFO: Run Behavior\WriteHtmlCacheBehavior [ RunTime:0.000103s ]
INFO: Run Behavior\TokenBuildBehavior [ RunTime:0.000217s ]
INFO: [ view_filter ] --END-- [ RunTime:0.000358s ]
INFO: [ app_end ] --START--
INFO: Run Behavior\ShowPageTraceBehavior [ RunTime:0.000300s ]
INFO: [ app_end ] --END-- [ RunTime:0.000341s ]

[ 2017-07-07T08:51:17+08:00 ] 183.61.38.55 /Mobile/Goods/index.html
INFO: [ app_init ] --START--
INFO: Run Behavior\BuildLiteBehavior [ RunTime:0.000010s ]
INFO: [ app_init ] --END-- [ RunTime:0.000224s ]
INFO: [ app_begin ] --START--
INFO: Run Behavior\ReadHtmlCacheBehavior [ RunTime:0.000318s ]
INFO: [ app_begin ] --END-- [ RunTime:0.000358s ]
SQL: SHOW COLUMNS FROM `tp_ad_position` [ RunTime:0.0005s ]
SQL: SELECT b.* FROM tp_ad_position a INNER JOIN tp_ad b ON a.position_id=b.pid  WHERE ( a.position_name LIKE '%mobile%' ) ORDER BY b.orderby desc LIMIT 3   [ RunTime:0.0001s ]
SQL: SHOW COLUMNS FROM `tp_goods` [ RunTime:0.0006s ]
SQL: SELECT `goods_id`,`goods_sn`,`goods_name`,`shop_price`,`original_img` FROM `tp_goods` GROUP BY goods_id ORDER BY sort desc LIMIT 12   [ RunTime:0.0001s ]
INFO: [ view_begin ] --START--
INFO: Run Home\Behaviors\testBehavior [ RunTime:0.000133s ]
INFO: [ view_begin ] --END-- [ RunTime:0.000163s ]
INFO: [ view_parse ] --START--
INFO: [ template_filter ] --START--
INFO: Run Behavior\ContentReplaceBehavior [ RunTime:0.000067s ]
INFO: [ template_filter ] --END-- [ RunTime:0.000102s ]
INFO: Run Behavior\ParseTemplateBehavior [ RunTime:0.005881s ]
INFO: [ view_parse ] --END-- [ RunTime:0.005913s ]
INFO: [ view_filter ] --START--
INFO: Run Behavior\WriteHtmlCacheBehavior [ RunTime:0.000109s ]
INFO: Run Behavior\TokenBuildBehavior [ RunTime:0.000236s ]
INFO: [ view_filter ] --END-- [ RunTime:0.000398s ]
INFO: [ app_end ] --START--
INFO: Run Behavior\ShowPageTraceBehavior [ RunTime:0.000296s ]
INFO: [ app_end ] --END-- [ RunTime:0.000326s ]

[ 2017-07-07T08:51:18+08:00 ] 183.61.38.55 /Mobile/MobileBase/Userinfo?code=031ct7YB0Zj9sc2SGTYB0pEUXB0ct7YJ&state=
INFO: [ app_init ] --START--
INFO: Run Behavior\BuildLiteBehavior [ RunTime:0.000010s ]
INFO: [ app_init ] --END-- [ RunTime:0.000217s ]
INFO: [ app_begin ] --START--
INFO: Run Behavior\ReadHtmlCacheBehavior [ RunTime:0.000342s ]
INFO: [ app_begin ] --END-- [ RunTime:0.000387s ]
NOTIC: [2] Missing argument 2 for Common\Normal\Httpclient::quickGet(), called in /data/wwwroot/www.fengzakka.cn/Application/Common/Normal/Wechat.class.php on line 815 and defined /data/wwwroot/www.fengzakka.cn/Application/Common/Normal/Httpclient.class.php 第 298 行.
NOTIC: [2] Missing argument 2 for Common\Normal\Httpclient::quickGet(), called in /data/wwwroot/www.fengzakka.cn/Application/Common/Normal/Wechat.class.php on line 842 and defined /data/wwwroot/www.fengzakka.cn/Application/Common/Normal/Httpclient.class.php 第 298 行.
NOTIC: [2] Missing argument 2 for Common\Normal\Httpclient::quickGet(), called in /data/wwwroot/www.fengzakka.cn/Application/Common/Normal/Wechat.class.php on line 863 and defined /data/wwwroot/www.fengzakka.cn/Application/Common/Normal/Httpclient.class.php 第 298 行.
SQL: SHOW COLUMNS FROM `tp_users` [ RunTime:0.0007s ]
SQL: SELECT * FROM `tp_users` WHERE `openid` = 'o6pmpxHbmuEATWFETii9hRLAU9gc' LIMIT 1   [ RunTime:0.0005s ]
SQL: UPDATE `tp_users` SET `last_ip`='183.61.38.55',`last_login`='1499388678' WHERE `openid` = 'o6pmpxHbmuEATWFETii9hRLAU9gc' [ RunTime:0.0005s ]
SQL: SHOW COLUMNS FROM `tp_user_log` [ RunTime:0.0003s ]
SQL: INSERT INTO `tp_user_log` (`web`,`info`,`addtime`,`flag`) VALUES ('wx','{\"user_id\":\"3465\",\"account\":\"\",\"email\":\"\",\"password\":\"\",\"sex\":\"1\",\"birthday\":\"0\",\"user_money\":\"0.00\",\"frozen_money\":\"0.00\",\"distribut_money\":\"0.00\",\"pay_points\":\"0\",\"address_id\":\"0\",\"reg_time\":\"1498734016\",\"last_login\":\"1499043503\",\"last_ip\":\"183.61.38.55\",\"qq\":\"\",\"mobile\":\"\",\"mobile_validated\":\"0\",\"oauth\":\"wx_mobile\",\"unionid\":null,\"openid\":\"o6pmpxHbmuEATWFETii9hRLAU9gc\",\"head_pic\":\"http:\\/\\/wx.qlogo.cn\\/mmopen\\/9UjCmequjUicqhGMEhuvVXwkfgyIOAkCibRdjl2GibCNHG0JibkSF3bTlgTxy6CfOVqKKyELjXib229mf4B4Su5A5SdljicViaTxZoU\\/96\",\"province\":\"\\u5e7f\\u4e1c\",\"city\":\"\\u6c55\\u5c3e\",\"district\":null,\"email_validated\":\"0\",\"nickname\":\"\\u7396\\u634c.\",\"level\":\"1\",\"discount\":\"1.00\",\"total_amount\":\"0.00\",\"is_lock\":\"0\",\"is_distribut\":\"0\",\"first_leader\":\"0\",\"second_leader\":\"0\",\"third_leader\":\"0\",\"token\":\"\",\"write_role\":null,\"introduce\":null,\"detail_address\":null}','1499388678','old') [ RunTime:0.0002s ]

[ 2017-07-07T08:51:18+08:00 ] 183.61.38.55 /Mobile/Index/index.html
INFO: [ app_init ] --START--
INFO: Run Behavior\BuildLiteBehavior [ RunTime:0.000010s ]
INFO: [ app_init ] --END-- [ RunTime:0.000239s ]
INFO: [ app_begin ] --START--
INFO: Run Behavior\ReadHtmlCacheBehavior [ RunTime:0.000311s ]
INFO: [ app_begin ] --END-- [ RunTime:0.000350s ]
SQL: SHOW COLUMNS FROM `tp_article_cat` [ RunTime:0.0005s ]
SQL: SELECT `cat_name`,`cat_id` FROM `tp_article_cat` WHERE `show_in_nav` = 1 AND `parent_id` = 0  [ RunTime:0.0001s ]
SQL: SHOW COLUMNS FROM `tp_ad_position` [ RunTime:0.0003s ]
SQL: SELECT b.* FROM tp_ad_position a INNER JOIN tp_ad b ON a.position_id=b.pid  WHERE ( a.position_name LIKE '%mobile%' ) ORDER BY b.orderby desc LIMIT 3   [ RunTime:0.0001s ]
SQL: SHOW COLUMNS FROM `tp_consult` [ RunTime:0.0004s ]
SQL: SELECT * FROM `tp_consult` WHERE `is_show` = 0 GROUP BY consult_id ORDER BY createtime desc LIMIT 6   [ RunTime:0.0001s ]
INFO: [ view_begin ] --START--
INFO: Run Home\Behaviors\testBehavior [ RunTime:0.000127s ]
INFO: [ view_begin ] --END-- [ RunTime:0.000155s ]
INFO: [ view_parse ] --START--
INFO: [ template_filter ] --START--
INFO: Run Behavior\ContentReplaceBehavior [ RunTime:0.000083s ]
INFO: [ template_filter ] --END-- [ RunTime:0.000122s ]
INFO: Run Behavior\ParseTemplateBehavior [ RunTime:0.009120s ]
INFO: [ view_parse ] --END-- [ RunTime:0.009175s ]
INFO: [ view_filter ] --START--
INFO: Run Behavior\WriteHtmlCacheBehavior [ RunTime:0.000099s ]
INFO: Run Behavior\TokenBuildBehavior [ RunTime:0.000220s ]
INFO: [ view_filter ] --END-- [ RunTime:0.000359s ]
INFO: [ app_end ] --START--
INFO: Run Behavior\ShowPageTraceBehavior [ RunTime:0.000285s ]
INFO: [ app_end ] --END-- [ RunTime:0.000324s ]

[ 2017-07-07T08:51:24+08:00 ] 183.61.38.55 /Mobile/Index/ajaxConsult.html?start=1&num=6
INFO: [ app_init ] --START--
INFO: Run Behavior\BuildLiteBehavior [ RunTime:0.000010s ]
INFO: [ app_init ] --END-- [ RunTime:0.000209s ]
INFO: [ app_begin ] --START--
INFO: Run Behavior\ReadHtmlCacheBehavior [ RunTime:0.000295s ]
INFO: [ app_begin ] --END-- [ RunTime:0.000326s ]
SQL: SHOW COLUMNS FROM `tp_consult` [ RunTime:0.0005s ]
SQL: SELECT * FROM `tp_consult` WHERE `is_show` = 0 GROUP BY consult_id ORDER BY createtime desc LIMIT 1,6   [ RunTime:0.0001s ]

[ 2017-07-07T08:51:25+08:00 ] 101.226.89.121 /Mobile/Goods/index.html
INFO: [ app_init ] --START--
INFO: Run Behavior\BuildLiteBehavior [ RunTime:0.000011s ]
INFO: [ app_init ] --END-- [ RunTime:0.000214s ]
INFO: [ app_begin ] --START--
INFO: Run Behavior\ReadHtmlCacheBehavior [ RunTime:0.000294s ]
INFO: [ app_begin ] --END-- [ RunTime:0.000329s ]
SQL: SHOW COLUMNS FROM `tp_ad_position` [ RunTime:0.0005s ]
SQL: SELECT b.* FROM tp_ad_position a INNER JOIN tp_ad b ON a.position_id=b.pid  WHERE ( a.position_name LIKE '%mobile%' ) ORDER BY b.orderby desc LIMIT 3   [ RunTime:0.0001s ]
SQL: SHOW COLUMNS FROM `tp_goods` [ RunTime:0.0005s ]
SQL: SELECT `goods_id`,`goods_sn`,`goods_name`,`shop_price`,`original_img` FROM `tp_goods` GROUP BY goods_id ORDER BY sort desc LIMIT 12   [ RunTime:0.0001s ]
INFO: [ view_begin ] --START--
INFO: Run Home\Behaviors\testBehavior [ RunTime:0.000123s ]
INFO: [ view_begin ] --END-- [ RunTime:0.000151s ]
INFO: [ view_parse ] --START--
INFO: [ template_filter ] --START--
INFO: Run Behavior\ContentReplaceBehavior [ RunTime:0.000070s ]
INFO: [ template_filter ] --END-- [ RunTime:0.000114s ]
INFO: Run Behavior\ParseTemplateBehavior [ RunTime:0.005617s ]
INFO: [ view_parse ] --END-- [ RunTime:0.005648s ]
INFO: [ view_filter ] --START--
INFO: Run Behavior\WriteHtmlCacheBehavior [ RunTime:0.000108s ]
INFO: Run Behavior\TokenBuildBehavior [ RunTime:0.000209s ]
INFO: [ view_filter ] --END-- [ RunTime:0.000371s ]
INFO: [ app_end ] --START--
INFO: Run Behavior\ShowPageTraceBehavior [ RunTime:0.000305s ]
INFO: [ app_end ] --END-- [ RunTime:0.000336s ]

[ 2017-07-07T08:51:33+08:00 ] 183.61.38.55 /Mobile/Goods/categoryList.html
INFO: [ app_init ] --START--
INFO: Run Behavior\BuildLiteBehavior [ RunTime:0.000010s ]
INFO: [ app_init ] --END-- [ RunTime:0.000212s ]
INFO: [ app_begin ] --START--
INFO: Run Behavior\ReadHtmlCacheBehavior [ RunTime:0.000316s ]
INFO: [ app_begin ] --END-- [ RunTime:0.000351s ]
SQL: SHOW COLUMNS FROM `tp_goods_category` [ RunTime:0.0005s ]
SQL: SELECT * FROM `tp_goods_category` WHERE ( is_show = 1 ) ORDER BY sort_order  [ RunTime:0.0001s ]
NOTIC: [8] Undefined variable: arr /data/wwwroot/www.fengzakka.cn/Application/Common/Common/common.php 第 1076 行.
NOTIC: [2] Invalid argument supplied for foreach() /data/wwwroot/www.fengzakka.cn/Application/Common/Common/common.php 第 1076 行.
INFO: [ view_begin ] --START--
INFO: Run Home\Behaviors\testBehavior [ RunTime:0.000124s ]
INFO: [ view_begin ] --END-- [ RunTime:0.000150s ]
INFO: [ view_parse ] --START--
NOTIC: [8] Undefined index: order /data/wwwroot/www.fengzakka.cn/ThinkPHP/Library/Think/Template/TagLib/Tpshop.class.php 第 35 行.
NOTIC: [8] Undefined index: where /data/wwwroot/www.fengzakka.cn/ThinkPHP/Library/Think/Template/TagLib/Tpshop.class.php 第 37 行.
INFO: [ template_filter ] --START--
INFO: Run Behavior\ContentReplaceBehavior [ RunTime:0.000080s ]
INFO: [ template_filter ] --END-- [ RunTime:0.000115s ]
NOTIC: [8] Undefined variable: tpshop_config /data/wwwroot/www.fengzakka.cn/Application/Runtime/Cache/Mobile/56100e2ee68da1c55bb7048b88cc0a95.php 第 7 行.
NOTIC: [8] Undefined variable: tpshop_config /data/wwwroot/www.fengzakka.cn/Application/Runtime/Cache/Mobile/56100e2ee68da1c55bb7048b88cc0a95.php 第 8 行.
NOTIC: [8] Use of undefined constant level - assumed 'level' /data/wwwroot/www.fengzakka.cn/Application/Runtime/Cache/Mobile/56100e2ee68da1c55bb7048b88cc0a95.php 第 28 行.
SQL: SHOW COLUMNS FROM `tp_ad_position` [ RunTime:0.0005s ]
SQL: SELECT `position_id`,`position_name`,`ad_width`,`ad_height` FROM `tp_ad_position`  [ RunTime:0.0001s ]
SQL: SHOW COLUMNS FROM `tp_ad` [ RunTime:0.0004s ]
SQL: SELECT * FROM `tp_ad` WHERE ( pid=400  and enabled = 1 and start_time < 1499385600 and end_time > 1499385600  ) ORDER BY orderby desc LIMIT 1   [ RunTime:0.0003s ]
NOTIC: [8] Use of undefined constant edit_ad - assumed 'edit_ad' /data/wwwroot/www.fengzakka.cn/Application/Runtime/Cache/Mobile/56100e2ee68da1c55bb7048b88cc0a95.php 第 35 行.
NOTIC: [8] Undefined index: edit_ad /data/wwwroot/www.fengzakka.cn/Application/Runtime/Cache/Mobile/56100e2ee68da1c55bb7048b88cc0a95.php 第 35 行.
INFO: Run Behavior\ParseTemplateBehavior [ RunTime:0.010221s ]
INFO: [ view_parse ] --END-- [ RunTime:0.010247s ]
INFO: [ view_filter ] --START--
INFO: Run Behavior\WriteHtmlCacheBehavior [ RunTime:0.000096s ]
INFO: Run Behavior\TokenBuildBehavior [ RunTime:0.000204s ]
INFO: [ view_filter ] --END-- [ RunTime:0.000339s ]
INFO: [ app_end ] --START--
INFO: Run Behavior\ShowPageTraceBehavior [ RunTime:0.000282s ]
INFO: [ app_end ] --END-- [ RunTime:0.000308s ]

[ 2017-07-07T08:51:33+08:00 ] 117.185.27.115 /Mobile/Index/index.html
INFO: [ app_init ] --START--
INFO: Run Behavior\BuildLiteBehavior [ RunTime:0.000010s ]
INFO: [ app_init ] --END-- [ RunTime:0.000210s ]
INFO: [ app_begin ] --START--
INFO: Run Behavior\ReadHtmlCacheBehavior [ RunTime:0.000333s ]
INFO: [ app_begin ] --END-- [ RunTime:0.000368s ]
SQL: SHOW COLUMNS FROM `tp_article_cat` [ RunTime:0.0005s ]
SQL: SELECT `cat_name`,`cat_id` FROM `tp_article_cat` WHERE `show_in_nav` = 1 AND `parent_id` = 0  [ RunTime:0.0001s ]
SQL: SHOW COLUMNS FROM `tp_ad_position` [ RunTime:0.0003s ]
SQL: SELECT b.* FROM tp_ad_position a INNER JOIN tp_ad b ON a.position_id=b.pid  WHERE ( a.position_name LIKE '%mobile%' ) ORDER BY b.orderby desc LIMIT 3   [ RunTime:0.0001s ]
SQL: SHOW COLUMNS FROM `tp_consult` [ RunTime:0.0003s ]
SQL: SELECT * FROM `tp_consult` WHERE `is_show` = 0 GROUP BY consult_id ORDER BY createtime desc LIMIT 6   [ RunTime:0.0001s ]
INFO: [ view_begin ] --START--
INFO: Run Home\Behaviors\testBehavior [ RunTime:0.000122s ]
INFO: [ view_begin ] --END-- [ RunTime:0.000149s ]
INFO: [ view_parse ] --START--
INFO: [ template_filter ] --START--
INFO: Run Behavior\ContentReplaceBehavior [ RunTime:0.000070s ]
INFO: [ template_filter ] --END-- [ RunTime:0.000104s ]
INFO: Run Behavior\ParseTemplateBehavior [ RunTime:0.008156s ]
INFO: [ view_parse ] --END-- [ RunTime:0.008186s ]
INFO: [ view_filter ] --START--
INFO: Run Behavior\WriteHtmlCacheBehavior [ RunTime:0.000091s ]
INFO: Run Behavior\TokenBuildBehavior [ RunTime:0.000208s ]
INFO: [ view_filter ] --END-- [ RunTime:0.000339s ]
INFO: [ app_end ] --START--
INFO: Run Behavior\ShowPageTraceBehavior [ RunTime:0.000294s ]
INFO: [ app_end ] --END-- [ RunTime:0.000323s ]

[ 2017-07-07T08:57:22+08:00 ] 101.226.64.177 /Mobile/Index/index.html
INFO: [ app_init ] --START--
INFO: Run Behavior\BuildLiteBehavior [ RunTime:0.000010s ]
INFO: [ app_init ] --END-- [ RunTime:0.000212s ]
INFO: [ app_begin ] --START--
INFO: Run Behavior\ReadHtmlCacheBehavior [ RunTime:0.000297s ]
INFO: [ app_begin ] --END-- [ RunTime:0.000331s ]
SQL: SHOW COLUMNS FROM `tp_article_cat` [ RunTime:0.0005s ]
SQL: SELECT `cat_name`,`cat_id` FROM `tp_article_cat` WHERE `show_in_nav` = 1 AND `parent_id` = 0  [ RunTime:0.0001s ]
SQL: SHOW COLUMNS FROM `tp_ad_position` [ RunTime:0.0003s ]
SQL: SELECT b.* FROM tp_ad_position a INNER JOIN tp_ad b ON a.position_id=b.pid  WHERE ( a.position_name LIKE '%mobile%' ) ORDER BY b.orderby desc LIMIT 3   [ RunTime:0.0001s ]
SQL: SHOW COLUMNS FROM `tp_consult` [ RunTime:0.0004s ]
SQL: SELECT * FROM `tp_consult` WHERE `is_show` = 0 GROUP BY consult_id ORDER BY createtime desc LIMIT 6   [ RunTime:0.0001s ]
INFO: [ view_begin ] --START--
INFO: Run Home\Behaviors\testBehavior [ RunTime:0.000134s ]
INFO: [ view_begin ] --END-- [ RunTime:0.000160s ]
INFO: [ view_parse ] --START--
INFO: [ template_filter ] --START--
INFO: Run Behavior\ContentReplaceBehavior [ RunTime:0.000101s ]
INFO: [ template_filter ] --END-- [ RunTime:0.000140s ]
INFO: Run Behavior\ParseTemplateBehavior [ RunTime:0.009002s ]
INFO: [ view_parse ] --END-- [ RunTime:0.009037s ]
INFO: [ view_filter ] --START--
INFO: Run Behavior\WriteHtmlCacheBehavior [ RunTime:0.000098s ]
INFO: Run Behavior\TokenBuildBehavior [ RunTime:0.000207s ]
INFO: [ view_filter ] --END-- [ RunTime:0.000343s ]
INFO: [ app_end ] --START--
INFO: Run Behavior\ShowPageTraceBehavior [ RunTime:0.000290s ]
INFO: [ app_end ] --END-- [ RunTime:0.000320s ]

[ 2017-07-07T09:56:28+08:00 ] 140.205.205.3 /Mobile/Index/index.html
INFO: [ app_init ] --START--
INFO: Run Behavior\BuildLiteBehavior [ RunTime:0.000010s ]
INFO: [ app_init ] --END-- [ RunTime:0.000211s ]
INFO: [ app_begin ] --START--
INFO: Run Behavior\ReadHtmlCacheBehavior [ RunTime:0.000309s ]
INFO: [ app_begin ] --END-- [ RunTime:0.000342s ]
SQL: SHOW COLUMNS FROM `tp_article_cat` [ RunTime:0.0005s ]
SQL: SELECT `cat_name`,`cat_id` FROM `tp_article_cat` WHERE `show_in_nav` = 1 AND `parent_id` = 0  [ RunTime:0.0001s ]
SQL: SHOW COLUMNS FROM `tp_ad_position` [ RunTime:0.0003s ]
SQL: SELECT b.* FROM tp_ad_position a INNER JOIN tp_ad b ON a.position_id=b.pid  WHERE ( a.position_name LIKE '%mobile%' ) ORDER BY b.orderby desc LIMIT 3   [ RunTime:0.0001s ]
SQL: SHOW COLUMNS FROM `tp_consult` [ RunTime:0.0003s ]
SQL: SELECT * FROM `tp_consult` WHERE `is_show` = 0 GROUP BY consult_id ORDER BY createtime desc LIMIT 6   [ RunTime:0.0001s ]
INFO: [ view_begin ] --START--
INFO: Run Home\Behaviors\testBehavior [ RunTime:0.000124s ]
INFO: [ view_begin ] --END-- [ RunTime:0.000152s ]
INFO: [ view_parse ] --START--
INFO: [ template_filter ] --START--
INFO: Run Behavior\ContentReplaceBehavior [ RunTime:0.000070s ]
INFO: [ template_filter ] --END-- [ RunTime:0.000103s ]
INFO: Run Behavior\ParseTemplateBehavior [ RunTime:0.008540s ]
INFO: [ view_parse ] --END-- [ RunTime:0.008577s ]
INFO: [ view_filter ] --START--
INFO: Run Behavior\WriteHtmlCacheBehavior [ RunTime:0.000100s ]
INFO: Run Behavior\TokenBuildBehavior [ RunTime:0.000212s ]
INFO: [ view_filter ] --END-- [ RunTime:0.000352s ]
INFO: [ app_end ] --START--
INFO: Run Behavior\ShowPageTraceBehavior [ RunTime:0.000275s ]
INFO: [ app_end ] --END-- [ RunTime:0.000318s ]

[ 2017-07-07T10:07:26+08:00 ] 140.205.205.9 /Mobile/Index/index.html
INFO: [ app_init ] --START--
INFO: Run Behavior\BuildLiteBehavior [ RunTime:0.000009s ]
INFO: [ app_init ] --END-- [ RunTime:0.000216s ]
INFO: [ app_begin ] --START--
INFO: Run Behavior\ReadHtmlCacheBehavior [ RunTime:0.000291s ]
INFO: [ app_begin ] --END-- [ RunTime:0.000331s ]
SQL: SHOW COLUMNS FROM `tp_article_cat` [ RunTime:0.0005s ]
SQL: SELECT `cat_name`,`cat_id` FROM `tp_article_cat` WHERE `show_in_nav` = 1 AND `parent_id` = 0  [ RunTime:0.0001s ]
SQL: SHOW COLUMNS FROM `tp_ad_position` [ RunTime:0.0004s ]
SQL: SELECT b.* FROM tp_ad_position a INNER JOIN tp_ad b ON a.position_id=b.pid  WHERE ( a.position_name LIKE '%mobile%' ) ORDER BY b.orderby desc LIMIT 3   [ RunTime:0.0001s ]
SQL: SHOW COLUMNS FROM `tp_consult` [ RunTime:0.0003s ]
SQL: SELECT * FROM `tp_consult` WHERE `is_show` = 0 GROUP BY consult_id ORDER BY createtime desc LIMIT 6   [ RunTime:0.0001s ]
INFO: [ view_begin ] --START--
INFO: Run Home\Behaviors\testBehavior [ RunTime:0.000171s ]
INFO: [ view_begin ] --END-- [ RunTime:0.000205s ]
INFO: [ view_parse ] --START--
INFO: [ template_filter ] --START--
INFO: Run Behavior\ContentReplaceBehavior [ RunTime:0.000074s ]
INFO: [ template_filter ] --END-- [ RunTime:0.000110s ]
INFO: Run Behavior\ParseTemplateBehavior [ RunTime:0.009072s ]
INFO: [ view_parse ] --END-- [ RunTime:0.009109s ]
INFO: [ view_filter ] --START--
INFO: Run Behavior\WriteHtmlCacheBehavior [ RunTime:0.000099s ]
INFO: Run Behavior\TokenBuildBehavior [ RunTime:0.000222s ]
INFO: [ view_filter ] --END-- [ RunTime:0.000375s ]
INFO: [ app_end ] --START--
INFO: Run Behavior\ShowPageTraceBehavior [ RunTime:0.000288s ]
INFO: [ app_end ] --END-- [ RunTime:0.000317s ]

[ 2017-07-07T11:55:36+08:00 ] 101.226.102.60 /Mobile/Goods/index.html
INFO: [ app_init ] --START--
INFO: Run Behavior\BuildLiteBehavior [ RunTime:0.000010s ]
INFO: [ app_init ] --END-- [ RunTime:0.000234s ]
INFO: [ app_begin ] --START--
INFO: Run Behavior\ReadHtmlCacheBehavior [ RunTime:0.000278s ]
INFO: [ app_begin ] --END-- [ RunTime:0.000310s ]
SQL: SHOW COLUMNS FROM `tp_ad_position` [ RunTime:0.0005s ]
SQL: SELECT b.* FROM tp_ad_position a INNER JOIN tp_ad b ON a.position_id=b.pid  WHERE ( a.position_name LIKE '%mobile%' ) ORDER BY b.orderby desc LIMIT 3   [ RunTime:0.0001s ]
SQL: SHOW COLUMNS FROM `tp_goods` [ RunTime:0.0005s ]
SQL: SELECT `goods_id`,`goods_sn`,`goods_name`,`shop_price`,`original_img` FROM `tp_goods` GROUP BY goods_id ORDER BY sort desc LIMIT 12   [ RunTime:0.0001s ]
INFO: [ view_begin ] --START--
INFO: Run Home\Behaviors\testBehavior [ RunTime:0.000120s ]
INFO: [ view_begin ] --END-- [ RunTime:0.000147s ]
INFO: [ view_parse ] --START--
INFO: [ template_filter ] --START--
INFO: Run Behavior\ContentReplaceBehavior [ RunTime:0.000059s ]
INFO: [ template_filter ] --END-- [ RunTime:0.000090s ]
INFO: Run Behavior\ParseTemplateBehavior [ RunTime:0.005458s ]
INFO: [ view_parse ] --END-- [ RunTime:0.005489s ]
INFO: [ view_filter ] --START--
INFO: Run Behavior\WriteHtmlCacheBehavior [ RunTime:0.000090s ]
INFO: Run Behavior\TokenBuildBehavior [ RunTime:0.000198s ]
INFO: [ view_filter ] --END-- [ RunTime:0.000328s ]
INFO: [ app_end ] --START--
INFO: Run Behavior\ShowPageTraceBehavior [ RunTime:0.000308s ]
INFO: [ app_end ] --END-- [ RunTime:0.000346s ]

[ 2017-07-07T11:55:37+08:00 ] 101.226.102.60 /Mobile/MobileBase/Userinfo?code=031vECBm0rUlPm1pnnDm0UcoBm0vECBK&state=
INFO: [ app_init ] --START--
INFO: Run Behavior\BuildLiteBehavior [ RunTime:0.000010s ]
INFO: [ app_init ] --END-- [ RunTime:0.000236s ]
INFO: [ app_begin ] --START--
INFO: Run Behavior\ReadHtmlCacheBehavior [ RunTime:0.000290s ]
INFO: [ app_begin ] --END-- [ RunTime:0.000323s ]
NOTIC: [2] Missing argument 2 for Common\Normal\Httpclient::quickGet(), called in /data/wwwroot/www.fengzakka.cn/Application/Common/Normal/Wechat.class.php on line 815 and defined /data/wwwroot/www.fengzakka.cn/Application/Common/Normal/Httpclient.class.php 第 298 行.
NOTIC: [2] Missing argument 2 for Common\Normal\Httpclient::quickGet(), called in /data/wwwroot/www.fengzakka.cn/Application/Common/Normal/Wechat.class.php on line 842 and defined /data/wwwroot/www.fengzakka.cn/Application/Common/Normal/Httpclient.class.php 第 298 行.
NOTIC: [2] Missing argument 2 for Common\Normal\Httpclient::quickGet(), called in /data/wwwroot/www.fengzakka.cn/Application/Common/Normal/Wechat.class.php on line 863 and defined /data/wwwroot/www.fengzakka.cn/Application/Common/Normal/Httpclient.class.php 第 298 行.
SQL: SHOW COLUMNS FROM `tp_users` [ RunTime:0.0007s ]
SQL: SELECT * FROM `tp_users` WHERE `openid` = 'o6pmpxP18y39FTeEcHvmG9jznP7A' LIMIT 1   [ RunTime:0.0004s ]
NOTIC: [8] Undefined index: unionid /data/wwwroot/www.fengzakka.cn/Application/Mobile/Controller/MobileBaseController.class.php 第 86 行.
SQL: INSERT INTO `tp_users` (`last_ip`,`sex`,`nickname`,`city`,`province`,`head_pic`,`openid`,`unionid`,`reg_time`,`last_login`,`oauth`) VALUES ('101.226.102.60','2','大眼妹','广州','广东','http://wx.qlogo.cn/mmopen/YiaUNza31ptxG11qC9r438rxBQaDONBAHibqPF4DDicy0icd25MLGPULsicsqeyM5lB6w8MOnV15dxTDI7zVpNtjjE7AhdIG0lCPP/96','o6pmpxP18y39FTeEcHvmG9jznP7A',NULL,'1499399737','1499399737','wx_mobile') [ RunTime:0.0003s ]
SQL: SHOW COLUMNS FROM `tp_user_log` [ RunTime:0.0003s ]
SQL: INSERT INTO `tp_user_log` (`web`,`info`,`addtime`,`flag`) VALUES ('wx','{\"last_ip\":\"101.226.102.60\",\"sex\":2,\"nickname\":\"\\u5927\\u773c\\u59b9\",\"city\":\"\\u5e7f\\u5dde\",\"province\":\"\\u5e7f\\u4e1c\",\"head_pic\":\"http:\\/\\/wx.qlogo.cn\\/mmopen\\/YiaUNza31ptxG11qC9r438rxBQaDONBAHibqPF4DDicy0icd25MLGPULsicsqeyM5lB6w8MOnV15dxTDI7zVpNtjjE7AhdIG0lCPP\\/96\",\"openid\":\"o6pmpxP18y39FTeEcHvmG9jznP7A\",\"unionid\":null,\"reg_time\":1499399737,\"last_login\":1499399737,\"oauth\":\"wx_mobile\"}','1499399737','new') [ RunTime:0.0002s ]
SQL: SELECT * FROM `tp_users` WHERE `user_id` = 3474 LIMIT 1   [ RunTime:0.0002s ]

[ 2017-07-07T11:55:37+08:00 ] 101.226.102.60 /Mobile/Index/index.html
INFO: [ app_init ] --START--
INFO: Run Behavior\BuildLiteBehavior [ RunTime:0.000009s ]
INFO: [ app_init ] --END-- [ RunTime:0.000199s ]
INFO: [ app_begin ] --START--
INFO: Run Behavior\ReadHtmlCacheBehavior [ RunTime:0.000291s ]
INFO: [ app_begin ] --END-- [ RunTime:0.000324s ]
SQL: SHOW COLUMNS FROM `tp_article_cat` [ RunTime:0.0004s ]
SQL: SELECT `cat_name`,`cat_id` FROM `tp_article_cat` WHERE `show_in_nav` = 1 AND `parent_id` = 0  [ RunTime:0.0001s ]
SQL: SHOW COLUMNS FROM `tp_ad_position` [ RunTime:0.0003s ]
SQL: SELECT b.* FROM tp_ad_position a INNER JOIN tp_ad b ON a.position_id=b.pid  WHERE ( a.position_name LIKE '%mobile%' ) ORDER BY b.orderby desc LIMIT 3   [ RunTime:0.0001s ]
SQL: SHOW COLUMNS FROM `tp_consult` [ RunTime:0.0003s ]
SQL: SELECT * FROM `tp_consult` WHERE `is_show` = 0 GROUP BY consult_id ORDER BY createtime desc LIMIT 6   [ RunTime:0.0001s ]
INFO: [ view_begin ] --START--
INFO: Run Home\Behaviors\testBehavior [ RunTime:0.000122s ]
INFO: [ view_begin ] --END-- [ RunTime:0.000157s ]
INFO: [ view_parse ] --START--
INFO: [ template_filter ] --START--
INFO: Run Behavior\ContentReplaceBehavior [ RunTime:0.000069s ]
INFO: [ template_filter ] --END-- [ RunTime:0.000102s ]
INFO: Run Behavior\ParseTemplateBehavior [ RunTime:0.008438s ]
INFO: [ view_parse ] --END-- [ RunTime:0.008467s ]
INFO: [ view_filter ] --START--
INFO: Run Behavior\WriteHtmlCacheBehavior [ RunTime:0.000091s ]
INFO: Run Behavior\TokenBuildBehavior [ RunTime:0.000204s ]
INFO: [ view_filter ] --END-- [ RunTime:0.000332s ]
INFO: [ app_end ] --START--
INFO: Run Behavior\ShowPageTraceBehavior [ RunTime:0.000267s ]
INFO: [ app_end ] --END-- [ RunTime:0.000293s ]

[ 2017-07-07T11:55:46+08:00 ] 101.226.102.60 /Mobile/Index/ajaxConsult.html?start=1&num=6
INFO: [ app_init ] --START--
INFO: Run Behavior\BuildLiteBehavior [ RunTime:0.000009s ]
INFO: [ app_init ] --END-- [ RunTime:0.000207s ]
INFO: [ app_begin ] --START--
INFO: Run Behavior\ReadHtmlCacheBehavior [ RunTime:0.000317s ]
INFO: [ app_begin ] --END-- [ RunTime:0.000348s ]
SQL: SHOW COLUMNS FROM `tp_consult` [ RunTime:0.0005s ]
SQL: SELECT * FROM `tp_consult` WHERE `is_show` = 0 GROUP BY consult_id ORDER BY createtime desc LIMIT 1,6   [ RunTime:0.0001s ]

[ 2017-07-07T11:55:53+08:00 ] 101.226.102.60 /Mobile/Goods/categoryList.html
INFO: [ app_init ] --START--
INFO: Run Behavior\BuildLiteBehavior [ RunTime:0.000010s ]
INFO: [ app_init ] --END-- [ RunTime:0.000206s ]
INFO: [ app_begin ] --START--
INFO: Run Behavior\ReadHtmlCacheBehavior [ RunTime:0.000321s ]
INFO: [ app_begin ] --END-- [ RunTime:0.000354s ]
SQL: SHOW COLUMNS FROM `tp_goods_category` [ RunTime:0.0005s ]
SQL: SELECT * FROM `tp_goods_category` WHERE ( is_show = 1 ) ORDER BY sort_order  [ RunTime:0.0001s ]
NOTIC: [8] Undefined variable: arr /data/wwwroot/www.fengzakka.cn/Application/Common/Common/common.php 第 1076 行.
NOTIC: [2] Invalid argument supplied for foreach() /data/wwwroot/www.fengzakka.cn/Application/Common/Common/common.php 第 1076 行.
INFO: [ view_begin ] --START--
INFO: Run Home\Behaviors\testBehavior [ RunTime:0.000117s ]
INFO: [ view_begin ] --END-- [ RunTime:0.000141s ]
INFO: [ view_parse ] --START--
NOTIC: [8] Undefined index: order /data/wwwroot/www.fengzakka.cn/ThinkPHP/Library/Think/Template/TagLib/Tpshop.class.php 第 35 行.
NOTIC: [8] Undefined index: where /data/wwwroot/www.fengzakka.cn/ThinkPHP/Library/Think/Template/TagLib/Tpshop.class.php 第 37 行.
INFO: [ template_filter ] --START--
INFO: Run Behavior\ContentReplaceBehavior [ RunTime:0.000069s ]
INFO: [ template_filter ] --END-- [ RunTime:0.000107s ]
NOTIC: [8] Undefined variable: tpshop_config /data/wwwroot/www.fengzakka.cn/Application/Runtime/Cache/Mobile/56100e2ee68da1c55bb7048b88cc0a95.php 第 7 行.
NOTIC: [8] Undefined variable: tpshop_config /data/wwwroot/www.fengzakka.cn/Application/Runtime/Cache/Mobile/56100e2ee68da1c55bb7048b88cc0a95.php 第 8 行.
NOTIC: [8] Use of undefined constant level - assumed 'level' /data/wwwroot/www.fengzakka.cn/Application/Runtime/Cache/Mobile/56100e2ee68da1c55bb7048b88cc0a95.php 第 28 行.
SQL: SHOW COLUMNS FROM `tp_ad_position` [ RunTime:0.0004s ]
SQL: SELECT `position_id`,`position_name`,`ad_width`,`ad_height` FROM `tp_ad_position`  [ RunTime:0.0001s ]
SQL: SHOW COLUMNS FROM `tp_ad` [ RunTime:0.0004s ]
SQL: SELECT * FROM `tp_ad` WHERE ( pid=400  and enabled = 1 and start_time < 1499396400 and end_time > 1499396400  ) ORDER BY orderby desc LIMIT 1   [ RunTime:0.0003s ]
NOTIC: [8] Use of undefined constant edit_ad - assumed 'edit_ad' /data/wwwroot/www.fengzakka.cn/Application/Runtime/Cache/Mobile/56100e2ee68da1c55bb7048b88cc0a95.php 第 35 行.
NOTIC: [8] Undefined index: edit_ad /data/wwwroot/www.fengzakka.cn/Application/Runtime/Cache/Mobile/56100e2ee68da1c55bb7048b88cc0a95.php 第 35 行.
INFO: Run Behavior\ParseTemplateBehavior [ RunTime:0.010465s ]
INFO: [ view_parse ] --END-- [ RunTime:0.010488s ]
INFO: [ view_filter ] --START--
INFO: Run Behavior\WriteHtmlCacheBehavior [ RunTime:0.000097s ]
INFO: Run Behavior\TokenBuildBehavior [ RunTime:0.000191s ]
INFO: [ view_filter ] --END-- [ RunTime:0.000326s ]
INFO: [ app_end ] --START--
INFO: Run Behavior\ShowPageTraceBehavior [ RunTime:0.000275s ]
INFO: [ app_end ] --END-- [ RunTime:0.000304s ]

[ 2017-07-07T11:56:04+08:00 ] 101.226.102.60 /Mobile/Goods/index.html
INFO: [ app_init ] --START--
INFO: Run Behavior\BuildLiteBehavior [ RunTime:0.000010s ]
INFO: [ app_init ] --END-- [ RunTime:0.000210s ]
INFO: [ app_begin ] --START--
INFO: Run Behavior\ReadHtmlCacheBehavior [ RunTime:0.000280s ]
INFO: [ app_begin ] --END-- [ RunTime:0.000313s ]
SQL: SHOW COLUMNS FROM `tp_ad_position` [ RunTime:0.0005s ]
SQL: SELECT b.* FROM tp_ad_position a INNER JOIN tp_ad b ON a.position_id=b.pid  WHERE ( a.position_name LIKE '%mobile%' ) ORDER BY b.orderby desc LIMIT 3   [ RunTime:0.0001s ]
SQL: SHOW COLUMNS FROM `tp_goods` [ RunTime:0.0005s ]
SQL: SELECT `goods_id`,`goods_sn`,`goods_name`,`shop_price`,`original_img` FROM `tp_goods` GROUP BY goods_id ORDER BY sort desc LIMIT 12   [ RunTime:0.0001s ]
INFO: [ view_begin ] --START--
INFO: Run Home\Behaviors\testBehavior [ RunTime:0.000147s ]
INFO: [ view_begin ] --END-- [ RunTime:0.000176s ]
INFO: [ view_parse ] --START--
INFO: [ template_filter ] --START--
INFO: Run Behavior\ContentReplaceBehavior [ RunTime:0.000055s ]
INFO: [ template_filter ] --END-- [ RunTime:0.000087s ]
INFO: Run Behavior\ParseTemplateBehavior [ RunTime:0.005362s ]
INFO: [ view_parse ] --END-- [ RunTime:0.005390s ]
INFO: [ view_filter ] --START--
INFO: Run Behavior\WriteHtmlCacheBehavior [ RunTime:0.000090s ]
INFO: Run Behavior\TokenBuildBehavior [ RunTime:0.000213s ]
INFO: [ view_filter ] --END-- [ RunTime:0.000342s ]
INFO: [ app_end ] --START--
INFO: Run Behavior\ShowPageTraceBehavior [ RunTime:0.000302s ]
INFO: [ app_end ] --END-- [ RunTime:0.000329s ]

[ 2017-07-07T11:56:07+08:00 ] 101.226.102.60 /Mobile/Goods/index.html
INFO: [ app_init ] --START--
INFO: Run Behavior\BuildLiteBehavior [ RunTime:0.000010s ]
INFO: [ app_init ] --END-- [ RunTime:0.000213s ]
INFO: [ app_begin ] --START--
INFO: Run Behavior\ReadHtmlCacheBehavior [ RunTime:0.000284s ]
INFO: [ app_begin ] --END-- [ RunTime:0.000317s ]
SQL: SHOW COLUMNS FROM `tp_ad_position` [ RunTime:0.0005s ]
SQL: SELECT b.* FROM tp_ad_position a INNER JOIN tp_ad b ON a.position_id=b.pid  WHERE ( a.position_name LIKE '%mobile%' ) ORDER BY b.orderby desc LIMIT 3   [ RunTime:0.0001s ]
SQL: SHOW COLUMNS FROM `tp_goods` [ RunTime:0.0005s ]
SQL: SELECT `goods_id`,`goods_sn`,`goods_name`,`shop_price`,`original_img` FROM `tp_goods` GROUP BY goods_id ORDER BY sort desc LIMIT 12   [ RunTime:0.0001s ]
INFO: [ view_begin ] --START--
INFO: Run Home\Behaviors\testBehavior [ RunTime:0.000120s ]
INFO: [ view_begin ] --END-- [ RunTime:0.000146s ]
INFO: [ view_parse ] --START--
INFO: [ template_filter ] --START--
INFO: Run Behavior\ContentReplaceBehavior [ RunTime:0.000068s ]
INFO: [ template_filter ] --END-- [ RunTime:0.000099s ]
INFO: Run Behavior\ParseTemplateBehavior [ RunTime:0.005479s ]
INFO: [ view_parse ] --END-- [ RunTime:0.005526s ]
INFO: [ view_filter ] --START--
INFO: Run Behavior\WriteHtmlCacheBehavior [ RunTime:0.000090s ]
INFO: Run Behavior\TokenBuildBehavior [ RunTime:0.000196s ]
INFO: [ view_filter ] --END-- [ RunTime:0.000323s ]
INFO: [ app_end ] --START--
INFO: Run Behavior\ShowPageTraceBehavior [ RunTime:0.000320s ]
INFO: [ app_end ] --END-- [ RunTime:0.000350s ]

[ 2017-07-07T11:56:08+08:00 ] 101.226.102.60 /Mobile/Goods/categoryList.html
INFO: [ app_init ] --START--
INFO: Run Behavior\BuildLiteBehavior [ RunTime:0.000010s ]
INFO: [ app_init ] --END-- [ RunTime:0.000222s ]
INFO: [ app_begin ] --START--
INFO: Run Behavior\ReadHtmlCacheBehavior [ RunTime:0.000287s ]
INFO: [ app_begin ] --END-- [ RunTime:0.000320s ]
SQL: SHOW COLUMNS FROM `tp_goods_category` [ RunTime:0.0005s ]
SQL: SELECT * FROM `tp_goods_category` WHERE ( is_show = 1 ) ORDER BY sort_order  [ RunTime:0.0001s ]
NOTIC: [8] Undefined variable: arr /data/wwwroot/www.fengzakka.cn/Application/Common/Common/common.php 第 1076 行.
NOTIC: [2] Invalid argument supplied for foreach() /data/wwwroot/www.fengzakka.cn/Application/Common/Common/common.php 第 1076 行.
INFO: [ view_begin ] --START--
INFO: Run Home\Behaviors\testBehavior [ RunTime:0.000123s ]
INFO: [ view_begin ] --END-- [ RunTime:0.000157s ]
INFO: [ view_parse ] --START--
NOTIC: [8] Undefined index: order /data/wwwroot/www.fengzakka.cn/ThinkPHP/Library/Think/Template/TagLib/Tpshop.class.php 第 35 行.
NOTIC: [8] Undefined index: where /data/wwwroot/www.fengzakka.cn/ThinkPHP/Library/Think/Template/TagLib/Tpshop.class.php 第 37 行.
INFO: [ template_filter ] --START--
INFO: Run Behavior\ContentReplaceBehavior [ RunTime:0.000072s ]
INFO: [ template_filter ] --END-- [ RunTime:0.000105s ]
NOTIC: [8] Undefined variable: tpshop_config /data/wwwroot/www.fengzakka.cn/Application/Runtime/Cache/Mobile/56100e2ee68da1c55bb7048b88cc0a95.php 第 7 行.
NOTIC: [8] Undefined variable: tpshop_config /data/wwwroot/www.fengzakka.cn/Application/Runtime/Cache/Mobile/56100e2ee68da1c55bb7048b88cc0a95.php 第 8 行.
NOTIC: [8] Use of undefined constant level - assumed 'level' /data/wwwroot/www.fengzakka.cn/Application/Runtime/Cache/Mobile/56100e2ee68da1c55bb7048b88cc0a95.php 第 28 行.
SQL: SHOW COLUMNS FROM `tp_ad_position` [ RunTime:0.0004s ]
SQL: SELECT `position_id`,`position_name`,`ad_width`,`ad_height` FROM `tp_ad_position`  [ RunTime:0.0001s ]
SQL: SHOW COLUMNS FROM `tp_ad` [ RunTime:0.0004s ]
SQL: SELECT * FROM `tp_ad` WHERE ( pid=400  and enabled = 1 and start_time < 1499396400 and end_time > 1499396400  ) ORDER BY orderby desc LIMIT 1   [ RunTime:0.0001s ]
NOTIC: [8] Use of undefined constant edit_ad - assumed 'edit_ad' /data/wwwroot/www.fengzakka.cn/Application/Runtime/Cache/Mobile/56100e2ee68da1c55bb7048b88cc0a95.php 第 35 行.
NOTIC: [8] Undefined index: edit_ad /data/wwwroot/www.fengzakka.cn/Application/Runtime/Cache/Mobile/56100e2ee68da1c55bb7048b88cc0a95.php 第 35 行.
INFO: Run Behavior\ParseTemplateBehavior [ RunTime:0.009986s ]
INFO: [ view_parse ] --END-- [ RunTime:0.010010s ]
INFO: [ view_filter ] --START--
INFO: Run Behavior\WriteHtmlCacheBehavior [ RunTime:0.000095s ]
INFO: Run Behavior\TokenBuildBehavior [ RunTime:0.000181s ]
INFO: [ view_filter ] --END-- [ RunTime:0.000317s ]
INFO: [ app_end ] --START--
INFO: Run Behavior\ShowPageTraceBehavior [ RunTime:0.000277s ]
INFO: [ app_end ] --END-- [ RunTime:0.000308s ]

[ 2017-07-07T11:56:21+08:00 ] 101.226.102.60 /Mobile/Goods/ajaxGoods.html?start=1&num=6&keyword=
INFO: [ app_init ] --START--
INFO: Run Behavior\BuildLiteBehavior [ RunTime:0.000010s ]
INFO: [ app_init ] --END-- [ RunTime:0.000208s ]
INFO: [ app_begin ] --START--
INFO: Run Behavior\ReadHtmlCacheBehavior [ RunTime:0.000326s ]
INFO: [ app_begin ] --END-- [ RunTime:0.000358s ]
SQL: SHOW COLUMNS FROM `tp_goods` [ RunTime:0.0007s ]
SQL: SELECT `goods_id`,`goods_sn`,`goods_name`,`shop_price`,`original_img` FROM `tp_goods` GROUP BY goods_id ORDER BY sort desc LIMIT 1,6   [ RunTime:0.0003s ]

[ 2017-07-07T11:56:24+08:00 ] 101.226.102.60 /Mobile/Goods/index.html
INFO: [ app_init ] --START--
INFO: Run Behavior\BuildLiteBehavior [ RunTime:0.000011s ]
INFO: [ app_init ] --END-- [ RunTime:0.000238s ]
INFO: [ app_begin ] --START--
INFO: Run Behavior\ReadHtmlCacheBehavior [ RunTime:0.000296s ]
INFO: [ app_begin ] --END-- [ RunTime:0.000330s ]
SQL: SHOW COLUMNS FROM `tp_ad_position` [ RunTime:0.0005s ]
SQL: SELECT b.* FROM tp_ad_position a INNER JOIN tp_ad b ON a.position_id=b.pid  WHERE ( a.position_name LIKE '%mobile%' ) ORDER BY b.orderby desc LIMIT 3   [ RunTime:0.0001s ]
SQL: SHOW COLUMNS FROM `tp_goods` [ RunTime:0.0005s ]
SQL: SELECT `goods_id`,`goods_sn`,`goods_name`,`shop_price`,`original_img` FROM `tp_goods` GROUP BY goods_id ORDER BY sort desc LIMIT 12   [ RunTime:0.0001s ]
INFO: [ view_begin ] --START--
INFO: Run Home\Behaviors\testBehavior [ RunTime:0.000123s ]
INFO: [ view_begin ] --END-- [ RunTime:0.000150s ]
INFO: [ view_parse ] --START--
INFO: [ template_filter ] --START--
INFO: Run Behavior\ContentReplaceBehavior [ RunTime:0.000057s ]
INFO: [ template_filter ] --END-- [ RunTime:0.000088s ]
INFO: Run Behavior\ParseTemplateBehavior [ RunTime:0.005614s ]
INFO: [ view_parse ] --END-- [ RunTime:0.005653s ]
INFO: [ view_filter ] --START--
INFO: Run Behavior\WriteHtmlCacheBehavior [ RunTime:0.000091s ]
INFO: Run Behavior\TokenBuildBehavior [ RunTime:0.000211s ]
INFO: [ view_filter ] --END-- [ RunTime:0.000350s ]
INFO: [ app_end ] --START--
INFO: Run Behavior\ShowPageTraceBehavior [ RunTime:0.000291s ]
INFO: [ app_end ] --END-- [ RunTime:0.000322s ]

[ 2017-07-07T11:56:32+08:00 ] 101.226.102.60 /Mobile/Goods/categoryList.html
INFO: [ app_init ] --START--
INFO: Run Behavior\BuildLiteBehavior [ RunTime:0.000010s ]
INFO: [ app_init ] --END-- [ RunTime:0.000236s ]
INFO: [ app_begin ] --START--
INFO: Run Behavior\ReadHtmlCacheBehavior [ RunTime:0.000291s ]
INFO: [ app_begin ] --END-- [ RunTime:0.000326s ]
SQL: SHOW COLUMNS FROM `tp_goods_category` [ RunTime:0.0005s ]
SQL: SELECT * FROM `tp_goods_category` WHERE ( is_show = 1 ) ORDER BY sort_order  [ RunTime:0.0001s ]
NOTIC: [8] Undefined variable: arr /data/wwwroot/www.fengzakka.cn/Application/Common/Common/common.php 第 1076 行.
NOTIC: [2] Invalid argument supplied for foreach() /data/wwwroot/www.fengzakka.cn/Application/Common/Common/common.php 第 1076 行.
INFO: [ view_begin ] --START--
INFO: Run Home\Behaviors\testBehavior [ RunTime:0.000151s ]
INFO: [ view_begin ] --END-- [ RunTime:0.000177s ]
INFO: [ view_parse ] --START--
NOTIC: [8] Undefined index: order /data/wwwroot/www.fengzakka.cn/ThinkPHP/Library/Think/Template/TagLib/Tpshop.class.php 第 35 行.
NOTIC: [8] Undefined index: where /data/wwwroot/www.fengzakka.cn/ThinkPHP/Library/Think/Template/TagLib/Tpshop.class.php 第 37 行.
INFO: [ template_filter ] --START--
INFO: Run Behavior\ContentReplaceBehavior [ RunTime:0.000070s ]
INFO: [ template_filter ] --END-- [ RunTime:0.000105s ]
NOTIC: [8] Undefined variable: tpshop_config /data/wwwroot/www.fengzakka.cn/Application/Runtime/Cache/Mobile/56100e2ee68da1c55bb7048b88cc0a95.php 第 7 行.
NOTIC: [8] Undefined variable: tpshop_config /data/wwwroot/www.fengzakka.cn/Application/Runtime/Cache/Mobile/56100e2ee68da1c55bb7048b88cc0a95.php 第 8 行.
NOTIC: [8] Use of undefined constant level - assumed 'level' /data/wwwroot/www.fengzakka.cn/Application/Runtime/Cache/Mobile/56100e2ee68da1c55bb7048b88cc0a95.php 第 28 行.
SQL: SHOW COLUMNS FROM `tp_ad_position` [ RunTime:0.0004s ]
SQL: SELECT `position_id`,`position_name`,`ad_width`,`ad_height` FROM `tp_ad_position`  [ RunTime:0.0001s ]
SQL: SHOW COLUMNS FROM `tp_ad` [ RunTime:0.0004s ]
SQL: SELECT * FROM `tp_ad` WHERE ( pid=400  and enabled = 1 and start_time < 1499396400 and end_time > 1499396400  ) ORDER BY orderby desc LIMIT 1   [ RunTime:0.0001s ]
NOTIC: [8] Use of undefined constant edit_ad - assumed 'edit_ad' /data/wwwroot/www.fengzakka.cn/Application/Runtime/Cache/Mobile/56100e2ee68da1c55bb7048b88cc0a95.php 第 35 行.
NOTIC: [8] Undefined index: edit_ad /data/wwwroot/www.fengzakka.cn/Application/Runtime/Cache/Mobile/56100e2ee68da1c55bb7048b88cc0a95.php 第 35 行.
INFO: Run Behavior\ParseTemplateBehavior [ RunTime:0.010236s ]
INFO: [ view_parse ] --END-- [ RunTime:0.010261s ]
INFO: [ view_filter ] --START--
INFO: Run Behavior\WriteHtmlCacheBehavior [ RunTime:0.000096s ]
INFO: Run Behavior\TokenBuildBehavior [ RunTime:0.000182s ]
INFO: [ view_filter ] --END-- [ RunTime:0.000318s ]
INFO: [ app_end ] --START--
INFO: Run Behavior\ShowPageTraceBehavior [ RunTime:0.000309s ]
INFO: [ app_end ] --END-- [ RunTime:0.000336s ]

