[ 2017-07-13T00:42:02+08:00 ] 140.205.201.41 /
INFO: [ app_init ] --START--
INFO: Run Behavior\BuildLiteBehavior [ RunTime:0.000011s ]
INFO: [ app_init ] --END-- [ RunTime:0.000220s ]
INFO: [ app_begin ] --START--
INFO: Run Behavior\ReadHtmlCacheBehavior [ RunTime:0.000316s ]
INFO: [ app_begin ] --END-- [ RunTime:0.000349s ]
SQL: SHOW COLUMNS FROM `tp_config` [ RunTime:0.0004s ]
SQL: SELECT * FROM `tp_config`  [ RunTime:0.0002s ]
SQL: SHOW COLUMNS FROM `tp_goods_category` [ RunTime:0.0004s ]
SQL: SELECT * FROM `tp_goods_category` WHERE ( is_show = 1 ) ORDER BY sort_order  [ RunTime:0.0001s ]
SQL: SHOW COLUMNS FROM `tp_brand` [ RunTime:0.0003s ]
SQL: SELECT `id`,`parent_cat_id`,`logo`,`is_hot` FROM `tp_brand` WHERE ( parent_cat_id>0 )  [ RunTime:0.0001s ]
SQL: SHOW COLUMNS FROM `tp_article_cat` [ RunTime:0.0003s ]
SQL: SELECT `cat_name`,`cat_id` FROM `tp_article_cat` WHERE `show_in_nav` = 1 AND `parent_id` = 0  [ RunTime:0.0001s ]
SQL: SHOW COLUMNS FROM `tp_friend_link` [ RunTime:0.0003s ]
SQL: SELECT * FROM `tp_friend_link` WHERE `is_show` = 1 ORDER BY orderby desc  [ RunTime:0.0001s ]

[ 2017-07-13T00:42:07+08:00 ] 140.205.201.41 /editors/index.html
INFO: [ app_init ] --START--
INFO: Run Behavior\BuildLiteBehavior [ RunTime:0.000009s ]
INFO: [ app_init ] --END-- [ RunTime:0.000226s ]
INFO: [ app_begin ] --START--
INFO: Run Behavior\ReadHtmlCacheBehavior [ RunTime:0.000283s ]
INFO: [ app_begin ] --END-- [ RunTime:0.000316s ]
ERR: 无法加载控制器:Editors

[ 2017-07-13T00:42:43+08:00 ] 140.205.201.41 /LICENSE.txt
INFO: [ app_init ] --START--
INFO: Run Behavior\BuildLiteBehavior [ RunTime:0.000010s ]
INFO: [ app_init ] --END-- [ RunTime:0.000210s ]
INFO: [ app_begin ] --START--
INFO: Run Behavior\ReadHtmlCacheBehavior [ RunTime:0.000329s ]
INFO: [ app_begin ] --END-- [ RunTime:0.000367s ]
ERR: 无法加载控制器:LICENSE.txt

[ 2017-07-13T00:42:45+08:00 ] 140.205.201.41 /extensions/kindeditor/themes/default/default.png)
INFO: [ app_init ] --START--
INFO: Run Behavior\BuildLiteBehavior [ RunTime:0.000010s ]
INFO: [ app_init ] --END-- [ RunTime:0.000208s ]
NOTIC: [2] preg_replace(): Compilation failed: unmatched parentheses at offset 5 /data/wwwroot/www.fengzakka.cn/ThinkPHP/Library/Think/Dispatcher.class.php 第 127 行.
INFO: [ app_begin ] --START--
INFO: Run Behavior\ReadHtmlCacheBehavior [ RunTime:0.000367s ]
INFO: [ app_begin ] --END-- [ RunTime:0.000402s ]
ERR: 无法加载控制器:Extensions

[ 2017-07-13T07:27:31+08:00 ] 140.205.205.2 /
INFO: [ app_init ] --START--
INFO: Run Behavior\BuildLiteBehavior [ RunTime:0.000010s ]
INFO: [ app_init ] --END-- [ RunTime:0.000225s ]
INFO: [ app_begin ] --START--
INFO: Run Behavior\ReadHtmlCacheBehavior [ RunTime:0.000335s ]
INFO: [ app_begin ] --END-- [ RunTime:0.000377s ]
SQL: SHOW COLUMNS FROM `tp_config` [ RunTime:0.0005s ]
SQL: SELECT * FROM `tp_config`  [ RunTime:0.0002s ]
SQL: SHOW COLUMNS FROM `tp_goods_category` [ RunTime:0.0004s ]
SQL: SELECT * FROM `tp_goods_category` WHERE ( is_show = 1 ) ORDER BY sort_order  [ RunTime:0.0001s ]
SQL: SHOW COLUMNS FROM `tp_brand` [ RunTime:0.0003s ]
SQL: SELECT `id`,`parent_cat_id`,`logo`,`is_hot` FROM `tp_brand` WHERE ( parent_cat_id>0 )  [ RunTime:0.0001s ]
SQL: SHOW COLUMNS FROM `tp_article_cat` [ RunTime:0.0003s ]
SQL: SELECT `cat_name`,`cat_id` FROM `tp_article_cat` WHERE `show_in_nav` = 1 AND `parent_id` = 0  [ RunTime:0.0001s ]
SQL: SHOW COLUMNS FROM `tp_friend_link` [ RunTime:0.0003s ]
SQL: SELECT * FROM `tp_friend_link` WHERE `is_show` = 1 ORDER BY orderby desc  [ RunTime:0.0001s ]

[ 2017-07-13T10:00:07+08:00 ] 140.205.205.9 /
INFO: [ app_init ] --START--
INFO: Run Behavior\BuildLiteBehavior [ RunTime:0.000010s ]
INFO: [ app_init ] --END-- [ RunTime:0.000213s ]
INFO: [ app_begin ] --START--
INFO: Run Behavior\ReadHtmlCacheBehavior [ RunTime:0.000339s ]
INFO: [ app_begin ] --END-- [ RunTime:0.000373s ]
SQL: SHOW COLUMNS FROM `tp_config` [ RunTime:0.0005s ]
SQL: SELECT * FROM `tp_config`  [ RunTime:0.0002s ]
SQL: SHOW COLUMNS FROM `tp_goods_category` [ RunTime:0.0004s ]
SQL: SELECT * FROM `tp_goods_category` WHERE ( is_show = 1 ) ORDER BY sort_order  [ RunTime:0.0001s ]
SQL: SHOW COLUMNS FROM `tp_brand` [ RunTime:0.0003s ]
SQL: SELECT `id`,`parent_cat_id`,`logo`,`is_hot` FROM `tp_brand` WHERE ( parent_cat_id>0 )  [ RunTime:0.0001s ]
SQL: SHOW COLUMNS FROM `tp_article_cat` [ RunTime:0.0003s ]
SQL: SELECT `cat_name`,`cat_id` FROM `tp_article_cat` WHERE `show_in_nav` = 1 AND `parent_id` = 0  [ RunTime:0.0001s ]
SQL: SHOW COLUMNS FROM `tp_friend_link` [ RunTime:0.0003s ]
SQL: SELECT * FROM `tp_friend_link` WHERE `is_show` = 1 ORDER BY orderby desc  [ RunTime:0.0001s ]

[ 2017-07-13T11:49:42+08:00 ] 140.207.54.76 /index.php?m=Home&c=Wechat&a=valid&signature=10f11194c06bd79e22b2debf4ded72bedfe0b3dd&timestamp=1499917782&nonce=181363811&openid=o6pmpxMUgLnzmUaMzJ_EbBluYGr8
INFO: [ app_init ] --START--
INFO: Run Behavior\BuildLiteBehavior [ RunTime:0.000009s ]
INFO: [ app_init ] --END-- [ RunTime:0.000233s ]
INFO: [ app_begin ] --START--
INFO: Run Behavior\ReadHtmlCacheBehavior [ RunTime:0.000266s ]
INFO: [ app_begin ] --END-- [ RunTime:0.000301s ]
SQL: SHOW COLUMNS FROM `tp_config` [ RunTime:0.0004s ]
SQL: SELECT * FROM `tp_config`  [ RunTime:0.0002s ]
SQL: SHOW COLUMNS FROM `tp_goods_category` [ RunTime:0.0004s ]
SQL: SELECT * FROM `tp_goods_category` WHERE ( is_show = 1 ) ORDER BY sort_order  [ RunTime:0.0001s ]
SQL: SHOW COLUMNS FROM `tp_brand` [ RunTime:0.0004s ]
SQL: SELECT `id`,`parent_cat_id`,`logo`,`is_hot` FROM `tp_brand` WHERE ( parent_cat_id>0 )  [ RunTime:0.0001s ]
SQL: SHOW COLUMNS FROM `tp_article_cat` [ RunTime:0.0003s ]
SQL: SELECT `cat_name`,`cat_id` FROM `tp_article_cat` WHERE `show_in_nav` = 1 AND `parent_id` = 0  [ RunTime:0.0001s ]
SQL: SHOW COLUMNS FROM `tp_friend_link` [ RunTime:0.0003s ]
SQL: SELECT * FROM `tp_friend_link` WHERE `is_show` = 1 ORDER BY orderby desc  [ RunTime:0.0001s ]
NOTIC: [8] Use of undefined constant openAppID - assumed 'openAppID' /data/wwwroot/www.fengzakka.cn/Application/Home/Controller/WechatController.class.php 第 31 行.
NOTIC: [8] Use of undefined constant openAppSecret - assumed 'openAppSecret' /data/wwwroot/www.fengzakka.cn/Application/Home/Controller/WechatController.class.php 第 31 行.
NOTIC: [8] Undefined index: echostr /data/wwwroot/www.fengzakka.cn/Application/Home/Controller/WechatController.class.php 第 41 行.
INFO: [ app_end ] --START--
INFO: Run Behavior\ShowPageTraceBehavior [ RunTime:0.000317s ]
INFO: [ app_end ] --END-- [ RunTime:0.000347s ]

[ 2017-07-13T11:49:44+08:00 ] 183.60.52.5 /
INFO: [ app_init ] --START--
INFO: Run Behavior\BuildLiteBehavior [ RunTime:0.000010s ]
INFO: [ app_init ] --END-- [ RunTime:0.000247s ]
INFO: [ app_begin ] --START--
INFO: Run Behavior\ReadHtmlCacheBehavior [ RunTime:0.000348s ]
INFO: [ app_begin ] --END-- [ RunTime:0.000382s ]
SQL: SHOW COLUMNS FROM `tp_config` [ RunTime:0.0005s ]
SQL: SELECT * FROM `tp_config`  [ RunTime:0.0002s ]
SQL: SHOW COLUMNS FROM `tp_goods_category` [ RunTime:0.0004s ]
SQL: SELECT * FROM `tp_goods_category` WHERE ( is_show = 1 ) ORDER BY sort_order  [ RunTime:0.0001s ]
SQL: SHOW COLUMNS FROM `tp_brand` [ RunTime:0.0004s ]
SQL: SELECT `id`,`parent_cat_id`,`logo`,`is_hot` FROM `tp_brand` WHERE ( parent_cat_id>0 )  [ RunTime:0.0001s ]
SQL: SHOW COLUMNS FROM `tp_article_cat` [ RunTime:0.0004s ]
SQL: SELECT `cat_name`,`cat_id` FROM `tp_article_cat` WHERE `show_in_nav` = 1 AND `parent_id` = 0  [ RunTime:0.0001s ]
SQL: SHOW COLUMNS FROM `tp_friend_link` [ RunTime:0.0003s ]
SQL: SELECT * FROM `tp_friend_link` WHERE `is_show` = 1 ORDER BY orderby desc  [ RunTime:0.0001s ]

[ 2017-07-13T11:49:53+08:00 ] 101.226.66.173 /
INFO: [ app_init ] --START--
INFO: Run Behavior\BuildLiteBehavior [ RunTime:0.000009s ]
INFO: [ app_init ] --END-- [ RunTime:0.000202s ]
INFO: [ app_begin ] --START--
INFO: Run Behavior\ReadHtmlCacheBehavior [ RunTime:0.000304s ]
INFO: [ app_begin ] --END-- [ RunTime:0.000338s ]
SQL: SHOW COLUMNS FROM `tp_config` [ RunTime:0.0003s ]
SQL: SELECT * FROM `tp_config`  [ RunTime:0.0002s ]
SQL: SHOW COLUMNS FROM `tp_goods_category` [ RunTime:0.0004s ]
SQL: SELECT * FROM `tp_goods_category` WHERE ( is_show = 1 ) ORDER BY sort_order  [ RunTime:0.0001s ]
SQL: SHOW COLUMNS FROM `tp_brand` [ RunTime:0.0003s ]
SQL: SELECT `id`,`parent_cat_id`,`logo`,`is_hot` FROM `tp_brand` WHERE ( parent_cat_id>0 )  [ RunTime:0.0001s ]
SQL: SHOW COLUMNS FROM `tp_article_cat` [ RunTime:0.0003s ]
SQL: SELECT `cat_name`,`cat_id` FROM `tp_article_cat` WHERE `show_in_nav` = 1 AND `parent_id` = 0  [ RunTime:0.0001s ]
SQL: SHOW COLUMNS FROM `tp_friend_link` [ RunTime:0.0003s ]
SQL: SELECT * FROM `tp_friend_link` WHERE `is_show` = 1 ORDER BY orderby desc  [ RunTime:0.0001s ]

[ 2017-07-13T11:49:54+08:00 ] 101.226.33.208 /
INFO: [ app_init ] --START--
INFO: Run Behavior\BuildLiteBehavior [ RunTime:0.000010s ]
INFO: [ app_init ] --END-- [ RunTime:0.000232s ]
INFO: [ app_begin ] --START--
INFO: Run Behavior\ReadHtmlCacheBehavior [ RunTime:0.000317s ]
INFO: [ app_begin ] --END-- [ RunTime:0.000350s ]
SQL: SHOW COLUMNS FROM `tp_config` [ RunTime:0.0004s ]
SQL: SHOW COLUMNS FROM `tp_goods_category` [ RunTime:0.0004s ]
SQL: SELECT * FROM `tp_goods_category` WHERE ( is_show = 1 ) ORDER BY sort_order  [ RunTime:0.0001s ]
SQL: SHOW COLUMNS FROM `tp_brand` [ RunTime:0.0003s ]
SQL: SHOW COLUMNS FROM `tp_article_cat` [ RunTime:0.0003s ]
SQL: SELECT `cat_name`,`cat_id` FROM `tp_article_cat` WHERE `show_in_nav` = 1 AND `parent_id` = 0  [ RunTime:0.0001s ]
SQL: SHOW COLUMNS FROM `tp_friend_link` [ RunTime:0.0008s ]
SQL: SELECT * FROM `tp_friend_link` WHERE `is_show` = 1 ORDER BY orderby desc  [ RunTime:0.0003s ]

[ 2017-07-13T12:12:03+08:00 ] 140.207.54.75 /index.php?m=Home&c=Wechat&a=valid&signature=68b65fb14e25a97a978b0dd2925228640147c3a6&timestamp=1499919123&nonce=1302955157&openid=o6pmpxMUgLnzmUaMzJ_EbBluYGr8
INFO: [ app_init ] --START--
INFO: Run Behavior\BuildLiteBehavior [ RunTime:0.000010s ]
INFO: [ app_init ] --END-- [ RunTime:0.000211s ]
INFO: [ app_begin ] --START--
INFO: Run Behavior\ReadHtmlCacheBehavior [ RunTime:0.000320s ]
INFO: [ app_begin ] --END-- [ RunTime:0.000356s ]
SQL: SHOW COLUMNS FROM `tp_config` [ RunTime:0.0005s ]
SQL: SELECT * FROM `tp_config`  [ RunTime:0.0002s ]
SQL: SHOW COLUMNS FROM `tp_goods_category` [ RunTime:0.0004s ]
SQL: SELECT * FROM `tp_goods_category` WHERE ( is_show = 1 ) ORDER BY sort_order  [ RunTime:0.0001s ]
SQL: SHOW COLUMNS FROM `tp_brand` [ RunTime:0.0003s ]
SQL: SELECT `id`,`parent_cat_id`,`logo`,`is_hot` FROM `tp_brand` WHERE ( parent_cat_id>0 )  [ RunTime:0.0001s ]
SQL: SHOW COLUMNS FROM `tp_article_cat` [ RunTime:0.0003s ]
SQL: SELECT `cat_name`,`cat_id` FROM `tp_article_cat` WHERE `show_in_nav` = 1 AND `parent_id` = 0  [ RunTime:0.0001s ]
SQL: SHOW COLUMNS FROM `tp_friend_link` [ RunTime:0.0003s ]
SQL: SELECT * FROM `tp_friend_link` WHERE `is_show` = 1 ORDER BY orderby desc  [ RunTime:0.0001s ]
NOTIC: [8] Use of undefined constant openAppID - assumed 'openAppID' /data/wwwroot/www.fengzakka.cn/Application/Home/Controller/WechatController.class.php 第 31 行.
NOTIC: [8] Use of undefined constant openAppSecret - assumed 'openAppSecret' /data/wwwroot/www.fengzakka.cn/Application/Home/Controller/WechatController.class.php 第 31 行.
NOTIC: [8] Undefined index: echostr /data/wwwroot/www.fengzakka.cn/Application/Home/Controller/WechatController.class.php 第 41 行.

[ 2017-07-13T12:14:50+08:00 ] 140.207.54.75 /index.php?m=Home&c=Wechat&a=valid&signature=4a2e579c792dbd7182f7c81dedaf2cdadad81765&timestamp=1499919290&nonce=1001258729&openid=o6pmpxMUgLnzmUaMzJ_EbBluYGr8
INFO: [ app_init ] --START--
INFO: Run Behavior\BuildLiteBehavior [ RunTime:0.000010s ]
INFO: [ app_init ] --END-- [ RunTime:0.000206s ]
INFO: [ app_begin ] --START--
INFO: Run Behavior\ReadHtmlCacheBehavior [ RunTime:0.000298s ]
INFO: [ app_begin ] --END-- [ RunTime:0.000334s ]
SQL: SHOW COLUMNS FROM `tp_config` [ RunTime:0.0005s ]
SQL: SELECT * FROM `tp_config`  [ RunTime:0.0002s ]
SQL: SHOW COLUMNS FROM `tp_goods_category` [ RunTime:0.0004s ]
SQL: SELECT * FROM `tp_goods_category` WHERE ( is_show = 1 ) ORDER BY sort_order  [ RunTime:0.0001s ]
SQL: SHOW COLUMNS FROM `tp_brand` [ RunTime:0.0003s ]
SQL: SELECT `id`,`parent_cat_id`,`logo`,`is_hot` FROM `tp_brand` WHERE ( parent_cat_id>0 )  [ RunTime:0.0001s ]
SQL: SHOW COLUMNS FROM `tp_article_cat` [ RunTime:0.0003s ]
SQL: SELECT `cat_name`,`cat_id` FROM `tp_article_cat` WHERE `show_in_nav` = 1 AND `parent_id` = 0  [ RunTime:0.0001s ]
SQL: SHOW COLUMNS FROM `tp_friend_link` [ RunTime:0.0003s ]
SQL: SELECT * FROM `tp_friend_link` WHERE `is_show` = 1 ORDER BY orderby desc  [ RunTime:0.0001s ]
NOTIC: [8] Use of undefined constant openAppID - assumed 'openAppID' /data/wwwroot/www.fengzakka.cn/Application/Home/Controller/WechatController.class.php 第 31 行.
NOTIC: [8] Use of undefined constant openAppSecret - assumed 'openAppSecret' /data/wwwroot/www.fengzakka.cn/Application/Home/Controller/WechatController.class.php 第 31 行.
NOTIC: [8] Undefined index: echostr /data/wwwroot/www.fengzakka.cn/Application/Home/Controller/WechatController.class.php 第 41 行.

[ 2017-07-13T12:16:54+08:00 ] 140.207.54.76 /index.php?m=Home&c=Wechat&a=valid&signature=1b65e0c56b9cfaf588b886a19801cf543ee1aa3d&timestamp=1499919413&nonce=2087754519&openid=o6pmpxMUgLnzmUaMzJ_EbBluYGr8
INFO: [ app_init ] --START--
INFO: Run Behavior\BuildLiteBehavior [ RunTime:0.000010s ]
INFO: [ app_init ] --END-- [ RunTime:0.000205s ]
INFO: [ app_begin ] --START--
INFO: Run Behavior\ReadHtmlCacheBehavior [ RunTime:0.000267s ]
INFO: [ app_begin ] --END-- [ RunTime:0.000304s ]
SQL: SHOW COLUMNS FROM `tp_config` [ RunTime:0.0004s ]
SQL: SELECT * FROM `tp_config`  [ RunTime:0.0002s ]
SQL: SHOW COLUMNS FROM `tp_goods_category` [ RunTime:0.0004s ]
SQL: SELECT * FROM `tp_goods_category` WHERE ( is_show = 1 ) ORDER BY sort_order  [ RunTime:0.0001s ]
SQL: SHOW COLUMNS FROM `tp_brand` [ RunTime:0.0004s ]
SQL: SELECT `id`,`parent_cat_id`,`logo`,`is_hot` FROM `tp_brand` WHERE ( parent_cat_id>0 )  [ RunTime:0.0001s ]
SQL: SHOW COLUMNS FROM `tp_article_cat` [ RunTime:0.0003s ]
SQL: SELECT `cat_name`,`cat_id` FROM `tp_article_cat` WHERE `show_in_nav` = 1 AND `parent_id` = 0  [ RunTime:0.0001s ]
SQL: SHOW COLUMNS FROM `tp_friend_link` [ RunTime:0.0003s ]
SQL: SELECT * FROM `tp_friend_link` WHERE `is_show` = 1 ORDER BY orderby desc  [ RunTime:0.0001s ]
NOTIC: [8] Use of undefined constant openAppID - assumed 'openAppID' /data/wwwroot/www.fengzakka.cn/Application/Home/Controller/WechatController.class.php 第 31 行.
NOTIC: [8] Use of undefined constant openAppSecret - assumed 'openAppSecret' /data/wwwroot/www.fengzakka.cn/Application/Home/Controller/WechatController.class.php 第 31 行.
NOTIC: [8] Undefined index: echostr /data/wwwroot/www.fengzakka.cn/Application/Home/Controller/WechatController.class.php 第 41 行.

[ 2017-07-13T12:32:08+08:00 ] 140.207.54.76 /index.php?m=Home&c=Wechat&a=valid&signature=f394a38675fba91abca52a121d9d2e5a30064344&timestamp=1499920328&nonce=746905010&openid=o6pmpxMUgLnzmUaMzJ_EbBluYGr8
INFO: [ app_init ] --START--
INFO: Run Behavior\BuildLiteBehavior [ RunTime:0.000010s ]
INFO: [ app_init ] --END-- [ RunTime:0.000238s ]
INFO: [ app_begin ] --START--
INFO: Run Behavior\ReadHtmlCacheBehavior [ RunTime:0.000299s ]
INFO: [ app_begin ] --END-- [ RunTime:0.000336s ]
SQL: SHOW COLUMNS FROM `tp_config` [ RunTime:0.0005s ]
SQL: SELECT * FROM `tp_config`  [ RunTime:0.0002s ]
SQL: SHOW COLUMNS FROM `tp_goods_category` [ RunTime:0.0004s ]
SQL: SELECT * FROM `tp_goods_category` WHERE ( is_show = 1 ) ORDER BY sort_order  [ RunTime:0.0001s ]
SQL: SHOW COLUMNS FROM `tp_brand` [ RunTime:0.0003s ]
SQL: SELECT `id`,`parent_cat_id`,`logo`,`is_hot` FROM `tp_brand` WHERE ( parent_cat_id>0 )  [ RunTime:0.0001s ]
SQL: SHOW COLUMNS FROM `tp_article_cat` [ RunTime:0.0003s ]
SQL: SELECT `cat_name`,`cat_id` FROM `tp_article_cat` WHERE `show_in_nav` = 1 AND `parent_id` = 0  [ RunTime:0.0001s ]
SQL: SHOW COLUMNS FROM `tp_friend_link` [ RunTime:0.0003s ]
SQL: SELECT * FROM `tp_friend_link` WHERE `is_show` = 1 ORDER BY orderby desc  [ RunTime:0.0001s ]
NOTIC: [8] Use of undefined constant openAppID - assumed 'openAppID' /data/wwwroot/www.fengzakka.cn/Application/Home/Controller/WechatController.class.php 第 31 行.
NOTIC: [8] Use of undefined constant openAppSecret - assumed 'openAppSecret' /data/wwwroot/www.fengzakka.cn/Application/Home/Controller/WechatController.class.php 第 31 行.
NOTIC: [8] Undefined index: echostr /data/wwwroot/www.fengzakka.cn/Application/Home/Controller/WechatController.class.php 第 41 行.
INFO: [ app_end ] --START--
INFO: Run Behavior\ShowPageTraceBehavior [ RunTime:0.000364s ]
INFO: [ app_end ] --END-- [ RunTime:0.000409s ]

[ 2017-07-13T12:38:57+08:00 ] 140.207.54.75 /index.php?m=Home&c=Wechat&a=valid&signature=e9d873e6689d7a85cbe2efcbccccba85772e2ebe&timestamp=1499920737&nonce=967364562&openid=o6pmpxMUgLnzmUaMzJ_EbBluYGr8
INFO: [ app_init ] --START--
INFO: Run Behavior\BuildLiteBehavior [ RunTime:0.000010s ]
INFO: [ app_init ] --END-- [ RunTime:0.000211s ]
INFO: [ app_begin ] --START--
INFO: Run Behavior\ReadHtmlCacheBehavior [ RunTime:0.000266s ]
INFO: [ app_begin ] --END-- [ RunTime:0.000303s ]
SQL: SHOW COLUMNS FROM `tp_config` [ RunTime:0.0005s ]
SQL: SELECT * FROM `tp_config`  [ RunTime:0.0002s ]
SQL: SHOW COLUMNS FROM `tp_goods_category` [ RunTime:0.0004s ]
SQL: SELECT * FROM `tp_goods_category` WHERE ( is_show = 1 ) ORDER BY sort_order  [ RunTime:0.0001s ]
SQL: SHOW COLUMNS FROM `tp_brand` [ RunTime:0.0003s ]
SQL: SELECT `id`,`parent_cat_id`,`logo`,`is_hot` FROM `tp_brand` WHERE ( parent_cat_id>0 )  [ RunTime:0.0001s ]
SQL: SHOW COLUMNS FROM `tp_article_cat` [ RunTime:0.0003s ]
SQL: SELECT `cat_name`,`cat_id` FROM `tp_article_cat` WHERE `show_in_nav` = 1 AND `parent_id` = 0  [ RunTime:0.0001s ]
SQL: SHOW COLUMNS FROM `tp_friend_link` [ RunTime:0.0003s ]
SQL: SELECT * FROM `tp_friend_link` WHERE `is_show` = 1 ORDER BY orderby desc  [ RunTime:0.0001s ]
NOTIC: [8] Use of undefined constant openAppID - assumed 'openAppID' /data/wwwroot/www.fengzakka.cn/Application/Home/Controller/WechatController.class.php 第 31 行.
NOTIC: [8] Use of undefined constant openAppSecret - assumed 'openAppSecret' /data/wwwroot/www.fengzakka.cn/Application/Home/Controller/WechatController.class.php 第 31 行.
NOTIC: [8] Undefined index: echostr /data/wwwroot/www.fengzakka.cn/Application/Home/Controller/WechatController.class.php 第 41 行.
INFO: [ app_end ] --START--
INFO: Run Behavior\ShowPageTraceBehavior [ RunTime:0.000316s ]
INFO: [ app_end ] --END-- [ RunTime:0.000353s ]

[ 2017-07-13T12:41:33+08:00 ] 140.207.54.76 /index.php?m=Home&c=Wechat&a=valid&signature=03af7c50aec5969e02eddf940cc499292a9c42fe&timestamp=1499920892&nonce=1658783241&openid=o6pmpxMUgLnzmUaMzJ_EbBluYGr8
INFO: [ app_init ] --START--
INFO: Run Behavior\BuildLiteBehavior [ RunTime:0.000010s ]
INFO: [ app_init ] --END-- [ RunTime:0.000208s ]
INFO: [ app_begin ] --START--
INFO: Run Behavior\ReadHtmlCacheBehavior [ RunTime:0.000293s ]
INFO: [ app_begin ] --END-- [ RunTime:0.000330s ]
SQL: SHOW COLUMNS FROM `tp_config` [ RunTime:0.0005s ]
SQL: SELECT * FROM `tp_config`  [ RunTime:0.0002s ]
SQL: SHOW COLUMNS FROM `tp_goods_category` [ RunTime:0.0004s ]
SQL: SELECT * FROM `tp_goods_category` WHERE ( is_show = 1 ) ORDER BY sort_order  [ RunTime:0.0001s ]
SQL: SHOW COLUMNS FROM `tp_brand` [ RunTime:0.0003s ]
SQL: SELECT `id`,`parent_cat_id`,`logo`,`is_hot` FROM `tp_brand` WHERE ( parent_cat_id>0 )  [ RunTime:0.0001s ]
SQL: SHOW COLUMNS FROM `tp_article_cat` [ RunTime:0.0003s ]
SQL: SELECT `cat_name`,`cat_id` FROM `tp_article_cat` WHERE `show_in_nav` = 1 AND `parent_id` = 0  [ RunTime:0.0001s ]
SQL: SHOW COLUMNS FROM `tp_friend_link` [ RunTime:0.0003s ]
SQL: SELECT * FROM `tp_friend_link` WHERE `is_show` = 1 ORDER BY orderby desc  [ RunTime:0.0001s ]
NOTIC: [8] Use of undefined constant openAppID - assumed 'openAppID' /data/wwwroot/www.fengzakka.cn/Application/Home/Controller/WechatController.class.php 第 31 行.
NOTIC: [8] Use of undefined constant openAppSecret - assumed 'openAppSecret' /data/wwwroot/www.fengzakka.cn/Application/Home/Controller/WechatController.class.php 第 31 行.
NOTIC: [8] Undefined index: echostr /data/wwwroot/www.fengzakka.cn/Application/Home/Controller/WechatController.class.php 第 41 行.

[ 2017-07-13T13:03:49+08:00 ] 140.207.54.76 /index.php?m=Home&c=Wechat&a=valid&signature=1975d4dd8688c835fa8de7173984e9d57d2c6110&timestamp=1499922229&nonce=13307347&openid=o6pmpxMUgLnzmUaMzJ_EbBluYGr8
INFO: [ app_init ] --START--
INFO: Run Behavior\BuildLiteBehavior [ RunTime:0.000010s ]
INFO: [ app_init ] --END-- [ RunTime:0.000205s ]
INFO: [ app_begin ] --START--
INFO: Run Behavior\ReadHtmlCacheBehavior [ RunTime:0.000261s ]
INFO: [ app_begin ] --END-- [ RunTime:0.000307s ]
SQL: SHOW COLUMNS FROM `tp_config` [ RunTime:0.0005s ]
SQL: SELECT * FROM `tp_config`  [ RunTime:0.0002s ]
SQL: SHOW COLUMNS FROM `tp_goods_category` [ RunTime:0.0004s ]
SQL: SELECT * FROM `tp_goods_category` WHERE ( is_show = 1 ) ORDER BY sort_order  [ RunTime:0.0001s ]
SQL: SHOW COLUMNS FROM `tp_brand` [ RunTime:0.0003s ]
SQL: SELECT `id`,`parent_cat_id`,`logo`,`is_hot` FROM `tp_brand` WHERE ( parent_cat_id>0 )  [ RunTime:0.0001s ]
SQL: SHOW COLUMNS FROM `tp_article_cat` [ RunTime:0.0003s ]
SQL: SELECT `cat_name`,`cat_id` FROM `tp_article_cat` WHERE `show_in_nav` = 1 AND `parent_id` = 0  [ RunTime:0.0001s ]
SQL: SHOW COLUMNS FROM `tp_friend_link` [ RunTime:0.0003s ]
SQL: SELECT * FROM `tp_friend_link` WHERE `is_show` = 1 ORDER BY orderby desc  [ RunTime:0.0001s ]
NOTIC: [8] Use of undefined constant openAppID - assumed 'openAppID' /data/wwwroot/www.fengzakka.cn/Application/Home/Controller/WechatController.class.php 第 31 行.
NOTIC: [8] Use of undefined constant openAppSecret - assumed 'openAppSecret' /data/wwwroot/www.fengzakka.cn/Application/Home/Controller/WechatController.class.php 第 31 行.
NOTIC: [8] Undefined index: echostr /data/wwwroot/www.fengzakka.cn/Application/Home/Controller/WechatController.class.php 第 41 行.

[ 2017-07-13T17:45:10+08:00 ] 140.207.54.75 /index.php?m=Home&c=Wechat&a=valid&signature=123f5fbe2530eb294eed2a8f237cceb8bc07efba&timestamp=1499939110&nonce=256163085&openid=o6pmpxGMDWQtKq8BUnWivB6oP9ao
INFO: [ app_init ] --START--
INFO: Run Behavior\BuildLiteBehavior [ RunTime:0.000010s ]
INFO: [ app_init ] --END-- [ RunTime:0.000211s ]
INFO: [ app_begin ] --START--
INFO: Run Behavior\ReadHtmlCacheBehavior [ RunTime:0.000441s ]
INFO: [ app_begin ] --END-- [ RunTime:0.000478s ]
SQL: SHOW COLUMNS FROM `tp_config` [ RunTime:0.0004s ]
SQL: SELECT * FROM `tp_config`  [ RunTime:0.0002s ]
SQL: SHOW COLUMNS FROM `tp_goods_category` [ RunTime:0.0004s ]
SQL: SELECT * FROM `tp_goods_category` WHERE ( is_show = 1 ) ORDER BY sort_order  [ RunTime:0.0001s ]
SQL: SHOW COLUMNS FROM `tp_brand` [ RunTime:0.0004s ]
SQL: SELECT `id`,`parent_cat_id`,`logo`,`is_hot` FROM `tp_brand` WHERE ( parent_cat_id>0 )  [ RunTime:0.0001s ]
SQL: SHOW COLUMNS FROM `tp_article_cat` [ RunTime:0.0003s ]
SQL: SELECT `cat_name`,`cat_id` FROM `tp_article_cat` WHERE `show_in_nav` = 1 AND `parent_id` = 0  [ RunTime:0.0001s ]
SQL: SHOW COLUMNS FROM `tp_friend_link` [ RunTime:0.0003s ]
SQL: SELECT * FROM `tp_friend_link` WHERE `is_show` = 1 ORDER BY orderby desc  [ RunTime:0.0001s ]
NOTIC: [8] Use of undefined constant openAppID - assumed 'openAppID' /data/wwwroot/www.fengzakka.cn/Application/Home/Controller/WechatController.class.php 第 31 行.
NOTIC: [8] Use of undefined constant openAppSecret - assumed 'openAppSecret' /data/wwwroot/www.fengzakka.cn/Application/Home/Controller/WechatController.class.php 第 31 行.
NOTIC: [8] Undefined index: echostr /data/wwwroot/www.fengzakka.cn/Application/Home/Controller/WechatController.class.php 第 41 行.
INFO: [ app_end ] --START--
INFO: Run Behavior\ShowPageTraceBehavior [ RunTime:0.000327s ]
INFO: [ app_end ] --END-- [ RunTime:0.000358s ]

[ 2017-07-13T17:45:13+08:00 ] 117.136.40.112 /
INFO: [ app_init ] --START--
INFO: Run Behavior\BuildLiteBehavior [ RunTime:0.000010s ]
INFO: [ app_init ] --END-- [ RunTime:0.000204s ]
INFO: [ app_begin ] --START--
INFO: Run Behavior\ReadHtmlCacheBehavior [ RunTime:0.000360s ]
INFO: [ app_begin ] --END-- [ RunTime:0.000394s ]
SQL: SHOW COLUMNS FROM `tp_config` [ RunTime:0.0005s ]
SQL: SELECT * FROM `tp_config`  [ RunTime:0.0002s ]
SQL: SHOW COLUMNS FROM `tp_goods_category` [ RunTime:0.0004s ]
SQL: SELECT * FROM `tp_goods_category` WHERE ( is_show = 1 ) ORDER BY sort_order  [ RunTime:0.0001s ]
SQL: SHOW COLUMNS FROM `tp_brand` [ RunTime:0.0003s ]
SQL: SELECT `id`,`parent_cat_id`,`logo`,`is_hot` FROM `tp_brand` WHERE ( parent_cat_id>0 )  [ RunTime:0.0001s ]
SQL: SHOW COLUMNS FROM `tp_article_cat` [ RunTime:0.0003s ]
SQL: SELECT `cat_name`,`cat_id` FROM `tp_article_cat` WHERE `show_in_nav` = 1 AND `parent_id` = 0  [ RunTime:0.0001s ]
SQL: SHOW COLUMNS FROM `tp_friend_link` [ RunTime:0.0003s ]
SQL: SELECT * FROM `tp_friend_link` WHERE `is_show` = 1 ORDER BY orderby desc  [ RunTime:0.0001s ]

[ 2017-07-13T17:49:23+08:00 ] 180.153.160.24 /
INFO: [ app_init ] --START--
INFO: Run Behavior\BuildLiteBehavior [ RunTime:0.000010s ]
INFO: [ app_init ] --END-- [ RunTime:0.000217s ]
INFO: [ app_begin ] --START--
INFO: Run Behavior\ReadHtmlCacheBehavior [ RunTime:0.000382s ]
INFO: [ app_begin ] --END-- [ RunTime:0.000417s ]
SQL: SHOW COLUMNS FROM `tp_config` [ RunTime:0.0005s ]
SQL: SELECT * FROM `tp_config`  [ RunTime:0.0002s ]
SQL: SHOW COLUMNS FROM `tp_goods_category` [ RunTime:0.0004s ]
SQL: SELECT * FROM `tp_goods_category` WHERE ( is_show = 1 ) ORDER BY sort_order  [ RunTime:0.0001s ]
SQL: SHOW COLUMNS FROM `tp_brand` [ RunTime:0.0004s ]
SQL: SELECT `id`,`parent_cat_id`,`logo`,`is_hot` FROM `tp_brand` WHERE ( parent_cat_id>0 )  [ RunTime:0.0001s ]
SQL: SHOW COLUMNS FROM `tp_article_cat` [ RunTime:0.0004s ]
SQL: SELECT `cat_name`,`cat_id` FROM `tp_article_cat` WHERE `show_in_nav` = 1 AND `parent_id` = 0  [ RunTime:0.0001s ]
SQL: SHOW COLUMNS FROM `tp_friend_link` [ RunTime:0.0003s ]
SQL: SELECT * FROM `tp_friend_link` WHERE `is_show` = 1 ORDER BY orderby desc  [ RunTime:0.0001s ]

