[ 2017-07-16T00:09:33+08:00 ] 140.205.205.4 /
INFO: [ app_init ] --START--
INFO: Run Behavior\BuildLiteBehavior [ RunTime:0.000010s ]
INFO: [ app_init ] --END-- [ RunTime:0.000221s ]
INFO: [ app_begin ] --START--
INFO: Run Behavior\ReadHtmlCacheBehavior [ RunTime:0.000320s ]
INFO: [ app_begin ] --END-- [ RunTime:0.000352s ]
SQL: SHOW COLUMNS FROM `tp_config` [ RunTime:0.0004s ]
SQL: SELECT * FROM `tp_config`  [ RunTime:0.0002s ]
SQL: SHOW COLUMNS FROM `tp_goods_category` [ RunTime:0.0004s ]
SQL: SELECT * FROM `tp_goods_category` WHERE ( is_show = 1 ) ORDER BY sort_order  [ RunTime:0.0001s ]
SQL: SHOW COLUMNS FROM `tp_brand` [ RunTime:0.0004s ]
SQL: SELECT `id`,`parent_cat_id`,`logo`,`is_hot` FROM `tp_brand` WHERE ( parent_cat_id>0 )  [ RunTime:0.0001s ]
SQL: SHOW COLUMNS FROM `tp_article_cat` [ RunTime:0.0003s ]
SQL: SELECT `cat_name`,`cat_id` FROM `tp_article_cat` WHERE `show_in_nav` = 1 AND `parent_id` = 0  [ RunTime:0.0001s ]
SQL: SHOW COLUMNS FROM `tp_friend_link` [ RunTime:0.0003s ]
SQL: SELECT * FROM `tp_friend_link` WHERE `is_show` = 1 ORDER BY orderby desc  [ RunTime:0.0001s ]

[ 2017-07-16T00:19:09+08:00 ] 101.226.65.107 /
INFO: [ app_init ] --START--
INFO: Run Behavior\BuildLiteBehavior [ RunTime:0.000010s ]
INFO: [ app_init ] --END-- [ RunTime:0.000211s ]
INFO: [ app_begin ] --START--
INFO: Run Behavior\ReadHtmlCacheBehavior [ RunTime:0.000313s ]
INFO: [ app_begin ] --END-- [ RunTime:0.000347s ]
SQL: SHOW COLUMNS FROM `tp_config` [ RunTime:0.0004s ]
SQL: SELECT * FROM `tp_config`  [ RunTime:0.0002s ]
SQL: SHOW COLUMNS FROM `tp_goods_category` [ RunTime:0.0004s ]
SQL: SELECT * FROM `tp_goods_category` WHERE ( is_show = 1 ) ORDER BY sort_order  [ RunTime:0.0001s ]
SQL: SHOW COLUMNS FROM `tp_brand` [ RunTime:0.0003s ]
SQL: SELECT `id`,`parent_cat_id`,`logo`,`is_hot` FROM `tp_brand` WHERE ( parent_cat_id>0 )  [ RunTime:0.0001s ]
SQL: SHOW COLUMNS FROM `tp_article_cat` [ RunTime:0.0003s ]
SQL: SELECT `cat_name`,`cat_id` FROM `tp_article_cat` WHERE `show_in_nav` = 1 AND `parent_id` = 0  [ RunTime:0.0001s ]
SQL: SHOW COLUMNS FROM `tp_friend_link` [ RunTime:0.0003s ]
SQL: SELECT * FROM `tp_friend_link` WHERE `is_show` = 1 ORDER BY orderby desc  [ RunTime:0.0001s ]

[ 2017-07-16T05:41:28+08:00 ] 140.205.205.1 /
INFO: [ app_init ] --START--
INFO: Run Behavior\BuildLiteBehavior [ RunTime:0.000009s ]
INFO: [ app_init ] --END-- [ RunTime:0.000231s ]
INFO: [ app_begin ] --START--
INFO: Run Behavior\ReadHtmlCacheBehavior [ RunTime:0.000317s ]
INFO: [ app_begin ] --END-- [ RunTime:0.000351s ]
SQL: SHOW COLUMNS FROM `tp_config` [ RunTime:0.0005s ]
SQL: SELECT * FROM `tp_config`  [ RunTime:0.0002s ]
SQL: SHOW COLUMNS FROM `tp_goods_category` [ RunTime:0.0004s ]
SQL: SELECT * FROM `tp_goods_category` WHERE ( is_show = 1 ) ORDER BY sort_order  [ RunTime:0.0001s ]
SQL: SHOW COLUMNS FROM `tp_brand` [ RunTime:0.0004s ]
SQL: SELECT `id`,`parent_cat_id`,`logo`,`is_hot` FROM `tp_brand` WHERE ( parent_cat_id>0 )  [ RunTime:0.0001s ]
SQL: SHOW COLUMNS FROM `tp_article_cat` [ RunTime:0.0004s ]
SQL: SELECT `cat_name`,`cat_id` FROM `tp_article_cat` WHERE `show_in_nav` = 1 AND `parent_id` = 0  [ RunTime:0.0001s ]
SQL: SHOW COLUMNS FROM `tp_friend_link` [ RunTime:0.0003s ]
SQL: SELECT * FROM `tp_friend_link` WHERE `is_show` = 1 ORDER BY orderby desc  [ RunTime:0.0001s ]

[ 2017-07-16T05:47:45+08:00 ] 140.205.205.1 /
INFO: [ app_init ] --START--
INFO: Run Behavior\BuildLiteBehavior [ RunTime:0.000010s ]
INFO: [ app_init ] --END-- [ RunTime:0.000229s ]
INFO: [ app_begin ] --START--
INFO: Run Behavior\ReadHtmlCacheBehavior [ RunTime:0.000330s ]
INFO: [ app_begin ] --END-- [ RunTime:0.000364s ]
SQL: SHOW COLUMNS FROM `tp_config` [ RunTime:0.0004s ]
SQL: SELECT * FROM `tp_config`  [ RunTime:0.0002s ]
SQL: SHOW COLUMNS FROM `tp_goods_category` [ RunTime:0.0004s ]
SQL: SELECT * FROM `tp_goods_category` WHERE ( is_show = 1 ) ORDER BY sort_order  [ RunTime:0.0001s ]
SQL: SHOW COLUMNS FROM `tp_brand` [ RunTime:0.0003s ]
SQL: SELECT `id`,`parent_cat_id`,`logo`,`is_hot` FROM `tp_brand` WHERE ( parent_cat_id>0 )  [ RunTime:0.0001s ]
SQL: SHOW COLUMNS FROM `tp_article_cat` [ RunTime:0.0003s ]
SQL: SELECT `cat_name`,`cat_id` FROM `tp_article_cat` WHERE `show_in_nav` = 1 AND `parent_id` = 0  [ RunTime:0.0001s ]
SQL: SHOW COLUMNS FROM `tp_friend_link` [ RunTime:0.0003s ]
SQL: SELECT * FROM `tp_friend_link` WHERE `is_show` = 1 ORDER BY orderby desc  [ RunTime:0.0001s ]

[ 2017-07-16T06:48:05+08:00 ] 140.205.205.3 /
INFO: [ app_init ] --START--
INFO: Run Behavior\BuildLiteBehavior [ RunTime:0.000011s ]
INFO: [ app_init ] --END-- [ RunTime:0.000215s ]
INFO: [ app_begin ] --START--
INFO: Run Behavior\ReadHtmlCacheBehavior [ RunTime:0.000315s ]
INFO: [ app_begin ] --END-- [ RunTime:0.000349s ]
SQL: SHOW COLUMNS FROM `tp_config` [ RunTime:0.0005s ]
SQL: SELECT * FROM `tp_config`  [ RunTime:0.0002s ]
SQL: SHOW COLUMNS FROM `tp_goods_category` [ RunTime:0.0004s ]
SQL: SELECT * FROM `tp_goods_category` WHERE ( is_show = 1 ) ORDER BY sort_order  [ RunTime:0.0001s ]
SQL: SHOW COLUMNS FROM `tp_brand` [ RunTime:0.0003s ]
SQL: SELECT `id`,`parent_cat_id`,`logo`,`is_hot` FROM `tp_brand` WHERE ( parent_cat_id>0 )  [ RunTime:0.0001s ]
SQL: SHOW COLUMNS FROM `tp_article_cat` [ RunTime:0.0003s ]
SQL: SELECT `cat_name`,`cat_id` FROM `tp_article_cat` WHERE `show_in_nav` = 1 AND `parent_id` = 0  [ RunTime:0.0001s ]
SQL: SHOW COLUMNS FROM `tp_friend_link` [ RunTime:0.0003s ]
SQL: SELECT * FROM `tp_friend_link` WHERE `is_show` = 1 ORDER BY orderby desc  [ RunTime:0.0001s ]

[ 2017-07-16T16:01:34+08:00 ] 140.207.54.76 /index.php?m=Home&c=Wechat&a=valid&signature=876e2206a517394d1beacb3fcd6cd548f637bf25&timestamp=1500192094&nonce=1712266444&openid=o6pmpxHbmuEATWFETii9hRLAU9gc
INFO: [ app_init ] --START--
INFO: Run Behavior\BuildLiteBehavior [ RunTime:0.000010s ]
INFO: [ app_init ] --END-- [ RunTime:0.000215s ]
INFO: [ app_begin ] --START--
INFO: Run Behavior\ReadHtmlCacheBehavior [ RunTime:0.000308s ]
INFO: [ app_begin ] --END-- [ RunTime:0.000345s ]
SQL: SHOW COLUMNS FROM `tp_config` [ RunTime:0.0005s ]
SQL: SELECT * FROM `tp_config`  [ RunTime:0.0002s ]
SQL: SHOW COLUMNS FROM `tp_goods_category` [ RunTime:0.0004s ]
SQL: SELECT * FROM `tp_goods_category` WHERE ( is_show = 1 ) ORDER BY sort_order  [ RunTime:0.0001s ]
SQL: SHOW COLUMNS FROM `tp_brand` [ RunTime:0.0003s ]
SQL: SELECT `id`,`parent_cat_id`,`logo`,`is_hot` FROM `tp_brand` WHERE ( parent_cat_id>0 )  [ RunTime:0.0001s ]
SQL: SHOW COLUMNS FROM `tp_article_cat` [ RunTime:0.0003s ]
SQL: SELECT `cat_name`,`cat_id` FROM `tp_article_cat` WHERE `show_in_nav` = 1 AND `parent_id` = 0  [ RunTime:0.0001s ]
SQL: SHOW COLUMNS FROM `tp_friend_link` [ RunTime:0.0003s ]
SQL: SELECT * FROM `tp_friend_link` WHERE `is_show` = 1 ORDER BY orderby desc  [ RunTime:0.0001s ]
NOTIC: [8] Use of undefined constant openAppID - assumed 'openAppID' /data/wwwroot/www.fengzakka.cn/Application/Home/Controller/WechatController.class.php 第 31 行.
NOTIC: [8] Use of undefined constant openAppSecret - assumed 'openAppSecret' /data/wwwroot/www.fengzakka.cn/Application/Home/Controller/WechatController.class.php 第 31 行.
NOTIC: [8] Undefined index: echostr /data/wwwroot/www.fengzakka.cn/Application/Home/Controller/WechatController.class.php 第 41 行.

[ 2017-07-16T17:37:03+08:00 ] 140.207.54.76 /index.php?m=Home&c=Wechat&a=valid&signature=2e982b9c9bd34971c1be1d1c1879d548f8bc6ed3&timestamp=1500197823&nonce=753702015&openid=o6pmpxHbmuEATWFETii9hRLAU9gc
INFO: [ app_init ] --START--
INFO: Run Behavior\BuildLiteBehavior [ RunTime:0.000010s ]
INFO: [ app_init ] --END-- [ RunTime:0.000213s ]
INFO: [ app_begin ] --START--
INFO: Run Behavior\ReadHtmlCacheBehavior [ RunTime:0.000282s ]
INFO: [ app_begin ] --END-- [ RunTime:0.000321s ]
SQL: SHOW COLUMNS FROM `tp_config` [ RunTime:0.0005s ]
SQL: SELECT * FROM `tp_config`  [ RunTime:0.0002s ]
SQL: SHOW COLUMNS FROM `tp_goods_category` [ RunTime:0.0004s ]
SQL: SELECT * FROM `tp_goods_category` WHERE ( is_show = 1 ) ORDER BY sort_order  [ RunTime:0.0001s ]
SQL: SHOW COLUMNS FROM `tp_brand` [ RunTime:0.0004s ]
SQL: SELECT `id`,`parent_cat_id`,`logo`,`is_hot` FROM `tp_brand` WHERE ( parent_cat_id>0 )  [ RunTime:0.0001s ]
SQL: SHOW COLUMNS FROM `tp_article_cat` [ RunTime:0.0003s ]
SQL: SELECT `cat_name`,`cat_id` FROM `tp_article_cat` WHERE `show_in_nav` = 1 AND `parent_id` = 0  [ RunTime:0.0001s ]
SQL: SHOW COLUMNS FROM `tp_friend_link` [ RunTime:0.0003s ]
SQL: SELECT * FROM `tp_friend_link` WHERE `is_show` = 1 ORDER BY orderby desc  [ RunTime:0.0001s ]
NOTIC: [8] Use of undefined constant openAppID - assumed 'openAppID' /data/wwwroot/www.fengzakka.cn/Application/Home/Controller/WechatController.class.php 第 31 行.
NOTIC: [8] Use of undefined constant openAppSecret - assumed 'openAppSecret' /data/wwwroot/www.fengzakka.cn/Application/Home/Controller/WechatController.class.php 第 31 行.
NOTIC: [8] Undefined index: echostr /data/wwwroot/www.fengzakka.cn/Application/Home/Controller/WechatController.class.php 第 41 行.
INFO: [ app_end ] --START--
INFO: Run Behavior\ShowPageTraceBehavior [ RunTime:0.000317s ]
INFO: [ app_end ] --END-- [ RunTime:0.000350s ]

[ 2017-07-16T17:40:17+08:00 ] 140.207.54.76 /index.php?m=Home&c=Wechat&a=valid&signature=a744bd4c53564a17e98ddbb822f03cd1449317bc&timestamp=1500198017&nonce=955790990&openid=o6pmpxHbmuEATWFETii9hRLAU9gc
INFO: [ app_init ] --START--
INFO: Run Behavior\BuildLiteBehavior [ RunTime:0.000010s ]
INFO: [ app_init ] --END-- [ RunTime:0.000224s ]
INFO: [ app_begin ] --START--
INFO: Run Behavior\ReadHtmlCacheBehavior [ RunTime:0.000263s ]
INFO: [ app_begin ] --END-- [ RunTime:0.000300s ]
SQL: SHOW COLUMNS FROM `tp_config` [ RunTime:0.0004s ]
SQL: SELECT * FROM `tp_config`  [ RunTime:0.0002s ]
SQL: SHOW COLUMNS FROM `tp_goods_category` [ RunTime:0.0004s ]
SQL: SELECT * FROM `tp_goods_category` WHERE ( is_show = 1 ) ORDER BY sort_order  [ RunTime:0.0001s ]
SQL: SHOW COLUMNS FROM `tp_brand` [ RunTime:0.0003s ]
SQL: SELECT `id`,`parent_cat_id`,`logo`,`is_hot` FROM `tp_brand` WHERE ( parent_cat_id>0 )  [ RunTime:0.0001s ]
SQL: SHOW COLUMNS FROM `tp_article_cat` [ RunTime:0.0004s ]
SQL: SELECT `cat_name`,`cat_id` FROM `tp_article_cat` WHERE `show_in_nav` = 1 AND `parent_id` = 0  [ RunTime:0.0001s ]
SQL: SHOW COLUMNS FROM `tp_friend_link` [ RunTime:0.0003s ]
SQL: SELECT * FROM `tp_friend_link` WHERE `is_show` = 1 ORDER BY orderby desc  [ RunTime:0.0001s ]
NOTIC: [8] Use of undefined constant openAppID - assumed 'openAppID' /data/wwwroot/www.fengzakka.cn/Application/Home/Controller/WechatController.class.php 第 31 行.
NOTIC: [8] Use of undefined constant openAppSecret - assumed 'openAppSecret' /data/wwwroot/www.fengzakka.cn/Application/Home/Controller/WechatController.class.php 第 31 行.
NOTIC: [8] Undefined index: echostr /data/wwwroot/www.fengzakka.cn/Application/Home/Controller/WechatController.class.php 第 41 行.
INFO: [ app_end ] --START--
INFO: Run Behavior\ShowPageTraceBehavior [ RunTime:0.000296s ]
INFO: [ app_end ] --END-- [ RunTime:0.000326s ]

[ 2017-07-16T19:21:22+08:00 ] 120.41.161.126 /
INFO: [ app_init ] --START--
INFO: Run Behavior\BuildLiteBehavior [ RunTime:0.000010s ]
INFO: [ app_init ] --END-- [ RunTime:0.000209s ]
INFO: [ app_begin ] --START--
INFO: Run Behavior\ReadHtmlCacheBehavior [ RunTime:0.000340s ]
INFO: [ app_begin ] --END-- [ RunTime:0.000374s ]
SQL: SHOW COLUMNS FROM `tp_config` [ RunTime:0.0005s ]
SQL: SELECT * FROM `tp_config`  [ RunTime:0.0002s ]
SQL: SHOW COLUMNS FROM `tp_goods_category` [ RunTime:0.0003s ]
SQL: SELECT * FROM `tp_goods_category` WHERE ( is_show = 1 ) ORDER BY sort_order  [ RunTime:0.0001s ]
SQL: SHOW COLUMNS FROM `tp_brand` [ RunTime:0.0003s ]
SQL: SELECT `id`,`parent_cat_id`,`logo`,`is_hot` FROM `tp_brand` WHERE ( parent_cat_id>0 )  [ RunTime:0.0001s ]
SQL: SHOW COLUMNS FROM `tp_article_cat` [ RunTime:0.0003s ]
SQL: SELECT `cat_name`,`cat_id` FROM `tp_article_cat` WHERE `show_in_nav` = 1 AND `parent_id` = 0  [ RunTime:0.0001s ]
SQL: SHOW COLUMNS FROM `tp_friend_link` [ RunTime:0.0003s ]
SQL: SELECT * FROM `tp_friend_link` WHERE `is_show` = 1 ORDER BY orderby desc  [ RunTime:0.0001s ]

[ 2017-07-16T19:25:06+08:00 ] 140.207.54.80 /index.php?m=Home&c=Wechat&a=valid&signature=8d0857b8627e2ffba9229302b871f9ceb4a3e72d&timestamp=1500204306&nonce=2102248265&openid=o6pmpxByXk4q925d_hi75-tSj844
INFO: [ app_init ] --START--
INFO: Run Behavior\BuildLiteBehavior [ RunTime:0.000010s ]
INFO: [ app_init ] --END-- [ RunTime:0.000233s ]
INFO: [ app_begin ] --START--
INFO: Run Behavior\ReadHtmlCacheBehavior [ RunTime:0.000286s ]
INFO: [ app_begin ] --END-- [ RunTime:0.000323s ]
SQL: SHOW COLUMNS FROM `tp_config` [ RunTime:0.0005s ]
SQL: SELECT * FROM `tp_config`  [ RunTime:0.0002s ]
SQL: SHOW COLUMNS FROM `tp_goods_category` [ RunTime:0.0004s ]
SQL: SELECT * FROM `tp_goods_category` WHERE ( is_show = 1 ) ORDER BY sort_order  [ RunTime:0.0001s ]
SQL: SHOW COLUMNS FROM `tp_brand` [ RunTime:0.0004s ]
SQL: SELECT `id`,`parent_cat_id`,`logo`,`is_hot` FROM `tp_brand` WHERE ( parent_cat_id>0 )  [ RunTime:0.0001s ]
SQL: SHOW COLUMNS FROM `tp_article_cat` [ RunTime:0.0003s ]
SQL: SELECT `cat_name`,`cat_id` FROM `tp_article_cat` WHERE `show_in_nav` = 1 AND `parent_id` = 0  [ RunTime:0.0001s ]
SQL: SHOW COLUMNS FROM `tp_friend_link` [ RunTime:0.0004s ]
SQL: SELECT * FROM `tp_friend_link` WHERE `is_show` = 1 ORDER BY orderby desc  [ RunTime:0.0001s ]
NOTIC: [8] Use of undefined constant openAppID - assumed 'openAppID' /data/wwwroot/www.fengzakka.cn/Application/Home/Controller/WechatController.class.php 第 31 行.
NOTIC: [8] Use of undefined constant openAppSecret - assumed 'openAppSecret' /data/wwwroot/www.fengzakka.cn/Application/Home/Controller/WechatController.class.php 第 31 行.
NOTIC: [8] Undefined index: echostr /data/wwwroot/www.fengzakka.cn/Application/Home/Controller/WechatController.class.php 第 41 行.

[ 2017-07-16T19:25:07+08:00 ] 113.89.99.181 /
INFO: [ app_init ] --START--
INFO: Run Behavior\BuildLiteBehavior [ RunTime:0.000012s ]
INFO: [ app_init ] --END-- [ RunTime:0.000278s ]
INFO: [ app_begin ] --START--
INFO: Run Behavior\ReadHtmlCacheBehavior [ RunTime:0.000409s ]
INFO: [ app_begin ] --END-- [ RunTime:0.000451s ]
SQL: SHOW COLUMNS FROM `tp_config` [ RunTime:0.0006s ]
SQL: SHOW COLUMNS FROM `tp_goods_category` [ RunTime:0.0005s ]
SQL: SELECT * FROM `tp_goods_category` WHERE ( is_show = 1 ) ORDER BY sort_order  [ RunTime:0.0001s ]
SQL: SHOW COLUMNS FROM `tp_brand` [ RunTime:0.0004s ]
SQL: SHOW COLUMNS FROM `tp_article_cat` [ RunTime:0.0004s ]
SQL: SELECT `cat_name`,`cat_id` FROM `tp_article_cat` WHERE `show_in_nav` = 1 AND `parent_id` = 0  [ RunTime:0.0001s ]
SQL: SHOW COLUMNS FROM `tp_friend_link` [ RunTime:0.0004s ]
SQL: SELECT * FROM `tp_friend_link` WHERE `is_show` = 1 ORDER BY orderby desc  [ RunTime:0.0001s ]

[ 2017-07-16T21:39:00+08:00 ] 140.207.54.79 /index.php?m=Home&c=Wechat&a=valid&signature=c09c22ab86cc1e72a74c3fe595fc30d584df3bb6&timestamp=1500212340&nonce=1712485533&openid=o6pmpxCFkV3jLLg10fZf24uabB2I
INFO: [ app_init ] --START--
INFO: Run Behavior\BuildLiteBehavior [ RunTime:0.000010s ]
INFO: [ app_init ] --END-- [ RunTime:0.000208s ]
INFO: [ app_begin ] --START--
INFO: Run Behavior\ReadHtmlCacheBehavior [ RunTime:0.000347s ]
INFO: [ app_begin ] --END-- [ RunTime:0.000386s ]
SQL: SHOW COLUMNS FROM `tp_config` [ RunTime:0.0005s ]
SQL: SELECT * FROM `tp_config`  [ RunTime:0.0002s ]
SQL: SHOW COLUMNS FROM `tp_goods_category` [ RunTime:0.0004s ]
SQL: SELECT * FROM `tp_goods_category` WHERE ( is_show = 1 ) ORDER BY sort_order  [ RunTime:0.0001s ]
SQL: SHOW COLUMNS FROM `tp_brand` [ RunTime:0.0003s ]
SQL: SELECT `id`,`parent_cat_id`,`logo`,`is_hot` FROM `tp_brand` WHERE ( parent_cat_id>0 )  [ RunTime:0.0001s ]
SQL: SHOW COLUMNS FROM `tp_article_cat` [ RunTime:0.0004s ]
SQL: SELECT `cat_name`,`cat_id` FROM `tp_article_cat` WHERE `show_in_nav` = 1 AND `parent_id` = 0  [ RunTime:0.0001s ]
SQL: SHOW COLUMNS FROM `tp_friend_link` [ RunTime:0.0004s ]
SQL: SELECT * FROM `tp_friend_link` WHERE `is_show` = 1 ORDER BY orderby desc  [ RunTime:0.0001s ]
NOTIC: [8] Use of undefined constant openAppID - assumed 'openAppID' /data/wwwroot/www.fengzakka.cn/Application/Home/Controller/WechatController.class.php 第 31 行.
NOTIC: [8] Use of undefined constant openAppSecret - assumed 'openAppSecret' /data/wwwroot/www.fengzakka.cn/Application/Home/Controller/WechatController.class.php 第 31 行.
NOTIC: [8] Undefined index: echostr /data/wwwroot/www.fengzakka.cn/Application/Home/Controller/WechatController.class.php 第 41 行.

[ 2017-07-16T21:39:04+08:00 ] 117.136.31.249 /
INFO: [ app_init ] --START--
INFO: Run Behavior\BuildLiteBehavior [ RunTime:0.000014s ]
INFO: [ app_init ] --END-- [ RunTime:0.000272s ]
INFO: [ app_begin ] --START--
INFO: Run Behavior\ReadHtmlCacheBehavior [ RunTime:0.000344s ]
INFO: [ app_begin ] --END-- [ RunTime:0.000380s ]
SQL: SHOW COLUMNS FROM `tp_config` [ RunTime:0.0005s ]
SQL: SELECT * FROM `tp_config`  [ RunTime:0.0002s ]
SQL: SHOW COLUMNS FROM `tp_goods_category` [ RunTime:0.0004s ]
SQL: SELECT * FROM `tp_goods_category` WHERE ( is_show = 1 ) ORDER BY sort_order  [ RunTime:0.0001s ]
SQL: SHOW COLUMNS FROM `tp_brand` [ RunTime:0.0004s ]
SQL: SELECT `id`,`parent_cat_id`,`logo`,`is_hot` FROM `tp_brand` WHERE ( parent_cat_id>0 )  [ RunTime:0.0001s ]
SQL: SHOW COLUMNS FROM `tp_article_cat` [ RunTime:0.0003s ]
SQL: SELECT `cat_name`,`cat_id` FROM `tp_article_cat` WHERE `show_in_nav` = 1 AND `parent_id` = 0  [ RunTime:0.0001s ]
SQL: SHOW COLUMNS FROM `tp_friend_link` [ RunTime:0.0003s ]
SQL: SELECT * FROM `tp_friend_link` WHERE `is_show` = 1 ORDER BY orderby desc  [ RunTime:0.0001s ]

[ 2017-07-16T21:39:13+08:00 ] 101.226.64.177 /
INFO: [ app_init ] --START--
INFO: Run Behavior\BuildLiteBehavior [ RunTime:0.000013s ]
INFO: [ app_init ] --END-- [ RunTime:0.000249s ]
INFO: [ app_begin ] --START--
INFO: Run Behavior\ReadHtmlCacheBehavior [ RunTime:0.000317s ]
INFO: [ app_begin ] --END-- [ RunTime:0.000351s ]
SQL: SHOW COLUMNS FROM `tp_config` [ RunTime:0.0005s ]
SQL: SELECT * FROM `tp_config`  [ RunTime:0.0002s ]
SQL: SHOW COLUMNS FROM `tp_goods_category` [ RunTime:0.0004s ]
SQL: SELECT * FROM `tp_goods_category` WHERE ( is_show = 1 ) ORDER BY sort_order  [ RunTime:0.0002s ]
SQL: SHOW COLUMNS FROM `tp_brand` [ RunTime:0.0003s ]
SQL: SELECT `id`,`parent_cat_id`,`logo`,`is_hot` FROM `tp_brand` WHERE ( parent_cat_id>0 )  [ RunTime:0.0001s ]
SQL: SHOW COLUMNS FROM `tp_article_cat` [ RunTime:0.0004s ]
SQL: SELECT `cat_name`,`cat_id` FROM `tp_article_cat` WHERE `show_in_nav` = 1 AND `parent_id` = 0  [ RunTime:0.0001s ]
SQL: SHOW COLUMNS FROM `tp_friend_link` [ RunTime:0.0003s ]
SQL: SELECT * FROM `tp_friend_link` WHERE `is_show` = 1 ORDER BY orderby desc  [ RunTime:0.0001s ]

[ 2017-07-16T21:41:58+08:00 ] 117.136.31.249 /index.php?m=Home&c=Cart&a=header_cart_list
INFO: [ app_init ] --START--
INFO: Run Behavior\BuildLiteBehavior [ RunTime:0.000009s ]
INFO: [ app_init ] --END-- [ RunTime:0.000208s ]
INFO: [ app_begin ] --START--
INFO: Run Behavior\ReadHtmlCacheBehavior [ RunTime:0.000317s ]
INFO: [ app_begin ] --END-- [ RunTime:0.000351s ]
SQL: SHOW COLUMNS FROM `tp_config` [ RunTime:0.0004s ]
SQL: SELECT * FROM `tp_config`  [ RunTime:0.0002s ]
SQL: SHOW COLUMNS FROM `tp_goods_category` [ RunTime:0.0004s ]
SQL: SELECT * FROM `tp_goods_category` WHERE ( is_show = 1 ) ORDER BY sort_order  [ RunTime:0.0001s ]
SQL: SHOW COLUMNS FROM `tp_brand` [ RunTime:0.0003s ]
SQL: SELECT `id`,`parent_cat_id`,`logo`,`is_hot` FROM `tp_brand` WHERE ( parent_cat_id>0 )  [ RunTime:0.0001s ]
SQL: SHOW COLUMNS FROM `tp_article_cat` [ RunTime:0.0003s ]
SQL: SELECT `cat_name`,`cat_id` FROM `tp_article_cat` WHERE `show_in_nav` = 1 AND `parent_id` = 0  [ RunTime:0.0001s ]
SQL: SHOW COLUMNS FROM `tp_friend_link` [ RunTime:0.0004s ]
SQL: SELECT * FROM `tp_friend_link` WHERE `is_show` = 1 ORDER BY orderby desc  [ RunTime:0.0002s ]
SQL: SHOW COLUMNS FROM `tp_cart` [ RunTime:0.0004s ]
SQL: SHOW COLUMNS FROM `tp_users` [ RunTime:0.0005s ]
SQL: SELECT * FROM `tp_users` WHERE ( user_id = 3430 ) LIMIT 1   [ RunTime:0.0003s ]
NOTIC: [8] Use of undefined constant discount - assumed 'discount' /data/wwwroot/www.fengzakka.cn/Application/Home/Controller/CartController.class.php 第 37 行.
NOTIC: [8] Use of undefined constant discount - assumed 'discount' /data/wwwroot/www.fengzakka.cn/Application/Home/Controller/CartController.class.php 第 37 行.
NOTIC: [8] Use of undefined constant discount - assumed 'discount' /data/wwwroot/www.fengzakka.cn/Application/Home/Controller/CartController.class.php 第 37 行.
SQL: SHOW COLUMNS FROM `tp_cart` [ RunTime:0.0005s ]
NOTIC: [8] Use of undefined constant discount - assumed 'discount' /data/wwwroot/www.fengzakka.cn/Application/Home/Controller/CartController.class.php 第 38 行.
NOTIC: [8] Use of undefined constant user_id - assumed 'user_id' /data/wwwroot/www.fengzakka.cn/Application/Home/Controller/CartController.class.php 第 38 行.
SQL: update `tp_cart` set member_goods_price = goods_price * 1.00 where (user_id =3430 or session_id = '4nh59lc958fqnv20ameci64vj5') and prom_type = 0 [ RunTime:0.0010s ]
NOTIC: [8] Use of undefined constant user_id - assumed 'user_id' /data/wwwroot/www.fengzakka.cn/Application/Home/Logic/CartLogic.class.php 第 160 行.
SQL: SELECT * FROM `tp_cart` WHERE (  1 = 1  and user_id = 3430  )  [ RunTime:0.0008s ]
SQL: SHOW COLUMNS FROM `tp_spec_goods_price` [ RunTime:0.0004s ]
SQL: SELECT `store_count` FROM `tp_spec_goods_price` WHERE ( goods_id = 159 and `key` = '141' ) LIMIT 1   [ RunTime:0.0001s ]
SQL: SELECT `store_count` FROM `tp_spec_goods_price` WHERE ( goods_id = 159 and `key` = '142' ) LIMIT 1   [ RunTime:0.0001s ]
SQL: SELECT `store_count` FROM `tp_spec_goods_price` WHERE ( goods_id = 159 and `key` = '143' ) LIMIT 1   [ RunTime:0.0000s ]
SQL: SELECT `store_count` FROM `tp_spec_goods_price` WHERE ( goods_id = 159 and `key` = '144' ) LIMIT 1   [ RunTime:0.0001s ]
SQL: SELECT `store_count` FROM `tp_spec_goods_price` WHERE ( goods_id = 158 and `key` = '141' ) LIMIT 1   [ RunTime:0.0001s ]
SQL: SELECT `store_count` FROM `tp_spec_goods_price` WHERE ( goods_id = 158 and `key` = '142' ) LIMIT 1   [ RunTime:0.0001s ]
SQL: SELECT `store_count` FROM `tp_spec_goods_price` WHERE ( goods_id = 158 and `key` = '143' ) LIMIT 1   [ RunTime:0.0000s ]
SQL: SELECT `store_count` FROM `tp_spec_goods_price` WHERE ( goods_id = 158 and `key` = '144' ) LIMIT 1   [ RunTime:0.0000s ]
SQL: SELECT `store_count` FROM `tp_spec_goods_price` WHERE ( goods_id = 156 and `key` = '147' ) LIMIT 1   [ RunTime:0.0000s ]
SQL: SELECT `store_count` FROM `tp_spec_goods_price` WHERE ( goods_id = 156 and `key` = '148' ) LIMIT 1   [ RunTime:0.0000s ]
SQL: SELECT `store_count` FROM `tp_spec_goods_price` WHERE ( goods_id = 155 and `key` = '143' ) LIMIT 1   [ RunTime:0.0000s ]
SQL: SELECT `store_count` FROM `tp_spec_goods_price` WHERE ( goods_id = 151 and `key` = '120' ) LIMIT 1   [ RunTime:0.0001s ]
SQL: SELECT `store_count` FROM `tp_spec_goods_price` WHERE ( goods_id = 151 and `key` = '119' ) LIMIT 1   [ RunTime:0.0001s ]
SQL: SELECT `store_count` FROM `tp_spec_goods_price` WHERE ( goods_id = 163 and `key` = '169' ) LIMIT 1   [ RunTime:0.0001s ]
SQL: SELECT `store_count` FROM `tp_spec_goods_price` WHERE ( goods_id = 163 and `key` = '170' ) LIMIT 1   [ RunTime:0.0000s ]
SQL: SELECT `store_count` FROM `tp_spec_goods_price` WHERE ( goods_id = 157 and `key` = '163' ) LIMIT 1   [ RunTime:0.0000s ]
INFO: [ view_begin ] --START--
INFO: Run Home\Behaviors\testBehavior [ RunTime:0.000121s ]
INFO: [ view_begin ] --END-- [ RunTime:0.000145s ]
INFO: [ view_parse ] --START--
INFO: [ template_filter ] --START--
INFO: Run Behavior\ContentReplaceBehavior [ RunTime:0.000043s ]
INFO: [ template_filter ] --END-- [ RunTime:0.000083s ]
SQL: SHOW COLUMNS FROM `tp_goods` [ RunTime:0.0007s ]
SQL: SELECT `original_img` FROM `tp_goods` WHERE ( goods_id = 159 ) LIMIT 1   [ RunTime:0.0001s ]
NOTIC: [8] Undefined variable: x /data/wwwroot/www.fengzakka.cn/ThinkPHP/Library/Think/Image/Driver/Gd.class.php 第 273 行.
NOTIC: [8] Undefined variable: y /data/wwwroot/www.fengzakka.cn/ThinkPHP/Library/Think/Image/Driver/Gd.class.php 第 273 行.
NOTIC: [8] Use of undefined constant goods_name - assumed 'goods_name' /data/wwwroot/www.fengzakka.cn/Application/Runtime/Cache/Home/c2c5f09c3b7495f1e5bed3a1b597e8ef.php 第 15 行.
NOTIC: [8] Use of undefined constant member_goods_price - assumed 'member_goods_price' /data/wwwroot/www.fengzakka.cn/Application/Runtime/Cache/Home/c2c5f09c3b7495f1e5bed3a1b597e8ef.php 第 21 行.
NOTIC: [8] Use of undefined constant goods_num - assumed 'goods_num' /data/wwwroot/www.fengzakka.cn/Application/Runtime/Cache/Home/c2c5f09c3b7495f1e5bed3a1b597e8ef.php 第 23 行.
NOTIC: [8] Use of undefined constant goods_name - assumed 'goods_name' /data/wwwroot/www.fengzakka.cn/Application/Runtime/Cache/Home/c2c5f09c3b7495f1e5bed3a1b597e8ef.php 第 15 行.
NOTIC: [8] Use of undefined constant member_goods_price - assumed 'member_goods_price' /data/wwwroot/www.fengzakka.cn/Application/Runtime/Cache/Home/c2c5f09c3b7495f1e5bed3a1b597e8ef.php 第 21 行.
NOTIC: [8] Use of undefined constant goods_num - assumed 'goods_num' /data/wwwroot/www.fengzakka.cn/Application/Runtime/Cache/Home/c2c5f09c3b7495f1e5bed3a1b597e8ef.php 第 23 行.
NOTIC: [8] Use of undefined constant goods_name - assumed 'goods_name' /data/wwwroot/www.fengzakka.cn/Application/Runtime/Cache/Home/c2c5f09c3b7495f1e5bed3a1b597e8ef.php 第 15 行.
NOTIC: [8] Use of undefined constant member_goods_price - assumed 'member_goods_price' /data/wwwroot/www.fengzakka.cn/Application/Runtime/Cache/Home/c2c5f09c3b7495f1e5bed3a1b597e8ef.php 第 21 行.
NOTIC: [8] Use of undefined constant goods_num - assumed 'goods_num' /data/wwwroot/www.fengzakka.cn/Application/Runtime/Cache/Home/c2c5f09c3b7495f1e5bed3a1b597e8ef.php 第 23 行.
NOTIC: [8] Use of undefined constant goods_name - assumed 'goods_name' /data/wwwroot/www.fengzakka.cn/Application/Runtime/Cache/Home/c2c5f09c3b7495f1e5bed3a1b597e8ef.php 第 15 行.
NOTIC: [8] Use of undefined constant member_goods_price - assumed 'member_goods_price' /data/wwwroot/www.fengzakka.cn/Application/Runtime/Cache/Home/c2c5f09c3b7495f1e5bed3a1b597e8ef.php 第 21 行.
NOTIC: [8] Use of undefined constant goods_num - assumed 'goods_num' /data/wwwroot/www.fengzakka.cn/Application/Runtime/Cache/Home/c2c5f09c3b7495f1e5bed3a1b597e8ef.php 第 23 行.
SQL: SELECT `original_img` FROM `tp_goods` WHERE ( goods_id = 158 ) LIMIT 1   [ RunTime:0.0001s ]
NOTIC: [8] Undefined variable: x /data/wwwroot/www.fengzakka.cn/ThinkPHP/Library/Think/Image/Driver/Gd.class.php 第 273 行.
NOTIC: [8] Undefined variable: y /data/wwwroot/www.fengzakka.cn/ThinkPHP/Library/Think/Image/Driver/Gd.class.php 第 273 行.
NOTIC: [8] Use of undefined constant goods_name - assumed 'goods_name' /data/wwwroot/www.fengzakka.cn/Application/Runtime/Cache/Home/c2c5f09c3b7495f1e5bed3a1b597e8ef.php 第 15 行.
NOTIC: [8] Use of undefined constant member_goods_price - assumed 'member_goods_price' /data/wwwroot/www.fengzakka.cn/Application/Runtime/Cache/Home/c2c5f09c3b7495f1e5bed3a1b597e8ef.php 第 21 行.
NOTIC: [8] Use of undefined constant goods_num - assumed 'goods_num' /data/wwwroot/www.fengzakka.cn/Application/Runtime/Cache/Home/c2c5f09c3b7495f1e5bed3a1b597e8ef.php 第 23 行.
NOTIC: [8] Use of undefined constant goods_name - assumed 'goods_name' /data/wwwroot/www.fengzakka.cn/Application/Runtime/Cache/Home/c2c5f09c3b7495f1e5bed3a1b597e8ef.php 第 15 行.
NOTIC: [8] Use of undefined constant member_goods_price - assumed 'member_goods_price' /data/wwwroot/www.fengzakka.cn/Application/Runtime/Cache/Home/c2c5f09c3b7495f1e5bed3a1b597e8ef.php 第 21 行.
NOTIC: [8] Use of undefined constant goods_num - assumed 'goods_num' /data/wwwroot/www.fengzakka.cn/Application/Runtime/Cache/Home/c2c5f09c3b7495f1e5bed3a1b597e8ef.php 第 23 行.
NOTIC: [8] Use of undefined constant goods_name - assumed 'goods_name' /data/wwwroot/www.fengzakka.cn/Application/Runtime/Cache/Home/c2c5f09c3b7495f1e5bed3a1b597e8ef.php 第 15 行.
NOTIC: [8] Use of undefined constant member_goods_price - assumed 'member_goods_price' /data/wwwroot/www.fengzakka.cn/Application/Runtime/Cache/Home/c2c5f09c3b7495f1e5bed3a1b597e8ef.php 第 21 行.
NOTIC: [8] Use of undefined constant goods_num - assumed 'goods_num' /data/wwwroot/www.fengzakka.cn/Application/Runtime/Cache/Home/c2c5f09c3b7495f1e5bed3a1b597e8ef.php 第 23 行.
NOTIC: [8] Use of undefined constant goods_name - assumed 'goods_name' /data/wwwroot/www.fengzakka.cn/Application/Runtime/Cache/Home/c2c5f09c3b7495f1e5bed3a1b597e8ef.php 第 15 行.
NOTIC: [8] Use of undefined constant member_goods_price - assumed 'member_goods_price' /data/wwwroot/www.fengzakka.cn/Application/Runtime/Cache/Home/c2c5f09c3b7495f1e5bed3a1b597e8ef.php 第 21 行.
NOTIC: [8] Use of undefined constant goods_num - assumed 'goods_num' /data/wwwroot/www.fengzakka.cn/Application/Runtime/Cache/Home/c2c5f09c3b7495f1e5bed3a1b597e8ef.php 第 23 行.
SQL: SELECT `original_img` FROM `tp_goods` WHERE ( goods_id = 156 ) LIMIT 1   [ RunTime:0.0001s ]
NOTIC: [8] Undefined variable: x /data/wwwroot/www.fengzakka.cn/ThinkPHP/Library/Think/Image/Driver/Gd.class.php 第 273 行.
NOTIC: [8] Undefined variable: y /data/wwwroot/www.fengzakka.cn/ThinkPHP/Library/Think/Image/Driver/Gd.class.php 第 273 行.
NOTIC: [8] Use of undefined constant goods_name - assumed 'goods_name' /data/wwwroot/www.fengzakka.cn/Application/Runtime/Cache/Home/c2c5f09c3b7495f1e5bed3a1b597e8ef.php 第 15 行.
NOTIC: [8] Use of undefined constant member_goods_price - assumed 'member_goods_price' /data/wwwroot/www.fengzakka.cn/Application/Runtime/Cache/Home/c2c5f09c3b7495f1e5bed3a1b597e8ef.php 第 21 行.
NOTIC: [8] Use of undefined constant goods_num - assumed 'goods_num' /data/wwwroot/www.fengzakka.cn/Application/Runtime/Cache/Home/c2c5f09c3b7495f1e5bed3a1b597e8ef.php 第 23 行.
NOTIC: [8] Use of undefined constant goods_name - assumed 'goods_name' /data/wwwroot/www.fengzakka.cn/Application/Runtime/Cache/Home/c2c5f09c3b7495f1e5bed3a1b597e8ef.php 第 15 行.
NOTIC: [8] Use of undefined constant member_goods_price - assumed 'member_goods_price' /data/wwwroot/www.fengzakka.cn/Application/Runtime/Cache/Home/c2c5f09c3b7495f1e5bed3a1b597e8ef.php 第 21 行.
NOTIC: [8] Use of undefined constant goods_num - assumed 'goods_num' /data/wwwroot/www.fengzakka.cn/Application/Runtime/Cache/Home/c2c5f09c3b7495f1e5bed3a1b597e8ef.php 第 23 行.
SQL: SELECT `original_img` FROM `tp_goods` WHERE ( goods_id = 155 ) LIMIT 1   [ RunTime:0.0001s ]
NOTIC: [8] Undefined variable: x /data/wwwroot/www.fengzakka.cn/ThinkPHP/Library/Think/Image/Driver/Gd.class.php 第 273 行.
NOTIC: [8] Undefined variable: y /data/wwwroot/www.fengzakka.cn/ThinkPHP/Library/Think/Image/Driver/Gd.class.php 第 273 行.
NOTIC: [8] Use of undefined constant goods_name - assumed 'goods_name' /data/wwwroot/www.fengzakka.cn/Application/Runtime/Cache/Home/c2c5f09c3b7495f1e5bed3a1b597e8ef.php 第 15 行.
NOTIC: [8] Use of undefined constant member_goods_price - assumed 'member_goods_price' /data/wwwroot/www.fengzakka.cn/Application/Runtime/Cache/Home/c2c5f09c3b7495f1e5bed3a1b597e8ef.php 第 21 行.
NOTIC: [8] Use of undefined constant goods_num - assumed 'goods_num' /data/wwwroot/www.fengzakka.cn/Application/Runtime/Cache/Home/c2c5f09c3b7495f1e5bed3a1b597e8ef.php 第 23 行.
SQL: SELECT `original_img` FROM `tp_goods` WHERE ( goods_id = 151 ) LIMIT 1   [ RunTime:0.0001s ]
NOTIC: [8] Undefined variable: x /data/wwwroot/www.fengzakka.cn/ThinkPHP/Library/Think/Image/Driver/Gd.class.php 第 273 行.
NOTIC: [8] Undefined variable: y /data/wwwroot/www.fengzakka.cn/ThinkPHP/Library/Think/Image/Driver/Gd.class.php 第 273 行.
NOTIC: [8] Use of undefined constant goods_name - assumed 'goods_name' /data/wwwroot/www.fengzakka.cn/Application/Runtime/Cache/Home/c2c5f09c3b7495f1e5bed3a1b597e8ef.php 第 15 行.
NOTIC: [8] Use of undefined constant member_goods_price - assumed 'member_goods_price' /data/wwwroot/www.fengzakka.cn/Application/Runtime/Cache/Home/c2c5f09c3b7495f1e5bed3a1b597e8ef.php 第 21 行.
NOTIC: [8] Use of undefined constant goods_num - assumed 'goods_num' /data/wwwroot/www.fengzakka.cn/Application/Runtime/Cache/Home/c2c5f09c3b7495f1e5bed3a1b597e8ef.php 第 23 行.
NOTIC: [8] Use of undefined constant goods_name - assumed 'goods_name' /data/wwwroot/www.fengzakka.cn/Application/Runtime/Cache/Home/c2c5f09c3b7495f1e5bed3a1b597e8ef.php 第 15 行.
NOTIC: [8] Use of undefined constant member_goods_price - assumed 'member_goods_price' /data/wwwroot/www.fengzakka.cn/Application/Runtime/Cache/Home/c2c5f09c3b7495f1e5bed3a1b597e8ef.php 第 21 行.
NOTIC: [8] Use of undefined constant goods_num - assumed 'goods_num' /data/wwwroot/www.fengzakka.cn/Application/Runtime/Cache/Home/c2c5f09c3b7495f1e5bed3a1b597e8ef.php 第 23 行.
SQL: SELECT `original_img` FROM `tp_goods` WHERE ( goods_id = 163 ) LIMIT 1   [ RunTime:0.0002s ]
NOTIC: [8] Undefined variable: x /data/wwwroot/www.fengzakka.cn/ThinkPHP/Library/Think/Image/Driver/Gd.class.php 第 273 行.
NOTIC: [8] Undefined variable: y /data/wwwroot/www.fengzakka.cn/ThinkPHP/Library/Think/Image/Driver/Gd.class.php 第 273 行.
NOTIC: [8] Use of undefined constant goods_name - assumed 'goods_name' /data/wwwroot/www.fengzakka.cn/Application/Runtime/Cache/Home/c2c5f09c3b7495f1e5bed3a1b597e8ef.php 第 15 行.
NOTIC: [8] Use of undefined constant member_goods_price - assumed 'member_goods_price' /data/wwwroot/www.fengzakka.cn/Application/Runtime/Cache/Home/c2c5f09c3b7495f1e5bed3a1b597e8ef.php 第 21 行.
NOTIC: [8] Use of undefined constant goods_num - assumed 'goods_num' /data/wwwroot/www.fengzakka.cn/Application/Runtime/Cache/Home/c2c5f09c3b7495f1e5bed3a1b597e8ef.php 第 23 行.
NOTIC: [8] Use of undefined constant goods_name - assumed 'goods_name' /data/wwwroot/www.fengzakka.cn/Application/Runtime/Cache/Home/c2c5f09c3b7495f1e5bed3a1b597e8ef.php 第 15 行.
NOTIC: [8] Use of undefined constant member_goods_price - assumed 'member_goods_price' /data/wwwroot/www.fengzakka.cn/Application/Runtime/Cache/Home/c2c5f09c3b7495f1e5bed3a1b597e8ef.php 第 21 行.
NOTIC: [8] Use of undefined constant goods_num - assumed 'goods_num' /data/wwwroot/www.fengzakka.cn/Application/Runtime/Cache/Home/c2c5f09c3b7495f1e5bed3a1b597e8ef.php 第 23 行.
SQL: SELECT `original_img` FROM `tp_goods` WHERE ( goods_id = 157 ) LIMIT 1   [ RunTime:0.0001s ]
NOTIC: [8] Undefined variable: x /data/wwwroot/www.fengzakka.cn/ThinkPHP/Library/Think/Image/Driver/Gd.class.php 第 273 行.
NOTIC: [8] Undefined variable: y /data/wwwroot/www.fengzakka.cn/ThinkPHP/Library/Think/Image/Driver/Gd.class.php 第 273 行.
NOTIC: [8] Use of undefined constant goods_name - assumed 'goods_name' /data/wwwroot/www.fengzakka.cn/Application/Runtime/Cache/Home/c2c5f09c3b7495f1e5bed3a1b597e8ef.php 第 15 行.
NOTIC: [8] Use of undefined constant member_goods_price - assumed 'member_goods_price' /data/wwwroot/www.fengzakka.cn/Application/Runtime/Cache/Home/c2c5f09c3b7495f1e5bed3a1b597e8ef.php 第 21 行.
NOTIC: [8] Use of undefined constant goods_num - assumed 'goods_num' /data/wwwroot/www.fengzakka.cn/Application/Runtime/Cache/Home/c2c5f09c3b7495f1e5bed3a1b597e8ef.php 第 23 行.
NOTIC: [8] Use of undefined constant num - assumed 'num' /data/wwwroot/www.fengzakka.cn/Application/Runtime/Cache/Home/c2c5f09c3b7495f1e5bed3a1b597e8ef.php 第 35 行.
NOTIC: [8] Use of undefined constant total_fee - assumed 'total_fee' /data/wwwroot/www.fengzakka.cn/Application/Runtime/Cache/Home/c2c5f09c3b7495f1e5bed3a1b597e8ef.php 第 35 行.
NOTIC: [8] Use of undefined constant anum - assumed 'anum' /data/wwwroot/www.fengzakka.cn/Application/Runtime/Cache/Home/c2c5f09c3b7495f1e5bed3a1b597e8ef.php 第 39 行.
NOTIC: [8] Undefined index: anum /data/wwwroot/www.fengzakka.cn/Application/Runtime/Cache/Home/c2c5f09c3b7495f1e5bed3a1b597e8ef.php 第 39 行.
INFO: Run Behavior\ParseTemplateBehavior [ RunTime:0.271721s ]
INFO: [ view_parse ] --END-- [ RunTime:0.271755s ]
INFO: [ view_filter ] --START--
INFO: Run Behavior\WriteHtmlCacheBehavior [ RunTime:0.000164s ]
INFO: Run Behavior\TokenBuildBehavior [ RunTime:0.000288s ]
INFO: [ view_filter ] --END-- [ RunTime:0.000512s ]
INFO: [ app_end ] --START--
INFO: Run Behavior\ShowPageTraceBehavior [ RunTime:0.000308s ]
INFO: [ app_end ] --END-- [ RunTime:0.000337s ]

