[ 2017-07-30T09:55:48+08:00 ] 140.205.205.4 /
INFO: [ app_init ] --START--
INFO: Run Behavior\BuildLiteBehavior [ RunTime:0.000010s ]
INFO: [ app_init ] --END-- [ RunTime:0.000225s ]
INFO: [ app_begin ] --START--
INFO: Run Behavior\ReadHtmlCacheBehavior [ RunTime:0.000357s ]
INFO: [ app_begin ] --END-- [ RunTime:0.000390s ]
SQL: SHOW COLUMNS FROM `tp_config` [ RunTime:0.0005s ]
SQL: SELECT * FROM `tp_config`  [ RunTime:0.0002s ]
SQL: SHOW COLUMNS FROM `tp_goods_category` [ RunTime:0.0004s ]
SQL: SELECT * FROM `tp_goods_category` WHERE ( is_show = 1 ) ORDER BY sort_order  [ RunTime:0.0001s ]
SQL: SHOW COLUMNS FROM `tp_brand` [ RunTime:0.0004s ]
SQL: SELECT `id`,`parent_cat_id`,`logo`,`is_hot` FROM `tp_brand` WHERE ( parent_cat_id>0 )  [ RunTime:0.0001s ]
SQL: SHOW COLUMNS FROM `tp_article_cat` [ RunTime:0.0003s ]
SQL: SELECT `cat_name`,`cat_id` FROM `tp_article_cat` WHERE `show_in_nav` = 1 AND `parent_id` = 0  [ RunTime:0.0001s ]
SQL: SHOW COLUMNS FROM `tp_friend_link` [ RunTime:0.0003s ]
SQL: SELECT * FROM `tp_friend_link` WHERE `is_show` = 1 ORDER BY orderby desc  [ RunTime:0.0001s ]

[ 2017-07-30T13:12:20+08:00 ] 140.207.54.79 /index.php?m=Home&c=Wechat&a=valid&signature=3bbbd1874d0c219f8ff567ad31d4c6a49794ba5b&timestamp=1501391539&nonce=960423016&openid=o6pmpxFffq0cHfL5nYdGGoJlhTrM
INFO: [ app_init ] --START--
INFO: Run Behavior\BuildLiteBehavior [ RunTime:0.000013s ]
INFO: [ app_init ] --END-- [ RunTime:0.000227s ]
INFO: [ app_begin ] --START--
INFO: Run Behavior\ReadHtmlCacheBehavior [ RunTime:0.000265s ]
INFO: [ app_begin ] --END-- [ RunTime:0.000300s ]
SQL: SHOW COLUMNS FROM `tp_config` [ RunTime:0.0005s ]
SQL: SELECT * FROM `tp_config`  [ RunTime:0.0002s ]
SQL: SHOW COLUMNS FROM `tp_goods_category` [ RunTime:0.0004s ]
SQL: SELECT * FROM `tp_goods_category` WHERE ( is_show = 1 ) ORDER BY sort_order  [ RunTime:0.0001s ]
SQL: SHOW COLUMNS FROM `tp_brand` [ RunTime:0.0003s ]
SQL: SELECT `id`,`parent_cat_id`,`logo`,`is_hot` FROM `tp_brand` WHERE ( parent_cat_id>0 )  [ RunTime:0.0001s ]
SQL: SHOW COLUMNS FROM `tp_article_cat` [ RunTime:0.0003s ]
SQL: SELECT `cat_name`,`cat_id` FROM `tp_article_cat` WHERE `show_in_nav` = 1 AND `parent_id` = 0  [ RunTime:0.0001s ]
SQL: SHOW COLUMNS FROM `tp_friend_link` [ RunTime:0.0003s ]
SQL: SELECT * FROM `tp_friend_link` WHERE `is_show` = 1 ORDER BY orderby desc  [ RunTime:0.0001s ]
NOTIC: [8] Use of undefined constant openAppID - assumed 'openAppID' /data/wwwroot/www.fengzakka.cn/Application/Home/Controller/WechatController.class.php 第 31 行.
NOTIC: [8] Use of undefined constant openAppSecret - assumed 'openAppSecret' /data/wwwroot/www.fengzakka.cn/Application/Home/Controller/WechatController.class.php 第 31 行.
NOTIC: [8] Undefined index: echostr /data/wwwroot/www.fengzakka.cn/Application/Home/Controller/WechatController.class.php 第 41 行.
INFO: [ app_end ] --START--
INFO: Run Behavior\ShowPageTraceBehavior [ RunTime:0.000306s ]
INFO: [ app_end ] --END-- [ RunTime:0.000339s ]

[ 2017-07-30T13:12:22+08:00 ] 183.61.52.70 /
INFO: [ app_init ] --START--
INFO: Run Behavior\BuildLiteBehavior [ RunTime:0.000009s ]
INFO: [ app_init ] --END-- [ RunTime:0.000221s ]
INFO: [ app_begin ] --START--
INFO: Run Behavior\ReadHtmlCacheBehavior [ RunTime:0.000325s ]
INFO: [ app_begin ] --END-- [ RunTime:0.000360s ]
SQL: SHOW COLUMNS FROM `tp_config` [ RunTime:0.0005s ]
SQL: SELECT * FROM `tp_config`  [ RunTime:0.0002s ]
SQL: SHOW COLUMNS FROM `tp_goods_category` [ RunTime:0.0004s ]
SQL: SELECT * FROM `tp_goods_category` WHERE ( is_show = 1 ) ORDER BY sort_order  [ RunTime:0.0001s ]
SQL: SHOW COLUMNS FROM `tp_brand` [ RunTime:0.0003s ]
SQL: SELECT `id`,`parent_cat_id`,`logo`,`is_hot` FROM `tp_brand` WHERE ( parent_cat_id>0 )  [ RunTime:0.0001s ]
SQL: SHOW COLUMNS FROM `tp_article_cat` [ RunTime:0.0003s ]
SQL: SELECT `cat_name`,`cat_id` FROM `tp_article_cat` WHERE `show_in_nav` = 1 AND `parent_id` = 0  [ RunTime:0.0001s ]
SQL: SHOW COLUMNS FROM `tp_friend_link` [ RunTime:0.0003s ]
SQL: SELECT * FROM `tp_friend_link` WHERE `is_show` = 1 ORDER BY orderby desc  [ RunTime:0.0001s ]

[ 2017-07-30T13:12:32+08:00 ] 101.226.33.228 /
INFO: [ app_init ] --START--
INFO: Run Behavior\BuildLiteBehavior [ RunTime:0.000010s ]
INFO: [ app_init ] --END-- [ RunTime:0.000232s ]
INFO: [ app_begin ] --START--
INFO: Run Behavior\ReadHtmlCacheBehavior [ RunTime:0.000336s ]
INFO: [ app_begin ] --END-- [ RunTime:0.000371s ]
SQL: SHOW COLUMNS FROM `tp_config` [ RunTime:0.0005s ]
SQL: SELECT * FROM `tp_config`  [ RunTime:0.0002s ]
SQL: SHOW COLUMNS FROM `tp_goods_category` [ RunTime:0.0004s ]
SQL: SELECT * FROM `tp_goods_category` WHERE ( is_show = 1 ) ORDER BY sort_order  [ RunTime:0.0001s ]
SQL: SHOW COLUMNS FROM `tp_brand` [ RunTime:0.0003s ]
SQL: SELECT `id`,`parent_cat_id`,`logo`,`is_hot` FROM `tp_brand` WHERE ( parent_cat_id>0 )  [ RunTime:0.0001s ]
SQL: SHOW COLUMNS FROM `tp_article_cat` [ RunTime:0.0003s ]
SQL: SELECT `cat_name`,`cat_id` FROM `tp_article_cat` WHERE `show_in_nav` = 1 AND `parent_id` = 0  [ RunTime:0.0001s ]
SQL: SHOW COLUMNS FROM `tp_friend_link` [ RunTime:0.0003s ]
SQL: SELECT * FROM `tp_friend_link` WHERE `is_show` = 1 ORDER BY orderby desc  [ RunTime:0.0001s ]

[ 2017-07-30T13:12:32+08:00 ] 101.226.99.195 /
INFO: [ app_init ] --START--
INFO: Run Behavior\BuildLiteBehavior [ RunTime:0.000010s ]
INFO: [ app_init ] --END-- [ RunTime:0.000221s ]
INFO: [ app_begin ] --START--
INFO: Run Behavior\ReadHtmlCacheBehavior [ RunTime:0.000387s ]
INFO: [ app_begin ] --END-- [ RunTime:0.000426s ]
SQL: SHOW COLUMNS FROM `tp_config` [ RunTime:0.0006s ]
SQL: SHOW COLUMNS FROM `tp_goods_category` [ RunTime:0.0004s ]
SQL: SELECT * FROM `tp_goods_category` WHERE ( is_show = 1 ) ORDER BY sort_order  [ RunTime:0.0002s ]
SQL: SHOW COLUMNS FROM `tp_brand` [ RunTime:0.0003s ]
SQL: SHOW COLUMNS FROM `tp_article_cat` [ RunTime:0.0003s ]
SQL: SELECT `cat_name`,`cat_id` FROM `tp_article_cat` WHERE `show_in_nav` = 1 AND `parent_id` = 0  [ RunTime:0.0001s ]
SQL: SHOW COLUMNS FROM `tp_friend_link` [ RunTime:0.0003s ]
SQL: SELECT * FROM `tp_friend_link` WHERE `is_show` = 1 ORDER BY orderby desc  [ RunTime:0.0001s ]

