[ 2017-07-15T02:42:27+08:00 ] 101.226.66.187 /
INFO: [ app_init ] --START--
INFO: Run Behavior\BuildLiteBehavior [ RunTime:0.000010s ]
INFO: [ app_init ] --END-- [ RunTime:0.000215s ]
INFO: [ app_begin ] --START--
INFO: Run Behavior\ReadHtmlCacheBehavior [ RunTime:0.000320s ]
INFO: [ app_begin ] --END-- [ RunTime:0.000353s ]
SQL: SHOW COLUMNS FROM `tp_config` [ RunTime:0.0005s ]
SQL: SELECT * FROM `tp_config`  [ RunTime:0.0002s ]
SQL: SHOW COLUMNS FROM `tp_goods_category` [ RunTime:0.0004s ]
SQL: SELECT * FROM `tp_goods_category` WHERE ( is_show = 1 ) ORDER BY sort_order  [ RunTime:0.0001s ]
SQL: SHOW COLUMNS FROM `tp_brand` [ RunTime:0.0003s ]
SQL: SELECT `id`,`parent_cat_id`,`logo`,`is_hot` FROM `tp_brand` WHERE ( parent_cat_id>0 )  [ RunTime:0.0001s ]
SQL: SHOW COLUMNS FROM `tp_article_cat` [ RunTime:0.0003s ]
SQL: SELECT `cat_name`,`cat_id` FROM `tp_article_cat` WHERE `show_in_nav` = 1 AND `parent_id` = 0  [ RunTime:0.0001s ]
SQL: SHOW COLUMNS FROM `tp_friend_link` [ RunTime:0.0003s ]
SQL: SELECT * FROM `tp_friend_link` WHERE `is_show` = 1 ORDER BY orderby desc  [ RunTime:0.0001s ]

[ 2017-07-15T08:08:50+08:00 ] 121.8.190.250 /
INFO: [ app_init ] --START--
INFO: Run Behavior\BuildLiteBehavior [ RunTime:0.000009s ]
INFO: [ app_init ] --END-- [ RunTime:0.000215s ]
INFO: [ app_begin ] --START--
INFO: Run Behavior\ReadHtmlCacheBehavior [ RunTime:0.000322s ]
INFO: [ app_begin ] --END-- [ RunTime:0.000356s ]
SQL: SHOW COLUMNS FROM `tp_config` [ RunTime:0.0005s ]
SQL: SELECT * FROM `tp_config`  [ RunTime:0.0002s ]
SQL: SHOW COLUMNS FROM `tp_goods_category` [ RunTime:0.0004s ]
SQL: SELECT * FROM `tp_goods_category` WHERE ( is_show = 1 ) ORDER BY sort_order  [ RunTime:0.0001s ]
SQL: SHOW COLUMNS FROM `tp_brand` [ RunTime:0.0003s ]
SQL: SELECT `id`,`parent_cat_id`,`logo`,`is_hot` FROM `tp_brand` WHERE ( parent_cat_id>0 )  [ RunTime:0.0001s ]
SQL: SHOW COLUMNS FROM `tp_article_cat` [ RunTime:0.0003s ]
SQL: SELECT `cat_name`,`cat_id` FROM `tp_article_cat` WHERE `show_in_nav` = 1 AND `parent_id` = 0  [ RunTime:0.0001s ]
SQL: SHOW COLUMNS FROM `tp_friend_link` [ RunTime:0.0003s ]
SQL: SELECT * FROM `tp_friend_link` WHERE `is_show` = 1 ORDER BY orderby desc  [ RunTime:0.0001s ]

[ 2017-07-15T09:23:34+08:00 ] 140.207.54.79 /index.php?m=Home&c=Wechat&a=valid&signature=1b8be58e0259bd685b29aa95bf26c3d106dc3de2&timestamp=1500081813&nonce=1394673384&openid=o6pmpxHBGUQQD0fvjtCt3eKyLe_o
INFO: [ app_init ] --START--
INFO: Run Behavior\BuildLiteBehavior [ RunTime:0.000010s ]
INFO: [ app_init ] --END-- [ RunTime:0.000223s ]
INFO: [ app_begin ] --START--
INFO: Run Behavior\ReadHtmlCacheBehavior [ RunTime:0.000268s ]
INFO: [ app_begin ] --END-- [ RunTime:0.000310s ]
SQL: SHOW COLUMNS FROM `tp_config` [ RunTime:0.0005s ]
SQL: SELECT * FROM `tp_config`  [ RunTime:0.0002s ]
SQL: SHOW COLUMNS FROM `tp_goods_category` [ RunTime:0.0004s ]
SQL: SELECT * FROM `tp_goods_category` WHERE ( is_show = 1 ) ORDER BY sort_order  [ RunTime:0.0001s ]
SQL: SHOW COLUMNS FROM `tp_brand` [ RunTime:0.0004s ]
SQL: SELECT `id`,`parent_cat_id`,`logo`,`is_hot` FROM `tp_brand` WHERE ( parent_cat_id>0 )  [ RunTime:0.0001s ]
SQL: SHOW COLUMNS FROM `tp_article_cat` [ RunTime:0.0003s ]
SQL: SELECT `cat_name`,`cat_id` FROM `tp_article_cat` WHERE `show_in_nav` = 1 AND `parent_id` = 0  [ RunTime:0.0001s ]
SQL: SHOW COLUMNS FROM `tp_friend_link` [ RunTime:0.0003s ]
SQL: SELECT * FROM `tp_friend_link` WHERE `is_show` = 1 ORDER BY orderby desc  [ RunTime:0.0001s ]
NOTIC: [8] Use of undefined constant openAppID - assumed 'openAppID' /data/wwwroot/www.fengzakka.cn/Application/Home/Controller/WechatController.class.php 第 31 行.
NOTIC: [8] Use of undefined constant openAppSecret - assumed 'openAppSecret' /data/wwwroot/www.fengzakka.cn/Application/Home/Controller/WechatController.class.php 第 31 行.
NOTIC: [8] Undefined index: echostr /data/wwwroot/www.fengzakka.cn/Application/Home/Controller/WechatController.class.php 第 41 行.

[ 2017-07-15T09:23:37+08:00 ] 113.91.176.158 /
INFO: [ app_init ] --START--
INFO: Run Behavior\BuildLiteBehavior [ RunTime:0.000013s ]
INFO: [ app_init ] --END-- [ RunTime:0.000267s ]
INFO: [ app_begin ] --START--
INFO: Run Behavior\ReadHtmlCacheBehavior [ RunTime:0.000348s ]
INFO: [ app_begin ] --END-- [ RunTime:0.000383s ]
SQL: SHOW COLUMNS FROM `tp_config` [ RunTime:0.0005s ]
SQL: SELECT * FROM `tp_config`  [ RunTime:0.0002s ]
SQL: SHOW COLUMNS FROM `tp_goods_category` [ RunTime:0.0004s ]
SQL: SELECT * FROM `tp_goods_category` WHERE ( is_show = 1 ) ORDER BY sort_order  [ RunTime:0.0001s ]
SQL: SHOW COLUMNS FROM `tp_brand` [ RunTime:0.0003s ]
SQL: SELECT `id`,`parent_cat_id`,`logo`,`is_hot` FROM `tp_brand` WHERE ( parent_cat_id>0 )  [ RunTime:0.0001s ]
SQL: SHOW COLUMNS FROM `tp_article_cat` [ RunTime:0.0003s ]
SQL: SELECT `cat_name`,`cat_id` FROM `tp_article_cat` WHERE `show_in_nav` = 1 AND `parent_id` = 0  [ RunTime:0.0001s ]
SQL: SHOW COLUMNS FROM `tp_friend_link` [ RunTime:0.0003s ]
SQL: SELECT * FROM `tp_friend_link` WHERE `is_show` = 1 ORDER BY orderby desc  [ RunTime:0.0001s ]

[ 2017-07-15T09:23:45+08:00 ] 101.226.33.216 /
INFO: [ app_init ] --START--
INFO: Run Behavior\BuildLiteBehavior [ RunTime:0.000010s ]
INFO: [ app_init ] --END-- [ RunTime:0.000236s ]
INFO: [ app_begin ] --START--
INFO: Run Behavior\ReadHtmlCacheBehavior [ RunTime:0.000386s ]
INFO: [ app_begin ] --END-- [ RunTime:0.000428s ]
SQL: SHOW COLUMNS FROM `tp_config` [ RunTime:0.0005s ]
SQL: SELECT * FROM `tp_config`  [ RunTime:0.0002s ]
SQL: SHOW COLUMNS FROM `tp_goods_category` [ RunTime:0.0005s ]
SQL: SELECT * FROM `tp_goods_category` WHERE ( is_show = 1 ) ORDER BY sort_order  [ RunTime:0.0001s ]
SQL: SHOW COLUMNS FROM `tp_brand` [ RunTime:0.0004s ]
SQL: SELECT `id`,`parent_cat_id`,`logo`,`is_hot` FROM `tp_brand` WHERE ( parent_cat_id>0 )  [ RunTime:0.0001s ]
SQL: SHOW COLUMNS FROM `tp_article_cat` [ RunTime:0.0004s ]
SQL: SELECT `cat_name`,`cat_id` FROM `tp_article_cat` WHERE `show_in_nav` = 1 AND `parent_id` = 0  [ RunTime:0.0001s ]
SQL: SHOW COLUMNS FROM `tp_friend_link` [ RunTime:0.0003s ]
SQL: SELECT * FROM `tp_friend_link` WHERE `is_show` = 1 ORDER BY orderby desc  [ RunTime:0.0001s ]

[ 2017-07-15T09:23:47+08:00 ] 101.226.66.180 /
INFO: [ app_init ] --START--
INFO: Run Behavior\BuildLiteBehavior [ RunTime:0.000013s ]
INFO: [ app_init ] --END-- [ RunTime:0.000270s ]
INFO: [ app_begin ] --START--
INFO: Run Behavior\ReadHtmlCacheBehavior [ RunTime:0.000411s ]
INFO: [ app_begin ] --END-- [ RunTime:0.000454s ]
SQL: SHOW COLUMNS FROM `tp_config` [ RunTime:0.0006s ]
SQL: SELECT * FROM `tp_config`  [ RunTime:0.0002s ]
SQL: SHOW COLUMNS FROM `tp_goods_category` [ RunTime:0.0005s ]
SQL: SELECT * FROM `tp_goods_category` WHERE ( is_show = 1 ) ORDER BY sort_order  [ RunTime:0.0001s ]
SQL: SHOW COLUMNS FROM `tp_brand` [ RunTime:0.0004s ]
SQL: SELECT `id`,`parent_cat_id`,`logo`,`is_hot` FROM `tp_brand` WHERE ( parent_cat_id>0 )  [ RunTime:0.0001s ]
SQL: SHOW COLUMNS FROM `tp_article_cat` [ RunTime:0.0004s ]
SQL: SELECT `cat_name`,`cat_id` FROM `tp_article_cat` WHERE `show_in_nav` = 1 AND `parent_id` = 0  [ RunTime:0.0001s ]
SQL: SHOW COLUMNS FROM `tp_friend_link` [ RunTime:0.0004s ]
SQL: SELECT * FROM `tp_friend_link` WHERE `is_show` = 1 ORDER BY orderby desc  [ RunTime:0.0001s ]

[ 2017-07-15T11:10:55+08:00 ] 140.207.54.80 /index.php?m=Home&c=Wechat&a=valid&signature=54bc7c5082bc0b4b672af4638aee24320f4679c1&timestamp=1500088255&nonce=1084794098&openid=o6pmpxByXk4q925d_hi75-tSj844
INFO: [ app_init ] --START--
INFO: Run Behavior\BuildLiteBehavior [ RunTime:0.000010s ]
INFO: [ app_init ] --END-- [ RunTime:0.000208s ]
INFO: [ app_begin ] --START--
INFO: Run Behavior\ReadHtmlCacheBehavior [ RunTime:0.000291s ]
INFO: [ app_begin ] --END-- [ RunTime:0.000329s ]
SQL: SHOW COLUMNS FROM `tp_config` [ RunTime:0.0004s ]
SQL: SELECT * FROM `tp_config`  [ RunTime:0.0002s ]
SQL: SHOW COLUMNS FROM `tp_goods_category` [ RunTime:0.0004s ]
SQL: SELECT * FROM `tp_goods_category` WHERE ( is_show = 1 ) ORDER BY sort_order  [ RunTime:0.0001s ]
SQL: SHOW COLUMNS FROM `tp_brand` [ RunTime:0.0003s ]
SQL: SELECT `id`,`parent_cat_id`,`logo`,`is_hot` FROM `tp_brand` WHERE ( parent_cat_id>0 )  [ RunTime:0.0001s ]
SQL: SHOW COLUMNS FROM `tp_article_cat` [ RunTime:0.0003s ]
SQL: SELECT `cat_name`,`cat_id` FROM `tp_article_cat` WHERE `show_in_nav` = 1 AND `parent_id` = 0  [ RunTime:0.0001s ]
SQL: SHOW COLUMNS FROM `tp_friend_link` [ RunTime:0.0003s ]
SQL: SELECT * FROM `tp_friend_link` WHERE `is_show` = 1 ORDER BY orderby desc  [ RunTime:0.0001s ]
NOTIC: [8] Use of undefined constant openAppID - assumed 'openAppID' /data/wwwroot/www.fengzakka.cn/Application/Home/Controller/WechatController.class.php 第 31 行.
NOTIC: [8] Use of undefined constant openAppSecret - assumed 'openAppSecret' /data/wwwroot/www.fengzakka.cn/Application/Home/Controller/WechatController.class.php 第 31 行.
NOTIC: [8] Undefined index: echostr /data/wwwroot/www.fengzakka.cn/Application/Home/Controller/WechatController.class.php 第 41 行.

[ 2017-07-15T11:10:56+08:00 ] 14.20.91.53 /
INFO: [ app_init ] --START--
INFO: Run Behavior\BuildLiteBehavior [ RunTime:0.000010s ]
INFO: [ app_init ] --END-- [ RunTime:0.000213s ]
INFO: [ app_begin ] --START--
INFO: Run Behavior\ReadHtmlCacheBehavior [ RunTime:0.000333s ]
INFO: [ app_begin ] --END-- [ RunTime:0.000369s ]
SQL: SHOW COLUMNS FROM `tp_config` [ RunTime:0.0005s ]
SQL: SHOW COLUMNS FROM `tp_goods_category` [ RunTime:0.0004s ]
SQL: SELECT * FROM `tp_goods_category` WHERE ( is_show = 1 ) ORDER BY sort_order  [ RunTime:0.0001s ]
SQL: SHOW COLUMNS FROM `tp_brand` [ RunTime:0.0003s ]
SQL: SHOW COLUMNS FROM `tp_article_cat` [ RunTime:0.0003s ]
SQL: SELECT `cat_name`,`cat_id` FROM `tp_article_cat` WHERE `show_in_nav` = 1 AND `parent_id` = 0  [ RunTime:0.0001s ]
SQL: SHOW COLUMNS FROM `tp_friend_link` [ RunTime:0.0003s ]
SQL: SELECT * FROM `tp_friend_link` WHERE `is_show` = 1 ORDER BY orderby desc  [ RunTime:0.0001s ]

[ 2017-07-15T11:11:06+08:00 ] 101.226.33.203 /
INFO: [ app_init ] --START--
INFO: Run Behavior\BuildLiteBehavior [ RunTime:0.000010s ]
INFO: [ app_init ] --END-- [ RunTime:0.000237s ]
INFO: [ app_begin ] --START--
INFO: Run Behavior\ReadHtmlCacheBehavior [ RunTime:0.000337s ]
INFO: [ app_begin ] --END-- [ RunTime:0.000373s ]
SQL: SHOW COLUMNS FROM `tp_config` [ RunTime:0.0005s ]
SQL: SELECT * FROM `tp_config`  [ RunTime:0.0002s ]
SQL: SHOW COLUMNS FROM `tp_goods_category` [ RunTime:0.0004s ]
SQL: SELECT * FROM `tp_goods_category` WHERE ( is_show = 1 ) ORDER BY sort_order  [ RunTime:0.0001s ]
SQL: SHOW COLUMNS FROM `tp_brand` [ RunTime:0.0004s ]
SQL: SELECT `id`,`parent_cat_id`,`logo`,`is_hot` FROM `tp_brand` WHERE ( parent_cat_id>0 )  [ RunTime:0.0001s ]
SQL: SHOW COLUMNS FROM `tp_article_cat` [ RunTime:0.0004s ]
SQL: SELECT `cat_name`,`cat_id` FROM `tp_article_cat` WHERE `show_in_nav` = 1 AND `parent_id` = 0  [ RunTime:0.0001s ]
SQL: SHOW COLUMNS FROM `tp_friend_link` [ RunTime:0.0003s ]
SQL: SELECT * FROM `tp_friend_link` WHERE `is_show` = 1 ORDER BY orderby desc  [ RunTime:0.0001s ]

[ 2017-07-15T11:12:22+08:00 ] 14.20.91.53 /index.php?m=Home&c=Cart&a=header_cart_list
INFO: [ app_init ] --START--
INFO: Run Behavior\BuildLiteBehavior [ RunTime:0.000010s ]
INFO: [ app_init ] --END-- [ RunTime:0.000222s ]
INFO: [ app_begin ] --START--
INFO: Run Behavior\ReadHtmlCacheBehavior [ RunTime:0.000301s ]
INFO: [ app_begin ] --END-- [ RunTime:0.000350s ]
SQL: SHOW COLUMNS FROM `tp_config` [ RunTime:0.0004s ]
SQL: SELECT * FROM `tp_config`  [ RunTime:0.0002s ]
SQL: SHOW COLUMNS FROM `tp_goods_category` [ RunTime:0.0004s ]
SQL: SELECT * FROM `tp_goods_category` WHERE ( is_show = 1 ) ORDER BY sort_order  [ RunTime:0.0001s ]
SQL: SHOW COLUMNS FROM `tp_brand` [ RunTime:0.0003s ]
SQL: SELECT `id`,`parent_cat_id`,`logo`,`is_hot` FROM `tp_brand` WHERE ( parent_cat_id>0 )  [ RunTime:0.0001s ]
SQL: SHOW COLUMNS FROM `tp_article_cat` [ RunTime:0.0003s ]
SQL: SELECT `cat_name`,`cat_id` FROM `tp_article_cat` WHERE `show_in_nav` = 1 AND `parent_id` = 0  [ RunTime:0.0001s ]
SQL: SHOW COLUMNS FROM `tp_friend_link` [ RunTime:0.0004s ]
SQL: SELECT * FROM `tp_friend_link` WHERE `is_show` = 1 ORDER BY orderby desc  [ RunTime:0.0001s ]
SQL: SHOW COLUMNS FROM `tp_cart` [ RunTime:0.0004s ]
SQL: SHOW COLUMNS FROM `tp_users` [ RunTime:0.0005s ]
SQL: SELECT * FROM `tp_users` WHERE ( user_id = 3444 ) LIMIT 1   [ RunTime:0.0003s ]
NOTIC: [8] Use of undefined constant discount - assumed 'discount' /data/wwwroot/www.fengzakka.cn/Application/Home/Controller/CartController.class.php 第 37 行.
NOTIC: [8] Use of undefined constant discount - assumed 'discount' /data/wwwroot/www.fengzakka.cn/Application/Home/Controller/CartController.class.php 第 37 行.
NOTIC: [8] Use of undefined constant discount - assumed 'discount' /data/wwwroot/www.fengzakka.cn/Application/Home/Controller/CartController.class.php 第 37 行.
SQL: SHOW COLUMNS FROM `tp_cart` [ RunTime:0.0004s ]
NOTIC: [8] Use of undefined constant discount - assumed 'discount' /data/wwwroot/www.fengzakka.cn/Application/Home/Controller/CartController.class.php 第 38 行.
NOTIC: [8] Use of undefined constant user_id - assumed 'user_id' /data/wwwroot/www.fengzakka.cn/Application/Home/Controller/CartController.class.php 第 38 行.
SQL: update `tp_cart` set member_goods_price = goods_price * 1.00 where (user_id =3444 or session_id = '5a48ke084td0f9sk2368i17ac5') and prom_type = 0 [ RunTime:0.0009s ]
NOTIC: [8] Use of undefined constant user_id - assumed 'user_id' /data/wwwroot/www.fengzakka.cn/Application/Home/Logic/CartLogic.class.php 第 160 行.
SQL: SELECT * FROM `tp_cart` WHERE (  1 = 1  and user_id = 3444  )  [ RunTime:0.0007s ]
INFO: [ view_begin ] --START--
INFO: Run Home\Behaviors\testBehavior [ RunTime:0.000121s ]
INFO: [ view_begin ] --END-- [ RunTime:0.000146s ]
INFO: [ view_parse ] --START--
INFO: [ template_filter ] --START--
INFO: Run Behavior\ContentReplaceBehavior [ RunTime:0.000029s ]
INFO: [ template_filter ] --END-- [ RunTime:0.000060s ]
NOTIC: [8] Use of undefined constant num - assumed 'num' /data/wwwroot/www.fengzakka.cn/Application/Runtime/Cache/Home/c2c5f09c3b7495f1e5bed3a1b597e8ef.php 第 35 行.
NOTIC: [8] Use of undefined constant total_fee - assumed 'total_fee' /data/wwwroot/www.fengzakka.cn/Application/Runtime/Cache/Home/c2c5f09c3b7495f1e5bed3a1b597e8ef.php 第 35 行.
NOTIC: [8] Use of undefined constant anum - assumed 'anum' /data/wwwroot/www.fengzakka.cn/Application/Runtime/Cache/Home/c2c5f09c3b7495f1e5bed3a1b597e8ef.php 第 39 行.
NOTIC: [8] Undefined index: anum /data/wwwroot/www.fengzakka.cn/Application/Runtime/Cache/Home/c2c5f09c3b7495f1e5bed3a1b597e8ef.php 第 39 行.
INFO: Run Behavior\ParseTemplateBehavior [ RunTime:0.005501s ]
INFO: [ view_parse ] --END-- [ RunTime:0.005523s ]
INFO: [ view_filter ] --START--
INFO: Run Behavior\WriteHtmlCacheBehavior [ RunTime:0.000088s ]
INFO: Run Behavior\TokenBuildBehavior [ RunTime:0.000189s ]
INFO: [ view_filter ] --END-- [ RunTime:0.000314s ]
INFO: [ app_end ] --START--
INFO: Run Behavior\ShowPageTraceBehavior [ RunTime:0.000313s ]
INFO: [ app_end ] --END-- [ RunTime:0.000350s ]

[ 2017-07-15T21:48:17+08:00 ] 202.108.211.56 /
INFO: [ app_init ] --START--
INFO: Run Behavior\BuildLiteBehavior [ RunTime:0.000010s ]
INFO: [ app_init ] --END-- [ RunTime:0.000211s ]
INFO: [ app_begin ] --START--
INFO: Run Behavior\ReadHtmlCacheBehavior [ RunTime:0.000356s ]
INFO: [ app_begin ] --END-- [ RunTime:0.000391s ]
SQL: SHOW COLUMNS FROM `tp_config` [ RunTime:0.0005s ]
SQL: SELECT * FROM `tp_config`  [ RunTime:0.0002s ]
SQL: SHOW COLUMNS FROM `tp_goods_category` [ RunTime:0.0004s ]
SQL: SELECT * FROM `tp_goods_category` WHERE ( is_show = 1 ) ORDER BY sort_order  [ RunTime:0.0001s ]
SQL: SHOW COLUMNS FROM `tp_brand` [ RunTime:0.0003s ]
SQL: SELECT `id`,`parent_cat_id`,`logo`,`is_hot` FROM `tp_brand` WHERE ( parent_cat_id>0 )  [ RunTime:0.0001s ]
SQL: SHOW COLUMNS FROM `tp_article_cat` [ RunTime:0.0003s ]
SQL: SELECT `cat_name`,`cat_id` FROM `tp_article_cat` WHERE `show_in_nav` = 1 AND `parent_id` = 0  [ RunTime:0.0001s ]
SQL: SHOW COLUMNS FROM `tp_friend_link` [ RunTime:0.0003s ]
SQL: SELECT * FROM `tp_friend_link` WHERE `is_show` = 1 ORDER BY orderby desc  [ RunTime:0.0001s ]

