[ 2017-08-04T01:06:01+08:00 ] 140.207.54.76 /index.php?m=Home&c=Wechat&a=valid&signature=cd054a736df0b99e3a6d384da554d2a420a4cd4a&timestamp=1501779961&nonce=2093555615&openid=o6pmpxMUgLnzmUaMzJ_EbBluYGr8
INFO: [ app_init ] --START--
INFO: Run Behavior\BuildLiteBehavior [ RunTime:0.000010s ]
INFO: [ app_init ] --END-- [ RunTime:0.000214s ]
INFO: [ app_begin ] --START--
INFO: Run Behavior\ReadHtmlCacheBehavior [ RunTime:0.000312s ]
INFO: [ app_begin ] --END-- [ RunTime:0.000349s ]
SQL: SHOW COLUMNS FROM `tp_config` [ RunTime:0.0005s ]
SQL: SELECT * FROM `tp_config`  [ RunTime:0.0002s ]
SQL: SHOW COLUMNS FROM `tp_goods_category` [ RunTime:0.0004s ]
SQL: SELECT * FROM `tp_goods_category` WHERE ( is_show = 1 ) ORDER BY sort_order  [ RunTime:0.0001s ]
SQL: SHOW COLUMNS FROM `tp_brand` [ RunTime:0.0004s ]
SQL: SELECT `id`,`parent_cat_id`,`logo`,`is_hot` FROM `tp_brand` WHERE ( parent_cat_id>0 )  [ RunTime:0.0001s ]
SQL: SHOW COLUMNS FROM `tp_article_cat` [ RunTime:0.0003s ]
SQL: SELECT `cat_name`,`cat_id` FROM `tp_article_cat` WHERE `show_in_nav` = 1 AND `parent_id` = 0  [ RunTime:0.0001s ]
SQL: SHOW COLUMNS FROM `tp_friend_link` [ RunTime:0.0003s ]
SQL: SELECT * FROM `tp_friend_link` WHERE `is_show` = 1 ORDER BY orderby desc  [ RunTime:0.0001s ]
NOTIC: [8] Use of undefined constant openAppID - assumed 'openAppID' /data/wwwroot/www.fengzakka.cn/Application/Home/Controller/WechatController.class.php 第 31 行.
NOTIC: [8] Use of undefined constant openAppSecret - assumed 'openAppSecret' /data/wwwroot/www.fengzakka.cn/Application/Home/Controller/WechatController.class.php 第 31 行.
NOTIC: [8] Undefined index: echostr /data/wwwroot/www.fengzakka.cn/Application/Home/Controller/WechatController.class.php 第 41 行.

[ 2017-08-04T05:55:34+08:00 ] 140.205.201.14 /
INFO: [ app_init ] --START--
INFO: Run Behavior\BuildLiteBehavior [ RunTime:0.000011s ]
INFO: [ app_init ] --END-- [ RunTime:0.000215s ]
INFO: [ app_begin ] --START--
INFO: Run Behavior\ReadHtmlCacheBehavior [ RunTime:0.000345s ]
INFO: [ app_begin ] --END-- [ RunTime:0.000380s ]
SQL: SHOW COLUMNS FROM `tp_config` [ RunTime:0.0005s ]
SQL: SELECT * FROM `tp_config`  [ RunTime:0.0002s ]
SQL: SHOW COLUMNS FROM `tp_goods_category` [ RunTime:0.0004s ]
SQL: SELECT * FROM `tp_goods_category` WHERE ( is_show = 1 ) ORDER BY sort_order  [ RunTime:0.0001s ]
SQL: SHOW COLUMNS FROM `tp_brand` [ RunTime:0.0004s ]
SQL: SELECT `id`,`parent_cat_id`,`logo`,`is_hot` FROM `tp_brand` WHERE ( parent_cat_id>0 )  [ RunTime:0.0001s ]
SQL: SHOW COLUMNS FROM `tp_article_cat` [ RunTime:0.0004s ]
SQL: SELECT `cat_name`,`cat_id` FROM `tp_article_cat` WHERE `show_in_nav` = 1 AND `parent_id` = 0  [ RunTime:0.0001s ]
SQL: SHOW COLUMNS FROM `tp_friend_link` [ RunTime:0.0003s ]
SQL: SELECT * FROM `tp_friend_link` WHERE `is_show` = 1 ORDER BY orderby desc  [ RunTime:0.0001s ]

[ 2017-08-04T05:59:37+08:00 ] 140.205.201.10 /
INFO: [ app_init ] --START--
INFO: Run Behavior\BuildLiteBehavior [ RunTime:0.000010s ]
INFO: [ app_init ] --END-- [ RunTime:0.000210s ]
INFO: [ app_begin ] --START--
INFO: Run Behavior\ReadHtmlCacheBehavior [ RunTime:0.000357s ]
INFO: [ app_begin ] --END-- [ RunTime:0.000390s ]
SQL: SHOW COLUMNS FROM `tp_config` [ RunTime:0.0005s ]
SQL: SELECT * FROM `tp_config`  [ RunTime:0.0002s ]
SQL: SHOW COLUMNS FROM `tp_goods_category` [ RunTime:0.0004s ]
SQL: SELECT * FROM `tp_goods_category` WHERE ( is_show = 1 ) ORDER BY sort_order  [ RunTime:0.0001s ]
SQL: SHOW COLUMNS FROM `tp_brand` [ RunTime:0.0003s ]
SQL: SELECT `id`,`parent_cat_id`,`logo`,`is_hot` FROM `tp_brand` WHERE ( parent_cat_id>0 )  [ RunTime:0.0001s ]
SQL: SHOW COLUMNS FROM `tp_article_cat` [ RunTime:0.0004s ]
SQL: SELECT `cat_name`,`cat_id` FROM `tp_article_cat` WHERE `show_in_nav` = 1 AND `parent_id` = 0  [ RunTime:0.0001s ]
SQL: SHOW COLUMNS FROM `tp_friend_link` [ RunTime:0.0003s ]
SQL: SELECT * FROM `tp_friend_link` WHERE `is_show` = 1 ORDER BY orderby desc  [ RunTime:0.0001s ]

[ 2017-08-04T22:12:49+08:00 ] 120.92.32.214 /
INFO: [ app_init ] --START--
INFO: Run Behavior\BuildLiteBehavior [ RunTime:0.000009s ]
INFO: [ app_init ] --END-- [ RunTime:0.000233s ]
INFO: [ app_begin ] --START--
INFO: Run Behavior\ReadHtmlCacheBehavior [ RunTime:0.000321s ]
INFO: [ app_begin ] --END-- [ RunTime:0.000355s ]
SQL: SHOW COLUMNS FROM `tp_config` [ RunTime:0.0005s ]
SQL: SELECT * FROM `tp_config`  [ RunTime:0.0002s ]
SQL: SHOW COLUMNS FROM `tp_goods_category` [ RunTime:0.0004s ]
SQL: SELECT * FROM `tp_goods_category` WHERE ( is_show = 1 ) ORDER BY sort_order  [ RunTime:0.0002s ]
SQL: SHOW COLUMNS FROM `tp_brand` [ RunTime:0.0004s ]
SQL: SELECT `id`,`parent_cat_id`,`logo`,`is_hot` FROM `tp_brand` WHERE ( parent_cat_id>0 )  [ RunTime:0.0001s ]
SQL: SHOW COLUMNS FROM `tp_article_cat` [ RunTime:0.0003s ]
SQL: SELECT `cat_name`,`cat_id` FROM `tp_article_cat` WHERE `show_in_nav` = 1 AND `parent_id` = 0  [ RunTime:0.0001s ]
SQL: SHOW COLUMNS FROM `tp_friend_link` [ RunTime:0.0003s ]
SQL: SELECT * FROM `tp_friend_link` WHERE `is_show` = 1 ORDER BY orderby desc  [ RunTime:0.0001s ]

