[ 2017-07-12T08:29:59+08:00 ] 140.205.205.8 /
INFO: [ app_init ] --START--
INFO: Run Behavior\BuildLiteBehavior [ RunTime:0.000009s ]
INFO: [ app_init ] --END-- [ RunTime:0.000222s ]
INFO: [ app_begin ] --START--
INFO: Run Behavior\ReadHtmlCacheBehavior [ RunTime:0.000332s ]
INFO: [ app_begin ] --END-- [ RunTime:0.000365s ]
SQL: SHOW COLUMNS FROM `tp_config` [ RunTime:0.0005s ]
SQL: SELECT * FROM `tp_config`  [ RunTime:0.0002s ]
SQL: SHOW COLUMNS FROM `tp_goods_category` [ RunTime:0.0004s ]
SQL: SELECT * FROM `tp_goods_category` WHERE ( is_show = 1 ) ORDER BY sort_order  [ RunTime:0.0001s ]
SQL: SHOW COLUMNS FROM `tp_brand` [ RunTime:0.0003s ]
SQL: SELECT `id`,`parent_cat_id`,`logo`,`is_hot` FROM `tp_brand` WHERE ( parent_cat_id>0 )  [ RunTime:0.0001s ]
SQL: SHOW COLUMNS FROM `tp_article_cat` [ RunTime:0.0003s ]
SQL: SELECT `cat_name`,`cat_id` FROM `tp_article_cat` WHERE `show_in_nav` = 1 AND `parent_id` = 0  [ RunTime:0.0001s ]
SQL: SHOW COLUMNS FROM `tp_friend_link` [ RunTime:0.0003s ]
SQL: SELECT * FROM `tp_friend_link` WHERE `is_show` = 1 ORDER BY orderby desc  [ RunTime:0.0001s ]

[ 2017-07-12T08:30:23+08:00 ] 140.205.201.37 /
INFO: [ app_init ] --START--
INFO: Run Behavior\BuildLiteBehavior [ RunTime:0.000010s ]
INFO: [ app_init ] --END-- [ RunTime:0.000219s ]
INFO: [ app_begin ] --START--
INFO: Run Behavior\ReadHtmlCacheBehavior [ RunTime:0.000338s ]
INFO: [ app_begin ] --END-- [ RunTime:0.000371s ]
SQL: SHOW COLUMNS FROM `tp_config` [ RunTime:0.0005s ]
SQL: SELECT * FROM `tp_config`  [ RunTime:0.0002s ]
SQL: SHOW COLUMNS FROM `tp_goods_category` [ RunTime:0.0004s ]
SQL: SELECT * FROM `tp_goods_category` WHERE ( is_show = 1 ) ORDER BY sort_order  [ RunTime:0.0001s ]
SQL: SHOW COLUMNS FROM `tp_brand` [ RunTime:0.0003s ]
SQL: SELECT `id`,`parent_cat_id`,`logo`,`is_hot` FROM `tp_brand` WHERE ( parent_cat_id>0 )  [ RunTime:0.0001s ]
SQL: SHOW COLUMNS FROM `tp_article_cat` [ RunTime:0.0004s ]
SQL: SELECT `cat_name`,`cat_id` FROM `tp_article_cat` WHERE `show_in_nav` = 1 AND `parent_id` = 0  [ RunTime:0.0001s ]
SQL: SHOW COLUMNS FROM `tp_friend_link` [ RunTime:0.0003s ]
SQL: SELECT * FROM `tp_friend_link` WHERE `is_show` = 1 ORDER BY orderby desc  [ RunTime:0.0001s ]

[ 2017-07-12T08:30:28+08:00 ] 140.205.201.37 /editors/index.html
INFO: [ app_init ] --START--
INFO: Run Behavior\BuildLiteBehavior [ RunTime:0.000010s ]
INFO: [ app_init ] --END-- [ RunTime:0.000208s ]
INFO: [ app_begin ] --START--
INFO: Run Behavior\ReadHtmlCacheBehavior [ RunTime:0.000294s ]
INFO: [ app_begin ] --END-- [ RunTime:0.000328s ]
ERR: 无法加载控制器:Editors

[ 2017-07-12T08:33:04+08:00 ] 59.37.205.92 /
INFO: [ app_init ] --START--
INFO: Run Behavior\BuildLiteBehavior [ RunTime:0.000010s ]
INFO: [ app_init ] --END-- [ RunTime:0.000213s ]
INFO: [ app_begin ] --START--
INFO: Run Behavior\ReadHtmlCacheBehavior [ RunTime:0.000347s ]
INFO: [ app_begin ] --END-- [ RunTime:0.000382s ]
SQL: SHOW COLUMNS FROM `tp_config` [ RunTime:0.0005s ]
SQL: SELECT * FROM `tp_config`  [ RunTime:0.0002s ]
SQL: SHOW COLUMNS FROM `tp_goods_category` [ RunTime:0.0004s ]
SQL: SELECT * FROM `tp_goods_category` WHERE ( is_show = 1 ) ORDER BY sort_order  [ RunTime:0.0001s ]
SQL: SHOW COLUMNS FROM `tp_brand` [ RunTime:0.0003s ]
SQL: SELECT `id`,`parent_cat_id`,`logo`,`is_hot` FROM `tp_brand` WHERE ( parent_cat_id>0 )  [ RunTime:0.0001s ]
SQL: SHOW COLUMNS FROM `tp_article_cat` [ RunTime:0.0003s ]
SQL: SELECT `cat_name`,`cat_id` FROM `tp_article_cat` WHERE `show_in_nav` = 1 AND `parent_id` = 0  [ RunTime:0.0001s ]
SQL: SHOW COLUMNS FROM `tp_friend_link` [ RunTime:0.0003s ]
SQL: SELECT * FROM `tp_friend_link` WHERE `is_show` = 1 ORDER BY orderby desc  [ RunTime:0.0001s ]

[ 2017-07-12T10:03:05+08:00 ] 140.207.54.79 /index.php?m=Home&c=Wechat&a=valid&signature=b25d0de73a849a601133a332f8c0d73b1c308213&timestamp=1499824985&nonce=286283159&openid=o6pmpxHBGUQQD0fvjtCt3eKyLe_o
INFO: [ app_init ] --START--
INFO: Run Behavior\BuildLiteBehavior [ RunTime:0.000010s ]
INFO: [ app_init ] --END-- [ RunTime:0.000229s ]
INFO: [ app_begin ] --START--
INFO: Run Behavior\ReadHtmlCacheBehavior [ RunTime:0.000269s ]
INFO: [ app_begin ] --END-- [ RunTime:0.000305s ]
SQL: SHOW COLUMNS FROM `tp_config` [ RunTime:0.0004s ]
SQL: SELECT * FROM `tp_config`  [ RunTime:0.0002s ]
SQL: SHOW COLUMNS FROM `tp_goods_category` [ RunTime:0.0004s ]
SQL: SELECT * FROM `tp_goods_category` WHERE ( is_show = 1 ) ORDER BY sort_order  [ RunTime:0.0001s ]
SQL: SHOW COLUMNS FROM `tp_brand` [ RunTime:0.0004s ]
SQL: SELECT `id`,`parent_cat_id`,`logo`,`is_hot` FROM `tp_brand` WHERE ( parent_cat_id>0 )  [ RunTime:0.0001s ]
SQL: SHOW COLUMNS FROM `tp_article_cat` [ RunTime:0.0003s ]
SQL: SELECT `cat_name`,`cat_id` FROM `tp_article_cat` WHERE `show_in_nav` = 1 AND `parent_id` = 0  [ RunTime:0.0001s ]
SQL: SHOW COLUMNS FROM `tp_friend_link` [ RunTime:0.0003s ]
SQL: SELECT * FROM `tp_friend_link` WHERE `is_show` = 1 ORDER BY orderby desc  [ RunTime:0.0001s ]
NOTIC: [8] Use of undefined constant openAppID - assumed 'openAppID' /data/wwwroot/www.fengzakka.cn/Application/Home/Controller/WechatController.class.php 第 31 行.
NOTIC: [8] Use of undefined constant openAppSecret - assumed 'openAppSecret' /data/wwwroot/www.fengzakka.cn/Application/Home/Controller/WechatController.class.php 第 31 行.
NOTIC: [8] Undefined index: echostr /data/wwwroot/www.fengzakka.cn/Application/Home/Controller/WechatController.class.php 第 41 行.
INFO: [ app_end ] --START--
INFO: Run Behavior\ShowPageTraceBehavior [ RunTime:0.000315s ]
INFO: [ app_end ] --END-- [ RunTime:0.000345s ]

[ 2017-07-12T10:03:06+08:00 ] 113.91.176.26 /
INFO: [ app_init ] --START--
INFO: Run Behavior\BuildLiteBehavior [ RunTime:0.000009s ]
INFO: [ app_init ] --END-- [ RunTime:0.000210s ]
INFO: [ app_begin ] --START--
INFO: Run Behavior\ReadHtmlCacheBehavior [ RunTime:0.000371s ]
INFO: [ app_begin ] --END-- [ RunTime:0.000411s ]
SQL: SHOW COLUMNS FROM `tp_config` [ RunTime:0.0005s ]
SQL: SHOW COLUMNS FROM `tp_goods_category` [ RunTime:0.0004s ]
SQL: SELECT * FROM `tp_goods_category` WHERE ( is_show = 1 ) ORDER BY sort_order  [ RunTime:0.0001s ]
SQL: SHOW COLUMNS FROM `tp_brand` [ RunTime:0.0003s ]
SQL: SHOW COLUMNS FROM `tp_article_cat` [ RunTime:0.0004s ]
SQL: SELECT `cat_name`,`cat_id` FROM `tp_article_cat` WHERE `show_in_nav` = 1 AND `parent_id` = 0  [ RunTime:0.0001s ]
SQL: SHOW COLUMNS FROM `tp_friend_link` [ RunTime:0.0003s ]
SQL: SELECT * FROM `tp_friend_link` WHERE `is_show` = 1 ORDER BY orderby desc  [ RunTime:0.0001s ]

[ 2017-07-12T10:03:16+08:00 ] 101.226.66.187 /
INFO: [ app_init ] --START--
INFO: Run Behavior\BuildLiteBehavior [ RunTime:0.000016s ]
INFO: [ app_init ] --END-- [ RunTime:0.000370s ]
INFO: [ app_begin ] --START--
INFO: Run Behavior\ReadHtmlCacheBehavior [ RunTime:0.000542s ]
INFO: [ app_begin ] --END-- [ RunTime:0.000612s ]
SQL: SHOW COLUMNS FROM `tp_config` [ RunTime:0.0007s ]
SQL: SELECT * FROM `tp_config`  [ RunTime:0.0003s ]
SQL: SHOW COLUMNS FROM `tp_goods_category` [ RunTime:0.0006s ]
SQL: SELECT * FROM `tp_goods_category` WHERE ( is_show = 1 ) ORDER BY sort_order  [ RunTime:0.0002s ]
SQL: SHOW COLUMNS FROM `tp_brand` [ RunTime:0.0006s ]
SQL: SELECT `id`,`parent_cat_id`,`logo`,`is_hot` FROM `tp_brand` WHERE ( parent_cat_id>0 )  [ RunTime:0.0001s ]
SQL: SHOW COLUMNS FROM `tp_article_cat` [ RunTime:0.0005s ]
SQL: SELECT `cat_name`,`cat_id` FROM `tp_article_cat` WHERE `show_in_nav` = 1 AND `parent_id` = 0  [ RunTime:0.0001s ]
SQL: SHOW COLUMNS FROM `tp_friend_link` [ RunTime:0.0005s ]
SQL: SELECT * FROM `tp_friend_link` WHERE `is_show` = 1 ORDER BY orderby desc  [ RunTime:0.0001s ]

[ 2017-07-12T10:29:25+08:00 ] 140.207.54.79 /index.php?m=Home&c=Wechat&a=valid&signature=af900fee9d761a668080e88b9d241b69a84399f2&timestamp=1499826565&nonce=1273956377&openid=o6pmpxEwSLCHOQC9KNwZt0dP3VU8
INFO: [ app_init ] --START--
INFO: Run Behavior\BuildLiteBehavior [ RunTime:0.000010s ]
INFO: [ app_init ] --END-- [ RunTime:0.000209s ]
INFO: [ app_begin ] --START--
INFO: Run Behavior\ReadHtmlCacheBehavior [ RunTime:0.000299s ]
INFO: [ app_begin ] --END-- [ RunTime:0.000335s ]
SQL: SHOW COLUMNS FROM `tp_config` [ RunTime:0.0005s ]
SQL: SELECT * FROM `tp_config`  [ RunTime:0.0002s ]
SQL: SHOW COLUMNS FROM `tp_goods_category` [ RunTime:0.0004s ]
SQL: SELECT * FROM `tp_goods_category` WHERE ( is_show = 1 ) ORDER BY sort_order  [ RunTime:0.0001s ]
SQL: SHOW COLUMNS FROM `tp_brand` [ RunTime:0.0003s ]
SQL: SELECT `id`,`parent_cat_id`,`logo`,`is_hot` FROM `tp_brand` WHERE ( parent_cat_id>0 )  [ RunTime:0.0001s ]
SQL: SHOW COLUMNS FROM `tp_article_cat` [ RunTime:0.0003s ]
SQL: SELECT `cat_name`,`cat_id` FROM `tp_article_cat` WHERE `show_in_nav` = 1 AND `parent_id` = 0  [ RunTime:0.0001s ]
SQL: SHOW COLUMNS FROM `tp_friend_link` [ RunTime:0.0003s ]
SQL: SELECT * FROM `tp_friend_link` WHERE `is_show` = 1 ORDER BY orderby desc  [ RunTime:0.0001s ]
NOTIC: [8] Use of undefined constant openAppID - assumed 'openAppID' /data/wwwroot/www.fengzakka.cn/Application/Home/Controller/WechatController.class.php 第 31 行.
NOTIC: [8] Use of undefined constant openAppSecret - assumed 'openAppSecret' /data/wwwroot/www.fengzakka.cn/Application/Home/Controller/WechatController.class.php 第 31 行.
NOTIC: [8] Undefined index: echostr /data/wwwroot/www.fengzakka.cn/Application/Home/Controller/WechatController.class.php 第 41 行.

[ 2017-07-12T10:29:29+08:00 ] 116.76.137.211 /
INFO: [ app_init ] --START--
INFO: Run Behavior\BuildLiteBehavior [ RunTime:0.000013s ]
INFO: [ app_init ] --END-- [ RunTime:0.000261s ]
INFO: [ app_begin ] --START--
INFO: Run Behavior\ReadHtmlCacheBehavior [ RunTime:0.000320s ]
INFO: [ app_begin ] --END-- [ RunTime:0.000357s ]
SQL: SHOW COLUMNS FROM `tp_config` [ RunTime:0.0026s ]
SQL: SELECT * FROM `tp_config`  [ RunTime:0.0002s ]
SQL: SHOW COLUMNS FROM `tp_goods_category` [ RunTime:0.0004s ]
SQL: SELECT * FROM `tp_goods_category` WHERE ( is_show = 1 ) ORDER BY sort_order  [ RunTime:0.0001s ]
SQL: SHOW COLUMNS FROM `tp_brand` [ RunTime:0.0004s ]
SQL: SELECT `id`,`parent_cat_id`,`logo`,`is_hot` FROM `tp_brand` WHERE ( parent_cat_id>0 )  [ RunTime:0.0001s ]
SQL: SHOW COLUMNS FROM `tp_article_cat` [ RunTime:0.0004s ]
SQL: SELECT `cat_name`,`cat_id` FROM `tp_article_cat` WHERE `show_in_nav` = 1 AND `parent_id` = 0  [ RunTime:0.0001s ]
SQL: SHOW COLUMNS FROM `tp_friend_link` [ RunTime:0.0004s ]
SQL: SELECT * FROM `tp_friend_link` WHERE `is_show` = 1 ORDER BY orderby desc  [ RunTime:0.0001s ]

[ 2017-07-12T14:04:04+08:00 ] 140.207.54.79 /index.php?m=Home&c=Wechat&a=valid&signature=df3a4786583505fcd4acc9329f54c329d2dbb42a&timestamp=1499839444&nonce=62721624&openid=o6pmpxJUA4s-XIx9jqapDDSrDAEo
INFO: [ app_init ] --START--
INFO: Run Behavior\BuildLiteBehavior [ RunTime:0.000013s ]
INFO: [ app_init ] --END-- [ RunTime:0.000290s ]
INFO: [ app_begin ] --START--
INFO: Run Behavior\ReadHtmlCacheBehavior [ RunTime:0.000262s ]
INFO: [ app_begin ] --END-- [ RunTime:0.000299s ]
SQL: SHOW COLUMNS FROM `tp_config` [ RunTime:0.0005s ]
SQL: SELECT * FROM `tp_config`  [ RunTime:0.0002s ]
SQL: SHOW COLUMNS FROM `tp_goods_category` [ RunTime:0.0004s ]
SQL: SELECT * FROM `tp_goods_category` WHERE ( is_show = 1 ) ORDER BY sort_order  [ RunTime:0.0001s ]
SQL: SHOW COLUMNS FROM `tp_brand` [ RunTime:0.0004s ]
SQL: SELECT `id`,`parent_cat_id`,`logo`,`is_hot` FROM `tp_brand` WHERE ( parent_cat_id>0 )  [ RunTime:0.0001s ]
SQL: SHOW COLUMNS FROM `tp_article_cat` [ RunTime:0.0003s ]
SQL: SELECT `cat_name`,`cat_id` FROM `tp_article_cat` WHERE `show_in_nav` = 1 AND `parent_id` = 0  [ RunTime:0.0001s ]
SQL: SHOW COLUMNS FROM `tp_friend_link` [ RunTime:0.0004s ]
SQL: SELECT * FROM `tp_friend_link` WHERE `is_show` = 1 ORDER BY orderby desc  [ RunTime:0.0001s ]
NOTIC: [8] Use of undefined constant openAppID - assumed 'openAppID' /data/wwwroot/www.fengzakka.cn/Application/Home/Controller/WechatController.class.php 第 31 行.
NOTIC: [8] Use of undefined constant openAppSecret - assumed 'openAppSecret' /data/wwwroot/www.fengzakka.cn/Application/Home/Controller/WechatController.class.php 第 31 行.
NOTIC: [8] Undefined index: echostr /data/wwwroot/www.fengzakka.cn/Application/Home/Controller/WechatController.class.php 第 41 行.
INFO: [ app_end ] --START--
INFO: Run Behavior\ShowPageTraceBehavior [ RunTime:0.000423s ]
INFO: [ app_end ] --END-- [ RunTime:0.000462s ]

[ 2017-07-12T14:04:05+08:00 ] 183.11.130.154 /
INFO: [ app_init ] --START--
INFO: Run Behavior\BuildLiteBehavior [ RunTime:0.000011s ]
INFO: [ app_init ] --END-- [ RunTime:0.000214s ]
INFO: [ app_begin ] --START--
INFO: Run Behavior\ReadHtmlCacheBehavior [ RunTime:0.000348s ]
INFO: [ app_begin ] --END-- [ RunTime:0.000382s ]
SQL: SHOW COLUMNS FROM `tp_config` [ RunTime:0.0005s ]
SQL: SHOW COLUMNS FROM `tp_goods_category` [ RunTime:0.0004s ]
SQL: SELECT * FROM `tp_goods_category` WHERE ( is_show = 1 ) ORDER BY sort_order  [ RunTime:0.0001s ]
SQL: SHOW COLUMNS FROM `tp_brand` [ RunTime:0.0004s ]
SQL: SHOW COLUMNS FROM `tp_article_cat` [ RunTime:0.0003s ]
SQL: SELECT `cat_name`,`cat_id` FROM `tp_article_cat` WHERE `show_in_nav` = 1 AND `parent_id` = 0  [ RunTime:0.0001s ]
SQL: SHOW COLUMNS FROM `tp_friend_link` [ RunTime:0.0003s ]
SQL: SELECT * FROM `tp_friend_link` WHERE `is_show` = 1 ORDER BY orderby desc  [ RunTime:0.0001s ]

[ 2017-07-12T14:04:07+08:00 ] 140.207.54.79 /index.php?m=Home&c=Wechat&a=valid&signature=7f4ffdb3cac82e8b533aaa069acde49b6bae4348&timestamp=1499839447&nonce=2076118779&openid=o6pmpxFffq0cHfL5nYdGGoJlhTrM
INFO: [ app_init ] --START--
INFO: Run Behavior\BuildLiteBehavior [ RunTime:0.000010s ]
INFO: [ app_init ] --END-- [ RunTime:0.000236s ]
INFO: [ app_begin ] --START--
INFO: Run Behavior\ReadHtmlCacheBehavior [ RunTime:0.000269s ]
INFO: [ app_begin ] --END-- [ RunTime:0.000311s ]
SQL: SHOW COLUMNS FROM `tp_config` [ RunTime:0.0005s ]
SQL: SELECT * FROM `tp_config`  [ RunTime:0.0002s ]
SQL: SHOW COLUMNS FROM `tp_goods_category` [ RunTime:0.0004s ]
SQL: SELECT * FROM `tp_goods_category` WHERE ( is_show = 1 ) ORDER BY sort_order  [ RunTime:0.0001s ]
SQL: SHOW COLUMNS FROM `tp_brand` [ RunTime:0.0004s ]
SQL: SELECT `id`,`parent_cat_id`,`logo`,`is_hot` FROM `tp_brand` WHERE ( parent_cat_id>0 )  [ RunTime:0.0001s ]
SQL: SHOW COLUMNS FROM `tp_article_cat` [ RunTime:0.0003s ]
SQL: SELECT `cat_name`,`cat_id` FROM `tp_article_cat` WHERE `show_in_nav` = 1 AND `parent_id` = 0  [ RunTime:0.0001s ]
SQL: SHOW COLUMNS FROM `tp_friend_link` [ RunTime:0.0003s ]
SQL: SELECT * FROM `tp_friend_link` WHERE `is_show` = 1 ORDER BY orderby desc  [ RunTime:0.0001s ]
NOTIC: [8] Use of undefined constant openAppID - assumed 'openAppID' /data/wwwroot/www.fengzakka.cn/Application/Home/Controller/WechatController.class.php 第 31 行.
NOTIC: [8] Use of undefined constant openAppSecret - assumed 'openAppSecret' /data/wwwroot/www.fengzakka.cn/Application/Home/Controller/WechatController.class.php 第 31 行.
NOTIC: [8] Undefined index: echostr /data/wwwroot/www.fengzakka.cn/Application/Home/Controller/WechatController.class.php 第 41 行.

[ 2017-07-12T14:04:09+08:00 ] 14.17.37.146 /
INFO: [ app_init ] --START--
INFO: Run Behavior\BuildLiteBehavior [ RunTime:0.000010s ]
INFO: [ app_init ] --END-- [ RunTime:0.000264s ]
INFO: [ app_begin ] --START--
INFO: Run Behavior\ReadHtmlCacheBehavior [ RunTime:0.000316s ]
INFO: [ app_begin ] --END-- [ RunTime:0.000350s ]
SQL: SHOW COLUMNS FROM `tp_config` [ RunTime:0.0004s ]
SQL: SELECT * FROM `tp_config`  [ RunTime:0.0002s ]
SQL: SHOW COLUMNS FROM `tp_goods_category` [ RunTime:0.0003s ]
SQL: SELECT * FROM `tp_goods_category` WHERE ( is_show = 1 ) ORDER BY sort_order  [ RunTime:0.0001s ]
SQL: SHOW COLUMNS FROM `tp_brand` [ RunTime:0.0003s ]
SQL: SELECT `id`,`parent_cat_id`,`logo`,`is_hot` FROM `tp_brand` WHERE ( parent_cat_id>0 )  [ RunTime:0.0001s ]
SQL: SHOW COLUMNS FROM `tp_article_cat` [ RunTime:0.0003s ]
SQL: SELECT `cat_name`,`cat_id` FROM `tp_article_cat` WHERE `show_in_nav` = 1 AND `parent_id` = 0  [ RunTime:0.0001s ]
SQL: SHOW COLUMNS FROM `tp_friend_link` [ RunTime:0.0003s ]
SQL: SELECT * FROM `tp_friend_link` WHERE `is_show` = 1 ORDER BY orderby desc  [ RunTime:0.0001s ]

[ 2017-07-12T14:04:32+08:00 ] 183.61.52.70 /index.php?m=Home&c=Cart&a=header_cart_list
INFO: [ app_init ] --START--
INFO: Run Behavior\BuildLiteBehavior [ RunTime:0.000009s ]
INFO: [ app_init ] --END-- [ RunTime:0.000229s ]
INFO: [ app_begin ] --START--
INFO: Run Behavior\ReadHtmlCacheBehavior [ RunTime:0.000276s ]
INFO: [ app_begin ] --END-- [ RunTime:0.000308s ]
SQL: SHOW COLUMNS FROM `tp_config` [ RunTime:0.0004s ]
SQL: SELECT * FROM `tp_config`  [ RunTime:0.0002s ]
SQL: SHOW COLUMNS FROM `tp_goods_category` [ RunTime:0.0004s ]
SQL: SELECT * FROM `tp_goods_category` WHERE ( is_show = 1 ) ORDER BY sort_order  [ RunTime:0.0001s ]
SQL: SHOW COLUMNS FROM `tp_brand` [ RunTime:0.0004s ]
SQL: SELECT `id`,`parent_cat_id`,`logo`,`is_hot` FROM `tp_brand` WHERE ( parent_cat_id>0 )  [ RunTime:0.0001s ]
SQL: SHOW COLUMNS FROM `tp_article_cat` [ RunTime:0.0003s ]
SQL: SELECT `cat_name`,`cat_id` FROM `tp_article_cat` WHERE `show_in_nav` = 1 AND `parent_id` = 0  [ RunTime:0.0001s ]
SQL: SHOW COLUMNS FROM `tp_friend_link` [ RunTime:0.0003s ]
SQL: SELECT * FROM `tp_friend_link` WHERE `is_show` = 1 ORDER BY orderby desc  [ RunTime:0.0001s ]
SQL: SHOW COLUMNS FROM `tp_cart` [ RunTime:0.0009s ]
SQL: SHOW COLUMNS FROM `tp_users` [ RunTime:0.0005s ]
SQL: SELECT * FROM `tp_users` WHERE ( user_id = 3480 ) LIMIT 1   [ RunTime:0.0003s ]
NOTIC: [8] Use of undefined constant discount - assumed 'discount' /data/wwwroot/www.fengzakka.cn/Application/Home/Controller/CartController.class.php 第 37 行.
NOTIC: [8] Use of undefined constant discount - assumed 'discount' /data/wwwroot/www.fengzakka.cn/Application/Home/Controller/CartController.class.php 第 37 行.
NOTIC: [8] Use of undefined constant discount - assumed 'discount' /data/wwwroot/www.fengzakka.cn/Application/Home/Controller/CartController.class.php 第 37 行.
SQL: SHOW COLUMNS FROM `tp_cart` [ RunTime:0.0004s ]
NOTIC: [8] Use of undefined constant discount - assumed 'discount' /data/wwwroot/www.fengzakka.cn/Application/Home/Controller/CartController.class.php 第 38 行.
NOTIC: [8] Use of undefined constant user_id - assumed 'user_id' /data/wwwroot/www.fengzakka.cn/Application/Home/Controller/CartController.class.php 第 38 行.
SQL: update `tp_cart` set member_goods_price = goods_price * 1.00 where (user_id =3480 or session_id = '8gbutl741p3gmoameel90c2rq5') and prom_type = 0 [ RunTime:0.0008s ]
NOTIC: [8] Use of undefined constant user_id - assumed 'user_id' /data/wwwroot/www.fengzakka.cn/Application/Home/Logic/CartLogic.class.php 第 160 行.
SQL: SELECT * FROM `tp_cart` WHERE (  1 = 1  and user_id = 3480  )  [ RunTime:0.0006s ]
INFO: [ view_begin ] --START--
INFO: Run Home\Behaviors\testBehavior [ RunTime:0.000124s ]
INFO: [ view_begin ] --END-- [ RunTime:0.000150s ]
INFO: [ view_parse ] --START--
INFO: [ template_filter ] --START--
INFO: Run Behavior\ContentReplaceBehavior [ RunTime:0.000031s ]
INFO: [ template_filter ] --END-- [ RunTime:0.000061s ]
NOTIC: [8] Use of undefined constant num - assumed 'num' /data/wwwroot/www.fengzakka.cn/Application/Runtime/Cache/Home/c2c5f09c3b7495f1e5bed3a1b597e8ef.php 第 35 行.
NOTIC: [8] Use of undefined constant total_fee - assumed 'total_fee' /data/wwwroot/www.fengzakka.cn/Application/Runtime/Cache/Home/c2c5f09c3b7495f1e5bed3a1b597e8ef.php 第 35 行.
NOTIC: [8] Use of undefined constant anum - assumed 'anum' /data/wwwroot/www.fengzakka.cn/Application/Runtime/Cache/Home/c2c5f09c3b7495f1e5bed3a1b597e8ef.php 第 39 行.
NOTIC: [8] Undefined index: anum /data/wwwroot/www.fengzakka.cn/Application/Runtime/Cache/Home/c2c5f09c3b7495f1e5bed3a1b597e8ef.php 第 39 行.
INFO: Run Behavior\ParseTemplateBehavior [ RunTime:0.004370s ]
INFO: [ view_parse ] --END-- [ RunTime:0.004392s ]
INFO: [ view_filter ] --START--
INFO: Run Behavior\WriteHtmlCacheBehavior [ RunTime:0.000087s ]
INFO: Run Behavior\TokenBuildBehavior [ RunTime:0.000176s ]
INFO: [ view_filter ] --END-- [ RunTime:0.000296s ]
INFO: [ app_end ] --START--
INFO: Run Behavior\ShowPageTraceBehavior [ RunTime:0.000327s ]
INFO: [ app_end ] --END-- [ RunTime:0.000354s ]

[ 2017-07-12T16:38:25+08:00 ] 140.205.201.45 /
INFO: [ app_init ] --START--
INFO: Run Behavior\BuildLiteBehavior [ RunTime:0.000010s ]
INFO: [ app_init ] --END-- [ RunTime:0.000224s ]
INFO: [ app_begin ] --START--
INFO: Run Behavior\ReadHtmlCacheBehavior [ RunTime:0.000315s ]
INFO: [ app_begin ] --END-- [ RunTime:0.000348s ]
SQL: SHOW COLUMNS FROM `tp_config` [ RunTime:0.0004s ]
SQL: SELECT * FROM `tp_config`  [ RunTime:0.0002s ]
SQL: SHOW COLUMNS FROM `tp_goods_category` [ RunTime:0.0004s ]
SQL: SELECT * FROM `tp_goods_category` WHERE ( is_show = 1 ) ORDER BY sort_order  [ RunTime:0.0001s ]
SQL: SHOW COLUMNS FROM `tp_brand` [ RunTime:0.0004s ]
SQL: SELECT `id`,`parent_cat_id`,`logo`,`is_hot` FROM `tp_brand` WHERE ( parent_cat_id>0 )  [ RunTime:0.0001s ]
SQL: SHOW COLUMNS FROM `tp_article_cat` [ RunTime:0.0003s ]
SQL: SELECT `cat_name`,`cat_id` FROM `tp_article_cat` WHERE `show_in_nav` = 1 AND `parent_id` = 0  [ RunTime:0.0001s ]
SQL: SHOW COLUMNS FROM `tp_friend_link` [ RunTime:0.0003s ]
SQL: SELECT * FROM `tp_friend_link` WHERE `is_show` = 1 ORDER BY orderby desc  [ RunTime:0.0001s ]

[ 2017-07-12T16:38:30+08:00 ] 140.205.201.45 /editors/index.html
INFO: [ app_init ] --START--
INFO: Run Behavior\BuildLiteBehavior [ RunTime:0.000010s ]
INFO: [ app_init ] --END-- [ RunTime:0.000214s ]
INFO: [ app_begin ] --START--
INFO: Run Behavior\ReadHtmlCacheBehavior [ RunTime:0.000318s ]
INFO: [ app_begin ] --END-- [ RunTime:0.000351s ]
ERR: 无法加载控制器:Editors

[ 2017-07-12T16:39:06+08:00 ] 140.205.201.45 /LICENSE.txt
INFO: [ app_init ] --START--
INFO: Run Behavior\BuildLiteBehavior [ RunTime:0.000010s ]
INFO: [ app_init ] --END-- [ RunTime:0.000210s ]
INFO: [ app_begin ] --START--
INFO: Run Behavior\ReadHtmlCacheBehavior [ RunTime:0.000301s ]
INFO: [ app_begin ] --END-- [ RunTime:0.000335s ]
ERR: 无法加载控制器:LICENSE.txt

[ 2017-07-12T16:39:08+08:00 ] 140.205.201.45 /extensions/kindeditor/themes/default/default.png)
INFO: [ app_init ] --START--
INFO: Run Behavior\BuildLiteBehavior [ RunTime:0.000009s ]
INFO: [ app_init ] --END-- [ RunTime:0.000214s ]
NOTIC: [2] preg_replace(): Compilation failed: unmatched parentheses at offset 5 /data/wwwroot/www.fengzakka.cn/ThinkPHP/Library/Think/Dispatcher.class.php 第 127 行.
INFO: [ app_begin ] --START--
INFO: Run Behavior\ReadHtmlCacheBehavior [ RunTime:0.000280s ]
INFO: [ app_begin ] --END-- [ RunTime:0.000314s ]
ERR: 无法加载控制器:Extensions

[ 2017-07-12T22:52:07+08:00 ] 64.246.165.200 /
INFO: [ app_init ] --START--
INFO: Run Behavior\BuildLiteBehavior [ RunTime:0.000010s ]
INFO: [ app_init ] --END-- [ RunTime:0.000211s ]
INFO: [ app_begin ] --START--
INFO: Run Behavior\ReadHtmlCacheBehavior [ RunTime:0.000374s ]
INFO: [ app_begin ] --END-- [ RunTime:0.000410s ]
SQL: SHOW COLUMNS FROM `tp_config` [ RunTime:0.0004s ]
SQL: SELECT * FROM `tp_config`  [ RunTime:0.0002s ]
SQL: SHOW COLUMNS FROM `tp_goods_category` [ RunTime:0.0004s ]
SQL: SELECT * FROM `tp_goods_category` WHERE ( is_show = 1 ) ORDER BY sort_order  [ RunTime:0.0001s ]
SQL: SHOW COLUMNS FROM `tp_brand` [ RunTime:0.0003s ]
SQL: SELECT `id`,`parent_cat_id`,`logo`,`is_hot` FROM `tp_brand` WHERE ( parent_cat_id>0 )  [ RunTime:0.0001s ]
SQL: SHOW COLUMNS FROM `tp_article_cat` [ RunTime:0.0004s ]
SQL: SELECT `cat_name`,`cat_id` FROM `tp_article_cat` WHERE `show_in_nav` = 1 AND `parent_id` = 0  [ RunTime:0.0001s ]
SQL: SHOW COLUMNS FROM `tp_friend_link` [ RunTime:0.0003s ]
SQL: SELECT * FROM `tp_friend_link` WHERE `is_show` = 1 ORDER BY orderby desc  [ RunTime:0.0001s ]

