[ 2017-08-06T14:12:27+08:00 ] 117.136.79.154 /Admin/Admin/login
INFO: [ app_init ] --START--
INFO: Run Behavior\BuildLiteBehavior [ RunTime:0.000025s ]
INFO: [ app_init ] --END-- [ RunTime:0.000227s ]
INFO: [ app_begin ] --START--
INFO: Run Behavior\ReadHtmlCacheBehavior [ RunTime:0.000270s ]
INFO: [ app_begin ] --END-- [ RunTime:0.000304s ]
SQL: SHOW COLUMNS FROM `tp_config` [ RunTime:0.0005s ]
SQL: SELECT * FROM `tp_config`  [ RunTime:0.0001s ]
NOTIC: [8] Undefined index: login /data/wwwroot/www.fengzakka.cn/Application/Admin/Common/function.php 第 69 行.
INFO: [ view_begin ] --START--
INFO: Run Home\Behaviors\testBehavior [ RunTime:0.000265s ]
INFO: [ view_begin ] --END-- [ RunTime:0.000320s ]
INFO: [ view_parse ] --START--
INFO: [ template_filter ] --START--
INFO: Run Behavior\ContentReplaceBehavior [ RunTime:0.000037s ]
INFO: [ template_filter ] --END-- [ RunTime:0.000069s ]
INFO: Run Behavior\ParseTemplateBehavior [ RunTime:0.004685s ]
INFO: [ view_parse ] --END-- [ RunTime:0.004716s ]
INFO: [ view_filter ] --START--
INFO: Run Behavior\WriteHtmlCacheBehavior [ RunTime:0.000104s ]
INFO: Run Behavior\TokenBuildBehavior [ RunTime:0.000266s ]
INFO: [ view_filter ] --END-- [ RunTime:0.000414s ]
INFO: [ app_end ] --START--
INFO: Run Behavior\ShowPageTraceBehavior [ RunTime:0.000307s ]
INFO: [ app_end ] --END-- [ RunTime:0.000336s ]

[ 2017-08-06T14:12:27+08:00 ] 117.136.79.154 /Admin/Admin/vertify
INFO: [ app_init ] --START--
INFO: Run Behavior\BuildLiteBehavior [ RunTime:0.000009s ]
INFO: [ app_init ] --END-- [ RunTime:0.000210s ]
INFO: [ app_begin ] --START--
INFO: Run Behavior\ReadHtmlCacheBehavior [ RunTime:0.000267s ]
INFO: [ app_begin ] --END-- [ RunTime:0.000301s ]
SQL: SHOW COLUMNS FROM `tp_config` [ RunTime:0.0005s ]
SQL: SELECT * FROM `tp_config`  [ RunTime:0.0002s ]
NOTIC: [8] Undefined index: vertify /data/wwwroot/www.fengzakka.cn/Application/Admin/Common/function.php 第 69 行.
INFO: [ app_end ] --START--
INFO: Run Behavior\ShowPageTraceBehavior [ RunTime:0.000299s ]
INFO: [ app_end ] --END-- [ RunTime:0.000340s ]

[ 2017-08-06T14:12:37+08:00 ] 101.226.33.237 /Admin/Admin/login
INFO: [ app_init ] --START--
INFO: Run Behavior\BuildLiteBehavior [ RunTime:0.000010s ]
INFO: [ app_init ] --END-- [ RunTime:0.000225s ]
INFO: [ app_begin ] --START--
INFO: Run Behavior\ReadHtmlCacheBehavior [ RunTime:0.000303s ]
INFO: [ app_begin ] --END-- [ RunTime:0.000337s ]
SQL: SHOW COLUMNS FROM `tp_config` [ RunTime:0.0004s ]
SQL: SELECT * FROM `tp_config`  [ RunTime:0.0002s ]
NOTIC: [8] Undefined index: login /data/wwwroot/www.fengzakka.cn/Application/Admin/Common/function.php 第 69 行.
INFO: [ view_begin ] --START--
INFO: Run Home\Behaviors\testBehavior [ RunTime:0.000227s ]
INFO: [ view_begin ] --END-- [ RunTime:0.000283s ]
INFO: [ view_parse ] --START--
INFO: [ template_filter ] --START--
INFO: Run Behavior\ContentReplaceBehavior [ RunTime:0.000034s ]
INFO: [ template_filter ] --END-- [ RunTime:0.000066s ]
INFO: Run Behavior\ParseTemplateBehavior [ RunTime:0.004470s ]
INFO: [ view_parse ] --END-- [ RunTime:0.004500s ]
INFO: [ view_filter ] --START--
INFO: Run Behavior\WriteHtmlCacheBehavior [ RunTime:0.000102s ]
INFO: Run Behavior\TokenBuildBehavior [ RunTime:0.000201s ]
INFO: [ view_filter ] --END-- [ RunTime:0.000340s ]
INFO: [ app_end ] --START--
INFO: Run Behavior\ShowPageTraceBehavior [ RunTime:0.000372s ]
INFO: [ app_end ] --END-- [ RunTime:0.000401s ]

[ 2017-08-06T14:12:42+08:00 ] 117.136.79.154 /Admin/Admin/login
INFO: [ app_init ] --START--
INFO: Run Behavior\BuildLiteBehavior [ RunTime:0.000010s ]
INFO: [ app_init ] --END-- [ RunTime:0.000235s ]
INFO: [ app_begin ] --START--
INFO: Run Behavior\ReadHtmlCacheBehavior [ RunTime:0.000270s ]
INFO: [ app_begin ] --END-- [ RunTime:0.000304s ]
SQL: SHOW COLUMNS FROM `tp_config` [ RunTime:0.0005s ]
SQL: SELECT * FROM `tp_config`  [ RunTime:0.0002s ]
NOTIC: [8] Undefined index: login /data/wwwroot/www.fengzakka.cn/Application/Admin/Common/function.php 第 69 行.
INFO: [ view_begin ] --START--
INFO: Run Home\Behaviors\testBehavior [ RunTime:0.000130s ]
INFO: [ view_begin ] --END-- [ RunTime:0.000159s ]
INFO: [ view_parse ] --START--
INFO: [ template_filter ] --START--
INFO: Run Behavior\ContentReplaceBehavior [ RunTime:0.000028s ]
INFO: [ template_filter ] --END-- [ RunTime:0.000059s ]
INFO: Run Behavior\ParseTemplateBehavior [ RunTime:0.004057s ]
INFO: [ view_parse ] --END-- [ RunTime:0.004084s ]
INFO: [ view_filter ] --START--
INFO: Run Behavior\WriteHtmlCacheBehavior [ RunTime:0.000087s ]
INFO: Run Behavior\TokenBuildBehavior [ RunTime:0.000178s ]
INFO: [ view_filter ] --END-- [ RunTime:0.000304s ]
INFO: [ app_end ] --START--
INFO: Run Behavior\ShowPageTraceBehavior [ RunTime:0.000268s ]
INFO: [ app_end ] --END-- [ RunTime:0.000294s ]

[ 2017-08-06T14:12:43+08:00 ] 117.136.79.154 /Admin/Admin/vertify
INFO: [ app_init ] --START--
INFO: Run Behavior\BuildLiteBehavior [ RunTime:0.000010s ]
INFO: [ app_init ] --END-- [ RunTime:0.000211s ]
INFO: [ app_begin ] --START--
INFO: Run Behavior\ReadHtmlCacheBehavior [ RunTime:0.000340s ]
INFO: [ app_begin ] --END-- [ RunTime:0.000375s ]
SQL: SHOW COLUMNS FROM `tp_config` [ RunTime:0.0005s ]
SQL: SELECT * FROM `tp_config`  [ RunTime:0.0002s ]
NOTIC: [8] Undefined index: vertify /data/wwwroot/www.fengzakka.cn/Application/Admin/Common/function.php 第 69 行.
INFO: [ app_end ] --START--
INFO: Run Behavior\ShowPageTraceBehavior [ RunTime:0.000326s ]
INFO: [ app_end ] --END-- [ RunTime:0.000363s ]

[ 2017-08-06T14:13:55+08:00 ] 117.136.79.154 /Admin/Admin/login?t=0.48067259965933495
INFO: [ app_init ] --START--
INFO: Run Behavior\BuildLiteBehavior [ RunTime:0.000010s ]
INFO: [ app_init ] --END-- [ RunTime:0.000254s ]
INFO: [ app_begin ] --START--
INFO: Run Behavior\ReadHtmlCacheBehavior [ RunTime:0.000291s ]
INFO: [ app_begin ] --END-- [ RunTime:0.000331s ]
SQL: SHOW COLUMNS FROM `tp_config` [ RunTime:0.0005s ]
SQL: SELECT * FROM `tp_config`  [ RunTime:0.0002s ]
NOTIC: [8] Undefined index: login /data/wwwroot/www.fengzakka.cn/Application/Admin/Common/function.php 第 69 行.
SQL: SHOW COLUMNS FROM `tp_admin` [ RunTime:0.0005s ]
SQL: SELECT * FROM `tp_admin` INNER JOIN tp_admin_role ON tp_admin.role_id=tp_admin_role.role_id  WHERE `user_name` = 'admin' AND `password` = 'c65720e5410e6753aeedab477d024bd4' LIMIT 1   [ RunTime:0.0003s ]
SQL: SHOW COLUMNS FROM `tp_admin_log` [ RunTime:0.0004s ]
SQL: SELECT `log_time` FROM `tp_admin_log` WHERE ( admin_id = 1 and log_info = '后台登录' ) ORDER BY log_id desc LIMIT 1   [ RunTime:0.0002s ]
SQL: UPDATE `tp_admin` SET `last_login`='1502000035',`last_ip`='117.136.79.154' WHERE ( admin_id = 1 ) [ RunTime:0.0003s ]
SQL: INSERT INTO `tp_admin_log` (`log_time`,`admin_id`,`log_info`,`log_ip`,`log_url`) VALUES ('1502000035','1','后台登录','117.136.79.154','/Admin/Admin/login') [ RunTime:0.0002s ]

[ 2017-08-06T14:13:55+08:00 ] 117.136.79.154 /Admin/index/index
INFO: [ app_init ] --START--
INFO: Run Behavior\BuildLiteBehavior [ RunTime:0.000010s ]
INFO: [ app_init ] --END-- [ RunTime:0.000269s ]
INFO: [ app_begin ] --START--
INFO: Run Behavior\ReadHtmlCacheBehavior [ RunTime:0.000306s ]
INFO: [ app_begin ] --END-- [ RunTime:0.000340s ]
SQL: SHOW COLUMNS FROM `tp_config` [ RunTime:0.0004s ]
SQL: SELECT * FROM `tp_config`  [ RunTime:0.0001s ]
SQL: SHOW COLUMNS FROM `tp_admin` [ RunTime:0.0005s ]
SQL: SELECT * FROM `tp_admin` WHERE ( admin_id=1 ) LIMIT 1   [ RunTime:0.0003s ]
SQL: SHOW COLUMNS FROM `tp_order` [ RunTime:0.0005s ]
SQL: SELECT COUNT(*) AS tp_count FROM `tp_order` WHERE ( order_status=0 and (pay_status=1 or pay_code='cod') ) LIMIT 1   [ RunTime:0.0001s ]
INFO: [ view_begin ] --START--
INFO: Run Home\Behaviors\testBehavior [ RunTime:0.000127s ]
INFO: [ view_begin ] --END-- [ RunTime:0.000154s ]
INFO: [ view_parse ] --START--
INFO: [ template_filter ] --START--
INFO: Run Behavior\ContentReplaceBehavior [ RunTime:0.000047s ]
INFO: [ template_filter ] --END-- [ RunTime:0.000081s ]
INFO: Run Behavior\ParseTemplateBehavior [ RunTime:0.008543s ]
INFO: [ view_parse ] --END-- [ RunTime:0.008579s ]
INFO: [ view_filter ] --START--
INFO: Run Behavior\WriteHtmlCacheBehavior [ RunTime:0.000091s ]
INFO: Run Behavior\TokenBuildBehavior [ RunTime:0.000315s ]
INFO: [ view_filter ] --END-- [ RunTime:0.000447s ]
INFO: [ app_end ] --START--
INFO: Run Behavior\ShowPageTraceBehavior [ RunTime:0.000308s ]
INFO: [ app_end ] --END-- [ RunTime:0.000336s ]

[ 2017-08-06T14:13:55+08:00 ] 117.136.79.154 /Admin/System/login_task
INFO: [ app_init ] --START--
INFO: Run Behavior\BuildLiteBehavior [ RunTime:0.000010s ]
INFO: [ app_init ] --END-- [ RunTime:0.000273s ]
INFO: [ app_begin ] --START--
INFO: Run Behavior\ReadHtmlCacheBehavior [ RunTime:0.000282s ]
INFO: [ app_begin ] --END-- [ RunTime:0.000342s ]
SQL: SHOW COLUMNS FROM `tp_config` [ RunTime:0.0004s ]
SQL: SELECT * FROM `tp_config`  [ RunTime:0.0002s ]
NOTIC: [8] Undefined index: login_task /data/wwwroot/www.fengzakka.cn/Application/Admin/Common/function.php 第 69 行.
SQL: SHOW COLUMNS FROM `tp_cart` [ RunTime:0.0004s ]
SQL: DELETE FROM `tp_cart` WHERE ( user_id = 0 and  add_time < 1501996435 ) [ RunTime:0.0008s ]
SQL: SHOW COLUMNS FROM `tp_order` [ RunTime:0.0005s ]
SQL: SELECT `order_id` FROM `tp_order` WHERE ( order_status = 1 and shipping_status = 1 and (1502000035 - shipping_time) >  86400 )  [ RunTime:0.0002s ]
NOTIC: [2] Invalid argument supplied for foreach() /data/wwwroot/www.fengzakka.cn/Application/Admin/Controller/SystemController.class.php 第 247 行.
INFO: [ app_end ] --START--
INFO: Run Behavior\ShowPageTraceBehavior [ RunTime:0.000293s ]
INFO: [ app_end ] --END-- [ RunTime:0.000322s ]

[ 2017-08-06T14:13:55+08:00 ] 117.136.79.154 /Admin/Index/welcome
INFO: [ app_init ] --START--
INFO: Run Behavior\BuildLiteBehavior [ RunTime:0.000009s ]
INFO: [ app_init ] --END-- [ RunTime:0.000200s ]
INFO: [ app_begin ] --START--
INFO: Run Behavior\ReadHtmlCacheBehavior [ RunTime:0.000268s ]
INFO: [ app_begin ] --END-- [ RunTime:0.000301s ]
SQL: SHOW COLUMNS FROM `tp_config` [ RunTime:0.0004s ]
SQL: SELECT * FROM `tp_config`  [ RunTime:0.0002s ]
NOTIC: [8] Undefined index: welcome /data/wwwroot/www.fengzakka.cn/Application/Admin/Common/function.php 第 69 行.
SQL: SELECT VERSION() as version [ RunTime:0.0001s ]
SQL: SHOW COLUMNS FROM `tp_order` [ RunTime:0.0005s ]
SQL: SELECT COUNT(*) AS tp_count FROM `tp_order` WHERE ( order_status=0 and (pay_status=1 or pay_code='cod') ) LIMIT 1   [ RunTime:0.0001s ]
SQL: SELECT COUNT(*) AS tp_count FROM `tp_order` WHERE ( add_time>1501913635 ) LIMIT 1   [ RunTime:0.0002s ]
SQL: SHOW COLUMNS FROM `tp_goods` [ RunTime:0.0005s ]
SQL: SELECT COUNT(*) AS tp_count FROM `tp_goods` WHERE ( 1=1 ) LIMIT 1   [ RunTime:0.0002s ]
SQL: SHOW COLUMNS FROM `tp_article` [ RunTime:0.0004s ]
SQL: SELECT COUNT(*) AS tp_count FROM `tp_article` WHERE ( 1=1 ) LIMIT 1   [ RunTime:0.0001s ]
SQL: SHOW COLUMNS FROM `tp_users` [ RunTime:0.0005s ]
SQL: SELECT COUNT(*) AS tp_count FROM `tp_users` WHERE ( 1=1 ) LIMIT 1   [ RunTime:0.0002s ]
SQL: SELECT COUNT(*) AS tp_count FROM `tp_users` WHERE ( last_login>1501913635 ) LIMIT 1   [ RunTime:0.0002s ]
SQL: SELECT COUNT(*) AS tp_count FROM `tp_users` WHERE ( reg_time>1501913635 ) LIMIT 1   [ RunTime:0.0002s ]
SQL: SHOW COLUMNS FROM `tp_comment` [ RunTime:0.0005s ]
SQL: SELECT COUNT(*) AS tp_count FROM `tp_comment` WHERE ( is_show=0 ) LIMIT 1   [ RunTime:0.0001s ]
SQL: SHOW COLUMNS FROM `tp_consult` [ RunTime:0.0003s ]
SQL: SELECT COUNT(*) AS tp_count FROM `tp_consult` WHERE ( is_show=0 ) LIMIT 1   [ RunTime:0.0001s ]
INFO: [ view_begin ] --START--
INFO: Run Home\Behaviors\testBehavior [ RunTime:0.000131s ]
INFO: [ view_begin ] --END-- [ RunTime:0.000158s ]
INFO: [ view_parse ] --START--
INFO: [ template_filter ] --START--
INFO: Run Behavior\ContentReplaceBehavior [ RunTime:0.000043s ]
INFO: [ template_filter ] --END-- [ RunTime:0.000074s ]
INFO: Run Behavior\ParseTemplateBehavior [ RunTime:0.006774s ]
INFO: [ view_parse ] --END-- [ RunTime:0.006807s ]
INFO: [ view_filter ] --START--
INFO: Run Behavior\WriteHtmlCacheBehavior [ RunTime:0.000103s ]
INFO: Run Behavior\TokenBuildBehavior [ RunTime:0.000224s ]
INFO: [ view_filter ] --END-- [ RunTime:0.000371s ]
INFO: [ app_end ] --START--
INFO: Run Behavior\ShowPageTraceBehavior [ RunTime:0.000293s ]
INFO: [ app_end ] --END-- [ RunTime:0.000329s ]

[ 2017-08-06T14:14:05+08:00 ] 101.226.99.197 /Admin/index/index
INFO: [ app_init ] --START--
INFO: Run Behavior\BuildLiteBehavior [ RunTime:0.000010s ]
INFO: [ app_init ] --END-- [ RunTime:0.000252s ]
INFO: [ app_begin ] --START--
INFO: Run Behavior\ReadHtmlCacheBehavior [ RunTime:0.000296s ]
INFO: [ app_begin ] --END-- [ RunTime:0.000329s ]
INFO: [ view_begin ] --START--
INFO: Run Home\Behaviors\testBehavior [ RunTime:0.000119s ]
INFO: [ view_begin ] --END-- [ RunTime:0.000152s ]
INFO: [ view_parse ] --START--
INFO: [ template_filter ] --START--
INFO: Run Behavior\ContentReplaceBehavior [ RunTime:0.000024s ]
INFO: [ template_filter ] --END-- [ RunTime:0.000055s ]
INFO: Run Behavior\ParseTemplateBehavior [ RunTime:0.003976s ]
INFO: [ view_parse ] --END-- [ RunTime:0.004005s ]
INFO: [ view_filter ] --START--
INFO: Run Behavior\WriteHtmlCacheBehavior [ RunTime:0.000084s ]
INFO: Run Behavior\TokenBuildBehavior [ RunTime:0.000173s ]
INFO: [ view_filter ] --END-- [ RunTime:0.000293s ]

[ 2017-08-06T14:16:16+08:00 ] 117.136.79.154 /Admin/Goods/categoryList
INFO: [ app_init ] --START--
INFO: Run Behavior\BuildLiteBehavior [ RunTime:0.000010s ]
INFO: [ app_init ] --END-- [ RunTime:0.000239s ]
INFO: [ app_begin ] --START--
INFO: Run Behavior\ReadHtmlCacheBehavior [ RunTime:0.000274s ]
INFO: [ app_begin ] --END-- [ RunTime:0.000309s ]
SQL: SHOW COLUMNS FROM `tp_config` [ RunTime:0.0005s ]
SQL: SELECT * FROM `tp_config`  [ RunTime:0.0002s ]
SQL: SHOW COLUMNS FROM `tp_goods` [ RunTime:0.0005s ]
SQL: SHOW COLUMNS FROM `tp_goods_category` [ RunTime:0.0004s ]
SQL: SELECT * FROM  tp_goods_category ORDER BY parent_id , sort_order ASC [ RunTime:0.0001s ]
INFO: [ view_begin ] --START--
INFO: Run Home\Behaviors\testBehavior [ RunTime:0.000125s ]
INFO: [ view_begin ] --END-- [ RunTime:0.000157s ]
INFO: [ view_parse ] --START--
INFO: [ template_filter ] --START--
INFO: Run Behavior\ContentReplaceBehavior [ RunTime:0.000045s ]
INFO: [ template_filter ] --END-- [ RunTime:0.000079s ]
NOTIC: [8] Use of undefined constant level - assumed 'level' /data/wwwroot/www.fengzakka.cn/Application/Runtime/Cache/Admin/83974538ecda025b39358b0db8629987.php 第 160 行.
NOTIC: [8] Use of undefined constant level - assumed 'level' /data/wwwroot/www.fengzakka.cn/Application/Runtime/Cache/Admin/83974538ecda025b39358b0db8629987.php 第 162 行.
NOTIC: [8] Use of undefined constant is_hot - assumed 'is_hot' /data/wwwroot/www.fengzakka.cn/Application/Runtime/Cache/Admin/83974538ecda025b39358b0db8629987.php 第 168 行.
NOTIC: [8] Use of undefined constant is_show - assumed 'is_show' /data/wwwroot/www.fengzakka.cn/Application/Runtime/Cache/Admin/83974538ecda025b39358b0db8629987.php 第 171 行.
NOTIC: [8] Use of undefined constant level - assumed 'level' /data/wwwroot/www.fengzakka.cn/Application/Runtime/Cache/Admin/83974538ecda025b39358b0db8629987.php 第 160 行.
NOTIC: [8] Use of undefined constant level - assumed 'level' /data/wwwroot/www.fengzakka.cn/Application/Runtime/Cache/Admin/83974538ecda025b39358b0db8629987.php 第 162 行.
NOTIC: [8] Undefined index: have_son /data/wwwroot/www.fengzakka.cn/Application/Runtime/Cache/Admin/83974538ecda025b39358b0db8629987.php 第 163 行.
NOTIC: [8] Use of undefined constant is_hot - assumed 'is_hot' /data/wwwroot/www.fengzakka.cn/Application/Runtime/Cache/Admin/83974538ecda025b39358b0db8629987.php 第 168 行.
NOTIC: [8] Use of undefined constant is_show - assumed 'is_show' /data/wwwroot/www.fengzakka.cn/Application/Runtime/Cache/Admin/83974538ecda025b39358b0db8629987.php 第 171 行.
NOTIC: [8] Use of undefined constant level - assumed 'level' /data/wwwroot/www.fengzakka.cn/Application/Runtime/Cache/Admin/83974538ecda025b39358b0db8629987.php 第 160 行.
NOTIC: [8] Use of undefined constant level - assumed 'level' /data/wwwroot/www.fengzakka.cn/Application/Runtime/Cache/Admin/83974538ecda025b39358b0db8629987.php 第 162 行.
NOTIC: [8] Undefined index: have_son /data/wwwroot/www.fengzakka.cn/Application/Runtime/Cache/Admin/83974538ecda025b39358b0db8629987.php 第 163 行.
NOTIC: [8] Use of undefined constant is_hot - assumed 'is_hot' /data/wwwroot/www.fengzakka.cn/Application/Runtime/Cache/Admin/83974538ecda025b39358b0db8629987.php 第 168 行.
NOTIC: [8] Use of undefined constant is_show - assumed 'is_show' /data/wwwroot/www.fengzakka.cn/Application/Runtime/Cache/Admin/83974538ecda025b39358b0db8629987.php 第 171 行.
NOTIC: [8] Use of undefined constant level - assumed 'level' /data/wwwroot/www.fengzakka.cn/Application/Runtime/Cache/Admin/83974538ecda025b39358b0db8629987.php 第 160 行.
NOTIC: [8] Use of undefined constant level - assumed 'level' /data/wwwroot/www.fengzakka.cn/Application/Runtime/Cache/Admin/83974538ecda025b39358b0db8629987.php 第 162 行.
NOTIC: [8] Undefined index: have_son /data/wwwroot/www.fengzakka.cn/Application/Runtime/Cache/Admin/83974538ecda025b39358b0db8629987.php 第 163 行.
NOTIC: [8] Use of undefined constant is_hot - assumed 'is_hot' /data/wwwroot/www.fengzakka.cn/Application/Runtime/Cache/Admin/83974538ecda025b39358b0db8629987.php 第 168 行.
NOTIC: [8] Use of undefined constant is_show - assumed 'is_show' /data/wwwroot/www.fengzakka.cn/Application/Runtime/Cache/Admin/83974538ecda025b39358b0db8629987.php 第 171 行.
NOTIC: [8] Use of undefined constant level - assumed 'level' /data/wwwroot/www.fengzakka.cn/Application/Runtime/Cache/Admin/83974538ecda025b39358b0db8629987.php 第 160 行.
NOTIC: [8] Use of undefined constant level - assumed 'level' /data/wwwroot/www.fengzakka.cn/Application/Runtime/Cache/Admin/83974538ecda025b39358b0db8629987.php 第 162 行.
NOTIC: [8] Use of undefined constant is_hot - assumed 'is_hot' /data/wwwroot/www.fengzakka.cn/Application/Runtime/Cache/Admin/83974538ecda025b39358b0db8629987.php 第 168 行.
NOTIC: [8] Use of undefined constant is_show - assumed 'is_show' /data/wwwroot/www.fengzakka.cn/Application/Runtime/Cache/Admin/83974538ecda025b39358b0db8629987.php 第 171 行.
NOTIC: [8] Use of undefined constant level - assumed 'level' /data/wwwroot/www.fengzakka.cn/Application/Runtime/Cache/Admin/83974538ecda025b39358b0db8629987.php 第 160 行.
NOTIC: [8] Use of undefined constant level - assumed 'level' /data/wwwroot/www.fengzakka.cn/Application/Runtime/Cache/Admin/83974538ecda025b39358b0db8629987.php 第 162 行.
NOTIC: [8] Undefined index: have_son /data/wwwroot/www.fengzakka.cn/Application/Runtime/Cache/Admin/83974538ecda025b39358b0db8629987.php 第 163 行.
NOTIC: [8] Use of undefined constant is_hot - assumed 'is_hot' /data/wwwroot/www.fengzakka.cn/Application/Runtime/Cache/Admin/83974538ecda025b39358b0db8629987.php 第 168 行.
NOTIC: [8] Use of undefined constant is_show - assumed 'is_show' /data/wwwroot/www.fengzakka.cn/Application/Runtime/Cache/Admin/83974538ecda025b39358b0db8629987.php 第 171 行.
NOTIC: [8] Use of undefined constant level - assumed 'level' /data/wwwroot/www.fengzakka.cn/Application/Runtime/Cache/Admin/83974538ecda025b39358b0db8629987.php 第 160 行.
NOTIC: [8] Use of undefined constant level - assumed 'level' /data/wwwroot/www.fengzakka.cn/Application/Runtime/Cache/Admin/83974538ecda025b39358b0db8629987.php 第 162 行.
NOTIC: [8] Undefined index: have_son /data/wwwroot/www.fengzakka.cn/Application/Runtime/Cache/Admin/83974538ecda025b39358b0db8629987.php 第 163 行.
NOTIC: [8] Use of undefined constant is_hot - assumed 'is_hot' /data/wwwroot/www.fengzakka.cn/Application/Runtime/Cache/Admin/83974538ecda025b39358b0db8629987.php 第 168 行.
NOTIC: [8] Use of undefined constant is_show - assumed 'is_show' /data/wwwroot/www.fengzakka.cn/Application/Runtime/Cache/Admin/83974538ecda025b39358b0db8629987.php 第 171 行.
NOTIC: [8] Use of undefined constant level - assumed 'level' /data/wwwroot/www.fengzakka.cn/Application/Runtime/Cache/Admin/83974538ecda025b39358b0db8629987.php 第 160 行.
NOTIC: [8] Use of undefined constant level - assumed 'level' /data/wwwroot/www.fengzakka.cn/Application/Runtime/Cache/Admin/83974538ecda025b39358b0db8629987.php 第 162 行.
NOTIC: [8] Undefined index: have_son /data/wwwroot/www.fengzakka.cn/Application/Runtime/Cache/Admin/83974538ecda025b39358b0db8629987.php 第 163 行.
NOTIC: [8] Use of undefined constant is_hot - assumed 'is_hot' /data/wwwroot/www.fengzakka.cn/Application/Runtime/Cache/Admin/83974538ecda025b39358b0db8629987.php 第 168 行.
NOTIC: [8] Use of undefined constant is_show - assumed 'is_show' /data/wwwroot/www.fengzakka.cn/Application/Runtime/Cache/Admin/83974538ecda025b39358b0db8629987.php 第 171 行.
NOTIC: [8] Use of undefined constant level - assumed 'level' /data/wwwroot/www.fengzakka.cn/Application/Runtime/Cache/Admin/83974538ecda025b39358b0db8629987.php 第 160 行.
NOTIC: [8] Use of undefined constant level - assumed 'level' /data/wwwroot/www.fengzakka.cn/Application/Runtime/Cache/Admin/83974538ecda025b39358b0db8629987.php 第 162 行.
NOTIC: [8] Undefined index: have_son /data/wwwroot/www.fengzakka.cn/Application/Runtime/Cache/Admin/83974538ecda025b39358b0db8629987.php 第 163 行.
NOTIC: [8] Use of undefined constant is_hot - assumed 'is_hot' /data/wwwroot/www.fengzakka.cn/Application/Runtime/Cache/Admin/83974538ecda025b39358b0db8629987.php 第 168 行.
NOTIC: [8] Use of undefined constant is_show - assumed 'is_show' /data/wwwroot/www.fengzakka.cn/Application/Runtime/Cache/Admin/83974538ecda025b39358b0db8629987.php 第 171 行.
NOTIC: [8] Use of undefined constant level - assumed 'level' /data/wwwroot/www.fengzakka.cn/Application/Runtime/Cache/Admin/83974538ecda025b39358b0db8629987.php 第 160 行.
NOTIC: [8] Use of undefined constant level - assumed 'level' /data/wwwroot/www.fengzakka.cn/Application/Runtime/Cache/Admin/83974538ecda025b39358b0db8629987.php 第 162 行.
NOTIC: [8] Undefined index: have_son /data/wwwroot/www.fengzakka.cn/Application/Runtime/Cache/Admin/83974538ecda025b39358b0db8629987.php 第 163 行.
NOTIC: [8] Use of undefined constant is_hot - assumed 'is_hot' /data/wwwroot/www.fengzakka.cn/Application/Runtime/Cache/Admin/83974538ecda025b39358b0db8629987.php 第 168 行.
NOTIC: [8] Use of undefined constant is_show - assumed 'is_show' /data/wwwroot/www.fengzakka.cn/Application/Runtime/Cache/Admin/83974538ecda025b39358b0db8629987.php 第 171 行.
NOTIC: [8] Use of undefined constant level - assumed 'level' /data/wwwroot/www.fengzakka.cn/Application/Runtime/Cache/Admin/83974538ecda025b39358b0db8629987.php 第 160 行.
NOTIC: [8] Use of undefined constant level - assumed 'level' /data/wwwroot/www.fengzakka.cn/Application/Runtime/Cache/Admin/83974538ecda025b39358b0db8629987.php 第 162 行.
NOTIC: [8] Undefined index: have_son /data/wwwroot/www.fengzakka.cn/Application/Runtime/Cache/Admin/83974538ecda025b39358b0db8629987.php 第 163 行.
NOTIC: [8] Use of undefined constant is_hot - assumed 'is_hot' /data/wwwroot/www.fengzakka.cn/Application/Runtime/Cache/Admin/83974538ecda025b39358b0db8629987.php 第 168 行.
NOTIC: [8] Use of undefined constant is_show - assumed 'is_show' /data/wwwroot/www.fengzakka.cn/Application/Runtime/Cache/Admin/83974538ecda025b39358b0db8629987.php 第 171 行.
NOTIC: [8] Use of undefined constant level - assumed 'level' /data/wwwroot/www.fengzakka.cn/Application/Runtime/Cache/Admin/83974538ecda025b39358b0db8629987.php 第 160 行.
NOTIC: [8] Use of undefined constant level - assumed 'level' /data/wwwroot/www.fengzakka.cn/Application/Runtime/Cache/Admin/83974538ecda025b39358b0db8629987.php 第 162 行.
NOTIC: [8] Undefined index: have_son /data/wwwroot/www.fengzakka.cn/Application/Runtime/Cache/Admin/83974538ecda025b39358b0db8629987.php 第 163 行.
NOTIC: [8] Use of undefined constant is_hot - assumed 'is_hot' /data/wwwroot/www.fengzakka.cn/Application/Runtime/Cache/Admin/83974538ecda025b39358b0db8629987.php 第 168 行.
NOTIC: [8] Use of undefined constant is_show - assumed 'is_show' /data/wwwroot/www.fengzakka.cn/Application/Runtime/Cache/Admin/83974538ecda025b39358b0db8629987.php 第 171 行.
NOTIC: [8] Use of undefined constant level - assumed 'level' /data/wwwroot/www.fengzakka.cn/Application/Runtime/Cache/Admin/83974538ecda025b39358b0db8629987.php 第 160 行.
NOTIC: [8] Use of undefined constant level - assumed 'level' /data/wwwroot/www.fengzakka.cn/Application/Runtime/Cache/Admin/83974538ecda025b39358b0db8629987.php 第 162 行.
NOTIC: [8] Undefined index: have_son /data/wwwroot/www.fengzakka.cn/Application/Runtime/Cache/Admin/83974538ecda025b39358b0db8629987.php 第 163 行.
NOTIC: [8] Use of undefined constant is_hot - assumed 'is_hot' /data/wwwroot/www.fengzakka.cn/Application/Runtime/Cache/Admin/83974538ecda025b39358b0db8629987.php 第 168 行.
NOTIC: [8] Use of undefined constant is_show - assumed 'is_show' /data/wwwroot/www.fengzakka.cn/Application/Runtime/Cache/Admin/83974538ecda025b39358b0db8629987.php 第 171 行.
NOTIC: [8] Use of undefined constant level - assumed 'level' /data/wwwroot/www.fengzakka.cn/Application/Runtime/Cache/Admin/83974538ecda025b39358b0db8629987.php 第 160 行.
NOTIC: [8] Use of undefined constant level - assumed 'level' /data/wwwroot/www.fengzakka.cn/Application/Runtime/Cache/Admin/83974538ecda025b39358b0db8629987.php 第 162 行.
NOTIC: [8] Undefined index: have_son /data/wwwroot/www.fengzakka.cn/Application/Runtime/Cache/Admin/83974538ecda025b39358b0db8629987.php 第 163 行.
NOTIC: [8] Use of undefined constant is_hot - assumed 'is_hot' /data/wwwroot/www.fengzakka.cn/Application/Runtime/Cache/Admin/83974538ecda025b39358b0db8629987.php 第 168 行.
NOTIC: [8] Use of undefined constant is_show - assumed 'is_show' /data/wwwroot/www.fengzakka.cn/Application/Runtime/Cache/Admin/83974538ecda025b39358b0db8629987.php 第 171 行.
NOTIC: [8] Use of undefined constant level - assumed 'level' /data/wwwroot/www.fengzakka.cn/Application/Runtime/Cache/Admin/83974538ecda025b39358b0db8629987.php 第 160 行.
NOTIC: [8] Use of undefined constant level - assumed 'level' /data/wwwroot/www.fengzakka.cn/Application/Runtime/Cache/Admin/83974538ecda025b39358b0db8629987.php 第 162 行.
NOTIC: [8] Undefined index: have_son /data/wwwroot/www.fengzakka.cn/Application/Runtime/Cache/Admin/83974538ecda025b39358b0db8629987.php 第 163 行.
NOTIC: [8] Use of undefined constant is_hot - assumed 'is_hot' /data/wwwroot/www.fengzakka.cn/Application/Runtime/Cache/Admin/83974538ecda025b39358b0db8629987.php 第 168 行.
NOTIC: [8] Use of undefined constant is_show - assumed 'is_show' /data/wwwroot/www.fengzakka.cn/Application/Runtime/Cache/Admin/83974538ecda025b39358b0db8629987.php 第 171 行.
NOTIC: [8] Use of undefined constant level - assumed 'level' /data/wwwroot/www.fengzakka.cn/Application/Runtime/Cache/Admin/83974538ecda025b39358b0db8629987.php 第 160 行.
NOTIC: [8] Use of undefined constant level - assumed 'level' /data/wwwroot/www.fengzakka.cn/Application/Runtime/Cache/Admin/83974538ecda025b39358b0db8629987.php 第 162 行.
NOTIC: [8] Use of undefined constant is_hot - assumed 'is_hot' /data/wwwroot/www.fengzakka.cn/Application/Runtime/Cache/Admin/83974538ecda025b39358b0db8629987.php 第 168 行.
NOTIC: [8] Use of undefined constant is_show - assumed 'is_show' /data/wwwroot/www.fengzakka.cn/Application/Runtime/Cache/Admin/83974538ecda025b39358b0db8629987.php 第 171 行.
NOTIC: [8] Use of undefined constant level - assumed 'level' /data/wwwroot/www.fengzakka.cn/Application/Runtime/Cache/Admin/83974538ecda025b39358b0db8629987.php 第 160 行.
NOTIC: [8] Use of undefined constant level - assumed 'level' /data/wwwroot/www.fengzakka.cn/Application/Runtime/Cache/Admin/83974538ecda025b39358b0db8629987.php 第 162 行.
NOTIC: [8] Undefined index: have_son /data/wwwroot/www.fengzakka.cn/Application/Runtime/Cache/Admin/83974538ecda025b39358b0db8629987.php 第 163 行.
NOTIC: [8] Use of undefined constant is_hot - assumed 'is_hot' /data/wwwroot/www.fengzakka.cn/Application/Runtime/Cache/Admin/83974538ecda025b39358b0db8629987.php 第 168 行.
NOTIC: [8] Use of undefined constant is_show - assumed 'is_show' /data/wwwroot/www.fengzakka.cn/Application/Runtime/Cache/Admin/83974538ecda025b39358b0db8629987.php 第 171 行.
NOTIC: [8] Use of undefined constant level - assumed 'level' /data/wwwroot/www.fengzakka.cn/Application/Runtime/Cache/Admin/83974538ecda025b39358b0db8629987.php 第 160 行.
NOTIC: [8] Use of undefined constant level - assumed 'level' /data/wwwroot/www.fengzakka.cn/Application/Runtime/Cache/Admin/83974538ecda025b39358b0db8629987.php 第 162 行.
NOTIC: [8] Undefined index: have_son /data/wwwroot/www.fengzakka.cn/Application/Runtime/Cache/Admin/83974538ecda025b39358b0db8629987.php 第 163 行.
NOTIC: [8] Use of undefined constant is_hot - assumed 'is_hot' /data/wwwroot/www.fengzakka.cn/Application/Runtime/Cache/Admin/83974538ecda025b39358b0db8629987.php 第 168 行.
NOTIC: [8] Use of undefined constant is_show - assumed 'is_show' /data/wwwroot/www.fengzakka.cn/Application/Runtime/Cache/Admin/83974538ecda025b39358b0db8629987.php 第 171 行.
NOTIC: [8] Use of undefined constant level - assumed 'level' /data/wwwroot/www.fengzakka.cn/Application/Runtime/Cache/Admin/83974538ecda025b39358b0db8629987.php 第 160 行.
NOTIC: [8] Use of undefined constant level - assumed 'level' /data/wwwroot/www.fengzakka.cn/Application/Runtime/Cache/Admin/83974538ecda025b39358b0db8629987.php 第 162 行.
NOTIC: [8] Undefined index: have_son /data/wwwroot/www.fengzakka.cn/Application/Runtime/Cache/Admin/83974538ecda025b39358b0db8629987.php 第 163 行.
NOTIC: [8] Use of undefined constant is_hot - assumed 'is_hot' /data/wwwroot/www.fengzakka.cn/Application/Runtime/Cache/Admin/83974538ecda025b39358b0db8629987.php 第 168 行.
NOTIC: [8] Use of undefined constant is_show - assumed 'is_show' /data/wwwroot/www.fengzakka.cn/Application/Runtime/Cache/Admin/83974538ecda025b39358b0db8629987.php 第 171 行.
NOTIC: [8] Use of undefined constant level - assumed 'level' /data/wwwroot/www.fengzakka.cn/Application/Runtime/Cache/Admin/83974538ecda025b39358b0db8629987.php 第 160 行.
NOTIC: [8] Use of undefined constant level - assumed 'level' /data/wwwroot/www.fengzakka.cn/Application/Runtime/Cache/Admin/83974538ecda025b39358b0db8629987.php 第 162 行.
NOTIC: [8] Undefined index: have_son /data/wwwroot/www.fengzakka.cn/Application/Runtime/Cache/Admin/83974538ecda025b39358b0db8629987.php 第 163 行.
NOTIC: [8] Use of undefined constant is_hot - assumed 'is_hot' /data/wwwroot/www.fengzakka.cn/Application/Runtime/Cache/Admin/83974538ecda025b39358b0db8629987.php 第 168 行.
NOTIC: [8] Use of undefined constant is_show - assumed 'is_show' /data/wwwroot/www.fengzakka.cn/Application/Runtime/Cache/Admin/83974538ecda025b39358b0db8629987.php 第 171 行.
NOTIC: [8] Use of undefined constant level - assumed 'level' /data/wwwroot/www.fengzakka.cn/Application/Runtime/Cache/Admin/83974538ecda025b39358b0db8629987.php 第 160 行.
NOTIC: [8] Use of undefined constant level - assumed 'level' /data/wwwroot/www.fengzakka.cn/Application/Runtime/Cache/Admin/83974538ecda025b39358b0db8629987.php 第 162 行.
NOTIC: [8] Undefined index: have_son /data/wwwroot/www.fengzakka.cn/Application/Runtime/Cache/Admin/83974538ecda025b39358b0db8629987.php 第 163 行.
NOTIC: [8] Use of undefined constant is_hot - assumed 'is_hot' /data/wwwroot/www.fengzakka.cn/Application/Runtime/Cache/Admin/83974538ecda025b39358b0db8629987.php 第 168 行.
NOTIC: [8] Use of undefined constant is_show - assumed 'is_show' /data/wwwroot/www.fengzakka.cn/Application/Runtime/Cache/Admin/83974538ecda025b39358b0db8629987.php 第 171 行.
NOTIC: [8] Use of undefined constant level - assumed 'level' /data/wwwroot/www.fengzakka.cn/Application/Runtime/Cache/Admin/83974538ecda025b39358b0db8629987.php 第 160 行.
NOTIC: [8] Use of undefined constant level - assumed 'level' /data/wwwroot/www.fengzakka.cn/Application/Runtime/Cache/Admin/83974538ecda025b39358b0db8629987.php 第 162 行.
NOTIC: [8] Undefined index: have_son /data/wwwroot/www.fengzakka.cn/Application/Runtime/Cache/Admin/83974538ecda025b39358b0db8629987.php 第 163 行.
NOTIC: [8] Use of undefined constant is_hot - assumed 'is_hot' /data/wwwroot/www.fengzakka.cn/Application/Runtime/Cache/Admin/83974538ecda025b39358b0db8629987.php 第 168 行.
NOTIC: [8] Use of undefined constant is_show - assumed 'is_show' /data/wwwroot/www.fengzakka.cn/Application/Runtime/Cache/Admin/83974538ecda025b39358b0db8629987.php 第 171 行.
NOTIC: [8] Use of undefined constant level - assumed 'level' /data/wwwroot/www.fengzakka.cn/Application/Runtime/Cache/Admin/83974538ecda025b39358b0db8629987.php 第 160 行.
NOTIC: [8] Use of undefined constant level - assumed 'level' /data/wwwroot/www.fengzakka.cn/Application/Runtime/Cache/Admin/83974538ecda025b39358b0db8629987.php 第 162 行.
NOTIC: [8] Undefined index: have_son /data/wwwroot/www.fengzakka.cn/Application/Runtime/Cache/Admin/83974538ecda025b39358b0db8629987.php 第 163 行.
NOTIC: [8] Use of undefined constant is_hot - assumed 'is_hot' /data/wwwroot/www.fengzakka.cn/Application/Runtime/Cache/Admin/83974538ecda025b39358b0db8629987.php 第 168 行.
NOTIC: [8] Use of undefined constant is_show - assumed 'is_show' /data/wwwroot/www.fengzakka.cn/Application/Runtime/Cache/Admin/83974538ecda025b39358b0db8629987.php 第 171 行.
NOTIC: [8] Use of undefined constant level - assumed 'level' /data/wwwroot/www.fengzakka.cn/Application/Runtime/Cache/Admin/83974538ecda025b39358b0db8629987.php 第 160 行.
NOTIC: [8] Use of undefined constant level - assumed 'level' /data/wwwroot/www.fengzakka.cn/Application/Runtime/Cache/Admin/83974538ecda025b39358b0db8629987.php 第 162 行.
NOTIC: [8] Use of undefined constant is_hot - assumed 'is_hot' /data/wwwroot/www.fengzakka.cn/Application/Runtime/Cache/Admin/83974538ecda025b39358b0db8629987.php 第 168 行.
NOTIC: [8] Use of undefined constant is_show - assumed 'is_show' /data/wwwroot/www.fengzakka.cn/Application/Runtime/Cache/Admin/83974538ecda025b39358b0db8629987.php 第 171 行.
NOTIC: [8] Use of undefined constant level - assumed 'level' /data/wwwroot/www.fengzakka.cn/Application/Runtime/Cache/Admin/83974538ecda025b39358b0db8629987.php 第 160 行.
NOTIC: [8] Use of undefined constant level - assumed 'level' /data/wwwroot/www.fengzakka.cn/Application/Runtime/Cache/Admin/83974538ecda025b39358b0db8629987.php 第 162 行.
NOTIC: [8] Undefined index: have_son /data/wwwroot/www.fengzakka.cn/Application/Runtime/Cache/Admin/83974538ecda025b39358b0db8629987.php 第 163 行.
NOTIC: [8] Use of undefined constant is_hot - assumed 'is_hot' /data/wwwroot/www.fengzakka.cn/Application/Runtime/Cache/Admin/83974538ecda025b39358b0db8629987.php 第 168 行.
NOTIC: [8] Use of undefined constant is_show - assumed 'is_show' /data/wwwroot/www.fengzakka.cn/Application/Runtime/Cache/Admin/83974538ecda025b39358b0db8629987.php 第 171 行.
NOTIC: [8] Use of undefined constant level - assumed 'level' /data/wwwroot/www.fengzakka.cn/Application/Runtime/Cache/Admin/83974538ecda025b39358b0db8629987.php 第 160 行.
NOTIC: [8] Use of undefined constant level - assumed 'level' /data/wwwroot/www.fengzakka.cn/Application/Runtime/Cache/Admin/83974538ecda025b39358b0db8629987.php 第 162 行.
NOTIC: [8] Undefined index: have_son /data/wwwroot/www.fengzakka.cn/Application/Runtime/Cache/Admin/83974538ecda025b39358b0db8629987.php 第 163 行.
NOTIC: [8] Use of undefined constant is_hot - assumed 'is_hot' /data/wwwroot/www.fengzakka.cn/Application/Runtime/Cache/Admin/83974538ecda025b39358b0db8629987.php 第 168 行.
NOTIC: [8] Use of undefined constant is_show - assumed 'is_show' /data/wwwroot/www.fengzakka.cn/Application/Runtime/Cache/Admin/83974538ecda025b39358b0db8629987.php 第 171 行.
NOTIC: [8] Use of undefined constant level - assumed 'level' /data/wwwroot/www.fengzakka.cn/Application/Runtime/Cache/Admin/83974538ecda025b39358b0db8629987.php 第 160 行.
NOTIC: [8] Use of undefined constant level - assumed 'level' /data/wwwroot/www.fengzakka.cn/Application/Runtime/Cache/Admin/83974538ecda025b39358b0db8629987.php 第 162 行.
NOTIC: [8] Undefined index: have_son /data/wwwroot/www.fengzakka.cn/Application/Runtime/Cache/Admin/83974538ecda025b39358b0db8629987.php 第 163 行.
NOTIC: [8] Use of undefined constant is_hot - assumed 'is_hot' /data/wwwroot/www.fengzakka.cn/Application/Runtime/Cache/Admin/83974538ecda025b39358b0db8629987.php 第 168 行.
NOTIC: [8] Use of undefined constant is_show - assumed 'is_show' /data/wwwroot/www.fengzakka.cn/Application/Runtime/Cache/Admin/83974538ecda025b39358b0db8629987.php 第 171 行.
NOTIC: [8] Use of undefined constant level - assumed 'level' /data/wwwroot/www.fengzakka.cn/Application/Runtime/Cache/Admin/83974538ecda025b39358b0db8629987.php 第 160 行.
NOTIC: [8] Use of undefined constant level - assumed 'level' /data/wwwroot/www.fengzakka.cn/Application/Runtime/Cache/Admin/83974538ecda025b39358b0db8629987.php 第 162 行.
NOTIC: [8] Undefined index: have_son /data/wwwroot/www.fengzakka.cn/Application/Runtime/Cache/Admin/83974538ecda025b39358b0db8629987.php 第 163 行.
NOTIC: [8] Use of undefined constant is_hot - assumed 'is_hot' /data/wwwroot/www.fengzakka.cn/Application/Runtime/Cache/Admin/83974538ecda025b39358b0db8629987.php 第 168 行.
NOTIC: [8] Use of undefined constant is_show - assumed 'is_show' /data/wwwroot/www.fengzakka.cn/Application/Runtime/Cache/Admin/83974538ecda025b39358b0db8629987.php 第 171 行.
NOTIC: [8] Use of undefined constant level - assumed 'level' /data/wwwroot/www.fengzakka.cn/Application/Runtime/Cache/Admin/83974538ecda025b39358b0db8629987.php 第 160 行.
NOTIC: [8] Use of undefined constant level - assumed 'level' /data/wwwroot/www.fengzakka.cn/Application/Runtime/Cache/Admin/83974538ecda025b39358b0db8629987.php 第 162 行.
NOTIC: [8] Undefined index: have_son /data/wwwroot/www.fengzakka.cn/Application/Runtime/Cache/Admin/83974538ecda025b39358b0db8629987.php 第 163 行.
NOTIC: [8] Use of undefined constant is_hot - assumed 'is_hot' /data/wwwroot/www.fengzakka.cn/Application/Runtime/Cache/Admin/83974538ecda025b39358b0db8629987.php 第 168 行.
NOTIC: [8] Use of undefined constant is_show - assumed 'is_show' /data/wwwroot/www.fengzakka.cn/Application/Runtime/Cache/Admin/83974538ecda025b39358b0db8629987.php 第 171 行.
NOTIC: [8] Use of undefined constant level - assumed 'level' /data/wwwroot/www.fengzakka.cn/Application/Runtime/Cache/Admin/83974538ecda025b39358b0db8629987.php 第 160 行.
NOTIC: [8] Use of undefined constant level - assumed 'level' /data/wwwroot/www.fengzakka.cn/Application/Runtime/Cache/Admin/83974538ecda025b39358b0db8629987.php 第 162 行.
NOTIC: [8] Use of undefined constant is_hot - assumed 'is_hot' /data/wwwroot/www.fengzakka.cn/Application/Runtime/Cache/Admin/83974538ecda025b39358b0db8629987.php 第 168 行.
NOTIC: [8] Use of undefined constant is_show - assumed 'is_show' /data/wwwroot/www.fengzakka.cn/Application/Runtime/Cache/Admin/83974538ecda025b39358b0db8629987.php 第 171 行.
NOTIC: [8] Use of undefined constant level - assumed 'level' /data/wwwroot/www.fengzakka.cn/Application/Runtime/Cache/Admin/83974538ecda025b39358b0db8629987.php 第 160 行.
NOTIC: [8] Use of undefined constant level - assumed 'level' /data/wwwroot/www.fengzakka.cn/Application/Runtime/Cache/Admin/83974538ecda025b39358b0db8629987.php 第 162 行.
NOTIC: [8] Undefined index: have_son /data/wwwroot/www.fengzakka.cn/Application/Runtime/Cache/Admin/83974538ecda025b39358b0db8629987.php 第 163 行.
NOTIC: [8] Use of undefined constant is_hot - assumed 'is_hot' /data/wwwroot/www.fengzakka.cn/Application/Runtime/Cache/Admin/83974538ecda025b39358b0db8629987.php 第 168 行.
NOTIC: [8] Use of undefined constant is_show - assumed 'is_show' /data/wwwroot/www.fengzakka.cn/Application/Runtime/Cache/Admin/83974538ecda025b39358b0db8629987.php 第 171 行.
NOTIC: [8] Use of undefined constant level - assumed 'level' /data/wwwroot/www.fengzakka.cn/Application/Runtime/Cache/Admin/83974538ecda025b39358b0db8629987.php 第 160 行.
NOTIC: [8] Use of undefined constant level - assumed 'level' /data/wwwroot/www.fengzakka.cn/Application/Runtime/Cache/Admin/83974538ecda025b39358b0db8629987.php 第 162 行.
NOTIC: [8] Undefined index: have_son /data/wwwroot/www.fengzakka.cn/Application/Runtime/Cache/Admin/83974538ecda025b39358b0db8629987.php 第 163 行.
NOTIC: [8] Use of undefined constant is_hot - assumed 'is_hot' /data/wwwroot/www.fengzakka.cn/Application/Runtime/Cache/Admin/83974538ecda025b39358b0db8629987.php 第 168 行.
NOTIC: [8] Use of undefined constant is_show - assumed 'is_show' /data/wwwroot/www.fengzakka.cn/Application/Runtime/Cache/Admin/83974538ecda025b39358b0db8629987.php 第 171 行.
NOTIC: [8] Use of undefined constant level - assumed 'level' /data/wwwroot/www.fengzakka.cn/Application/Runtime/Cache/Admin/83974538ecda025b39358b0db8629987.php 第 160 行.
NOTIC: [8] Use of undefined constant level - assumed 'level' /data/wwwroot/www.fengzakka.cn/Application/Runtime/Cache/Admin/83974538ecda025b39358b0db8629987.php 第 162 行.
NOTIC: [8] Undefined index: have_son /data/wwwroot/www.fengzakka.cn/Application/Runtime/Cache/Admin/83974538ecda025b39358b0db8629987.php 第 163 行.
NOTIC: [8] Use of undefined constant is_hot - assumed 'is_hot' /data/wwwroot/www.fengzakka.cn/Application/Runtime/Cache/Admin/83974538ecda025b39358b0db8629987.php 第 168 行.
NOTIC: [8] Use of undefined constant is_show - assumed 'is_show' /data/wwwroot/www.fengzakka.cn/Application/Runtime/Cache/Admin/83974538ecda025b39358b0db8629987.php 第 171 行.
NOTIC: [8] Use of undefined constant level - assumed 'level' /data/wwwroot/www.fengzakka.cn/Application/Runtime/Cache/Admin/83974538ecda025b39358b0db8629987.php 第 160 行.
NOTIC: [8] Use of undefined constant level - assumed 'level' /data/wwwroot/www.fengzakka.cn/Application/Runtime/Cache/Admin/83974538ecda025b39358b0db8629987.php 第 162 行.
NOTIC: [8] Undefined index: have_son /data/wwwroot/www.fengzakka.cn/Application/Runtime/Cache/Admin/83974538ecda025b39358b0db8629987.php 第 163 行.
NOTIC: [8] Use of undefined constant is_hot - assumed 'is_hot' /data/wwwroot/www.fengzakka.cn/Application/Runtime/Cache/Admin/83974538ecda025b39358b0db8629987.php 第 168 行.
NOTIC: [8] Use of undefined constant is_show - assumed 'is_show' /data/wwwroot/www.fengzakka.cn/Application/Runtime/Cache/Admin/83974538ecda025b39358b0db8629987.php 第 171 行.
NOTIC: [8] Use of undefined constant level - assumed 'level' /data/wwwroot/www.fengzakka.cn/Application/Runtime/Cache/Admin/83974538ecda025b39358b0db8629987.php 第 160 行.
NOTIC: [8] Use of undefined constant level - assumed 'level' /data/wwwroot/www.fengzakka.cn/Application/Runtime/Cache/Admin/83974538ecda025b39358b0db8629987.php 第 162 行.
NOTIC: [8] Undefined index: have_son /data/wwwroot/www.fengzakka.cn/Application/Runtime/Cache/Admin/83974538ecda025b39358b0db8629987.php 第 163 行.
NOTIC: [8] Use of undefined constant is_hot - assumed 'is_hot' /data/wwwroot/www.fengzakka.cn/Application/Runtime/Cache/Admin/83974538ecda025b39358b0db8629987.php 第 168 行.
NOTIC: [8] Use of undefined constant is_show - assumed 'is_show' /data/wwwroot/www.fengzakka.cn/Application/Runtime/Cache/Admin/83974538ecda025b39358b0db8629987.php 第 171 行.
NOTIC: [8] Use of undefined constant level - assumed 'level' /data/wwwroot/www.fengzakka.cn/Application/Runtime/Cache/Admin/83974538ecda025b39358b0db8629987.php 第 160 行.
NOTIC: [8] Use of undefined constant level - assumed 'level' /data/wwwroot/www.fengzakka.cn/Application/Runtime/Cache/Admin/83974538ecda025b39358b0db8629987.php 第 162 行.
NOTIC: [8] Undefined index: have_son /data/wwwroot/www.fengzakka.cn/Application/Runtime/Cache/Admin/83974538ecda025b39358b0db8629987.php 第 163 行.
NOTIC: [8] Use of undefined constant is_hot - assumed 'is_hot' /data/wwwroot/www.fengzakka.cn/Application/Runtime/Cache/Admin/83974538ecda025b39358b0db8629987.php 第 168 行.
NOTIC: [8] Use of undefined constant is_show - assumed 'is_show' /data/wwwroot/www.fengzakka.cn/Application/Runtime/Cache/Admin/83974538ecda025b39358b0db8629987.php 第 171 行.
NOTIC: [8] Use of undefined constant level - assumed 'level' /data/wwwroot/www.fengzakka.cn/Application/Runtime/Cache/Admin/83974538ecda025b39358b0db8629987.php 第 160 行.
NOTIC: [8] Use of undefined constant level - assumed 'level' /data/wwwroot/www.fengzakka.cn/Application/Runtime/Cache/Admin/83974538ecda025b39358b0db8629987.php 第 162 行.
NOTIC: [8] Undefined index: have_son /data/wwwroot/www.fengzakka.cn/Application/Runtime/Cache/Admin/83974538ecda025b39358b0db8629987.php 第 163 行.
NOTIC: [8] Use of undefined constant is_hot - assumed 'is_hot' /data/wwwroot/www.fengzakka.cn/Application/Runtime/Cache/Admin/83974538ecda025b39358b0db8629987.php 第 168 行.
NOTIC: [8] Use of undefined constant is_show - assumed 'is_show' /data/wwwroot/www.fengzakka.cn/Application/Runtime/Cache/Admin/83974538ecda025b39358b0db8629987.php 第 171 行.
NOTIC: [8] Use of undefined constant level - assumed 'level' /data/wwwroot/www.fengzakka.cn/Application/Runtime/Cache/Admin/83974538ecda025b39358b0db8629987.php 第 160 行.
NOTIC: [8] Use of undefined constant level - assumed 'level' /data/wwwroot/www.fengzakka.cn/Application/Runtime/Cache/Admin/83974538ecda025b39358b0db8629987.php 第 162 行.
NOTIC: [8] Undefined index: have_son /data/wwwroot/www.fengzakka.cn/Application/Runtime/Cache/Admin/83974538ecda025b39358b0db8629987.php 第 163 行.
NOTIC: [8] Use of undefined constant is_hot - assumed 'is_hot' /data/wwwroot/www.fengzakka.cn/Application/Runtime/Cache/Admin/83974538ecda025b39358b0db8629987.php 第 168 行.
NOTIC: [8] Use of undefined constant is_show - assumed 'is_show' /data/wwwroot/www.fengzakka.cn/Application/Runtime/Cache/Admin/83974538ecda025b39358b0db8629987.php 第 171 行.
NOTIC: [8] Use of undefined constant level - assumed 'level' /data/wwwroot/www.fengzakka.cn/Application/Runtime/Cache/Admin/83974538ecda025b39358b0db8629987.php 第 160 行.
NOTIC: [8] Use of undefined constant level - assumed 'level' /data/wwwroot/www.fengzakka.cn/Application/Runtime/Cache/Admin/83974538ecda025b39358b0db8629987.php 第 162 行.
NOTIC: [8] Undefined index: have_son /data/wwwroot/www.fengzakka.cn/Application/Runtime/Cache/Admin/83974538ecda025b39358b0db8629987.php 第 163 行.
NOTIC: [8] Use of undefined constant is_hot - assumed 'is_hot' /data/wwwroot/www.fengzakka.cn/Application/Runtime/Cache/Admin/83974538ecda025b39358b0db8629987.php 第 168 行.
NOTIC: [8] Use of undefined constant is_show - assumed 'is_show' /data/wwwroot/www.fengzakka.cn/Application/Runtime/Cache/Admin/83974538ecda025b39358b0db8629987.php 第 171 行.
NOTIC: [8] Use of undefined constant level - assumed 'level' /data/wwwroot/www.fengzakka.cn/Application/Runtime/Cache/Admin/83974538ecda025b39358b0db8629987.php 第 160 行.
NOTIC: [8] Use of undefined constant level - assumed 'level' /data/wwwroot/www.fengzakka.cn/Application/Runtime/Cache/Admin/83974538ecda025b39358b0db8629987.php 第 162 行.
NOTIC: [8] Undefined index: have_son /data/wwwroot/www.fengzakka.cn/Application/Runtime/Cache/Admin/83974538ecda025b39358b0db8629987.php 第 163 行.
NOTIC: [8] Use of undefined constant is_hot - assumed 'is_hot' /data/wwwroot/www.fengzakka.cn/Application/Runtime/Cache/Admin/83974538ecda025b39358b0db8629987.php 第 168 行.
NOTIC: [8] Use of undefined constant is_show - assumed 'is_show' /data/wwwroot/www.fengzakka.cn/Application/Runtime/Cache/Admin/83974538ecda025b39358b0db8629987.php 第 171 行.
NOTIC: [8] Use of undefined constant level - assumed 'level' /data/wwwroot/www.fengzakka.cn/Application/Runtime/Cache/Admin/83974538ecda025b39358b0db8629987.php 第 160 行.
NOTIC: [8] Use of undefined constant level - assumed 'level' /data/wwwroot/www.fengzakka.cn/Application/Runtime/Cache/Admin/83974538ecda025b39358b0db8629987.php 第 162 行.
NOTIC: [8] Undefined index: have_son /data/wwwroot/www.fengzakka.cn/Application/Runtime/Cache/Admin/83974538ecda025b39358b0db8629987.php 第 163 行.
NOTIC: [8] Use of undefined constant is_hot - assumed 'is_hot' /data/wwwroot/www.fengzakka.cn/Application/Runtime/Cache/Admin/83974538ecda025b39358b0db8629987.php 第 168 行.
NOTIC: [8] Use of undefined constant is_show - assumed 'is_show' /data/wwwroot/www.fengzakka.cn/Application/Runtime/Cache/Admin/83974538ecda025b39358b0db8629987.php 第 171 行.
NOTIC: [8] Use of undefined constant level - assumed 'level' /data/wwwroot/www.fengzakka.cn/Application/Runtime/Cache/Admin/83974538ecda025b39358b0db8629987.php 第 160 行.
NOTIC: [8] Use of undefined constant level - assumed 'level' /data/wwwroot/www.fengzakka.cn/Application/Runtime/Cache/Admin/83974538ecda025b39358b0db8629987.php 第 162 行.
NOTIC: [8] Use of undefined constant is_hot - assumed 'is_hot' /data/wwwroot/www.fengzakka.cn/Application/Runtime/Cache/Admin/83974538ecda025b39358b0db8629987.php 第 168 行.
NOTIC: [8] Use of undefined constant is_show - assumed 'is_show' /data/wwwroot/www.fengzakka.cn/Application/Runtime/Cache/Admin/83974538ecda025b39358b0db8629987.php 第 171 行.
NOTIC: [8] Use of undefined constant level - assumed 'level' /data/wwwroot/www.fengzakka.cn/Application/Runtime/Cache/Admin/83974538ecda025b39358b0db8629987.php 第 160 行.
NOTIC: [8] Use of undefined constant level - assumed 'level' /data/wwwroot/www.fengzakka.cn/Application/Runtime/Cache/Admin/83974538ecda025b39358b0db8629987.php 第 162 行.
NOTIC: [8] Undefined index: have_son /data/wwwroot/www.fengzakka.cn/Application/Runtime/Cache/Admin/83974538ecda025b39358b0db8629987.php 第 163 行.
NOTIC: [8] Use of undefined constant is_hot - assumed 'is_hot' /data/wwwroot/www.fengzakka.cn/Application/Runtime/Cache/Admin/83974538ecda025b39358b0db8629987.php 第 168 行.
NOTIC: [8] Use of undefined constant is_show - assumed 'is_show' /data/wwwroot/www.fengzakka.cn/Application/Runtime/Cache/Admin/83974538ecda025b39358b0db8629987.php 第 171 行.
NOTIC: [8] Use of undefined constant level - assumed 'level' /data/wwwroot/www.fengzakka.cn/Application/Runtime/Cache/Admin/83974538ecda025b39358b0db8629987.php 第 160 行.
NOTIC: [8] Use of undefined constant level - assumed 'level' /data/wwwroot/www.fengzakka.cn/Application/Runtime/Cache/Admin/83974538ecda025b39358b0db8629987.php 第 162 行.
NOTIC: [8] Undefined index: have_son /data/wwwroot/www.fengzakka.cn/Application/Runtime/Cache/Admin/83974538ecda025b39358b0db8629987.php 第 163 行.
NOTIC: [8] Use of undefined constant is_hot - assumed 'is_hot' /data/wwwroot/www.fengzakka.cn/Application/Runtime/Cache/Admin/83974538ecda025b39358b0db8629987.php 第 168 行.
NOTIC: [8] Use of undefined constant is_show - assumed 'is_show' /data/wwwroot/www.fengzakka.cn/Application/Runtime/Cache/Admin/83974538ecda025b39358b0db8629987.php 第 171 行.
NOTIC: [8] Use of undefined constant level - assumed 'level' /data/wwwroot/www.fengzakka.cn/Application/Runtime/Cache/Admin/83974538ecda025b39358b0db8629987.php 第 160 行.
NOTIC: [8] Use of undefined constant level - assumed 'level' /data/wwwroot/www.fengzakka.cn/Application/Runtime/Cache/Admin/83974538ecda025b39358b0db8629987.php 第 162 行.
NOTIC: [8] Undefined index: have_son /data/wwwroot/www.fengzakka.cn/Application/Runtime/Cache/Admin/83974538ecda025b39358b0db8629987.php 第 163 行.
NOTIC: [8] Use of undefined constant is_hot - assumed 'is_hot' /data/wwwroot/www.fengzakka.cn/Application/Runtime/Cache/Admin/83974538ecda025b39358b0db8629987.php 第 168 行.
NOTIC: [8] Use of undefined constant is_show - assumed 'is_show' /data/wwwroot/www.fengzakka.cn/Application/Runtime/Cache/Admin/83974538ecda025b39358b0db8629987.php 第 171 行.
NOTIC: [8] Use of undefined constant level - assumed 'level' /data/wwwroot/www.fengzakka.cn/Application/Runtime/Cache/Admin/83974538ecda025b39358b0db8629987.php 第 160 行.
NOTIC: [8] Use of undefined constant level - assumed 'level' /data/wwwroot/www.fengzakka.cn/Application/Runtime/Cache/Admin/83974538ecda025b39358b0db8629987.php 第 162 行.
NOTIC: [8] Undefined index: have_son /data/wwwroot/www.fengzakka.cn/Application/Runtime/Cache/Admin/83974538ecda025b39358b0db8629987.php 第 163 行.
NOTIC: [8] Use of undefined constant is_hot - assumed 'is_hot' /data/wwwroot/www.fengzakka.cn/Application/Runtime/Cache/Admin/83974538ecda025b39358b0db8629987.php 第 168 行.
NOTIC: [8] Use of undefined constant is_show - assumed 'is_show' /data/wwwroot/www.fengzakka.cn/Application/Runtime/Cache/Admin/83974538ecda025b39358b0db8629987.php 第 171 行.
NOTIC: [8] Use of undefined constant level - assumed 'level' /data/wwwroot/www.fengzakka.cn/Application/Runtime/Cache/Admin/83974538ecda025b39358b0db8629987.php 第 160 行.
NOTIC: [8] Use of undefined constant level - assumed 'level' /data/wwwroot/www.fengzakka.cn/Application/Runtime/Cache/Admin/83974538ecda025b39358b0db8629987.php 第 162 行.
NOTIC: [8] Use of undefined constant is_hot - assumed 'is_hot' /data/wwwroot/www.fengzakka.cn/Application/Runtime/Cache/Admin/83974538ecda025b39358b0db8629987.php 第 168 行.
NOTIC: [8] Use of undefined constant is_show - assumed 'is_show' /data/wwwroot/www.fengzakka.cn/Application/Runtime/Cache/Admin/83974538ecda025b39358b0db8629987.php 第 171 行.
NOTIC: [8] Use of undefined constant level - assumed 'level' /data/wwwroot/www.fengzakka.cn/Application/Runtime/Cache/Admin/83974538ecda025b39358b0db8629987.php 第 160 行.
NOTIC: [8] Use of undefined constant level - assumed 'level' /data/wwwroot/www.fengzakka.cn/Application/Runtime/Cache/Admin/83974538ecda025b39358b0db8629987.php 第 162 行.
NOTIC: [8] Undefined index: have_son /data/wwwroot/www.fengzakka.cn/Application/Runtime/Cache/Admin/83974538ecda025b39358b0db8629987.php 第 163 行.
NOTIC: [8] Use of undefined constant is_hot - assumed 'is_hot' /data/wwwroot/www.fengzakka.cn/Application/Runtime/Cache/Admin/83974538ecda025b39358b0db8629987.php 第 168 行.
NOTIC: [8] Use of undefined constant is_show - assumed 'is_show' /data/wwwroot/www.fengzakka.cn/Application/Runtime/Cache/Admin/83974538ecda025b39358b0db8629987.php 第 171 行.
NOTIC: [8] Use of undefined constant level - assumed 'level' /data/wwwroot/www.fengzakka.cn/Application/Runtime/Cache/Admin/83974538ecda025b39358b0db8629987.php 第 160 行.
NOTIC: [8] Use of undefined constant level - assumed 'level' /data/wwwroot/www.fengzakka.cn/Application/Runtime/Cache/Admin/83974538ecda025b39358b0db8629987.php 第 162 行.
NOTIC: [8] Undefined index: have_son /data/wwwroot/www.fengzakka.cn/Application/Runtime/Cache/Admin/83974538ecda025b39358b0db8629987.php 第 163 行.
NOTIC: [8] Use of undefined constant is_hot - assumed 'is_hot' /data/wwwroot/www.fengzakka.cn/Application/Runtime/Cache/Admin/83974538ecda025b39358b0db8629987.php 第 168 行.
NOTIC: [8] Use of undefined constant is_show - assumed 'is_show' /data/wwwroot/www.fengzakka.cn/Application/Runtime/Cache/Admin/83974538ecda025b39358b0db8629987.php 第 171 行.
NOTIC: [8] Use of undefined constant level - assumed 'level' /data/wwwroot/www.fengzakka.cn/Application/Runtime/Cache/Admin/83974538ecda025b39358b0db8629987.php 第 160 行.
NOTIC: [8] Use of undefined constant level - assumed 'level' /data/wwwroot/www.fengzakka.cn/Application/Runtime/Cache/Admin/83974538ecda025b39358b0db8629987.php 第 162 行.
NOTIC: [8] Use of undefined constant is_hot - assumed 'is_hot' /data/wwwroot/www.fengzakka.cn/Application/Runtime/Cache/Admin/83974538ecda025b39358b0db8629987.php 第 168 行.
NOTIC: [8] Use of undefined constant is_show - assumed 'is_show' /data/wwwroot/www.fengzakka.cn/Application/Runtime/Cache/Admin/83974538ecda025b39358b0db8629987.php 第 171 行.
NOTIC: [8] Use of undefined constant level - assumed 'level' /data/wwwroot/www.fengzakka.cn/Application/Runtime/Cache/Admin/83974538ecda025b39358b0db8629987.php 第 160 行.
NOTIC: [8] Use of undefined constant level - assumed 'level' /data/wwwroot/www.fengzakka.cn/Application/Runtime/Cache/Admin/83974538ecda025b39358b0db8629987.php 第 162 行.
NOTIC: [8] Undefined index: have_son /data/wwwroot/www.fengzakka.cn/Application/Runtime/Cache/Admin/83974538ecda025b39358b0db8629987.php 第 163 行.
NOTIC: [8] Use of undefined constant is_hot - assumed 'is_hot' /data/wwwroot/www.fengzakka.cn/Application/Runtime/Cache/Admin/83974538ecda025b39358b0db8629987.php 第 168 行.
NOTIC: [8] Use of undefined constant is_show - assumed 'is_show' /data/wwwroot/www.fengzakka.cn/Application/Runtime/Cache/Admin/83974538ecda025b39358b0db8629987.php 第 171 行.
NOTIC: [8] Use of undefined constant level - assumed 'level' /data/wwwroot/www.fengzakka.cn/Application/Runtime/Cache/Admin/83974538ecda025b39358b0db8629987.php 第 160 行.
NOTIC: [8] Use of undefined constant level - assumed 'level' /data/wwwroot/www.fengzakka.cn/Application/Runtime/Cache/Admin/83974538ecda025b39358b0db8629987.php 第 162 行.
NOTIC: [8] Undefined index: have_son /data/wwwroot/www.fengzakka.cn/Application/Runtime/Cache/Admin/83974538ecda025b39358b0db8629987.php 第 163 行.
NOTIC: [8] Use of undefined constant is_hot - assumed 'is_hot' /data/wwwroot/www.fengzakka.cn/Application/Runtime/Cache/Admin/83974538ecda025b39358b0db8629987.php 第 168 行.
NOTIC: [8] Use of undefined constant is_show - assumed 'is_show' /data/wwwroot/www.fengzakka.cn/Application/Runtime/Cache/Admin/83974538ecda025b39358b0db8629987.php 第 171 行.
NOTIC: [8] Use of undefined constant level - assumed 'level' /data/wwwroot/www.fengzakka.cn/Application/Runtime/Cache/Admin/83974538ecda025b39358b0db8629987.php 第 160 行.
NOTIC: [8] Use of undefined constant level - assumed 'level' /data/wwwroot/www.fengzakka.cn/Application/Runtime/Cache/Admin/83974538ecda025b39358b0db8629987.php 第 162 行.
NOTIC: [8] Undefined index: have_son /data/wwwroot/www.fengzakka.cn/Application/Runtime/Cache/Admin/83974538ecda025b39358b0db8629987.php 第 163 行.
NOTIC: [8] Use of undefined constant is_hot - assumed 'is_hot' /data/wwwroot/www.fengzakka.cn/Application/Runtime/Cache/Admin/83974538ecda025b39358b0db8629987.php 第 168 行.
NOTIC: [8] Use of undefined constant is_show - assumed 'is_show' /data/wwwroot/www.fengzakka.cn/Application/Runtime/Cache/Admin/83974538ecda025b39358b0db8629987.php 第 171 行.
NOTIC: [8] Use of undefined constant level - assumed 'level' /data/wwwroot/www.fengzakka.cn/Application/Runtime/Cache/Admin/83974538ecda025b39358b0db8629987.php 第 160 行.
NOTIC: [8] Use of undefined constant level - assumed 'level' /data/wwwroot/www.fengzakka.cn/Application/Runtime/Cache/Admin/83974538ecda025b39358b0db8629987.php 第 162 行.
NOTIC: [8] Undefined index: have_son /data/wwwroot/www.fengzakka.cn/Application/Runtime/Cache/Admin/83974538ecda025b39358b0db8629987.php 第 163 行.
NOTIC: [8] Use of undefined constant is_hot - assumed 'is_hot' /data/wwwroot/www.fengzakka.cn/Application/Runtime/Cache/Admin/83974538ecda025b39358b0db8629987.php 第 168 行.
NOTIC: [8] Use of undefined constant is_show - assumed 'is_show' /data/wwwroot/www.fengzakka.cn/Application/Runtime/Cache/Admin/83974538ecda025b39358b0db8629987.php 第 171 行.
NOTIC: [8] Use of undefined constant level - assumed 'level' /data/wwwroot/www.fengzakka.cn/Application/Runtime/Cache/Admin/83974538ecda025b39358b0db8629987.php 第 160 行.
NOTIC: [8] Use of undefined constant level - assumed 'level' /data/wwwroot/www.fengzakka.cn/Application/Runtime/Cache/Admin/83974538ecda025b39358b0db8629987.php 第 162 行.
NOTIC: [8] Undefined index: have_son /data/wwwroot/www.fengzakka.cn/Application/Runtime/Cache/Admin/83974538ecda025b39358b0db8629987.php 第 163 行.
NOTIC: [8] Use of undefined constant is_hot - assumed 'is_hot' /data/wwwroot/www.fengzakka.cn/Application/Runtime/Cache/Admin/83974538ecda025b39358b0db8629987.php 第 168 行.
NOTIC: [8] Use of undefined constant is_show - assumed 'is_show' /data/wwwroot/www.fengzakka.cn/Application/Runtime/Cache/Admin/83974538ecda025b39358b0db8629987.php 第 171 行.
NOTIC: [8] Use of undefined constant level - assumed 'level' /data/wwwroot/www.fengzakka.cn/Application/Runtime/Cache/Admin/83974538ecda025b39358b0db8629987.php 第 160 行.
NOTIC: [8] Use of undefined constant level - assumed 'level' /data/wwwroot/www.fengzakka.cn/Application/Runtime/Cache/Admin/83974538ecda025b39358b0db8629987.php 第 162 行.
NOTIC: [8] Use of undefined constant is_hot - assumed 'is_hot' /data/wwwroot/www.fengzakka.cn/Application/Runtime/Cache/Admin/83974538ecda025b39358b0db8629987.php 第 168 行.
NOTIC: [8] Use of undefined constant is_show - assumed 'is_show' /data/wwwroot/www.fengzakka.cn/Application/Runtime/Cache/Admin/83974538ecda025b39358b0db8629987.php 第 171 行.
NOTIC: [8] Use of undefined constant level - assumed 'level' /data/wwwroot/www.fengzakka.cn/Application/Runtime/Cache/Admin/83974538ecda025b39358b0db8629987.php 第 160 行.
NOTIC: [8] Use of undefined constant level - assumed 'level' /data/wwwroot/www.fengzakka.cn/Application/Runtime/Cache/Admin/83974538ecda025b39358b0db8629987.php 第 162 行.
NOTIC: [8] Undefined index: have_son /data/wwwroot/www.fengzakka.cn/Application/Runtime/Cache/Admin/83974538ecda025b39358b0db8629987.php 第 163 行.
NOTIC: [8] Use of undefined constant is_hot - assumed 'is_hot' /data/wwwroot/www.fengzakka.cn/Application/Runtime/Cache/Admin/83974538ecda025b39358b0db8629987.php 第 168 行.
NOTIC: [8] Use of undefined constant is_show - assumed 'is_show' /data/wwwroot/www.fengzakka.cn/Application/Runtime/Cache/Admin/83974538ecda025b39358b0db8629987.php 第 171 行.
NOTIC: [8] Use of undefined constant level - assumed 'level' /data/wwwroot/www.fengzakka.cn/Application/Runtime/Cache/Admin/83974538ecda025b39358b0db8629987.php 第 160 行.
NOTIC: [8] Use of undefined constant level - assumed 'level' /data/wwwroot/www.fengzakka.cn/Application/Runtime/Cache/Admin/83974538ecda025b39358b0db8629987.php 第 162 行.
NOTIC: [8] Undefined index: have_son /data/wwwroot/www.fengzakka.cn/Application/Runtime/Cache/Admin/83974538ecda025b39358b0db8629987.php 第 163 行.
NOTIC: [8] Use of undefined constant is_hot - assumed 'is_hot' /data/wwwroot/www.fengzakka.cn/Application/Runtime/Cache/Admin/83974538ecda025b39358b0db8629987.php 第 168 行.
NOTIC: [8] Use of undefined constant is_show - assumed 'is_show' /data/wwwroot/www.fengzakka.cn/Application/Runtime/Cache/Admin/83974538ecda025b39358b0db8629987.php 第 171 行.
NOTIC: [8] Use of undefined constant level - assumed 'level' /data/wwwroot/www.fengzakka.cn/Application/Runtime/Cache/Admin/83974538ecda025b39358b0db8629987.php 第 160 行.
NOTIC: [8] Use of undefined constant level - assumed 'level' /data/wwwroot/www.fengzakka.cn/Application/Runtime/Cache/Admin/83974538ecda025b39358b0db8629987.php 第 162 行.
NOTIC: [8] Use of undefined constant is_hot - assumed 'is_hot' /data/wwwroot/www.fengzakka.cn/Application/Runtime/Cache/Admin/83974538ecda025b39358b0db8629987.php 第 168 行.
NOTIC: [8] Use of undefined constant is_show - assumed 'is_show' /data/wwwroot/www.fengzakka.cn/Application/Runtime/Cache/Admin/83974538ecda025b39358b0db8629987.php 第 171 行.
NOTIC: [8] Use of undefined constant level - assumed 'level' /data/wwwroot/www.fengzakka.cn/Application/Runtime/Cache/Admin/83974538ecda025b39358b0db8629987.php 第 160 行.
NOTIC: [8] Use of undefined constant level - assumed 'level' /data/wwwroot/www.fengzakka.cn/Application/Runtime/Cache/Admin/83974538ecda025b39358b0db8629987.php 第 162 行.
NOTIC: [8] Undefined index: have_son /data/wwwroot/www.fengzakka.cn/Application/Runtime/Cache/Admin/83974538ecda025b39358b0db8629987.php 第 163 行.
NOTIC: [8] Use of undefined constant is_hot - assumed 'is_hot' /data/wwwroot/www.fengzakka.cn/Application/Runtime/Cache/Admin/83974538ecda025b39358b0db8629987.php 第 168 行.
NOTIC: [8] Use of undefined constant is_show - assumed 'is_show' /data/wwwroot/www.fengzakka.cn/Application/Runtime/Cache/Admin/83974538ecda025b39358b0db8629987.php 第 171 行.
NOTIC: [8] Use of undefined constant level - assumed 'level' /data/wwwroot/www.fengzakka.cn/Application/Runtime/Cache/Admin/83974538ecda025b39358b0db8629987.php 第 160 行.
NOTIC: [8] Use of undefined constant level - assumed 'level' /data/wwwroot/www.fengzakka.cn/Application/Runtime/Cache/Admin/83974538ecda025b39358b0db8629987.php 第 162 行.
NOTIC: [8] Undefined index: have_son /data/wwwroot/www.fengzakka.cn/Application/Runtime/Cache/Admin/83974538ecda025b39358b0db8629987.php 第 163 行.
NOTIC: [8] Use of undefined constant is_hot - assumed 'is_hot' /data/wwwroot/www.fengzakka.cn/Application/Runtime/Cache/Admin/83974538ecda025b39358b0db8629987.php 第 168 行.
NOTIC: [8] Use of undefined constant is_show - assumed 'is_show' /data/wwwroot/www.fengzakka.cn/Application/Runtime/Cache/Admin/83974538ecda025b39358b0db8629987.php 第 171 行.
NOTIC: [8] Use of undefined constant level - assumed 'level' /data/wwwroot/www.fengzakka.cn/Application/Runtime/Cache/Admin/83974538ecda025b39358b0db8629987.php 第 160 行.
NOTIC: [8] Use of undefined constant level - assumed 'level' /data/wwwroot/www.fengzakka.cn/Application/Runtime/Cache/Admin/83974538ecda025b39358b0db8629987.php 第 162 行.
NOTIC: [8] Undefined index: have_son /data/wwwroot/www.fengzakka.cn/Application/Runtime/Cache/Admin/83974538ecda025b39358b0db8629987.php 第 163 行.
NOTIC: [8] Use of undefined constant is_hot - assumed 'is_hot' /data/wwwroot/www.fengzakka.cn/Application/Runtime/Cache/Admin/83974538ecda025b39358b0db8629987.php 第 168 行.
NOTIC: [8] Use of undefined constant is_show - assumed 'is_show' /data/wwwroot/www.fengzakka.cn/Application/Runtime/Cache/Admin/83974538ecda025b39358b0db8629987.php 第 171 行.
NOTIC: [8] Use of undefined constant level - assumed 'level' /data/wwwroot/www.fengzakka.cn/Application/Runtime/Cache/Admin/83974538ecda025b39358b0db8629987.php 第 160 行.
NOTIC: [8] Use of undefined constant level - assumed 'level' /data/wwwroot/www.fengzakka.cn/Application/Runtime/Cache/Admin/83974538ecda025b39358b0db8629987.php 第 162 行.
NOTIC: [8] Undefined index: have_son /data/wwwroot/www.fengzakka.cn/Application/Runtime/Cache/Admin/83974538ecda025b39358b0db8629987.php 第 163 行.
NOTIC: [8] Use of undefined constant is_hot - assumed 'is_hot' /data/wwwroot/www.fengzakka.cn/Application/Runtime/Cache/Admin/83974538ecda025b39358b0db8629987.php 第 168 行.
NOTIC: [8] Use of undefined constant is_show - assumed 'is_show' /data/wwwroot/www.fengzakka.cn/Application/Runtime/Cache/Admin/83974538ecda025b39358b0db8629987.php 第 171 行.
INFO: Run Behavior\ParseTemplateBehavior [ RunTime:0.012189s ]
INFO: [ view_parse ] --END-- [ RunTime:0.012215s ]
INFO: [ view_filter ] --START--
INFO: Run Behavior\WriteHtmlCacheBehavior [ RunTime:0.000093s ]
INFO: Run Behavior\TokenBuildBehavior [ RunTime:0.000741s ]
INFO: [ view_filter ] --END-- [ RunTime:0.000877s ]
INFO: [ app_end ] --START--
INFO: Run Behavior\ShowPageTraceBehavior [ RunTime:0.000283s ]
INFO: [ app_end ] --END-- [ RunTime:0.000313s ]

[ 2017-08-06T14:16:24+08:00 ] 117.136.79.154 /Admin/Admin/login
INFO: [ app_init ] --START--
INFO: Run Behavior\BuildLiteBehavior [ RunTime:0.000010s ]
INFO: [ app_init ] --END-- [ RunTime:0.000209s ]
INFO: [ app_begin ] --START--
INFO: Run Behavior\ReadHtmlCacheBehavior [ RunTime:0.000332s ]
INFO: [ app_begin ] --END-- [ RunTime:0.000366s ]
SQL: SHOW COLUMNS FROM `tp_config` [ RunTime:0.0005s ]
SQL: SELECT * FROM `tp_config`  [ RunTime:0.0001s ]
NOTIC: [8] Undefined index: login /data/wwwroot/www.fengzakka.cn/Application/Admin/Common/function.php 第 69 行.
INFO: [ view_begin ] --START--
INFO: Run Home\Behaviors\testBehavior [ RunTime:0.000104s ]
INFO: [ view_begin ] --END-- [ RunTime:0.000132s ]
INFO: [ view_parse ] --START--
INFO: [ template_filter ] --START--
INFO: Run Behavior\ContentReplaceBehavior [ RunTime:0.000036s ]
INFO: [ template_filter ] --END-- [ RunTime:0.000068s ]
INFO: Run Behavior\ParseTemplateBehavior [ RunTime:0.003704s ]
INFO: [ view_parse ] --END-- [ RunTime:0.003733s ]
INFO: [ view_filter ] --START--
INFO: Run Behavior\WriteHtmlCacheBehavior [ RunTime:0.000083s ]
INFO: Run Behavior\TokenBuildBehavior [ RunTime:0.000168s ]
INFO: [ view_filter ] --END-- [ RunTime:0.000289s ]

[ 2017-08-06T14:16:27+08:00 ] 117.136.79.154 /Admin/Index/index
INFO: [ app_init ] --START--
INFO: Run Behavior\BuildLiteBehavior [ RunTime:0.000010s ]
INFO: [ app_init ] --END-- [ RunTime:0.000205s ]
INFO: [ app_begin ] --START--
INFO: Run Behavior\ReadHtmlCacheBehavior [ RunTime:0.000311s ]
INFO: [ app_begin ] --END-- [ RunTime:0.000346s ]
SQL: SHOW COLUMNS FROM `tp_config` [ RunTime:0.0005s ]
SQL: SELECT * FROM `tp_config`  [ RunTime:0.0001s ]
SQL: SHOW COLUMNS FROM `tp_admin` [ RunTime:0.0004s ]
SQL: SELECT * FROM `tp_admin` WHERE ( admin_id=1 ) LIMIT 1   [ RunTime:0.0001s ]
SQL: SHOW COLUMNS FROM `tp_order` [ RunTime:0.0005s ]
SQL: SELECT COUNT(*) AS tp_count FROM `tp_order` WHERE ( order_status=0 and (pay_status=1 or pay_code='cod') ) LIMIT 1   [ RunTime:0.0001s ]
INFO: [ view_begin ] --START--
INFO: Run Home\Behaviors\testBehavior [ RunTime:0.000128s ]
INFO: [ view_begin ] --END-- [ RunTime:0.000171s ]
INFO: [ view_parse ] --START--
INFO: [ template_filter ] --START--
INFO: Run Behavior\ContentReplaceBehavior [ RunTime:0.000048s ]
INFO: [ template_filter ] --END-- [ RunTime:0.000081s ]
INFO: Run Behavior\ParseTemplateBehavior [ RunTime:0.008177s ]
INFO: [ view_parse ] --END-- [ RunTime:0.008224s ]
INFO: [ view_filter ] --START--
INFO: Run Behavior\WriteHtmlCacheBehavior [ RunTime:0.000093s ]
INFO: Run Behavior\TokenBuildBehavior [ RunTime:0.000279s ]
INFO: [ view_filter ] --END-- [ RunTime:0.000410s ]
INFO: [ app_end ] --START--
INFO: Run Behavior\ShowPageTraceBehavior [ RunTime:0.000319s ]
INFO: [ app_end ] --END-- [ RunTime:0.000346s ]

[ 2017-08-06T14:16:27+08:00 ] 117.136.79.154 /Admin/System/login_task
INFO: [ app_init ] --START--
INFO: Run Behavior\BuildLiteBehavior [ RunTime:0.000009s ]
INFO: [ app_init ] --END-- [ RunTime:0.000240s ]
INFO: [ app_begin ] --START--
INFO: Run Behavior\ReadHtmlCacheBehavior [ RunTime:0.000474s ]
INFO: [ app_begin ] --END-- [ RunTime:0.000527s ]
SQL: SHOW COLUMNS FROM `tp_config` [ RunTime:0.0007s ]
SQL: SELECT * FROM `tp_config`  [ RunTime:0.0002s ]
NOTIC: [8] Undefined index: login_task /data/wwwroot/www.fengzakka.cn/Application/Admin/Common/function.php 第 69 行.
SQL: SHOW COLUMNS FROM `tp_cart` [ RunTime:0.0007s ]
SQL: DELETE FROM `tp_cart` WHERE ( user_id = 0 and  add_time < 1501996587 ) [ RunTime:0.0014s ]
SQL: SHOW COLUMNS FROM `tp_order` [ RunTime:0.0008s ]
SQL: SELECT `order_id` FROM `tp_order` WHERE ( order_status = 1 and shipping_status = 1 and (1502000187 - shipping_time) >  86400 )  [ RunTime:0.0003s ]
NOTIC: [2] Invalid argument supplied for foreach() /data/wwwroot/www.fengzakka.cn/Application/Admin/Controller/SystemController.class.php 第 247 行.
INFO: [ app_end ] --START--
INFO: Run Behavior\ShowPageTraceBehavior [ RunTime:0.000472s ]
INFO: [ app_end ] --END-- [ RunTime:0.000519s ]

[ 2017-08-06T14:16:27+08:00 ] 117.136.79.154 /Admin/Index/welcome
INFO: [ app_init ] --START--
INFO: Run Behavior\BuildLiteBehavior [ RunTime:0.000009s ]
INFO: [ app_init ] --END-- [ RunTime:0.000200s ]
INFO: [ app_begin ] --START--
INFO: Run Behavior\ReadHtmlCacheBehavior [ RunTime:0.000300s ]
INFO: [ app_begin ] --END-- [ RunTime:0.000334s ]
SQL: SHOW COLUMNS FROM `tp_config` [ RunTime:0.0004s ]
SQL: SELECT * FROM `tp_config`  [ RunTime:0.0001s ]
NOTIC: [8] Undefined index: welcome /data/wwwroot/www.fengzakka.cn/Application/Admin/Common/function.php 第 69 行.
SQL: SELECT VERSION() as version [ RunTime:0.0001s ]
SQL: SHOW COLUMNS FROM `tp_order` [ RunTime:0.0005s ]
SQL: SELECT COUNT(*) AS tp_count FROM `tp_order` WHERE ( order_status=0 and (pay_status=1 or pay_code='cod') ) LIMIT 1   [ RunTime:0.0001s ]
SQL: SELECT COUNT(*) AS tp_count FROM `tp_order` WHERE ( add_time>1501913787 ) LIMIT 1   [ RunTime:0.0002s ]
SQL: SHOW COLUMNS FROM `tp_goods` [ RunTime:0.0005s ]
SQL: SELECT COUNT(*) AS tp_count FROM `tp_goods` WHERE ( 1=1 ) LIMIT 1   [ RunTime:0.0001s ]
SQL: SHOW COLUMNS FROM `tp_article` [ RunTime:0.0004s ]
SQL: SELECT COUNT(*) AS tp_count FROM `tp_article` WHERE ( 1=1 ) LIMIT 1   [ RunTime:0.0001s ]
SQL: SHOW COLUMNS FROM `tp_users` [ RunTime:0.0005s ]
SQL: SELECT COUNT(*) AS tp_count FROM `tp_users` WHERE ( 1=1 ) LIMIT 1   [ RunTime:0.0001s ]
SQL: SELECT COUNT(*) AS tp_count FROM `tp_users` WHERE ( last_login>1501913787 ) LIMIT 1   [ RunTime:0.0002s ]
SQL: SELECT COUNT(*) AS tp_count FROM `tp_users` WHERE ( reg_time>1501913787 ) LIMIT 1   [ RunTime:0.0002s ]
SQL: SHOW COLUMNS FROM `tp_comment` [ RunTime:0.0003s ]
SQL: SELECT COUNT(*) AS tp_count FROM `tp_comment` WHERE ( is_show=0 ) LIMIT 1   [ RunTime:0.0001s ]
SQL: SHOW COLUMNS FROM `tp_consult` [ RunTime:0.0003s ]
SQL: SELECT COUNT(*) AS tp_count FROM `tp_consult` WHERE ( is_show=0 ) LIMIT 1   [ RunTime:0.0001s ]
INFO: [ view_begin ] --START--
INFO: Run Home\Behaviors\testBehavior [ RunTime:0.000119s ]
INFO: [ view_begin ] --END-- [ RunTime:0.000144s ]
INFO: [ view_parse ] --START--
INFO: [ template_filter ] --START--
INFO: Run Behavior\ContentReplaceBehavior [ RunTime:0.000041s ]
INFO: [ template_filter ] --END-- [ RunTime:0.000072s ]
INFO: Run Behavior\ParseTemplateBehavior [ RunTime:0.006374s ]
INFO: [ view_parse ] --END-- [ RunTime:0.006405s ]
INFO: [ view_filter ] --START--
INFO: Run Behavior\WriteHtmlCacheBehavior [ RunTime:0.000090s ]
INFO: Run Behavior\TokenBuildBehavior [ RunTime:0.000207s ]
INFO: [ view_filter ] --END-- [ RunTime:0.000336s ]
INFO: [ app_end ] --START--
INFO: Run Behavior\ShowPageTraceBehavior [ RunTime:0.000270s ]
INFO: [ app_end ] --END-- [ RunTime:0.000296s ]

[ 2017-08-06T14:22:50+08:00 ] 101.226.33.208 /Admin/Goods/categoryList
INFO: [ app_init ] --START--
INFO: Run Behavior\BuildLiteBehavior [ RunTime:0.000012s ]
INFO: [ app_init ] --END-- [ RunTime:0.000246s ]
INFO: [ app_begin ] --START--
INFO: Run Behavior\ReadHtmlCacheBehavior [ RunTime:0.000290s ]
INFO: [ app_begin ] --END-- [ RunTime:0.000324s ]
INFO: [ view_begin ] --START--
INFO: Run Home\Behaviors\testBehavior [ RunTime:0.000132s ]
INFO: [ view_begin ] --END-- [ RunTime:0.000164s ]
INFO: [ view_parse ] --START--
INFO: [ template_filter ] --START--
INFO: Run Behavior\ContentReplaceBehavior [ RunTime:0.000025s ]
INFO: [ template_filter ] --END-- [ RunTime:0.000055s ]
INFO: Run Behavior\ParseTemplateBehavior [ RunTime:0.003969s ]
INFO: [ view_parse ] --END-- [ RunTime:0.003996s ]
INFO: [ view_filter ] --START--
INFO: Run Behavior\WriteHtmlCacheBehavior [ RunTime:0.000086s ]
INFO: Run Behavior\TokenBuildBehavior [ RunTime:0.000179s ]
INFO: [ view_filter ] --END-- [ RunTime:0.000303s ]

[ 2017-08-06T17:07:16+08:00 ] 117.136.79.154 /Admin/Admin/login
INFO: [ app_init ] --START--
INFO: Run Behavior\BuildLiteBehavior [ RunTime:0.000009s ]
INFO: [ app_init ] --END-- [ RunTime:0.000207s ]
INFO: [ app_begin ] --START--
INFO: Run Behavior\ReadHtmlCacheBehavior [ RunTime:0.000269s ]
INFO: [ app_begin ] --END-- [ RunTime:0.000303s ]
SQL: SHOW COLUMNS FROM `tp_config` [ RunTime:0.0004s ]
SQL: SELECT * FROM `tp_config`  [ RunTime:0.0002s ]
NOTIC: [8] Undefined index: login /data/wwwroot/www.fengzakka.cn/Application/Admin/Common/function.php 第 69 行.
INFO: [ view_begin ] --START--
INFO: Run Home\Behaviors\testBehavior [ RunTime:0.000205s ]
INFO: [ view_begin ] --END-- [ RunTime:0.000260s ]
INFO: [ view_parse ] --START--
INFO: [ template_filter ] --START--
INFO: Run Behavior\ContentReplaceBehavior [ RunTime:0.000036s ]
INFO: [ template_filter ] --END-- [ RunTime:0.000067s ]
INFO: Run Behavior\ParseTemplateBehavior [ RunTime:0.004704s ]
INFO: [ view_parse ] --END-- [ RunTime:0.004745s ]
INFO: [ view_filter ] --START--
INFO: Run Behavior\WriteHtmlCacheBehavior [ RunTime:0.000095s ]
INFO: Run Behavior\TokenBuildBehavior [ RunTime:0.000238s ]
INFO: [ view_filter ] --END-- [ RunTime:0.000384s ]
INFO: [ app_end ] --START--
INFO: Run Behavior\ShowPageTraceBehavior [ RunTime:0.000302s ]
INFO: [ app_end ] --END-- [ RunTime:0.000329s ]

